***************************************************************************
*                           SPARC (Apr 02, 2020)                          *
*   Copyright (c) 2019 Material Physics & Mechanics Group, Georgia Tech   *
*           Distributed under GNU General Public License 3 (GPL)          *
*                   Start time: Fri Apr 24 17:18:44 2020                  *
***************************************************************************
                           Input parameters                                
***************************************************************************
CELL: 20.22 20.22 20.22 
LATVEC:
1 0 0 
0 1 0 
0 0 1 
FD_GRID: 61 61 61
FD_ORDER: 12
BC: P P P
KPOINT_GRID: 1 1 1
KPOINT_SHIFT: 0 0 0
SPIN_TYP: 1
ELEC_TEMP_TYPE: Fermi-Dirac
SMEARING: 0.001
CHEB_DEGREE: 23
NSTATES: 480
EXCHANGE_CORRELATION: LDA_PZ
CALC_STRESS: 0
CALC_PRES: 0
CHEFSI_BOUND_FLAG: 0
MAXIT_SCF: 100
MINIT_SCF: 3
MAXIT_POISSON: 3000
TOL_SCF: 5.27E-04
POISSON_SOLVER: AAR
TOL_POISSON: 5.27E-06
TOL_LANCZOS: 1.00E-02
TOL_PSEUDOCHARGE: 5.27E-06
MIXING_VARIABLE: density
MIXING_PRECOND: kerker
TOL_PRECOND: 1.10E-04
PRECOND_KERKER_KTF: 1
PRECOND_KERKER_THRESH: 0
MIXING_PARAMETER: 0.3
MIXING_HISTORY: 7
PULAY_FREQUENCY: 1
PULAY_RESTART: 0
REFERENCE_CUTOFF: 0.5
RHO_TRIGGER: 4
FIX_RAND: 0
VERBOSITY: 1
PRINT_FORCES: 1
PRINT_ATOMS: 0
PRINT_EIGEN: 0
PRINT_DENSITY: 0
OUTPUT_FILE: c216
***************************************************************************
                           Parallelization                                 
***************************************************************************
NP_SPIN_PARAL: 1
NP_KPOINT_PARAL: 1
NP_BAND_PARAL: 40
NP_DOMAIN_PARAL: 1 1 1
NP_DOMAIN_PHI_PARAL: 2 4 5
***************************************************************************
                             Initialization                                
***************************************************************************
Number of processors               :  40
Mesh spacing                       :  0.331475 (Bohr)
Number of symmetry adapted k-points:  1
Output printed to                  :  c216.out
Total number of atom types         :  1
Total number of atoms              :  216
Total number of electrons          :  864
Atom type 1  (valence electrons)   :  C 4
Pseudopotential                    :  c_rc1.5a.psp8
Pseudocharge radii of atom type 1  :  6.63 6.63 6.63 (x, y, z dir)
Number of atoms of type 1          :  216
Estimated total memory usage       :  4.92 GB
Estimated memory per processor     :  125.90 MB
===================================================================
                    Self Consistent Field (SCF#1)                     
===================================================================
Iteration     Free Energy (Ha/atom)   SCF Error        Timing (sec)
1            -5.6507930779E+00        2.240E-01        12.640
2            -5.6391726843E+00        1.465E-01        3.011
3            -5.6298440043E+00        4.372E-02        2.984
4            -5.6293036231E+00        1.520E-02        2.983
5            -5.6292923080E+00        7.316E-03        3.025
6            -5.6292999639E+00        2.581E-03        2.942
7            -5.6293036005E+00        1.145E-03        2.965
8            -5.6293052830E+00        4.241E-04        2.985
Total number of SCF: 8     

WARNING: lowest occupation not small enough, consider increasing number of states (to 492 or more)!
  k = [0.000, 0.000, 0.000]  occ(432) = 1.464804258011406
====================================================================
                    Energy and force calculation                    
====================================================================
Free energy per atom               : -5.6293042694E+00 (Ha/atom)
Total free energy                  : -1.2159297222E+03 (Ha)
Band structure energy              : -1.7487633648E+01 (Ha)
Exchange correlation energy        : -3.8515701684E+02 (Ha)
Self and correction energy         : -1.8865548942E+03 (Ha)
Entropy*kb*T                       : -3.1237638081E-03 (Ha)
Fermi level                        :  3.6398513161E-01 (Ha)
Atomic forces (Ha/Bohr):
  6.6232805198E-02   2.4140797032E-01   3.2688811998E-02
 -9.0748930344E-02  -4.7724742909E-02  -5.8267916405E-02
  2.7249222766E-03  -1.9977617714E-01  -1.3510139942E-01
  1.3732963815E-01   1.7951145545E-01  -3.2985485153E-03
  1.6307183678E+00   1.4359237959E+00  -1.7622850345E+00
  1.7957149583E-01   1.0295565229E-01   1.5015571341E-01
  3.1870187320E-01   2.8743011311E-01  -2.5059648610E-01
  2.0170909161E-02  -8.2838641239E-02   1.4196645902E-01
  2.0097222351E-01   2.9286167284E-01  -3.2439394460E-01
 -1.0694573750E+00  -8.1717498773E-01   5.9639612647E-01
 -7.1391094009E-03   1.5457410413E-02  -6.1736330161E-02
 -3.2990050483E-01  -5.6782095315E-01   3.1266184756E-01
  8.3962278334E-02  -7.0025888278E-02   2.7730507926E-02
 -1.6277721599E-01  -3.8736407775E-02  -1.4052726404E-01
  2.8701012770E-01   2.4423274632E-01  -2.0026769463E-01
 -1.2582419475E-01   3.1051223336E-02  -1.3940189172E-01
  1.2970358373E-02  -1.3578262139E-01   1.6311380860E-01
 -6.6102567487E-02   8.2322654351E-02   1.0427222118E-01
  8.9658833542E-02   2.6058923241E-02   3.8801813176E-02
  6.7926061325E-02  -1.5921307983E-02  -6.5103776908E-02
  6.5558912587E-01   4.6932767430E-01  -4.1291112383E-01
 -9.7981877896E-02   6.1253918966E-03  -2.7045905061E-02
  4.6709652894E-02  -2.1486331961E-02  -1.0287236331E-01
 -1.6169132823E-01  -1.2737284348E-01   8.8554363502E-02
 -1.0900820135E-01   9.6710692361E-02  -1.2660069927E-01
 -2.8151003022E-01  -4.5857050806E-01   3.5221203055E-01
  1.6898292901E-01  -8.9803085775E-02   7.5806851432E-02
  1.2667076819E-01   1.2000674252E-01   1.4720677377E-01
  2.7800675608E-01  -3.1798622920E-01   2.4763030090E-01
 -7.5064758889E-02  -3.2762158422E-03  -1.0959405842E-01
  1.2246810933E-01   7.2658175784E-02   1.2874457540E-01
  4.8528610008E-02   7.6533402074E-02   5.0080880918E-02
 -1.5201765136E-01  -1.0251249067E-01  -1.9069763450E-01
  4.8029791661E-02  -6.8508529677E-02   1.1718244291E-01
 -3.2083348348E-02   1.9340628192E-01  -1.3281332258E-01
  1.0401306168E-01  -1.4424600711E-01   4.4343675945E-02
 -1.8792020690E-02   1.0296857003E-01  -3.8154938036E-02
 -1.6695604192E+00  -1.4818236111E+00   1.7115668088E+00
  2.8225606521E-01   2.2248176626E-01  -3.6781740662E-01
 -3.4060683452E-01  -2.2906928931E-01   2.0078393169E-01
 -1.8802482890E-01   3.9992972062E-02   5.0810347007E-02
 -3.8274144946E-01  -4.5100627917E-01   3.1788420918E-01
  1.0888472377E+00   8.7609667289E-01  -6.3762745914E-01
 -1.6810643704E-01  -2.2030053503E-01   2.3424946702E-01
  3.6865585885E-01   4.6571131729E-01  -2.8813466067E-01
  2.8462997497E-01  -4.7063138657E-01  -3.2977042794E-01
 -3.3558427141E-01   3.9798555494E-01   3.3530436254E-01
  3.3970069871E-01  -1.9071512319E-01  -3.6357746564E-01
  9.3459369319E-02  -8.0546566826E-02   1.2003404272E-01
  5.6086904781E-02   1.1905852991E-01  -1.0892687209E-01
  2.0488395735E-01  -1.6231617785E-01   1.0685152567E-01
 -1.4607014482E-01   1.0642692245E-01  -8.2854845502E-02
  1.6621162551E-01   1.2062025049E-01  -5.1686883090E-02
  5.9921982963E-02  -7.0738852047E-02  -1.1478819675E-01
 -2.2228268461E-01  -2.9764305131E-02   1.7963461953E-02
  2.0230193300E-01   1.4044425248E-01   2.0460943854E-01
 -2.8774584876E-01  -8.7699291785E-02   6.7132204919E-04
  2.2060558793E-01   1.6563135386E-01   1.9273639623E-01
  8.9844728867E-02  -2.4911193223E-01   1.5014542024E-01
 -1.5283459562E-01   6.1353717904E-02  -2.0647557772E-01
  1.1109907011E-01   1.5047110715E-01  -3.2587958320E-02
 -3.0934789877E-01  -1.2902024930E-01   1.6220825233E-01
 -1.7736045932E-01   1.2617173740E-01   1.2632993424E-01
  3.2606069754E-02  -7.6232179097E-02  -1.0526102569E-01
  3.5488496585E-01   2.3357815230E-01  -2.3430253556E-01
 -1.7654710745E-01  -1.0804739318E-01   6.4236192656E-02
 -4.1097556071E-01  -2.1169610312E-01  -3.5114403736E-01
  2.3232168781E-01   3.2351412871E-01   1.9379402626E-01
 -1.1271425490E-01   1.2151196512E-01   1.4784598230E-01
  3.7139437863E-02  -1.8404672848E-01   4.8074622770E-02
 -1.8129093963E-02  -1.8047503404E-01   1.9100704946E-01
  1.2807006142E-01  -5.7986487761E-02   7.5615907667E-02
  1.6335543806E-01   9.7586978137E-03  -7.8092649772E-02
 -1.0925560279E-01  -8.3919341188E-02   1.4522384584E-01
  6.2494549832E-02  -8.4384429993E-02  -1.0975287716E-01
 -8.0653784776E-02  -2.3144202867E-01   1.8341445709E-01
 -2.6888141224E-01  -3.2526557951E-01  -2.7248733044E-01
  1.6812845958E-01   2.1333013851E-01   2.2446458227E-01
 -7.1234871098E-02  -8.1661025132E-03  -6.8261155441E-02
 -7.3049603981E-03   1.3301190128E-01   9.7778008661E-02
 -8.9393276339E-02  -3.0426153015E-02   8.5052060848E-02
  1.9362265466E-02   8.4004307282E-02   2.4933337888E-02
 -4.3416265843E-01  -2.8184109022E-01  -4.3073233521E-01
  2.1270990872E-01   3.9547134433E-01   2.1392761998E-01
  7.4053109452E-02   1.3345036621E-02  -4.4609741777E-02
 -8.0555640725E-01  -4.4689872975E-01   4.2261951340E-01
 -1.8138305904E-02  -8.6821796892E-02  -4.6727343548E-03
 -1.7559728802E-01  -5.9716258283E-02  -8.9612128250E-02
  3.3781196772E-01   3.0515060274E-01  -2.7791197294E-01
 -3.3383937848E-02  -2.5272148432E-02   7.4033422472E-02
  4.3687121081E-01   4.6412310836E-01  -4.2031361027E-01
 -1.3255244363E-01   1.3503356085E-02  -1.2837916480E-01
  4.3419803025E-02   1.5663894404E-02  -1.4646011712E-01
  3.8937982801E-02   1.6649313856E-01   1.6132897661E-01
  1.7750027690E-01  -1.3434314946E-01   1.8608244414E-01
  1.0955589811E-01  -1.8460922179E-01   3.4408355376E-02
 -1.4925602184E-01   6.6781078525E-02   9.8805806602E-02
  8.6197554455E-02   1.4413150094E-01   1.2068139694E-01
  1.3662372386E-01   1.2244294735E-01  -6.7315386110E-02
 -2.8185093282E-02  -1.2845763897E-01   1.9138110174E-01
 -4.4093898400E-02  -6.4032328326E-02  -1.1544245115E-01
 -7.2988163645E-03   1.1003513568E-01  -6.6090991641E-02
 -1.3623567274E-01   9.3979410317E-02  -6.6470112158E-03
  1.9957082198E-01  -2.4804817463E-01  -1.7284703452E-01
 -1.9712792250E-01   9.6480400487E-02   8.1295561459E-02
 -4.9974083707E-02  -8.2237540577E-02   6.3401492873E-04
  1.2574456034E-01   7.8618079739E-02   4.2726603475E-02
 -1.0328930897E-01   8.5259836008E-02   2.3742237834E-02
 -3.0913222189E-02  -3.2938721445E-02  -1.2395822451E-02
 -1.8523884004E-01  -5.2746508509E-02  -6.0173381766E-02
  1.8957201706E-01   3.8207208778E-02   5.5360877962E-02
  1.8950376257E-01  -2.9240984874E-01  -1.7263607810E-01
 -1.8061274843E-01   2.6915086321E-01   2.8990421149E-01
 -2.9168554500E-01  -2.8245718882E-01   2.2504473319E-01
  3.0371153529E-01   3.9209658937E-01  -3.2113334168E-01
 -7.5248939556E-02  -9.8907634580E-02   6.6878565891E-02
 -7.7200156204E-02   8.6718603137E-02  -1.7753606084E-01
 -2.7970119915E-01  -2.4425902277E-01   3.1725290437E-01
 -1.7281082368E-01  -1.5295073876E-01  -1.6865949997E-01
  1.4164200923E-01   2.5494678778E-01   1.8019011080E-01
  1.8547472963E-01   1.5506656979E-01  -1.9217722142E-01
  5.1006280045E-01  -8.4156298055E-01  -7.9997782173E-01
  3.1035340649E-01  -3.3378195610E-01   4.7345185676E-01
  8.4212041337E-02   1.8984684913E-02  -8.1911665173E-03
 -9.9501040777E-02  -1.1256530799E-01  -3.0736347450E-02
 -1.9825371728E-01  -3.3835260161E-01   2.5870796092E-01
  8.3823316981E-02  -2.7858116371E-02  -1.5918946335E-01
 -6.2272827794E-01  -5.2000578370E-01   6.0250898429E-01
  5.5227579908E-02   2.3475189292E-01   7.6287513942E-02
  3.1069027312E-02  -6.2213735859E-02  -5.9840832506E-02
  7.1375050047E-02   5.5274284554E-02  -1.7705046413E-01
 -8.8162479976E-02  -9.1588982330E-02   1.5151382255E-01
 -2.7284019268E-01  -2.3968201464E-01  -3.7781062893E-01
  2.5251601678E-01   3.8378070467E-01   2.6624942489E-01
 -1.0871549056E-01  -5.0483372392E-02   1.2389493904E-02
  3.7002760224E-01  -4.2790616166E-01  -5.6697584876E-01
 -5.4185401898E-01   1.9467749438E-01   2.4983226999E-01
  2.0297657949E-01   2.4691701973E-01   3.0949815735E-01
 -5.1878219660E-02  -7.1889257105E-03  -6.2638629984E-02
 -1.2653914541E-01   9.8159144298E-02  -2.1873715882E-01
 -1.4037197263E-01  -1.5032413887E-01  -1.4713023460E-01
  2.2682744045E-01   2.3189089022E-01   1.5458551067E-01
  1.1690840705E-01  -1.5894020003E-01   3.0334202689E-02
  1.2369996576E-01  -2.5336037335E-01  -1.1645861786E-01
 -1.1847525301E-02   1.1343978275E-01   2.4939596555E-01
  1.0637892377E-01   5.7576394143E-02  -4.5790559143E-02
  5.9215139243E-02  -1.3777192168E-01  -6.0190742124E-02
 -7.8926952122E-02  -1.0758426748E-01   4.0057006214E-02
 -4.5348020007E-01  -7.6860552184E-01  -4.6345359316E-01
  7.1683084827E-01   6.1033147949E-01   5.9560594074E-01
  1.7600028429E-01   2.8155653468E-02  -3.4443385862E-02
 -3.7147960626E-01  -1.9393764005E-01   2.2983353190E-01
 -2.9016339798E-01  -1.4079652208E-01  -3.4756030466E-01
  2.1342893030E-01   3.0717610730E-01   1.8123984665E-01
  4.7103717934E-02   6.8259556064E-03  -8.6837551554E-02
 -1.1306330170E+00   7.7369223726E-01  -1.4355812312E+00
 -4.7635462780E-02   9.9507172013E-02   3.8262681463E-02
  6.4698647163E-01  -4.4984844748E-01  -6.3394270324E-01
 -7.2768569861E-01   5.2129801742E-01   5.8567975614E-01
 -4.9941377907E-01   7.1610380839E-01  -5.4656419163E-01
  3.2288686539E-02  -9.8009371857E-02  -7.0849598250E-02
  3.7713646366E-03  -9.6414002967E-02   9.0159091330E-02
  3.1380417581E-02  -1.8707358190E-01   7.3908698463E-02
 -1.4932128796E-01   1.2659354525E-01  -1.3579786969E-03
  1.6037361873E-01  -7.3714164484E-02   2.1423095226E-01
  7.3681700742E-02  -6.6263796633E-02  -6.2643011854E-02
  1.1339890217E+00  -7.6843753573E-01   1.4720554364E+00
  2.4459381485E-02   1.3436106433E-01   1.0918860401E-01
  2.4355508337E-01   2.4111743297E-01  -1.8256046685E-01
 -9.8881593783E-03   6.5807732764E-02  -1.3634321657E-01
  5.3369272686E-01  -6.8117003563E-01   5.7161944119E-01
 -2.8172734685E-01   2.9061551887E-01  -3.0532459935E-01
 -2.9002706331E-01   2.7515007544E-01   3.7462106719E-01
  4.2815725335E-02   1.8012468827E-02  -1.1538836035E-01
  6.2347866208E-01   4.9142245148E-01  -5.5053943591E-01
  5.1593622320E-02  -1.4194039380E-01  -6.6824604203E-02
 -1.7010857795E-01   9.4456378131E-02   1.6362206745E-01
  3.2520298361E-02   1.2254813940E-01  -1.2623366190E-01
  5.1763405820E-02   8.4693579149E-04  -2.2434867985E-02
  1.0957661214E-01  -2.9466999292E-01  -2.0694644853E-01
 -2.1329705421E-01   2.0943411851E-01   1.4773721553E-01
  3.5140253871E-01  -3.2209290568E-01  -2.5324350443E-01
 -2.9532334108E-01   2.2275995192E-01   3.7250719809E-01
  1.8865531092E-01  -1.5655609556E-01  -2.5862710281E-01
  1.5075435626E-01  -1.2881365923E-01   2.1755434018E-01
 -1.3600268321E-01  -6.4017999890E-02   7.3278870774E-02
  6.8447937129E-02   1.5508689897E-01  -3.3951853346E-02
 -1.4228136725E-01  -8.2401497306E-02   1.2026672159E-01
 -6.0184513226E-02   1.6331239043E-02   6.6878617497E-02
 -1.8582638044E-01  -1.4557758575E-01   5.2401568017E-02
  6.1034494770E-02   1.2620887249E-01   9.4429402933E-02
  1.9656776156E-01  -8.9037827911E-03  -6.4048530267E-02
  1.9600990120E-01   3.3123257321E-01  -2.6298880192E-01
 -1.6110424092E-01   1.7826892298E-01  -1.1776333559E-01
 -9.2866723488E-02   1.2712956612E-01  -8.8003919982E-02
 -8.8135300366E-02  -4.8222023124E-02  -9.5729029927E-02
  1.4927718962E-01  -7.3177771843E-02  -4.5986092615E-03
  5.2300109642E-02  -5.8078751300E-02  -6.4387900373E-02
 -2.6638289809E-02  -9.8419552479E-03   1.9936026994E-01
 -9.4790393521E-02   3.9473701209E-02  -1.1204047286E-02
 -5.0681199867E-01  -5.2014706512E-01  -3.7126463541E-01
  3.4166707415E-01   3.5735614327E-01   3.7355458130E-01
 -3.5028186089E-01  -3.2488810084E-01  -1.9068897242E-01
  2.1198520598E-01   1.6941007630E-01   2.3071484310E-01
  3.2345984723E-02   6.4573897672E-02  -1.8888588865E-01
  4.5801656211E-02   8.3732446936E-02   1.0370794036E-01
  1.6280092854E-02   1.2208884817E-01  -6.1608904963E-04
 -6.8346468263E-02   9.9939874939E-02  -1.1978331529E-02
 -5.0118484730E-01   7.5979216996E-01   8.6703833424E-01
 -3.4496336168E-01   2.0562770259E-01  -2.1355105410E-01
  1.7381377559E-01   9.9026754134E-02  -1.2834203169E-01
 -1.3525795513E-01   2.6004194150E-04   9.6802606885E-03
  2.1202254943E-01   1.3251842228E-01  -1.5940109440E-01
 -1.9980420312E-01  -1.9102338990E-01   2.5552811457E-01
  8.7388826258E-02   1.3199371746E-02   4.6751683962E-02
 -6.2434286242E-02  -2.9560246267E-02   8.1122337611E-02
RMS force                          :  3.6961139701E-01 (Ha/Bohr)
Maximum force                      :  2.8129511458E+00 (Ha/Bohr)
Time for force calculation         :  0.157 (sec)
***************************************************************************
                               Timing info                                 
***************************************************************************
Total walltime                     :  34.156 sec
___________________________________________________________________________

***************************************************************************
*             Material Physics & Mechanics Group, Georgia Tech            *
*                       PI: Phanish Suryanarayana                         *
*                Main Developers: Qimen Xu, Abhiraj Sharma                *
*     Collaborators: J.E. Pask (LLNL), A.J. Medford (GT), E. Chow (GT)    *
*  Acknowledgements: U.S. DOE (DE-SC0019410); U.S. NSF (1333500,1553212)  *
***************************************************************************
                                                                           
