***************************************************************************
*                           SPARC (Apr 02, 2020)                          *
*   Copyright (c) 2019 Material Physics & Mechanics Group, Georgia Tech   *
*           Distributed under GNU General Public License 3 (GPL)          *
*                   Start time: Fri Apr 24 17:14:37 2020                  *
***************************************************************************
                           Input parameters                                
***************************************************************************
CELL: 20.22 20.22 20.22 
LATVEC:
1 0 0 
0 1 0 
0 0 1 
FD_GRID: 61 61 61
FD_ORDER: 12
BC: P P P
KPOINT_GRID: 1 1 1
KPOINT_SHIFT: 0 0 0
SPIN_TYP: 1
ELEC_TEMP_TYPE: Fermi-Dirac
SMEARING: 0.001
CHEB_DEGREE: 23
NSTATES: 480
EXCHANGE_CORRELATION: LDA_PZ
CALC_STRESS: 0
CALC_PRES: 0
CHEFSI_BOUND_FLAG: 0
MAXIT_SCF: 100
MINIT_SCF: 3
MAXIT_POISSON: 3000
TOL_SCF: 5.27E-04
POISSON_SOLVER: AAR
TOL_POISSON: 5.27E-06
TOL_LANCZOS: 1.00E-02
TOL_PSEUDOCHARGE: 5.27E-06
MIXING_VARIABLE: density
MIXING_PRECOND: kerker
TOL_PRECOND: 1.10E-04
PRECOND_KERKER_KTF: 1
PRECOND_KERKER_THRESH: 0
MIXING_PARAMETER: 0.3
MIXING_HISTORY: 7
PULAY_FREQUENCY: 1
PULAY_RESTART: 0
REFERENCE_CUTOFF: 0.5
RHO_TRIGGER: 4
FIX_RAND: 0
VERBOSITY: 1
PRINT_FORCES: 1
PRINT_ATOMS: 0
PRINT_EIGEN: 0
PRINT_DENSITY: 0
OUTPUT_FILE: c216
***************************************************************************
                           Parallelization                                 
***************************************************************************
NP_SPIN_PARAL: 1
NP_KPOINT_PARAL: 1
NP_BAND_PARAL: 10
NP_DOMAIN_PARAL: 1 1 1
NP_DOMAIN_PHI_PARAL: 5 1 2
***************************************************************************
                             Initialization                                
***************************************************************************
Number of processors               :  10
Mesh spacing                       :  0.331475 (Bohr)
Number of symmetry adapted k-points:  1
Output printed to                  :  c216.out
Total number of atom types         :  1
Total number of atoms              :  216
Total number of electrons          :  864
Atom type 1  (valence electrons)   :  C 4
Pseudopotential                    :  c_rc1.5a.psp8
Pseudocharge radii of atom type 1  :  6.63 6.63 6.63 (x, y, z dir)
Number of atoms of type 1          :  216
Estimated total memory usage       :  4.92 GB
Estimated memory per processor     :  503.59 MB
===================================================================
                    Self Consistent Field (SCF#1)                     
===================================================================
Iteration     Free Energy (Ha/atom)   SCF Error        Timing (sec)
1            -5.6501629395E+00        2.239E-01        40.158
2            -5.6391335852E+00        1.465E-01        9.775
3            -5.6298739469E+00        4.391E-02        9.446
4            -5.6293233798E+00        1.573E-02        9.541
5            -5.6292970203E+00        7.315E-03        9.614
6            -5.6293011459E+00        2.554E-03        9.298
7            -5.6293041147E+00        1.218E-03        9.546
8            -5.6293054877E+00        4.031E-04        9.261
Total number of SCF: 8     

WARNING: lowest occupation not small enough, consider increasing number of states (to 492 or more)!
  k = [0.000, 0.000, 0.000]  occ(432) = 1.462385674127242
====================================================================
                    Energy and force calculation                    
====================================================================
Free energy per atom               : -5.6293048174E+00 (Ha/atom)
Total free energy                  : -1.2159298405E+03 (Ha)
Band structure energy              : -1.7484769718E+01 (Ha)
Exchange correlation energy        : -3.8515657304E+02 (Ha)
Self and correction energy         : -1.8865548942E+03 (Ha)
Entropy*kb*T                       : -3.1255709644E-03 (Ha)
Fermi level                        :  3.6398933065E-01 (Ha)
Atomic forces (Ha/Bohr):
  6.6705963644E-02   2.4192011101E-01   3.2520318211E-02
 -9.0321993464E-02  -4.6941091813E-02  -5.7588193990E-02
  3.0882016629E-03  -1.9959270967E-01  -1.3420097354E-01
  1.3690093952E-01   1.7903733132E-01  -2.9448361205E-03
  1.6306263908E+00   1.4365505904E+00  -1.7612038405E+00
  1.7950211325E-01   1.0332748787E-01   1.5033852210E-01
  3.1855884536E-01   2.8692916004E-01  -2.5114225780E-01
  1.9981864652E-02  -8.2477850891E-02   1.4153707732E-01
  2.0132719373E-01   2.9340704032E-01  -3.2478183673E-01
 -1.0690133103E+00  -8.1704473840E-01   5.9614136522E-01
 -6.7611205328E-03   1.5363383056E-02  -6.2137600966E-02
 -3.2996873080E-01  -5.6846208399E-01   3.1195782289E-01
  8.3823280403E-02  -7.0847052465E-02   2.8149846839E-02
 -1.6296331117E-01  -3.8744583395E-02  -1.3994511028E-01
  2.8743663092E-01   2.4442182768E-01  -2.0062855059E-01
 -1.2542203846E-01   3.1545359901E-02  -1.3934146874E-01
  1.3513234427E-02  -1.3542238445E-01   1.6289655433E-01
 -6.6039727140E-02   8.1905560204E-02   1.0399184097E-01
  8.9518709318E-02   2.5000027138E-02   3.8617122629E-02
  6.6977848521E-02  -1.6753625194E-02  -6.4935611722E-02
  6.5543152754E-01   4.7021566204E-01  -4.1311496351E-01
 -9.8198230172E-02   6.9495217781E-03  -2.6940249166E-02
  4.6756373035E-02  -2.1861123010E-02  -1.0333649582E-01
 -1.6157269214E-01  -1.2850184752E-01   8.8124150589E-02
 -1.0998139978E-01   9.7857137134E-02  -1.2675477131E-01
 -2.8220383771E-01  -4.5786383641E-01   3.5218740633E-01
  1.6972640183E-01  -8.8907362199E-02   7.6522451554E-02
  1.2624530496E-01   1.2038002346E-01   1.4711071920E-01
  2.7791814270E-01  -3.1755798413E-01   2.4743671101E-01
 -7.5592581041E-02  -2.9884651227E-03  -1.0991538940E-01
  1.2203807162E-01   7.3071212922E-02   1.2828979632E-01
  4.8149852485E-02   7.7229346946E-02   4.9873671282E-02
 -1.5229332783E-01  -1.0203747481E-01  -1.9195927815E-01
  4.7498711091E-02  -6.8853722633E-02   1.1572418414E-01
 -3.2074875638E-02   1.9318049390E-01  -1.3392036222E-01
  1.0455709949E-01  -1.4467026345E-01   4.3994521356E-02
 -1.8050460252E-02   1.0331316339E-01  -3.7419124932E-02
 -1.6690801412E+00  -1.4809611440E+00   1.7121501290E+00
  2.8185963602E-01   2.2239109135E-01  -3.6782110579E-01
 -3.4069086095E-01  -2.2916659244E-01   2.0082396089E-01
 -1.8816531029E-01   4.0337472944E-02   5.0958109468E-02
 -3.8264350959E-01  -4.5087938313E-01   3.1819094789E-01
  1.0889842364E+00   8.7600622734E-01  -6.3797709625E-01
 -1.6851780593E-01  -2.2111575392E-01   2.3386417587E-01
  3.6825389364E-01   4.6514414163E-01  -2.8902487493E-01
  2.8408603345E-01  -4.7065867272E-01  -3.3031922945E-01
 -3.3629238889E-01   3.9865916614E-01   3.3497948178E-01
  3.3917880474E-01  -1.8993304349E-01  -3.6280638630E-01
  9.3353151167E-02  -8.0719367136E-02   1.2031353795E-01
  5.6358747108E-02   1.1930271994E-01  -1.0856511395E-01
  2.0519136209E-01  -1.6215589626E-01   1.0695853885E-01
 -1.4601668701E-01   1.0599559134E-01  -8.2907727419E-02
  1.6618012085E-01   1.1988262304E-01  -5.2260028063E-02
  5.9720630375E-02  -7.2167729186E-02  -1.1560125345E-01
 -2.2258841484E-01  -3.0645222328E-02   1.7477534947E-02
  2.0176148718E-01   1.4032457034E-01   2.0470248241E-01
 -2.8782149741E-01  -8.7491641702E-02   4.2078978850E-04
  2.1998337304E-01   1.6612320656E-01   1.9241044555E-01
  8.9413766090E-02  -2.4930319262E-01   1.5000091991E-01
 -1.5331540426E-01   6.0567579572E-02  -2.0681120121E-01
  1.1102387068E-01   1.4921665435E-01  -3.3123971442E-02
 -3.0895612381E-01  -1.3011548968E-01   1.6219613329E-01
 -1.7806972601E-01   1.2701796626E-01   1.2576309723E-01
  3.2201954584E-02  -7.5495197406E-02  -1.0523504171E-01
  3.5448894730E-01   2.3375304771E-01  -2.3430249483E-01
 -1.7635380934E-01  -1.0835748976E-01   6.4728912893E-02
 -4.1034265168E-01  -2.1073100653E-01  -3.5068743642E-01
  2.3331754914E-01   3.2455216147E-01   1.9453477697E-01
 -1.1296294476E-01   1.2068759550E-01   1.4828378692E-01
  3.6441328159E-02  -1.8440853373E-01   4.9016134846E-02
 -1.8813857974E-02  -1.8037940290E-01   1.9233172376E-01
  1.2750570940E-01  -5.7975745218E-02   7.6679015281E-02
  1.6342460125E-01   9.4828479854E-03  -7.8184618983E-02
 -1.0998631478E-01  -8.4522875339E-02   1.4426633942E-01
  6.2728791637E-02  -8.5322416305E-02  -1.1121851205E-01
 -8.0416987768E-02  -2.3170906958E-01   1.8215205829E-01
 -2.6931146172E-01  -3.2528736549E-01  -2.7238586021E-01
  1.6740808439E-01   2.1274162562E-01   2.2444370965E-01
 -7.2024012422E-02  -8.2093010754E-03  -6.8008387378E-02
 -8.1089445942E-03   1.3307555368E-01   9.8503182975E-02
 -9.0347561033E-02  -3.0164635922E-02   8.5104392642E-02
  1.8487431192E-02   8.3859110283E-02   2.4277010501E-02
 -4.3496204711E-01  -2.8193181603E-01  -4.3188099672E-01
  2.1224122458E-01   3.9544625713E-01   2.1295430228E-01
  7.4445846106E-02   1.3564174358E-02  -4.5213520111E-02
 -8.0503655351E-01  -4.4595304561E-01   4.2263902268E-01
 -1.8131229338E-02  -8.6422702973E-02  -4.5625381689E-03
 -1.7569680484E-01  -5.9439145795E-02  -8.9678995093E-02
  3.3790275780E-01   3.0494262979E-01  -2.7796469672E-01
 -3.3345760677E-02  -2.5323838274E-02   7.4609267152E-02
  4.3679257788E-01   4.6415092794E-01  -4.2008751643E-01
 -1.3241682725E-01   1.3017511696E-02  -1.2848874195E-01
  4.3026530744E-02   1.4983063962E-02  -1.4705834230E-01
  3.8731644982E-02   1.6638537968E-01   1.6052782622E-01
  1.7727618006E-01  -1.3434429885E-01   1.8502410920E-01
  1.0940976598E-01  -1.8367138491E-01   3.3704746262E-02
 -1.4971554611E-01   6.7987839834E-02   9.9028809628E-02
  8.5702554280E-02   1.4532932895E-01   1.2090629787E-01
  1.3665018595E-01   1.2277918029E-01  -6.7168454178E-02
 -2.8013097307E-02  -1.2808233014E-01   1.9167280668E-01
 -4.3933515628E-02  -6.3878600790E-02  -1.1508690289E-01
 -7.4293224670E-03   1.1002122794E-01  -6.6154485911E-02
 -1.3643212623E-01   9.3512184335E-02  -6.9480966135E-03
  1.9984907688E-01  -2.4890735482E-01  -1.7381260578E-01
 -1.9680836563E-01   9.5566643383E-02   8.0450470565E-02
 -4.9574890511E-02  -8.2653804714E-02  -1.9135885025E-04
  1.2548034614E-01   7.8741333454E-02   4.2185415385E-02
 -1.0298468054E-01   8.5442537758E-02   2.4196574578E-02
 -3.0805327684E-02  -3.2874115478E-02  -1.2250188986E-02
 -1.8541484150E-01  -5.2513458039E-02  -6.0851537534E-02
  1.8916221776E-01   3.8259742599E-02   5.4953203192E-02
  1.8913825666E-01  -2.9230971590E-01  -1.7316370153E-01
 -1.8090117334E-01   2.6897782117E-01   2.8940173647E-01
 -2.9161129759E-01  -2.8304546172E-01   2.2461250576E-01
  3.0414892756E-01   3.9154612186E-01  -3.2117297470E-01
 -7.5070948291E-02  -9.9591299230E-02   6.7507775968E-02
 -7.7491728411E-02   8.6988124239E-02  -1.7858992201E-01
 -2.7961311546E-01  -2.4359306198E-01   3.1673626577E-01
 -1.7258411417E-01  -1.5246611539E-01  -1.6881012959E-01
  1.4182567764E-01   2.5497611009E-01   1.8074655216E-01
  1.8598302996E-01   1.5459208645E-01  -1.9187324783E-01
  5.1020772374E-01  -8.4218902385E-01  -7.9940687200E-01
  3.1051902307E-01  -3.3409526783E-01   4.7491659770E-01
  8.4160492740E-02   1.9074840825E-02  -6.9145433825E-03
 -9.9619065338E-02  -1.1291190717E-01  -2.9906032943E-02
 -1.9860686473E-01  -3.3889514630E-01   2.5866354732E-01
  8.3258734286E-02  -2.8183781322E-02  -1.5809295857E-01
 -6.2367791836E-01  -5.1966006716E-01   6.0343039979E-01
  5.4510930181E-02   2.3484565976E-01   7.7549254027E-02
  3.0036941986E-02  -6.2239771172E-02  -5.9557935985E-02
  7.0758018999E-02   5.4720904765E-02  -1.7713037942E-01
 -8.8391566263E-02  -9.1825556817E-02   1.5129401277E-01
 -2.7319306461E-01  -2.4066292184E-01  -3.7751083375E-01
  2.5219929853E-01   3.8288789028E-01   2.6693595748E-01
 -1.0970763757E-01  -5.0566334651E-02   1.3394823953E-02
  3.6961814219E-01  -4.2776799625E-01  -5.6596080807E-01
 -5.4220164004E-01   1.9472744337E-01   2.5009339970E-01
  2.0278641650E-01   2.4705299542E-01   3.0929952836E-01
 -5.2077182646E-02  -6.7570456367E-03  -6.3180494210E-02
 -1.2651884444E-01   9.8996817273E-02  -2.1923457487E-01
 -1.4040104887E-01  -1.5064346239E-01  -1.4706707828E-01
  2.2742799215E-01   2.3134963768E-01   1.5484142504E-01
  1.1711108828E-01  -1.5953544332E-01   3.1215585303E-02
  1.2427340601E-01  -2.5385922670E-01  -1.1573722169E-01
 -1.1674153110E-02   1.1303461879E-01   2.4991307482E-01
  1.0686946050E-01   5.7265720297E-02  -4.5927659474E-02
  5.9375698852E-02  -1.3747466783E-01  -6.0920541696E-02
 -7.8911827024E-02  -1.0721837064E-01   3.9225688442E-02
 -4.5341726414E-01  -7.6781624008E-01  -4.6442613595E-01
  7.1607818561E-01   6.1136378312E-01   5.9499635278E-01
  1.7586329022E-01   2.8851462316E-02  -3.4039993111E-02
 -3.7119597879E-01  -1.9333474270E-01   2.3042611268E-01
 -2.8981979359E-01  -1.4053747198E-01  -3.4732795614E-01
  2.1400115555E-01   3.0751213273E-01   1.8128489432E-01
  4.7417285262E-02   6.8339154259E-03  -8.6749495671E-02
 -1.1301289733E+00   7.7398036697E-01  -1.4360419685E+00
 -4.7285457749E-02   9.9178716293E-02   3.7602202069E-02
  6.4753045557E-01  -4.5009105184E-01  -6.3556277887E-01
 -7.2742914732E-01   5.2112622815E-01   5.8438147070E-01
 -4.9927115333E-01   7.1570090064E-01  -5.4733731772E-01
  3.1789117146E-02  -9.7538176100E-02  -7.0802971369E-02
  3.9122253956E-03  -9.5424240558E-02   9.0813158743E-02
  3.1853243344E-02  -1.8671772539E-01   7.4560756975E-02
 -1.4937125664E-01   1.2678330054E-01  -1.6319222731E-03
  1.6047662985E-01  -7.3337356989E-02   2.1386610058E-01
  7.3822333793E-02  -6.5874720809E-02  -6.3753360978E-02
  1.1339470003E+00  -7.6786037009E-01   1.4710504361E+00
  2.4739822571E-02   1.3470915070E-01   1.0829875485E-01
  2.4394208677E-01   2.4076732077E-01  -1.8331733123E-01
 -9.6730690294E-03   6.5263370747E-02  -1.3677184212E-01
  5.3406769638E-01  -6.8168325874E-01   5.7143435502E-01
 -2.8113879487E-01   2.9041843385E-01  -3.0468154226E-01
 -2.9026974776E-01   2.7572298360E-01   3.7529948293E-01
  4.2553420459E-02   1.8257132592E-02  -1.1514791441E-01
  6.2256712257E-01   4.9217387265E-01  -5.4981098382E-01
  5.1051399629E-02  -1.4141801921E-01  -6.6120748750E-02
 -1.7058483640E-01   9.4575887758E-02   1.6389501505E-01
  3.2284528603E-02   1.2259113541E-01  -1.2602861852E-01
  5.1918106188E-02   2.5193976551E-04  -2.2157785885E-02
  1.1043132906E-01  -2.9454445372E-01  -2.0599939457E-01
 -2.1308734707E-01   2.0971087422E-01   1.4834879264E-01
  3.5163760650E-01  -3.2188319791E-01  -2.5260366163E-01
 -2.9512436902E-01   2.2294385196E-01   3.7284016160E-01
  1.8893005044E-01  -1.5619728968E-01  -2.5865332538E-01
  1.5145954562E-01  -1.2962790741E-01   2.1814403727E-01
 -1.3537298850E-01  -6.4415408734E-02   7.4321154340E-02
  6.9705405064E-02   1.5448194671E-01  -3.3277816986E-02
 -1.4108607780E-01  -8.2688900065E-02   1.2128922519E-01
 -5.8965828105E-02   1.6289849370E-02   6.7598900542E-02
 -1.8538711973E-01  -1.4612508358E-01   5.1641880369E-02
  6.1108302239E-02   1.2623841591E-01   9.3760497607E-02
  1.9611067850E-01  -8.9956852737E-03  -6.5580175982E-02
  1.9680980551E-01   3.3176203956E-01  -2.6254297527E-01
 -1.6059121659E-01   1.7822738835E-01  -1.1741874173E-01
 -9.2877086648E-02   1.2731933412E-01  -8.7453419592E-02
 -8.8447132485E-02  -4.7586684582E-02  -9.5807228338E-02
  1.5030475788E-01  -7.2817063747E-02  -4.7312188906E-03
  5.2877820913E-02  -5.8232842088E-02  -6.5222954313E-02
 -2.6094576980E-02  -1.0220890505E-02   1.9790604532E-01
 -9.4734122329E-02   3.8753435796E-02  -1.2689899347E-02
 -5.0651308993E-01  -5.2053741290E-01  -3.7241273476E-01
  3.4204147448E-01   3.5810743211E-01   3.7380900380E-01
 -3.5086459385E-01  -3.2413902962E-01  -1.9012700849E-01
  2.1179326592E-01   1.7012894121E-01   2.3142302870E-01
  3.3005649283E-02   6.4220955025E-02  -1.8788283207E-01
  4.6440121036E-02   8.3317492759E-02   1.0500344700E-01
  1.6795104329E-02   1.2217520802E-01   2.9967579731E-04
 -6.7623311623E-02   9.9941306499E-02  -1.1192354349E-02
 -5.0101174773E-01   7.5891944759E-01   8.6824421203E-01
 -3.4483265867E-01   2.0518409086E-01  -2.1216913823E-01
  1.7470853322E-01   9.8661354177E-02  -1.2681563756E-01
 -1.3512810132E-01  -3.6251686800E-04   1.0212811395E-02
  2.1251367713E-01   1.3185414028E-01  -1.5948269643E-01
 -1.9978062995E-01  -1.9161076550E-01   2.5439852728E-01
  8.7881964904E-02   1.3477672682E-02   4.7933379964E-02
 -6.1540926635E-02  -2.9158944593E-02   8.2121757591E-02
RMS force                          :  3.6964427974E-01 (Ha/Bohr)
Maximum force                      :  2.8125668867E+00 (Ha/Bohr)
Time for force calculation         :  0.467 (sec)
***************************************************************************
                               Timing info                                 
***************************************************************************
Total walltime                     :  107.894 sec
___________________________________________________________________________

***************************************************************************
*             Material Physics & Mechanics Group, Georgia Tech            *
*                       PI: Phanish Suryanarayana                         *
*                Main Developers: Qimen Xu, Abhiraj Sharma                *
*     Collaborators: J.E. Pask (LLNL), A.J. Medford (GT), E. Chow (GT)    *
*  Acknowledgements: U.S. DOE (DE-SC0019410); U.S. NSF (1333500,1553212)  *
***************************************************************************
                                                                           
