***************************************************************************
*                           SPARC (Apr 02, 2020)                          *
*   Copyright (c) 2019 Material Physics & Mechanics Group, Georgia Tech   *
*           Distributed under GNU General Public License 3 (GPL)          *
*                   Start time: Fri Apr 24 17:36:27 2020                  *
***************************************************************************
                           Input parameters                                
***************************************************************************
CELL: 20.22 20.22 20.22 
LATVEC:
1 0 0 
0 1 0 
0 0 1 
FD_GRID: 61 61 61
FD_ORDER: 12
BC: P P P
KPOINT_GRID: 1 1 1
KPOINT_SHIFT: 0 0 0
SPIN_TYP: 1
ELEC_TEMP_TYPE: Fermi-Dirac
SMEARING: 0.001
CHEB_DEGREE: 23
NSTATES: 480
EXCHANGE_CORRELATION: LDA_PZ
CALC_STRESS: 0
CALC_PRES: 0
CHEFSI_BOUND_FLAG: 0
MAXIT_SCF: 100
MINIT_SCF: 3
MAXIT_POISSON: 3000
TOL_SCF: 5.27E-04
POISSON_SOLVER: AAR
TOL_POISSON: 5.27E-06
TOL_LANCZOS: 1.00E-02
TOL_PSEUDOCHARGE: 5.27E-06
MIXING_VARIABLE: density
MIXING_PRECOND: kerker
TOL_PRECOND: 1.10E-04
PRECOND_KERKER_KTF: 1
PRECOND_KERKER_THRESH: 0
MIXING_PARAMETER: 0.3
MIXING_HISTORY: 7
PULAY_FREQUENCY: 1
PULAY_RESTART: 0
REFERENCE_CUTOFF: 0.5
RHO_TRIGGER: 4
FIX_RAND: 0
VERBOSITY: 1
PRINT_FORCES: 1
PRINT_ATOMS: 0
PRINT_EIGEN: 0
PRINT_DENSITY: 0
OUTPUT_FILE: c216
***************************************************************************
                           Parallelization                                 
***************************************************************************
NP_SPIN_PARAL: 1
NP_KPOINT_PARAL: 1
NP_BAND_PARAL: 480
NP_DOMAIN_PARAL: 2 2 2
NP_DOMAIN_PHI_PARAL: 10 10 10
***************************************************************************
                             Initialization                                
***************************************************************************
Number of processors               :  3840
Mesh spacing                       :  0.331475 (Bohr)
Number of symmetry adapted k-points:  1
Output printed to                  :  c216.out
Total number of atom types         :  1
Total number of atoms              :  216
Total number of electrons          :  864
Atom type 1  (valence electrons)   :  C 4
Pseudopotential                    :  c_rc1.5a.psp8
Pseudocharge radii of atom type 1  :  6.63 6.63 6.63 (x, y, z dir)
Number of atoms of type 1          :  216
Estimated total memory usage       :  4.92 GB
Estimated memory per processor     :  1.31 MB
===================================================================
                    Self Consistent Field (SCF#1)                     
===================================================================
Iteration     Free Energy (Ha/atom)   SCF Error        Timing (sec)
1            -5.6508137044E+00        2.240E-01        1.044
2            -5.6392514612E+00        1.464E-01        0.192
3            -5.6298910586E+00        4.382E-02        0.203
4            -5.6293128423E+00        1.477E-02        0.216
5            -5.6292962079E+00        7.306E-03        0.189
6            -5.6293009804E+00        2.657E-03        0.186
7            -5.6293040097E+00        1.060E-03        0.184
8            -5.6293047981E+00        4.122E-04        0.175
Total number of SCF: 8     

WARNING: lowest occupation not small enough, consider increasing number of states (to 492 or more)!
  k = [0.000, 0.000, 0.000]  occ(432) = 1.465768628079302
====================================================================
                    Energy and force calculation                    
====================================================================
Free energy per atom               : -5.6293048557E+00 (Ha/atom)
Total free energy                  : -1.2159298488E+03 (Ha)
Band structure energy              : -1.7490174887E+01 (Ha)
Exchange correlation energy        : -3.8515705218E+02 (Ha)
Self and correction energy         : -1.8865548942E+03 (Ha)
Entropy*kb*T                       : -3.1176313898E-03 (Ha)
Fermi level                        :  3.6399538653E-01 (Ha)
Atomic forces (Ha/Bohr):
  6.6522247694E-02   2.4228672872E-01   3.2982918160E-02
 -9.0139318470E-02  -4.6405764147E-02  -5.7562596626E-02
  2.8835232263E-03  -1.9958118494E-01  -1.3461842373E-01
  1.3778940222E-01   1.7930308298E-01  -3.2399500514E-03
  1.6312988951E+00   1.4369256985E+00  -1.7608969688E+00
  1.8069349900E-01   1.0371623962E-01   1.5092170549E-01
  3.1911921446E-01   2.8724982775E-01  -2.5115537341E-01
  2.0666359993E-02  -8.2587258089E-02   1.4160297265E-01
  2.0113517187E-01   2.9368129800E-01  -3.2452941127E-01
 -1.0683103834E+00  -8.1643139974E-01   5.9622660348E-01
 -6.2694135231E-03   1.4927370780E-02  -6.1974594387E-02
 -3.2876617756E-01  -5.6860402687E-01   3.1203493240E-01
  8.4624878455E-02  -7.0997072832E-02   2.8047811484E-02
 -1.6196919669E-01  -3.9290868057E-02  -1.4014965816E-01
  2.8773538989E-01   2.4439394637E-01  -2.0065030474E-01
 -1.2503354610E-01   3.2180719420E-02  -1.3917936947E-01
  1.3930117375E-02  -1.3477567978E-01   1.6363159390E-01
 -6.5417980540E-02   8.2375745727E-02   1.0420508439E-01
  9.0422866301E-02   2.5069239778E-02   3.8799183003E-02
  6.8112080085E-02  -1.7001907719E-02  -6.5341003296E-02
  6.5650072331E-01   4.7054325488E-01  -4.1290353146E-01
 -9.7551708717E-02   7.3071159949E-03  -2.6213222146E-02
  4.7500549426E-02  -2.1197980941E-02  -1.0260134572E-01
 -1.6173076660E-01  -1.2856171723E-01   8.8361106306E-02
 -1.0948907086E-01   9.8218444455E-02  -1.2577702672E-01
 -2.8244145941E-01  -4.5841824913E-01   3.5264689034E-01
  1.6941372184E-01  -8.8917201189E-02   7.6321916201E-02
  1.2708457894E-01   1.2031758105E-01   1.4685361367E-01
  2.7806552302E-01  -3.1786803319E-01   2.4708669003E-01
 -7.4469277818E-02  -2.9760600329E-03  -1.0982683771E-01
  1.2248775229E-01   7.3199515599E-02   1.2864352788E-01
  4.9268257890E-02   7.6724551661E-02   5.0468150774E-02
 -1.5122195945E-01  -1.0257228868E-01  -1.9198212900E-01
  4.8743234709E-02  -6.8833772395E-02   1.1587971673E-01
 -3.1281845766E-02   1.9313984218E-01  -1.3379969225E-01
  1.0495046202E-01  -1.4461424806E-01   4.3783799446E-02
 -1.8209618268E-02   1.0369584778E-01  -3.7690014434E-02
 -1.6688324906E+00  -1.4806603168E+00   1.7126944306E+00
  2.8301448611E-01   2.2233217602E-01  -3.6813241552E-01
 -3.3958698554E-01  -2.2911442263E-01   2.0007086575E-01
 -1.8705962378E-01   4.0363091799E-02   5.0721484099E-02
 -3.8189051433E-01  -4.5040648325E-01   3.1812332710E-01
  1.0894885737E+00   8.7646968111E-01  -6.3791564189E-01
 -1.6800543486E-01  -2.2081329866E-01   2.3391468032E-01
  3.6935402692E-01   4.6476358541E-01  -2.8875191483E-01
  2.8468477322E-01  -4.7142823183E-01  -3.3022409022E-01
 -3.3526082295E-01   3.9768266016E-01   3.3487300242E-01
  3.4052500586E-01  -1.9013757173E-01  -3.6272698730E-01
  9.4036692242E-02  -8.0598486107E-02   1.1932469480E-01
  5.6693038881E-02   1.1951709135E-01  -1.0905315183E-01
  2.0572992396E-01  -1.6139172231E-01   1.0692566591E-01
 -1.4573607180E-01   1.0660784458E-01  -8.2639741885E-02
  1.6668610080E-01   1.2012870652E-01  -5.1979727755E-02
  5.9580148974E-02  -7.2257430601E-02  -1.1528800949E-01
 -2.2233654811E-01  -3.0988796330E-02   1.7514943896E-02
  2.0184511407E-01   1.3977534799E-01   2.0464276667E-01
 -2.8760088480E-01  -8.6986058501E-02   3.6783306916E-04
  2.2040299837E-01   1.6661166958E-01   1.9277667719E-01
  8.9874450317E-02  -2.4888925096E-01   1.5023442083E-01
 -1.5384823031E-01   6.0021514833E-02  -2.0663239460E-01
  1.1063736872E-01   1.4907218782E-01  -3.2794181277E-02
 -3.1010726784E-01  -1.3061266477E-01   1.6219458515E-01
 -1.7811331689E-01   1.2785426233E-01   1.2627213286E-01
  3.1309687466E-02  -7.5631819441E-02  -1.0519665336E-01
  3.5378131303E-01   2.3300472469E-01  -2.3438110763E-01
 -1.7729883045E-01  -1.0922016109E-01   6.4184378413E-02
 -4.1158911854E-01  -2.1062953584E-01  -3.5075884234E-01
  2.3240545940E-01   3.2431672961E-01   1.9436425277E-01
 -1.1223423790E-01   1.2070417061E-01   1.4794738880E-01
  3.7545092704E-02  -1.8475481392E-01   4.8558483501E-02
 -1.7952185604E-02  -1.8085473745E-01   1.9195845278E-01
  1.2856913597E-01  -5.7824845245E-02   7.6885404346E-02
  1.6394377450E-01   9.7158396511E-03  -7.7969040392E-02
 -1.0865642891E-01  -8.4512242151E-02   1.4429599626E-01
  6.3134596241E-02  -8.5112156528E-02  -1.1093107922E-01
 -7.9728785451E-02  -2.3128871151E-01   1.8219718477E-01
 -2.6811188332E-01  -3.2511205487E-01  -2.7233701804E-01
  1.6854664663E-01   2.1243070828E-01   2.2409322521E-01
 -7.0579360762E-02  -8.4952044882E-03  -6.8360103123E-02
 -7.1849216165E-03   1.3292578035E-01   9.8363852013E-02
 -8.9014846298E-02  -3.0055651172E-02   8.5511828411E-02
  1.9483522779E-02   8.4030050752E-02   2.4706871684E-02
 -4.3392320675E-01  -2.8223197970E-01  -4.3180986902E-01
  2.1275930033E-01   3.9517839811E-01   2.1262166724E-01
  7.4756481857E-02   1.3039751955E-02  -4.5369015168E-02
 -8.0481643449E-01  -4.4610477007E-01   4.2303061390E-01
 -1.7132529888E-02  -8.6269977051E-02  -3.9782803516E-03
 -1.7562639058E-01  -6.0015779492E-02  -8.9992518335E-02
  3.3842893284E-01   3.0464045881E-01  -2.7841988072E-01
 -3.3493096557E-02  -2.5585253981E-02   7.4048331995E-02
  4.3725010511E-01   4.6409380628E-01  -4.1980125297E-01
 -1.3243992941E-01   1.2979712930E-02  -1.2824953805E-01
  4.3251332177E-02   1.4958907392E-02  -1.4691564814E-01
  3.8213856094E-02   1.6551864626E-01   1.6060252686E-01
  1.7731454763E-01  -1.3505217728E-01   1.8497241058E-01
  1.0945365356E-01  -1.8414769304E-01   3.4180885809E-02
 -1.4906324054E-01   6.7856939775E-02   9.9615676057E-02
  8.6222597446E-02   1.4573282123E-01   1.2176695580E-01
  1.3647020828E-01   1.2283992456E-01  -6.7998188241E-02
 -2.8769679654E-02  -1.2855919144E-01   1.9072542174E-01
 -4.4105243518E-02  -6.3766779996E-02  -1.1533536986E-01
 -7.7515746193E-03   1.1011028566E-01  -6.5768994021E-02
 -1.3661096986E-01   9.3731978516E-02  -6.7212521824E-03
  1.9908814548E-01  -2.4956704995E-01  -1.7391205653E-01
 -1.9782834007E-01   9.4885076357E-02   8.0324687459E-02
 -5.0677353519E-02  -8.3012911837E-02   1.8573291844E-04
  1.2496179152E-01   7.8417363422E-02   4.2683142418E-02
 -1.0381095915E-01   8.6029651035E-02   2.4293755358E-02
 -3.1679371838E-02  -3.2505121007E-02  -1.2627511393E-02
 -1.8624855882E-01  -5.2381363467E-02  -6.0278838354E-02
  1.8876150822E-01   3.8521443994E-02   5.5518368285E-02
  1.8836649901E-01  -2.9267685773E-01  -1.7281091455E-01
 -1.8167897882E-01   2.6810159384E-01   2.8907465471E-01
 -2.9237571783E-01  -2.8391487015E-01   2.2445788377E-01
  3.0305250422E-01   3.9085734311E-01  -3.2116968663E-01
 -7.5579475231E-02  -9.9500683624E-02   6.7395795460E-02
 -7.8163313291E-02   8.7448849641E-02  -1.7798160158E-01
 -2.8002955871E-01  -2.4353600877E-01   3.1705440160E-01
 -1.7356885155E-01  -1.5261480748E-01  -1.6867268382E-01
  1.4154593190E-01   2.5463535464E-01   1.8051462294E-01
  1.8516105546E-01   1.5400859110E-01  -1.9206398779E-01
  5.1029090439E-01  -8.4259966683E-01  -7.9964399117E-01
  3.1102807032E-01  -3.3384045538E-01   4.7475056451E-01
  8.4932680741E-02   1.9528846228E-02  -6.7660258951E-03
 -9.8977374351E-02  -1.1263885960E-01  -3.0230275307E-02
 -1.9767425769E-01  -3.3895990255E-01   2.5833693043E-01
  8.4368354144E-02  -2.8474281136E-02  -1.5881889138E-01
 -6.2300049215E-01  -5.1997232787E-01   6.0367241018E-01
  5.5904230070E-02   2.3538651547E-01   7.7575789878E-02
  3.1099659479E-02  -6.2156703096E-02  -5.9548727601E-02
  7.1986928028E-02   5.4377773296E-02  -1.7755120559E-01
 -8.7686794786E-02  -9.2260845482E-02   1.5061655026E-01
 -2.7264251985E-01  -2.4093010279E-01  -3.7797253112E-01
  2.5230540040E-01   3.8260803852E-01   2.6659764136E-01
 -1.0907083820E-01  -5.0572011845E-02   1.3360995292E-02
  3.6939350170E-01  -4.2786084967E-01  -5.6612374858E-01
 -5.4238925470E-01   1.9456429362E-01   2.4988771794E-01
  2.0214135640E-01   2.4685570398E-01   3.0894585071E-01
 -5.2062209086E-02  -7.2654023544E-03  -6.3696262733E-02
 -1.2637217454E-01   9.9094612117E-02  -2.1929546020E-01
 -1.4084739299E-01  -1.5118770931E-01  -1.4712929700E-01
  2.2631354974E-01   2.3059147530E-01   1.5444628953E-01
  1.1659258956E-01  -1.5985049679E-01   3.0835131010E-02
  1.2332842849E-01  -2.5397772654E-01  -1.1564241480E-01
 -1.2157016472E-02   1.1284926514E-01   2.5008564469E-01
  1.0594765528E-01   5.6548599821E-02  -4.6150794440E-02
  5.8255605129E-02  -1.3805061864E-01  -6.1204633111E-02
 -7.9473715729E-02  -1.0692245600E-01   3.9239148434E-02
 -4.5350763927E-01  -7.6738534675E-01  -4.6364515653E-01
  7.1641609509E-01   6.1206737992E-01   5.9587175674E-01
  1.7508446250E-01   2.8829796146E-02  -3.4129182181E-02
 -3.7268633835E-01  -1.9382618114E-01   2.2990500747E-01
 -2.9076678892E-01  -1.4129769023E-01  -3.4805967829E-01
  2.1277256927E-01   3.0684097598E-01   1.8107817257E-01
  4.6541631473E-02   6.6101838364E-03  -8.6335812870E-02
 -1.1311233552E+00   7.7329737602E-01  -1.4354389494E+00
 -4.8300647681E-02   9.8326725053E-02   3.7716479834E-02
  6.4694746119E-01  -4.5037752136E-01  -6.3542681189E-01
 -7.2819921521E-01   5.2092013187E-01   5.8484443044E-01
 -4.9964545135E-01   7.1659639975E-01  -5.4675935736E-01
  3.1493612186E-02  -9.6431849424E-02  -7.0213705940E-02
  2.8655811154E-03  -9.4750754615E-02   9.0815072345E-02
  3.0649028878E-02  -1.8676600337E-01   7.3858740478E-02
 -1.4959103348E-01   1.2649592033E-01  -1.9540556915E-03
  1.5935682155E-01  -7.3540135403E-02   2.1398111753E-01
  7.3225740199E-02  -6.6046652270E-02  -6.2759812809E-02
  1.1330123947E+00  -7.6862851847E-01   1.4714176375E+00
  2.4778992814E-02   1.3401315941E-01   1.0842368081E-01
  2.4368224268E-01   2.4014184330E-01  -1.8320306269E-01
 -9.3905076814E-03   6.5078692134E-02  -1.3647220541E-01
  5.3376066704E-01  -6.8133836433E-01   5.7168377806E-01
 -2.8127320273E-01   2.9100468184E-01  -3.0471593777E-01
 -2.8911841040E-01   2.7604879034E-01   3.7589923741E-01
  4.3735645289E-02   1.8279101981E-02  -1.1517278261E-01
  6.2342839612E-01   4.9237542279E-01  -5.4987071591E-01
  5.1017986075E-02  -1.4072379917E-01  -6.6099878674E-02
 -1.7032134610E-01   9.5078230190E-02   1.6390075740E-01
  3.2406428902E-02   1.2299447683E-01  -1.2697051391E-01
  5.1306066180E-02  -7.4101314475E-06  -2.2419598178E-02
  1.0935759680E-01  -2.9445259361E-01  -2.0608011897E-01
 -2.1379686658E-01   2.0996305493E-01   1.4838312663E-01
  3.5086276199E-01  -3.2136784677E-01  -2.5314694913E-01
 -2.9572237925E-01   2.2337109231E-01   3.7205948325E-01
  1.8848283449E-01  -1.5567502125E-01  -2.5912749448E-01
  1.5013242817E-01  -1.3024578905E-01   2.1763951158E-01
 -1.3612688858E-01  -6.4711366992E-02   7.4249638029E-02
  6.8568278259E-02   1.5444517510E-01  -3.3000971263E-02
 -1.4210579101E-01  -8.2501089005E-02   1.2106796990E-01
 -5.9913594333E-02   1.6373293502E-02   6.7194454999E-02
 -1.8588130135E-01  -1.4571988712E-01   5.1428351732E-02
  6.0551661028E-02   1.2686886048E-01   9.3453404680E-02
  1.9570723535E-01  -7.8392774972E-03  -6.4921140273E-02
  1.9562344636E-01   3.3102615406E-01  -2.6287932630E-01
 -1.6079859457E-01   1.7796787080E-01  -1.1780625586E-01
 -9.3176705768E-02   1.2685214180E-01  -8.7722338826E-02
 -8.8160310537E-02  -4.7881167014E-02  -9.5569200812E-02
  1.4949784264E-01  -7.3120655820E-02  -4.5570924507E-03
  5.2854743828E-02  -5.8366116646E-02  -6.4970826960E-02
 -2.6277521588E-02  -1.0108486256E-02   1.9807715019E-01
 -9.4344017667E-02   3.9111871039E-02  -1.2485292001E-02
 -5.0706414361E-01  -5.1947016701E-01  -3.7179173300E-01
  3.4129417851E-01   3.5856011411E-01   3.7406465124E-01
 -3.5108730458E-01  -3.2312556918E-01  -1.8976628568E-01
  2.1117919827E-01   1.7107420336E-01   2.3101364154E-01
  3.1797012672E-02   6.4818525732E-02  -1.8779339005E-01
  4.5534667423E-02   8.4261380808E-02   1.0496148333E-01
  1.5768025920E-02   1.2291815816E-01  -2.1816606560E-04
 -6.8722696882E-02   1.0036532357E-01  -1.1971450696E-02
 -5.0098486483E-01   7.5875086739E-01   8.6767063727E-01
 -3.4494587154E-01   2.0521647702E-01  -2.1245800463E-01
  1.7380633929E-01   9.8946065584E-02  -1.2701439945E-01
 -1.3509715102E-01   7.1433963935E-05   9.7698846126E-03
  2.1169491064E-01   1.3220648584E-01  -1.5984346866E-01
 -2.0012833520E-01  -1.9126670514E-01   2.5482265463E-01
  8.6854975638E-02   1.4491128020E-02   4.7911896196E-02
 -6.2202101155E-02  -2.8887823931E-02   8.1786970810E-02
RMS force                          :  3.6964001075E-01 (Ha/Bohr)
Maximum force                      :  2.8125929439E+00 (Ha/Bohr)
Time for force calculation         :  0.011 (sec)
***************************************************************************
                               Timing info                                 
***************************************************************************
Total walltime                     :  2.686 sec
___________________________________________________________________________

***************************************************************************
*             Material Physics & Mechanics Group, Georgia Tech            *
*                       PI: Phanish Suryanarayana                         *
*                Main Developers: Qimen Xu, Abhiraj Sharma                *
*     Collaborators: J.E. Pask (LLNL), A.J. Medford (GT), E. Chow (GT)    *
*  Acknowledgements: U.S. DOE (DE-SC0019410); U.S. NSF (1333500,1553212)  *
***************************************************************************
                                                                           
