***************************************************************************
*                           SPARC (Apr 02, 2020)                          *
*   Copyright (c) 2019 Material Physics & Mechanics Group, Georgia Tech   *
*           Distributed under GNU General Public License 3 (GPL)          *
*                   Start time: Fri Apr 24 17:20:41 2020                  *
***************************************************************************
                           Input parameters                                
***************************************************************************
CELL: 20.22 20.22 20.22 
LATVEC:
1 0 0 
0 1 0 
0 0 1 
FD_GRID: 61 61 61
FD_ORDER: 12
BC: P P P
KPOINT_GRID: 1 1 1
KPOINT_SHIFT: 0 0 0
SPIN_TYP: 1
ELEC_TEMP_TYPE: Fermi-Dirac
SMEARING: 0.001
CHEB_DEGREE: 23
NSTATES: 480
EXCHANGE_CORRELATION: LDA_PZ
CALC_STRESS: 0
CALC_PRES: 0
CHEFSI_BOUND_FLAG: 0
MAXIT_SCF: 100
MINIT_SCF: 3
MAXIT_POISSON: 3000
TOL_SCF: 5.27E-04
POISSON_SOLVER: AAR
TOL_POISSON: 5.27E-06
TOL_LANCZOS: 1.00E-02
TOL_PSEUDOCHARGE: 5.27E-06
MIXING_VARIABLE: density
MIXING_PRECOND: kerker
TOL_PRECOND: 1.10E-04
PRECOND_KERKER_KTF: 1
PRECOND_KERKER_THRESH: 0
MIXING_PARAMETER: 0.3
MIXING_HISTORY: 7
PULAY_FREQUENCY: 1
PULAY_RESTART: 0
REFERENCE_CUTOFF: 0.5
RHO_TRIGGER: 4
FIX_RAND: 0
VERBOSITY: 1
PRINT_FORCES: 1
PRINT_ATOMS: 0
PRINT_EIGEN: 0
PRINT_DENSITY: 0
OUTPUT_FILE: c216
***************************************************************************
                           Parallelization                                 
***************************************************************************
NP_SPIN_PARAL: 1
NP_KPOINT_PARAL: 1
NP_BAND_PARAL: 160
NP_DOMAIN_PARAL: 1 1 1
NP_DOMAIN_PHI_PARAL: 4 5 8
***************************************************************************
                             Initialization                                
***************************************************************************
Number of processors               :  160
Mesh spacing                       :  0.331475 (Bohr)
Number of symmetry adapted k-points:  1
Output printed to                  :  c216.out
Total number of atom types         :  1
Total number of atoms              :  216
Total number of electrons          :  864
Atom type 1  (valence electrons)   :  C 4
Pseudopotential                    :  c_rc1.5a.psp8
Pseudocharge radii of atom type 1  :  6.63 6.63 6.63 (x, y, z dir)
Number of atoms of type 1          :  216
Estimated total memory usage       :  4.92 GB
Estimated memory per processor     :  31.47 MB
===================================================================
                    Self Consistent Field (SCF#1)                     
===================================================================
Iteration     Free Energy (Ha/atom)   SCF Error        Timing (sec)
1            -5.6502103758E+00        2.238E-01        5.136
2            -5.6391560473E+00        1.465E-01        1.254
3            -5.6298671082E+00        4.364E-02        1.236
4            -5.6293242446E+00        1.601E-02        1.241
5            -5.6292967309E+00        7.512E-03        1.219
6            -5.6293012831E+00        2.886E-03        1.229
7            -5.6293042580E+00        1.333E-03        1.230
8            -5.6293055790E+00        4.159E-04        1.231
Total number of SCF: 8     

WARNING: lowest occupation not small enough, consider increasing number of states (to 492 or more)!
  k = [0.000, 0.000, 0.000]  occ(432) = 1.465506254012770
====================================================================
                    Energy and force calculation                    
====================================================================
Free energy per atom               : -5.6293046897E+00 (Ha/atom)
Total free energy                  : -1.2159298130E+03 (Ha)
Band structure energy              : -1.7489423878E+01 (Ha)
Exchange correlation energy        : -3.8515689724E+02 (Ha)
Self and correction energy         : -1.8865548942E+03 (Ha)
Entropy*kb*T                       : -3.1140872706E-03 (Ha)
Fermi level                        :  3.6398746048E-01 (Ha)
Atomic forces (Ha/Bohr):
  6.6190367083E-02   2.4208188872E-01   3.3351278860E-02
 -9.0557380687E-02  -4.6759603124E-02  -5.7114234544E-02
  2.8026632457E-03  -1.9918799837E-01  -1.3439072454E-01
  1.3725137219E-01   1.7984289822E-01  -3.2133977464E-03
  1.6307384913E+00   1.4367693033E+00  -1.7611667509E+00
  1.7996675489E-01   1.0357977529E-01   1.5052965536E-01
  3.1805347649E-01   2.8760434933E-01  -2.5104738251E-01
  1.9233450383E-02  -8.1844743130E-02   1.4182003106E-01
  2.0067308413E-01   2.9403794662E-01  -3.2429257227E-01
 -1.0699031643E+00  -8.1623852132E-01   5.9654106904E-01
 -7.0741058733E-03   1.5861988500E-02  -6.1539403159E-02
 -3.3002675279E-01  -5.6805232904E-01   3.1277201548E-01
  8.3807224216E-02  -7.0771696274E-02   2.8339386389E-02
 -1.6272559122E-01  -3.9515503688E-02  -1.4015513405E-01
  2.8658574185E-01   2.4463118457E-01  -1.9964340150E-01
 -1.2599901986E-01   3.1781161053E-02  -1.3805315697E-01
  1.2869003243E-02  -1.3506906785E-01   1.6449474770E-01
 -6.6150147197E-02   8.2601466370E-02   1.0541892282E-01
  8.9825232639E-02   2.5682766035E-02   3.9435609117E-02
  6.7927341565E-02  -1.6295534712E-02  -6.4863567306E-02
  6.5585224431E-01   4.7011204728E-01  -4.1147062152E-01
 -9.7672061482E-02   7.0682109787E-03  -2.5350026406E-02
  4.7097086349E-02  -2.1037537012E-02  -1.0217421230E-01
 -1.6143363256E-01  -1.2769908681E-01   8.8524670600E-02
 -1.0919330504E-01   9.7753963373E-02  -1.2550835570E-01
 -2.8181147698E-01  -4.5790320109E-01   3.5267681575E-01
  1.6884712542E-01  -8.9106059900E-02   7.5684877460E-02
  1.2619016065E-01   1.2085425144E-01   1.4620085978E-01
  2.7749324871E-01  -3.1684371022E-01   2.4699024474E-01
 -7.5823082147E-02  -2.1610942070E-03  -1.1055201170E-01
  1.2204880534E-01   7.3324937791E-02   1.2809807294E-01
  4.7741501934E-02   7.7000398212E-02   4.9926175492E-02
 -1.5273830043E-01  -1.0238901055E-01  -1.9100101271E-01
  4.7066964304E-02  -6.9409245843E-02   1.1698122054E-01
 -3.2345463221E-02   1.9278711149E-01  -1.3315375344E-01
  1.0404682036E-01  -1.4514500877E-01   4.4713641013E-02
 -1.8866720293E-02   1.0295947353E-01  -3.7627548127E-02
 -1.6692429848E+00  -1.4809935075E+00   1.7116843597E+00
  2.8189298383E-01   2.2261266176E-01  -3.6904822103E-01
 -3.4003967123E-01  -2.2821808943E-01   1.9946610282E-01
 -1.8845141228E-01   4.1373723557E-02   5.0094988213E-02
 -3.8318601927E-01  -4.4998099270E-01   3.1769674331E-01
  1.0882337896E+00   8.7660062593E-01  -6.3737147732E-01
 -1.6896343536E-01  -2.2082726105E-01   2.3472402943E-01
  3.6794399381E-01   4.6495482458E-01  -2.8781542488E-01
  2.8451109080E-01  -4.7146629017E-01  -3.2908000542E-01
 -3.3592622133E-01   3.9749842215E-01   3.3562133486E-01
  3.4029637798E-01  -1.9078688781E-01  -3.6291943317E-01
  9.3918414217E-02  -8.0411623480E-02   1.1909676653E-01
  5.6571379688E-02   1.1941800012E-01  -1.0880707642E-01
  2.0472328127E-01  -1.6157343676E-01   1.0743806981E-01
 -1.4584539852E-01   1.0679085752E-01  -8.1471931140E-02
  1.6605336605E-01   1.2055001235E-01  -5.0482102502E-02
  5.9738433572E-02  -7.1475457867E-02  -1.1367701164E-01
 -2.2231219942E-01  -3.0638822950E-02   1.8690489646E-02
  2.0217120589E-01   1.3988349408E-01   2.0555090780E-01
 -2.8726072333E-01  -8.7560118328E-02   8.6518490096E-04
  2.2106705602E-01   1.6600367918E-01   1.9374270427E-01
  9.0162466852E-02  -2.4871996525E-01   1.5180100787E-01
 -1.5300620603E-01   6.0845737938E-02  -2.0527737080E-01
  1.1110317527E-01   1.4995504670E-01  -3.1632008579E-02
 -3.0937387623E-01  -1.2976204737E-01   1.6263857190E-01
 -1.7748692379E-01   1.2707618697E-01   1.2721979778E-01
  3.1906853334E-02  -7.5436695707E-02  -1.0415172287E-01
  3.5461085139E-01   2.3382373529E-01  -2.3356295376E-01
 -1.7713171356E-01  -1.0826199729E-01   6.4340982016E-02
 -4.1125066280E-01  -2.1093306399E-01  -3.5045024556E-01
  2.3229380939E-01   3.2449699991E-01   1.9441420690E-01
 -1.1293811171E-01   1.2146128023E-01   1.4810593290E-01
  3.6994310899E-02  -1.8432979967E-01   4.8171026317E-02
 -1.8520062475E-02  -1.8092297234E-01   1.9110691318E-01
  1.2757628683E-01  -5.8819169181E-02   7.5621982923E-02
  1.6282993323E-01   8.7011240164E-03  -7.8239975990E-02
 -1.1014569982E-01  -8.4973920950E-02   1.4494811611E-01
  6.2032361043E-02  -8.5493503666E-02  -1.0973889842E-01
 -8.0842331134E-02  -2.3142790509E-01   1.8330343572E-01
 -2.6868343425E-01  -3.2463953981E-01  -2.7305795739E-01
  1.6821683509E-01   2.1357553883E-01   2.2360385173E-01
 -7.1605882911E-02  -7.5411067037E-03  -6.9039013965E-02
 -7.8529857686E-03   1.3343417131E-01   9.6874838857E-02
 -9.0151030380E-02  -3.0682962975E-02   8.4187336054E-02
  1.8567302615E-02   8.3453766019E-02   2.4124854595E-02
 -4.3523946706E-01  -2.8260734030E-01  -4.3075806346E-01
  2.1216678266E-01   3.9499805195E-01   2.1444149177E-01
  7.4003264446E-02   1.2944105121E-02  -4.4049957241E-02
 -8.0542805952E-01  -4.4640627842E-01   4.2407151769E-01
 -1.7205796644E-02  -8.6393151939E-02  -5.2101028988E-03
 -1.7518800145E-01  -5.9304313883E-02  -9.0975374258E-02
  3.3842538000E-01   3.0560621209E-01  -2.7956765678E-01
 -3.3246233379E-02  -2.4638120547E-02   7.2791633951E-02
  4.3641907072E-01   4.6460149718E-01  -4.2126940745E-01
 -1.3222393009E-01   1.3380659718E-02  -1.2872623640E-01
  4.2955391921E-02   1.5412379115E-02  -1.4630298613E-01
  3.8738578262E-02   1.6621514208E-01   1.6190805008E-01
  1.7742442030E-01  -1.3503810904E-01   1.8660353158E-01
  1.0973062049E-01  -1.8464012299E-01   3.5369402022E-02
 -1.4897091143E-01   6.7023175724E-02   1.0018215500E-01
  8.6351564702E-02   1.4477020732E-01   1.2151194472E-01
  1.3694142811E-01   1.2262173903E-01  -6.8831505546E-02
 -2.7720677102E-02  -1.2796135571E-01   1.8992544764E-01
 -4.3523213996E-02  -6.3522339573E-02  -1.1627378429E-01
 -6.6143733022E-03   1.1048945976E-01  -6.6469435957E-02
 -1.3563585550E-01   9.4165268083E-02  -6.2355874822E-03
  2.0034277716E-01  -2.4832060890E-01  -1.7250162697E-01
 -1.9682733028E-01   9.5796473017E-02   8.2088851894E-02
 -4.9636891549E-02  -8.2826876584E-02   1.3860235614E-03
  1.2575424655E-01   7.8299920268E-02   4.3838174509E-02
 -1.0344011336E-01   8.5000848953E-02   2.4673014038E-02
 -3.0401832797E-02  -3.2867865250E-02  -1.3244721700E-02
 -1.8516727248E-01  -5.2366907912E-02  -6.0548820966E-02
  1.9007951939E-01   3.8540988705E-02   5.5417702992E-02
  1.8990910040E-01  -2.9187258316E-01  -1.7223249057E-01
 -1.8018756584E-01   2.6934416157E-01   2.9033886656E-01
 -2.9142774013E-01  -2.8277224151E-01   2.2542909193E-01
  3.0364640310E-01   3.9152122547E-01  -3.2043257697E-01
 -7.5396827873E-02  -9.9628327731E-02   6.7402579729E-02
 -7.7694899816E-02   8.6960580808E-02  -1.7754819276E-01
 -2.8007513364E-01  -2.4354474916E-01   3.1775535409E-01
 -1.7274406659E-01  -1.5219052851E-01  -1.6803231537E-01
  1.4145499214E-01   2.5530340653E-01   1.8105054582E-01
  1.8522707768E-01   1.5497449033E-01  -1.9163493922E-01
  5.0987077239E-01  -8.4192699693E-01  -7.9940575158E-01
  3.1026413908E-01  -3.3446161204E-01   4.7407625625E-01
  8.4093033859E-02   1.8426747827E-02  -8.1653131995E-03
 -1.0005221868E-01  -1.1326599193E-01  -3.1300094188E-02
 -1.9894979772E-01  -3.3888444803E-01   2.5800174657E-01
  8.3938690875E-02  -2.8457349637E-02  -1.5900955664E-01
 -6.2273092057E-01  -5.2044564405E-01   6.0229807245E-01
  5.5108850224E-02   2.3408055539E-01   7.6058358272E-02
  3.0714468291E-02  -6.2999583480E-02  -6.0853815595E-02
  7.0862177636E-02   5.4405480066E-02  -1.7743226738E-01
 -8.8064998880E-02  -9.2187610912E-02   1.5099092000E-01
 -2.7271910539E-01  -2.3989046311E-01  -3.7831882017E-01
  2.5240852427E-01   3.8369226284E-01   2.6563662712E-01
 -1.0897807949E-01  -5.0941275961E-02   1.1598417102E-02
  3.7002969885E-01  -4.2841613333E-01  -5.6779255140E-01
 -5.4190878507E-01   1.9410190838E-01   2.4892104185E-01
  2.0316959735E-01   2.4667625927E-01   3.0877632032E-01
 -5.1870484350E-02  -7.4950027876E-03  -6.2624786499E-02
 -1.2628574752E-01   9.8436751968E-02  -2.1811414153E-01
 -1.4024780062E-01  -1.5018501562E-01  -1.4774723945E-01
  2.2715955132E-01   2.3172251592E-01   1.5366262314E-01
  1.1722593901E-01  -1.5896978072E-01   2.9414343001E-02
  1.2425611031E-01  -2.5373587150E-01  -1.1721963694E-01
 -1.1338512342E-02   1.1327825952E-01   2.4835936259E-01
  1.0706178670E-01   5.7287231540E-02  -4.6227809519E-02
  5.9659309586E-02  -1.3832165219E-01  -6.0257457974E-02
 -7.8202799083E-02  -1.0802401645E-01   4.0228730019E-02
 -4.5321490715E-01  -7.6842583070E-01  -4.6236090083E-01
  7.1693702223E-01   6.1119959878E-01   5.9686680714E-01
  1.7585492336E-01   2.8831087606E-02  -3.4670559524E-02
 -3.7198744960E-01  -1.9339683735E-01   2.2943519419E-01
 -2.8990570944E-01  -1.4028743446E-01  -3.4877468324E-01
  2.1373573843E-01   3.0771806518E-01   1.8027563854E-01
  4.7858412966E-02   7.1573113189E-03  -8.7630373101E-02
 -1.1299185022E+00   7.7393107353E-01  -1.4358971438E+00
 -4.6658952729E-02   9.9151016063E-02   3.8179897253E-02
  6.4776878762E-01  -4.5043841480E-01  -6.3428866233E-01
 -7.2722546385E-01   5.2074589980E-01   5.8572975749E-01
 -4.9923504320E-01   7.1564958511E-01  -5.4633248350E-01
  3.1901724767E-02  -9.7792286205E-02  -6.9733023676E-02
  3.3100742091E-03  -9.5688333306E-02   9.1089522028E-02
  3.0743640026E-02  -1.8659062048E-01   7.3367896276E-02
 -1.5016299437E-01   1.2735620262E-01  -2.3846876988E-03
  1.6020283069E-01  -7.2918122695E-02   2.1338591309E-01
  7.3721836439E-02  -6.5429484487E-02  -6.3201610609E-02
  1.1343802715E+00  -7.6776886607E-01   1.4719221122E+00
  2.4578730727E-02   1.3485755210E-01   1.0887572648E-01
  2.4385323498E-01   2.4082353823E-01  -1.8252895077E-01
 -1.0062332797E-02   6.5146195956E-02  -1.3625909259E-01
  5.3399973884E-01  -6.8195905930E-01   5.7204460357E-01
 -2.8173946292E-01   2.9018049312E-01  -3.0486956478E-01
 -2.8963920047E-01   2.7502780327E-01   3.7478951913E-01
  4.3389200991E-02   1.7776885009E-02  -1.1657605781E-01
  6.2376736643E-01   4.9135172997E-01  -5.5068933301E-01
  5.1910446768E-02  -1.4217483822E-01  -6.7511100486E-02
 -1.6963098713E-01   9.3992131053E-02   1.6236997939E-01
  3.2980959073E-02   1.2225050597E-01  -1.2746976305E-01
  5.1660194420E-02   5.0249526301E-04  -2.2459615922E-02
  1.0975081361E-01  -2.9478292407E-01  -2.0734186688E-01
 -2.1301489202E-01   2.0948366750E-01   1.4675630279E-01
  3.5183498678E-01  -3.2231032723E-01  -2.5432464112E-01
 -2.9456486719E-01   2.2255176449E-01   3.7146933399E-01
  1.8942906015E-01  -1.5653790535E-01  -2.5900361370E-01
  1.5086247951E-01  -1.2944904520E-01   2.1747953901E-01
 -1.3589091210E-01  -6.4157682700E-02   7.3516676316E-02
  6.9305800940E-02   1.5476915713E-01  -3.4381859239E-02
 -1.4184866837E-01  -8.2933363631E-02   1.1990504395E-01
 -5.9282284141E-02   1.6141791952E-02   6.6243721732E-02
 -1.8532847849E-01  -1.4642375350E-01   5.1969092374E-02
  6.1823443021E-02   1.2586310129E-01   9.3936463104E-02
  1.9689536233E-01  -8.9726168026E-03  -6.4190104772E-02
  1.9574007876E-01   3.3179892136E-01  -2.6317802390E-01
 -1.6113959949E-01   1.7878759971E-01  -1.1792954387E-01
 -9.2977699099E-02   1.2737385026E-01  -8.8425699157E-02
 -8.8080885843E-02  -4.7829047398E-02  -9.6223533640E-02
  1.5000249475E-01  -7.3160701892E-02  -4.8426262920E-03
  5.2689241401E-02  -5.8854344072E-02  -6.4284255945E-02
 -2.6214803808E-02  -1.0650128598E-02   1.9884539683E-01
 -9.5107092014E-02   3.8574391215E-02  -1.1523520730E-02
 -5.0696946636E-01  -5.2068183391E-01  -3.7142552323E-01
  3.4151836722E-01   3.5770366368E-01   3.7437831098E-01
 -3.5042562112E-01  -3.2471548363E-01  -1.9067818581E-01
  2.1204212442E-01   1.6980272547E-01   2.3049068561E-01
  3.2239218458E-02   6.4506804439E-02  -1.8871886072E-01
  4.5588778777E-02   8.3560267354E-02   1.0400666897E-01
  1.6332198150E-02   1.2214140802E-01  -1.4509751997E-03
 -6.8427940966E-02   9.9748386776E-02  -1.2742749259E-02
 -5.0127424154E-01   7.5894509193E-01   8.6734560121E-01
 -3.4515758555E-01   2.0500252918E-01  -2.1325755782E-01
  1.7382293934E-01   9.8443850424E-02  -1.2828753336E-01
 -1.3580430780E-01  -8.0858722736E-04   9.2795063731E-03
  2.1174029773E-01   1.3169248096E-01  -1.5987956043E-01
 -2.0065194583E-01  -1.9146313240E-01   2.5499692939E-01
  8.6989471403E-02   1.3323968305E-02   4.7456800550E-02
 -6.2854346650E-02  -2.9370202032E-02   8.0932296115E-02
RMS force                          :  3.6963912076E-01 (Ha/Bohr)
Maximum force                      :  2.8123970663E+00 (Ha/Bohr)
Time for force calculation         :  0.075 (sec)
***************************************************************************
                               Timing info                                 
***************************************************************************
Total walltime                     :  14.696 sec
___________________________________________________________________________

***************************************************************************
*             Material Physics & Mechanics Group, Georgia Tech            *
*                       PI: Phanish Suryanarayana                         *
*                Main Developers: Qimen Xu, Abhiraj Sharma                *
*     Collaborators: J.E. Pask (LLNL), A.J. Medford (GT), E. Chow (GT)    *
*  Acknowledgements: U.S. DOE (DE-SC0019410); U.S. NSF (1333500,1553212)  *
***************************************************************************
                                                                           
