***************************************************************************
*                           SPARC (Apr 02, 2020)                          *
*   Copyright (c) 2019 Material Physics & Mechanics Group, Georgia Tech   *
*           Distributed under GNU General Public License 3 (GPL)          *
*                   Start time: Fri Apr 24 17:35:32 2020                  *
***************************************************************************
                           Input parameters                                
***************************************************************************
CELL: 20.22 20.22 20.22 
LATVEC:
1 0 0 
0 1 0 
0 0 1 
FD_GRID: 61 61 61
FD_ORDER: 12
BC: P P P
KPOINT_GRID: 1 1 1
KPOINT_SHIFT: 0 0 0
SPIN_TYP: 1
ELEC_TEMP_TYPE: Fermi-Dirac
SMEARING: 0.001
CHEB_DEGREE: 23
NSTATES: 480
EXCHANGE_CORRELATION: LDA_PZ
CALC_STRESS: 0
CALC_PRES: 0
CHEFSI_BOUND_FLAG: 0
MAXIT_SCF: 100
MINIT_SCF: 3
MAXIT_POISSON: 3000
TOL_SCF: 5.27E-04
POISSON_SOLVER: AAR
TOL_POISSON: 5.27E-06
TOL_LANCZOS: 1.00E-02
TOL_PSEUDOCHARGE: 5.27E-06
MIXING_VARIABLE: density
MIXING_PRECOND: kerker
TOL_PRECOND: 1.10E-04
PRECOND_KERKER_KTF: 1
PRECOND_KERKER_THRESH: 0
MIXING_PARAMETER: 0.3
MIXING_HISTORY: 7
PULAY_FREQUENCY: 1
PULAY_RESTART: 0
REFERENCE_CUTOFF: 0.5
RHO_TRIGGER: 4
FIX_RAND: 0
VERBOSITY: 1
PRINT_FORCES: 1
PRINT_ATOMS: 0
PRINT_EIGEN: 0
PRINT_DENSITY: 0
OUTPUT_FILE: c216
***************************************************************************
                           Parallelization                                 
***************************************************************************
NP_SPIN_PARAL: 1
NP_KPOINT_PARAL: 1
NP_BAND_PARAL: 480
NP_DOMAIN_PARAL: 1 1 2
NP_DOMAIN_PHI_PARAL: 9 10 10
***************************************************************************
                             Initialization                                
***************************************************************************
Number of processors               :  960
Mesh spacing                       :  0.331475 (Bohr)
Number of symmetry adapted k-points:  1
Output printed to                  :  c216.out
Total number of atom types         :  1
Total number of atoms              :  216
Total number of electrons          :  864
Atom type 1  (valence electrons)   :  C 4
Pseudopotential                    :  c_rc1.5a.psp8
Pseudocharge radii of atom type 1  :  6.63 6.63 6.63 (x, y, z dir)
Number of atoms of type 1          :  216
Estimated total memory usage       :  4.92 GB
Estimated memory per processor     :  5.25 MB
===================================================================
                    Self Consistent Field (SCF#1)                     
===================================================================
Iteration     Free Energy (Ha/atom)   SCF Error        Timing (sec)
1            -5.6501424911E+00        2.239E-01        1.809
2            -5.6390913303E+00        1.465E-01        0.414
3            -5.6298812380E+00        4.416E-02        0.408
4            -5.6293138929E+00        1.528E-02        0.414
5            -5.6292954184E+00        7.403E-03        0.404
6            -5.6293010313E+00        2.630E-03        0.411
7            -5.6293040583E+00        1.078E-03        0.401
8            -5.6293048958E+00        4.038E-04        0.391
Total number of SCF: 8     

WARNING: lowest occupation not small enough, consider increasing number of states (to 492 or more)!
  k = [0.000, 0.000, 0.000]  occ(432) = 1.461027830817995
====================================================================
                    Energy and force calculation                    
====================================================================
Free energy per atom               : -5.6293046748E+00 (Ha/atom)
Total free energy                  : -1.2159298098E+03 (Ha)
Band structure energy              : -1.7488494488E+01 (Ha)
Exchange correlation energy        : -3.8515696852E+02 (Ha)
Self and correction energy         : -1.8865548942E+03 (Ha)
Entropy*kb*T                       : -3.1249765381E-03 (Ha)
Fermi level                        :  3.6397845101E-01 (Ha)
Atomic forces (Ha/Bohr):
  6.6528694431E-02   2.4212669234E-01   3.3267981626E-02
 -9.1092015633E-02  -4.6889373305E-02  -5.7494663991E-02
  2.8933324478E-03  -1.9966278324E-01  -1.3466721550E-01
  1.3673793787E-01   1.7934495809E-01  -3.6038201323E-03
  1.6303014488E+00   1.4372736756E+00  -1.7619269164E+00
  1.7931020282E-01   1.0378364008E-01   1.5017327671E-01
  3.1865114248E-01   2.8725635162E-01  -2.5068819357E-01
  1.9949978675E-02  -8.2625224861E-02   1.4209441213E-01
  2.0099686442E-01   2.9358316284E-01  -3.2388770736E-01
 -1.0693072318E+00  -8.1670777041E-01   5.9676783726E-01
 -6.8950725649E-03   1.5290076756E-02  -6.1573585213E-02
 -3.2985237375E-01  -5.6858245804E-01   3.1247825026E-01
  8.3866405720E-02  -7.0966678903E-02   2.7838411077E-02
 -1.6289818094E-01  -3.9318013021E-02  -1.4095623009E-01
  2.8697675987E-01   2.4424852367E-01  -1.9954091733E-01
 -1.2604259281E-01   3.1568953485E-02  -1.3871991764E-01
  1.2945138695E-02  -1.3547104182E-01   1.6410289229E-01
 -6.6500423927E-02   8.2125404300E-02   1.0436810728E-01
  8.9182230996E-02   2.5228327788E-02   3.8765998675E-02
  6.7197250690E-02  -1.6862642917E-02  -6.5671808763E-02
  6.5595675630E-01   4.7006254793E-01  -4.1295100854E-01
 -9.7957321941E-02   6.8345207534E-03  -2.6884825622E-02
  4.6459857966E-02  -2.1571693199E-02  -1.0312847274E-01
 -1.6168493470E-01  -1.2807021257E-01   8.7911703119E-02
 -1.0924686779E-01   9.7600643276E-02  -1.2663064434E-01
 -2.8121841185E-01  -4.5814536508E-01   3.5230317803E-01
  1.6905546053E-01  -8.8502276993E-02   7.5683639694E-02
  1.2627635799E-01   1.2083565808E-01   1.4626970354E-01
  2.7757125864E-01  -3.1750520508E-01   2.4660902551E-01
 -7.5573163929E-02  -2.9678360196E-03  -1.0998189507E-01
  1.2214078195E-01   7.3039364837E-02   1.2863194370E-01
  4.7888127073E-02   7.6308373024E-02   5.0650790264E-02
 -1.5236728723E-01  -1.0291128702E-01  -1.9097244894E-01
  4.7724761055E-02  -6.9115328005E-02   1.1686678911E-01
 -3.2066984889E-02   1.9305537301E-01  -1.3322547366E-01
  1.0410631559E-01  -1.4434113155E-01   4.4108399628E-02
 -1.8620277690E-02   1.0354334079E-01  -3.7997514686E-02
 -1.6698345771E+00  -1.4806405721E+00   1.7116766948E+00
  2.8194951473E-01   2.2261277671E-01  -3.6844239868E-01
 -3.4071897167E-01  -2.2895648863E-01   2.0040002639E-01
 -1.8813891745E-01   4.0313377490E-02   5.0837349589E-02
 -3.8277388697E-01  -4.5085773139E-01   3.1843313935E-01
  1.0883917078E+00   8.7608195678E-01  -6.3721697550E-01
 -1.6856983079E-01  -2.2097244190E-01   2.3474981110E-01
  3.6843866466E-01   4.6491975409E-01  -2.8811883361E-01
  2.8436810847E-01  -4.7110085726E-01  -3.3023806761E-01
 -3.3575831731E-01   3.9772921091E-01   3.3490441370E-01
  3.3994704284E-01  -1.9058334781E-01  -3.6376164620E-01
  9.3430319720E-02  -8.0342423470E-02   1.2005587306E-01
  5.6291011557E-02   1.1924977909E-01  -1.0830477111E-01
  2.0507392991E-01  -1.6213577095E-01   1.0741175189E-01
 -1.4603747751E-01   1.0627365932E-01  -8.2412394172E-02
  1.6594849338E-01   1.2030644513E-01  -5.1508406071E-02
  5.9638091947E-02  -7.1427355351E-02  -1.1502114923E-01
 -2.2242975516E-01  -3.0455692716E-02   1.7362844729E-02
  2.0207230162E-01   1.4008319979E-01   2.0376609412E-01
 -2.8777448720E-01  -8.7625252472E-02   1.0435178403E-03
  2.2040295193E-01   1.6599163671E-01   1.9309693503E-01
  8.9845204133E-02  -2.4922225569E-01   1.5053767874E-01
 -1.5280164435E-01   6.0855487642E-02  -2.0642454616E-01
  1.1107194420E-01   1.4979695279E-01  -3.2907061026E-02
 -3.0883780829E-01  -1.2976436166E-01   1.6173935846E-01
 -1.7752535658E-01   1.2709330981E-01   1.2646180106E-01
  3.2721067036E-02  -7.5673024949E-02  -1.0474295416E-01
  3.5520869968E-01   2.3371260375E-01  -2.3428286420E-01
 -1.7608231991E-01  -1.0859317105E-01   6.3976162417E-02
 -4.1067646479E-01  -2.1059190682E-01  -3.5075521218E-01
  2.3278891214E-01   3.2455277624E-01   1.9407625697E-01
 -1.1287959581E-01   1.2061889136E-01   1.4757990506E-01
  3.6448400496E-02  -1.8504823409E-01   4.7668906769E-02
 -1.8977660451E-02  -1.8101966005E-01   1.9103272728E-01
  1.2727886257E-01  -5.8019775323E-02   7.6101137222E-02
  1.6302554480E-01   9.5534571259E-03  -7.7727610342E-02
 -1.0966763884E-01  -8.3740429372E-02   1.4531233285E-01
  6.2542433624E-02  -8.4532755737E-02  -1.1008649911E-01
 -8.0343668885E-02  -2.3115691834E-01   1.8305998044E-01
 -2.6954003619E-01  -3.2518307221E-01  -2.7282287827E-01
  1.6717390962E-01   2.1267755737E-01   2.2363964542E-01
 -7.1975673151E-02  -8.8035802169E-03  -6.8789636194E-02
 -7.9990360918E-03   1.3228850379E-01   9.7880530652E-02
 -9.0238130146E-02  -3.0863195760E-02   8.5608494673E-02
  1.8704004644E-02   8.3926339357E-02   2.5505084801E-02
 -4.3461069320E-01  -2.8179302351E-01  -4.3070121226E-01
  2.1271816964E-01   3.9553854674E-01   2.1394555252E-01
  7.4204055412E-02   1.3759176661E-02  -4.4988997046E-02
 -8.0551327022E-01  -4.4633133330E-01   4.2255922399E-01
 -1.8082463935E-02  -8.6158692909E-02  -4.7750385750E-03
 -1.7567875115E-01  -5.9658558387E-02  -9.0251387664E-02
  3.3766819491E-01   3.0484601704E-01  -2.7844917774E-01
 -3.3428284460E-02  -2.5568336021E-02   7.4161923111E-02
  4.3661724391E-01   4.6368648947E-01  -4.1966764147E-01
 -1.3246463988E-01   1.2732765644E-02  -1.2751231111E-01
  4.2952821111E-02   1.5042749286E-02  -1.4567895100E-01
  3.8764540281E-02   1.6618625578E-01   1.6211320360E-01
  1.7751842764E-01  -1.3447455841E-01   1.8600565284E-01
  1.0957348747E-01  -1.8442480704E-01   3.4076301817E-02
 -1.4935894037E-01   6.7239572252E-02   9.8679936523E-02
  8.6163786326E-02   1.4499139979E-01   1.2055900959E-01
  1.3665852719E-01   1.2292061927E-01  -6.7732605962E-02
 -2.7772614604E-02  -1.2812999105E-01   1.9098162749E-01
 -4.3954781909E-02  -6.4081808804E-02  -1.1495742194E-01
 -7.1709621107E-03   1.1007170291E-01  -6.5600881516E-02
 -1.3609740184E-01   9.3781050660E-02  -6.2884621668E-03
  1.9995904672E-01  -2.4863597885E-01  -1.7279786947E-01
 -1.9689397229E-01   9.6059538587E-02   8.1301940661E-02
 -4.9703328967E-02  -8.2464291197E-02   2.2144814123E-04
  1.2573256584E-01   7.8395505654E-02   4.2134613138E-02
 -1.0285520095E-01   8.5220975977E-02   2.3328556419E-02
 -3.0684064595E-02  -3.2562260023E-02  -1.2177601805E-02
 -1.8518481642E-01  -5.2412001654E-02  -6.0177299594E-02
  1.8948790822E-01   3.8337628228E-02   5.5786768363E-02
  1.8957571264E-01  -2.9222100420E-01  -1.7237310547E-01
 -1.8037255804E-01   2.6907992751E-01   2.9000518231E-01
 -2.9150810987E-01  -2.8290644459E-01   2.2514548176E-01
  3.0421947361E-01   3.9159681918E-01  -3.2158297163E-01
 -7.5271781616E-02  -9.9555081726E-02   6.6587240584E-02
 -7.7318353077E-02   8.6925164170E-02  -1.7751764360E-01
 -2.7955059027E-01  -2.4374815419E-01   3.1775407555E-01
 -1.7237807391E-01  -1.5241043008E-01  -1.6810410890E-01
  1.4193127888E-01   2.5497578892E-01   1.8097553985E-01
  1.8581414894E-01   1.5458406856E-01  -1.9209990823E-01
  5.0994916438E-01  -8.4233691904E-01  -8.0010379209E-01
  3.1030764343E-01  -3.3413775968E-01   4.7392875309E-01
  8.3944613688E-02   1.9302195387E-02  -7.8073532741E-03
 -9.9721019696E-02  -1.1236562857E-01  -3.0655464246E-02
 -1.9858733240E-01  -3.3856012864E-01   2.5842896191E-01
  8.3157962062E-02  -2.8544680868E-02  -1.5969665450E-01
 -6.2375603672E-01  -5.2005368507E-01   6.0225194364E-01
  5.4706486057E-02   2.3520749037E-01   7.6457629365E-02
  3.0281177479E-02  -6.1774104521E-02  -5.9696795338E-02
  7.0863791846E-02   5.5024429027E-02  -1.7684585967E-01
 -8.8185360914E-02  -9.1918771271E-02   1.5178459154E-01
 -2.7338848062E-01  -2.4062907885E-01  -3.7876987418E-01
  2.5215910558E-01   3.8264919665E-01   2.6569649714E-01
 -1.0953896528E-01  -5.0828954517E-02   1.2259678570E-02
  3.6959598524E-01  -4.2757694463E-01  -5.6620919102E-01
 -5.4238007590E-01   1.9505852686E-01   2.5046458813E-01
  2.0263046243E-01   2.4751582170E-01   3.1017708718E-01
 -5.2086963020E-02  -6.9348462357E-03  -6.2311212170E-02
 -1.2655687431E-01   9.8572770213E-02  -2.1887912277E-01
 -1.4025106439E-01  -1.5071157734E-01  -1.4769189994E-01
  2.2760023917E-01   2.3116968827E-01   1.5402912419E-01
  1.1713619584E-01  -1.6002448336E-01   3.0331403542E-02
  1.2453653223E-01  -2.5426738930E-01  -1.1608347541E-01
 -1.1631647922E-02   1.1267705627E-01   2.5017863476E-01
  1.0711119048E-01   5.7152355592E-02  -4.4909360125E-02
  5.9183277429E-02  -1.3753524615E-01  -5.9492294041E-02
 -7.8714698461E-02  -1.0763687669E-01   4.0262563947E-02
 -4.5354597907E-01  -7.6818152242E-01  -4.6368605764E-01
  7.1661551749E-01   6.1104836969E-01   5.9551080224E-01
  1.7634125122E-01   2.8844869617E-02  -3.4634967239E-02
 -3.7116649657E-01  -1.9334995404E-01   2.2933169277E-01
 -2.8945838030E-01  -1.4067890638E-01  -3.4815244623E-01
  2.1407016420E-01   3.0719388229E-01   1.8077629956E-01
  4.7744737278E-02   6.4126045054E-03  -8.6370107332E-02
 -1.1300328125E+00   7.7378493431E-01  -1.4350205165E+00
 -4.6851020462E-02   9.8849196926E-02   3.8965596534E-02
  6.4720731098E-01  -4.5025471746E-01  -6.3442291868E-01
 -7.2765068724E-01   5.2101129136E-01   5.8552492448E-01
 -4.9958046944E-01   7.1574376731E-01  -5.4680184549E-01
  3.2291349772E-02  -9.7628693922E-02  -7.0628568762E-02
  3.9717255187E-03  -9.5336382757E-02   9.0431138618E-02
  3.1465639344E-02  -1.8639631939E-01   7.3344862156E-02
 -1.4963231774E-01   1.2687549743E-01  -1.9636182581E-03
  1.6039430305E-01  -7.3337869438E-02   2.1389406578E-01
  7.3814086940E-02  -6.5876414020E-02  -6.2627377661E-02
  1.1342203561E+00  -7.6818350986E-01   1.4722724888E+00
  2.4666690101E-02   1.3434615197E-01   1.0906952007E-01
  2.4356493323E-01   2.4050908611E-01  -1.8260114627E-01
 -1.0174081225E-02   6.5143417477E-02  -1.3634476470E-01
  5.3365729374E-01  -6.8163836436E-01   5.7155805454E-01
 -2.8175199688E-01   2.9050903812E-01  -3.0536813566E-01
 -2.9023590818E-01   2.7569746567E-01   3.7473456910E-01
  4.2588470954E-02   1.8516267179E-02  -1.1563153121E-01
  6.2304864952E-01   4.9216913523E-01  -5.5129076094E-01
  5.1376116602E-02  -1.4121167472E-01  -6.7091732795E-02
 -1.7053390228E-01   9.4931630802E-02   1.6341717706E-01
  3.2366263381E-02   1.2293343483E-01  -1.2625601316E-01
  5.1979036499E-02   7.7251176850E-05  -2.3399607259E-02
  1.1045670677E-01  -2.9467749416E-01  -2.0733799853E-01
 -2.1297913972E-01   2.1012709346E-01   1.4760998342E-01
  3.5164986804E-01  -3.2150780229E-01  -2.5302609544E-01
 -2.9525426689E-01   2.2326069786E-01   3.7296885831E-01
  1.8865138916E-01  -1.5614790067E-01  -2.5810779861E-01
  1.5147182354E-01  -1.2968228539E-01   2.1696445236E-01
 -1.3527196844E-01  -6.4767393352E-02   7.3132590148E-02
  6.9735842751E-02   1.5432341664E-01  -3.4253042085E-02
 -1.4126805979E-01  -8.2651937164E-02   1.2074182900E-01
 -5.8936960364E-02   1.6413761360E-02   6.7596705195E-02
 -1.8520094844E-01  -1.4590250497E-01   5.2541940286E-02
  6.1250441049E-02   1.2626933987E-01   9.4613750381E-02
  1.9660961803E-01  -8.7681127902E-03  -6.4429420916E-02
  1.9632145545E-01   3.3146177595E-01  -2.6330857309E-01
 -1.6095043187E-01   1.7804565294E-01  -1.1823677247E-01
 -9.2598512413E-02   1.2676434150E-01  -8.8305081038E-02
 -8.8449679394E-02  -4.8380226024E-02  -9.5727590978E-02
  1.5015436109E-01  -7.3227153452E-02  -4.1175714046E-03
  5.2484130839E-02  -5.8569443067E-02  -6.4231329059E-02
 -2.6544601195E-02  -1.0265815229E-02   1.9917293922E-01
 -9.4992840942E-02   3.9325671915E-02  -1.1594739173E-02
 -5.0655804484E-01  -5.2006198603E-01  -3.7157844848E-01
  3.4181856637E-01   3.5832074344E-01   3.7385388703E-01
 -3.5030224189E-01  -3.2410271424E-01  -1.9103261226E-01
  2.1234286014E-01   1.7051439889E-01   2.3023729251E-01
  3.2935289146E-02   6.4458349223E-02  -1.8939811834E-01
  4.6295215073E-02   8.3755947239E-02   1.0368495055E-01
  1.6809676342E-02   1.2255053465E-01  -9.0229597475E-04
 -6.7599877641E-02   1.0033536799E-01  -1.1983877759E-02
 -5.0119394370E-01   7.5870472234E-01   8.6681896629E-01
 -3.4509385468E-01   2.0501969416E-01  -2.1342313482E-01
  1.7444129104E-01   9.8760526854E-02  -1.2796902524E-01
 -1.3545465814E-01   2.7975832687E-04   9.7822461774E-03
  2.1243878769E-01   1.3235327447E-01  -1.5926524158E-01
 -1.9987387726E-01  -1.9129264124E-01   2.5519402164E-01
  8.7429753736E-02   1.3968971042E-02   4.6951118073E-02
 -6.2187845959E-02  -2.8679721509E-02   8.1092740357E-02
RMS force                          :  3.6962630139E-01 (Ha/Bohr)
Maximum force                      :  2.8125577552E+00 (Ha/Bohr)
Time for force calculation         :  0.021 (sec)
***************************************************************************
                               Timing info                                 
***************************************************************************
Total walltime                     :  4.865 sec
___________________________________________________________________________

***************************************************************************
*             Material Physics & Mechanics Group, Georgia Tech            *
*                       PI: Phanish Suryanarayana                         *
*                Main Developers: Qimen Xu, Abhiraj Sharma                *
*     Collaborators: J.E. Pask (LLNL), A.J. Medford (GT), E. Chow (GT)    *
*  Acknowledgements: U.S. DOE (DE-SC0019410); U.S. NSF (1333500,1553212)  *
***************************************************************************
                                                                           
