***************************************************************************
*                           SPARC (Apr 02, 2020)                          *
*   Copyright (c) 2019 Material Physics & Mechanics Group, Georgia Tech   *
*           Distributed under GNU General Public License 3 (GPL)          *
*                   Start time: Fri Apr 24 17:19:32 2020                  *
***************************************************************************
                           Input parameters                                
***************************************************************************
CELL: 20.22 20.22 20.22 
LATVEC:
1 0 0 
0 1 0 
0 0 1 
FD_GRID: 61 61 61
FD_ORDER: 12
BC: P P P
KPOINT_GRID: 1 1 1
KPOINT_SHIFT: 0 0 0
SPIN_TYP: 1
ELEC_TEMP_TYPE: Fermi-Dirac
SMEARING: 0.001
CHEB_DEGREE: 23
NSTATES: 480
EXCHANGE_CORRELATION: LDA_PZ
CALC_STRESS: 0
CALC_PRES: 0
CHEFSI_BOUND_FLAG: 0
MAXIT_SCF: 100
MINIT_SCF: 3
MAXIT_POISSON: 3000
TOL_SCF: 5.27E-04
POISSON_SOLVER: AAR
TOL_POISSON: 5.27E-06
TOL_LANCZOS: 1.00E-02
TOL_PSEUDOCHARGE: 5.27E-06
MIXING_VARIABLE: density
MIXING_PRECOND: kerker
TOL_PRECOND: 1.10E-04
PRECOND_KERKER_KTF: 1
PRECOND_KERKER_THRESH: 0
MIXING_PARAMETER: 0.3
MIXING_HISTORY: 7
PULAY_FREQUENCY: 1
PULAY_RESTART: 0
REFERENCE_CUTOFF: 0.5
RHO_TRIGGER: 4
FIX_RAND: 0
VERBOSITY: 1
PRINT_FORCES: 1
PRINT_ATOMS: 0
PRINT_EIGEN: 0
PRINT_DENSITY: 0
OUTPUT_FILE: c216
***************************************************************************
                           Parallelization                                 
***************************************************************************
NP_SPIN_PARAL: 1
NP_KPOINT_PARAL: 1
NP_BAND_PARAL: 20
NP_DOMAIN_PARAL: 1 1 1
NP_DOMAIN_PHI_PARAL: 2 2 5
***************************************************************************
                             Initialization                                
***************************************************************************
Number of processors               :  20
Mesh spacing                       :  0.331475 (Bohr)
Number of symmetry adapted k-points:  1
Output printed to                  :  c216.out
Total number of atom types         :  1
Total number of atoms              :  216
Total number of electrons          :  864
Atom type 1  (valence electrons)   :  C 4
Pseudopotential                    :  c_rc1.5a.psp8
Pseudocharge radii of atom type 1  :  6.63 6.63 6.63 (x, y, z dir)
Number of atoms of type 1          :  216
Estimated total memory usage       :  4.92 GB
Estimated memory per processor     :  251.79 MB
===================================================================
                    Self Consistent Field (SCF#1)                     
===================================================================
Iteration     Free Energy (Ha/atom)   SCF Error        Timing (sec)
1            -5.6499881887E+00        2.239E-01        24.160
2            -5.6390396838E+00        1.466E-01        5.929
3            -5.6298481193E+00        4.427E-02        5.927
4            -5.6293017472E+00        1.534E-02        5.998
5            -5.6292914339E+00        7.565E-03        5.968
6            -5.6292992706E+00        2.851E-03        5.959
7            -5.6293029621E+00        1.186E-03        5.857
8            -5.6293047371E+00        5.090E-04        5.898
Total number of SCF: 8     

WARNING: lowest occupation not small enough, consider increasing number of states (to 492 or more)!
  k = [0.000, 0.000, 0.000]  occ(432) = 1.464225596583871
====================================================================
                    Energy and force calculation                    
====================================================================
Free energy per atom               : -5.6293039556E+00 (Ha/atom)
Total free energy                  : -1.2159296544E+03 (Ha)
Band structure energy              : -1.7493342226E+01 (Ha)
Exchange correlation energy        : -3.8515727436E+02 (Ha)
Self and correction energy         : -1.8865548942E+03 (Ha)
Entropy*kb*T                       : -3.1193728944E-03 (Ha)
Fermi level                        :  3.6397471787E-01 (Ha)
Atomic forces (Ha/Bohr):
  6.6146863181E-02   2.4250809212E-01   3.3302793932E-02
 -9.1368389850E-02  -4.6316769510E-02  -5.8005816037E-02
  2.2803726421E-03  -1.9886852468E-01  -1.3528001118E-01
  1.3649632091E-01   1.8064555224E-01  -3.8797232521E-03
  1.6305349906E+00   1.4369616825E+00  -1.7624825943E+00
  1.7960743555E-01   1.0392720754E-01   1.4985030347E-01
  3.1836463210E-01   2.8820428942E-01  -2.5063690522E-01
  1.9334177234E-02  -8.1162881606E-02   1.4192231438E-01
  2.0112996589E-01   2.9456345351E-01  -3.2390003029E-01
 -1.0692945349E+00  -8.1557607465E-01   5.9667058487E-01
 -6.6732544041E-03   1.5505923021E-02  -6.1691991596E-02
 -3.2961773661E-01  -5.6809464747E-01   3.1206854289E-01
  8.4372820965E-02  -7.1769865951E-02   2.7031092019E-02
 -1.6294169127E-01  -4.0019732015E-02  -1.4162155571E-01
  2.8648479159E-01   2.4520350556E-01  -1.9916429705E-01
 -1.2639155946E-01   3.2293621489E-02  -1.3864725186E-01
  1.2314670803E-02  -1.3414027568E-01   1.6382836639E-01
 -6.6660916176E-02   8.3229502788E-02   1.0442920264E-01
  8.9187274245E-02   2.6060564029E-02   3.7981913122E-02
  6.7069096028E-02  -1.6818349089E-02  -6.6084148933E-02
  6.5622037599E-01   4.7067054123E-01  -4.1225096614E-01
 -9.7839103296E-02   7.1213447268E-03  -2.5955118050E-02
  4.6756493362E-02  -2.0836161534E-02  -1.0290760577E-01
 -1.6137270271E-01  -1.2813448867E-01   8.8231446895E-02
 -1.0880730876E-01   9.8072396181E-02  -1.2577101264E-01
 -2.8126963622E-01  -4.5762454541E-01   3.5269726375E-01
  1.6869282699E-01  -8.8271171228E-02   7.5608941362E-02
  1.2587139198E-01   1.2125348671E-01   1.4674192509E-01
  2.7760783885E-01  -3.1644902170E-01   2.4740250271E-01
 -7.5536949498E-02  -2.0876030007E-03  -1.0960120387E-01
  1.2300313669E-01   7.3208413505E-02   1.2877398354E-01
  4.8464057797E-02   7.6121111739E-02   5.0710597849E-02
 -1.5170427716E-01  -1.0369377698E-01  -1.9075392881E-01
  4.8175213002E-02  -7.0047345462E-02   1.1764093731E-01
 -3.1534594053E-02   1.9221057254E-01  -1.3300855200E-01
  1.0441454297E-01  -1.4553517538E-01   4.4138591926E-02
 -1.8358894330E-02   1.0279951916E-01  -3.8443897241E-02
 -1.6694361539E+00  -1.4806886371E+00   1.7110884525E+00
  2.8186283812E-01   2.2339409810E-01  -3.6838169032E-01
 -3.4104120048E-01  -2.2762888686E-01   2.0011091975E-01
 -1.8872096739E-01   4.2124765834E-02   5.0796887061E-02
 -3.8347972914E-01  -4.4907329457E-01   3.1827011110E-01
  1.0879305995E+00   8.7680737071E-01  -6.3742875047E-01
 -1.6898898033E-01  -2.2061817289E-01   2.3434916186E-01
  3.6817586506E-01   4.6428893783E-01  -2.8811271369E-01
  2.8326762803E-01  -4.7160332298E-01  -3.3033298923E-01
 -3.3618523241E-01   3.9712663208E-01   3.3428502728E-01
  3.3990477159E-01  -1.9079738248E-01  -3.6461631130E-01
  9.3257723831E-02  -7.9320700437E-02   1.1965275497E-01
  5.6529210544E-02   1.2032511033E-01  -1.0839203508E-01
  2.0443885621E-01  -1.6026245403E-01   1.0743666499E-01
 -1.4638443168E-01   1.0759535194E-01  -8.2273966913E-02
  1.6543327861E-01   1.2106227653E-01  -5.1889377742E-02
  5.9059910621E-02  -7.1711966482E-02  -1.1542245635E-01
 -2.2335140929E-01  -3.0822455840E-02   1.7015547813E-02
  2.0120367447E-01   1.3939019136E-01   2.0403407916E-01
 -2.8719275201E-01  -8.6898523296E-02   1.2069263536E-03
  2.2113118086E-01   1.6666399700E-01   1.9349485047E-01
  9.0197491096E-02  -2.4835337535E-01   1.5100350170E-01
 -1.5234345229E-01   6.0374711537E-02  -2.0609947504E-01
  1.1098663464E-01   1.4950524856E-01  -3.2625199224E-02
 -3.0927862157E-01  -1.3069766230E-01   1.6224889941E-01
 -1.7710289870E-01   1.2801760093E-01   1.2731994294E-01
  3.2427351312E-02  -7.4720731914E-02  -1.0508182319E-01
  3.5535355884E-01   2.3350820453E-01  -2.3385138650E-01
 -1.7631275800E-01  -1.0914302844E-01   6.3635395596E-02
 -4.1113064348E-01  -2.0991722303E-01  -3.5124857803E-01
  2.3222245511E-01   3.2523759548E-01   1.9357826190E-01
 -1.1314384654E-01   1.2129011140E-01   1.4766012290E-01
  3.6544684069E-02  -1.8533831918E-01   4.8144210783E-02
 -1.8409496837E-02  -1.8179279756E-01   1.9146513798E-01
  1.2765176512E-01  -5.9575469177E-02   7.6677803913E-02
  1.6324118648E-01   8.6262016939E-03  -7.7410023627E-02
 -1.1003907682E-01  -8.5020802054E-02   1.4555401797E-01
  6.2267282557E-02  -8.5086612522E-02  -1.0955868869E-01
 -8.1082696094E-02  -2.3101032689E-01   1.8364694668E-01
 -2.6883507201E-01  -3.2431615663E-01  -2.7287206325E-01
  1.6754225271E-01   2.1385848650E-01   2.2422780803E-01
 -7.2016675709E-02  -8.1178047344E-03  -6.7898249893E-02
 -8.3100983265E-03   1.3249688097E-01   9.8243445073E-02
 -9.0190338002E-02  -3.1828378694E-02   8.5981492605E-02
  1.8689555351E-02   8.2329825409E-02   2.5744122219E-02
 -4.3500534017E-01  -2.8333531182E-01  -4.3002913572E-01
  2.1172381129E-01   3.9413495493E-01   2.1460494146E-01
  7.3716222365E-02   1.2710586679E-02  -4.4354767928E-02
 -8.0551550002E-01  -4.4640796132E-01   4.2340060205E-01
 -1.7674607565E-02  -8.6342073799E-02  -5.3139889173E-03
 -1.7465377992E-01  -5.8964498294E-02  -9.0832382498E-02
  3.3775851536E-01   3.0584866572E-01  -2.7862844838E-01
 -3.3764810503E-02  -2.4361242137E-02   7.4105477304E-02
  4.3597615629E-01   4.6464689716E-01  -4.1979171798E-01
 -1.3273302921E-01   1.3485133169E-02  -1.2784299622E-01
  4.2358424154E-02   1.4050861049E-02  -1.4606286069E-01
  3.8243425189E-02   1.6489552011E-01   1.6131390512E-01
  1.7654983617E-01  -1.3550070575E-01   1.8642455117E-01
  1.0910700436E-01  -1.8474331395E-01   3.4651916748E-02
 -1.4965573886E-01   6.7125871219E-02   9.9161852907E-02
  8.6105175116E-02   1.4547529623E-01   1.2069295357E-01
  1.3735489024E-01   1.2307537611E-01  -6.8582245590E-02
 -2.7175854202E-02  -1.2753194819E-01   1.8995521490E-01
 -4.3691773174E-02  -6.2891407455E-02  -1.1525575388E-01
 -6.8000846680E-03   1.1077712187E-01  -6.5707536168E-02
 -1.3622001720E-01   9.4562478087E-02  -6.4160029992E-03
  1.9988997643E-01  -2.4884196208E-01  -1.7334787347E-01
 -1.9719923107E-01   9.5214014861E-02   8.0655956709E-02
 -4.9496347431E-02  -8.3286315830E-02   1.3081466859E-05
  1.2497721341E-01   7.8096346837E-02   4.2144935068E-02
 -1.0275125503E-01   8.5489358057E-02   2.2969362305E-02
 -3.0431835278E-02  -3.2191825128E-02  -1.2806862382E-02
 -1.8510432987E-01  -5.1604319089E-02  -6.0061235697E-02
  1.9010923452E-01   3.9122811678E-02   5.5739282067E-02
  1.9012823841E-01  -2.9200435883E-01  -1.7213021231E-01
 -1.8005437711E-01   2.6885586088E-01   2.8981571788E-01
 -2.9078193326E-01  -2.8350949570E-01   2.2479579078E-01
  3.0430917410E-01   3.9081022777E-01  -3.2161051344E-01
 -7.4362461203E-02  -1.0007377274E-01   6.6346657480E-02
 -7.7108576125E-02   8.7431762528E-02  -1.7726154603E-01
 -2.7979866163E-01  -2.4294278983E-01   3.1781377159E-01
 -1.7296956370E-01  -1.5211822420E-01  -1.6795955277E-01
  1.4173116828E-01   2.5557809394E-01   1.8072898887E-01
  1.8606195468E-01   1.5436039489E-01  -1.9239536471E-01
  5.1067534108E-01  -8.4251854092E-01  -8.0049641802E-01
  3.1073526482E-01  -3.3492759444E-01   4.7322310047E-01
  8.4116219007E-02   1.8877080391E-02  -8.2801016677E-03
 -9.9839164985E-02  -1.1251437120E-01  -3.0737606503E-02
 -1.9892880374E-01  -3.3807718132E-01   2.5848765658E-01
  8.3139564828E-02  -2.9211124240E-02  -1.5974672006E-01
 -6.2415733614E-01  -5.2113269318E-01   6.0265711592E-01
  5.4919607503E-02   2.3387668306E-01   7.6463387776E-02
  3.0614949964E-02  -6.2876360359E-02  -5.9724011583E-02
  7.0585519732E-02   5.4358217572E-02  -1.7698078480E-01
 -8.8370986477E-02  -9.1599103734E-02   1.5164570250E-01
 -2.7300995604E-01  -2.4026475168E-01  -3.7823610501E-01
  2.5229777811E-01   3.8296620944E-01   2.6614756611E-01
 -1.0933999737E-01  -5.1899309699E-02   1.3065310266E-02
  3.6961448757E-01  -4.2901337017E-01  -5.6586883157E-01
 -5.4216926224E-01   1.9307848629E-01   2.5030542459E-01
  2.0263716349E-01   2.4571140627E-01   3.0974526874E-01
 -5.2030955260E-02  -7.4392921501E-03  -6.2212421845E-02
 -1.2629326482E-01   9.8758115373E-02  -2.1830686373E-01
 -1.3955285949E-01  -1.5049645976E-01  -1.4777265863E-01
  2.2743767746E-01   2.3100066871E-01   1.5375574341E-01
  1.1688008718E-01  -1.5957205296E-01   3.0345263994E-02
  1.2373312110E-01  -2.5419007092E-01  -1.1602464180E-01
 -1.2096342124E-02   1.1247091503E-01   2.5033097173E-01
  1.0652935295E-01   5.6201681672E-02  -4.5229641141E-02
  5.9106096002E-02  -1.3904903641E-01  -6.0184474050E-02
 -7.8492440173E-02  -1.0817135252E-01   4.0168411759E-02
 -4.5331657012E-01  -7.6803222918E-01  -4.6260068551E-01
  7.1685810682E-01   6.1147334040E-01   5.9633175513E-01
  1.7602357944E-01   2.9869977373E-02  -3.4587522767E-02
 -3.7218343066E-01  -1.9282163184E-01   2.2955692266E-01
 -2.8957370466E-01  -1.4071793949E-01  -3.4877836658E-01
  2.1395477071E-01   3.0716838106E-01   1.8052525162E-01
  4.7633698821E-02   6.9576963304E-03  -8.6329695236E-02
 -1.1297853712E+00   7.7346263670E-01  -1.4347486362E+00
 -4.7165453382E-02   9.8541635148E-02   3.8560849492E-02
  6.4745574824E-01  -4.5115402565E-01  -6.3443839282E-01
 -7.2701095588E-01   5.2027539214E-01   5.8531449387E-01
 -4.9886364475E-01   7.1558606602E-01  -5.4698642206E-01
  3.2153642503E-02  -9.6731233876E-02  -7.0902259866E-02
  3.1837598729E-03  -9.4573564600E-02   9.0294725443E-02
  3.0701860707E-02  -1.8561569451E-01   7.3647459485E-02
 -1.5004360053E-01   1.2791275961E-01  -1.9491775391E-03
  1.6053310569E-01  -7.2633882482E-02   2.1355325693E-01
  7.4089917131E-02  -6.5288106698E-02  -6.2487381871E-02
  1.1343226542E+00  -7.6810728626E-01   1.4719209519E+00
  2.5252738823E-02   1.3412744089E-01   1.0923448221E-01
  2.4446713992E-01   2.3983822106E-01  -1.8262061214E-01
 -9.0016820754E-03   6.4247849316E-02  -1.3667851572E-01
  5.3454727984E-01  -6.8213721045E-01   5.7126524512E-01
 -2.8135752046E-01   2.9000941345E-01  -3.0613582377E-01
 -2.8972196390E-01   2.7530449034E-01   3.7438332911E-01
  4.2793904454E-02   1.8368809499E-02  -1.1648273015E-01
  6.2281400394E-01   4.9155583216E-01  -5.5154744271E-01
  5.1494336999E-02  -1.4106441433E-01  -6.7241131033E-02
 -1.7058169304E-01   9.4861710557E-02   1.6292634591E-01
  3.2898725664E-02   1.2294821853E-01  -1.2706135790E-01
  5.1534129164E-02  -1.0113668679E-03  -2.2910456477E-02
  1.0993084349E-01  -2.9560086235E-01  -2.0657110823E-01
 -2.1314482205E-01   2.0900285487E-01   1.4834089882E-01
  3.5204685037E-01  -3.2204756714E-01  -2.5308884958E-01
 -2.9444627937E-01   2.2301469656E-01   3.7239652761E-01
  1.8943228224E-01  -1.5605479345E-01  -2.5844634672E-01
  1.5119281587E-01  -1.3056779532E-01   2.1718924533E-01
 -1.3528413974E-01  -6.5271676278E-02   7.3280243740E-02
  6.9278527561E-02   1.5378196277E-01  -3.3733882866E-02
 -1.4163815788E-01  -8.3159159271E-02   1.2129490961E-01
 -5.9288593341E-02   1.5720368957E-02   6.7708827186E-02
 -1.8523999724E-01  -1.4618065108E-01   5.2148567905E-02
  6.1676752632E-02   1.2609734427E-01   9.4157910841E-02
  1.9710655986E-01  -8.2547882828E-03  -6.4094092313E-02
  1.9559778891E-01   3.3208695231E-01  -2.6306526044E-01
 -1.6102595157E-01   1.7859222982E-01  -1.1809126736E-01
 -9.2516180270E-02   1.2649909245E-01  -8.8266319739E-02
 -8.7271976743E-02  -4.8702103240E-02  -9.5418819038E-02
  1.5006667881E-01  -7.3759676692E-02  -3.6166513222E-03
  5.2963341283E-02  -5.9431706734E-02  -6.3791375423E-02
 -2.6059349011E-02  -1.0911115609E-02   1.9911162944E-01
 -9.4508611929E-02   3.8597943793E-02  -1.1144075453E-02
 -5.0630011213E-01  -5.1990165596E-01  -3.7159143081E-01
  3.4156782250E-01   3.5814025123E-01   3.7340205634E-01
 -3.5049103350E-01  -3.2291509324E-01  -1.9091681567E-01
  2.1234174071E-01   1.7185040644E-01   2.3049973218E-01
  3.3116655411E-02   6.3950958891E-02  -1.8897637461E-01
  4.6315821498E-02   8.3824481269E-02   1.0399672212E-01
  1.6739195574E-02   1.2312413708E-01  -6.3026294496E-04
 -6.8058334775E-02   1.0068249142E-01  -1.2100577923E-02
 -5.0035781797E-01   7.5807755790E-01   8.6624938535E-01
 -3.4471781333E-01   2.0405937905E-01  -2.1347705279E-01
  1.7446160824E-01   9.8199060018E-02  -1.2764575933E-01
 -1.3553372655E-01  -3.4245917243E-04   9.9710057317E-03
  2.1208744113E-01   1.3229864795E-01  -1.5921950907E-01
 -2.0031312690E-01  -1.9098814162E-01   2.5538294900E-01
  8.7336633899E-02   1.4025944229E-02   4.6838769271E-02
 -6.2563987545E-02  -2.8395189257E-02   8.1082978900E-02
RMS force                          :  3.6961256313E-01 (Ha/Bohr)
Maximum force                      :  2.8119885498E+00 (Ha/Bohr)
Time for force calculation         :  0.277 (sec)
***************************************************************************
                               Timing info                                 
***************************************************************************
Total walltime                     :  66.495 sec
___________________________________________________________________________

***************************************************************************
*             Material Physics & Mechanics Group, Georgia Tech            *
*                       PI: Phanish Suryanarayana                         *
*                Main Developers: Qimen Xu, Abhiraj Sharma                *
*     Collaborators: J.E. Pask (LLNL), A.J. Medford (GT), E. Chow (GT)    *
*  Acknowledgements: U.S. DOE (DE-SC0019410); U.S. NSF (1333500,1553212)  *
***************************************************************************
                                                                           
