***************************************************************************
*                           SPARC (Apr 02, 2020)                          *
*   Copyright (c) 2019 Material Physics & Mechanics Group, Georgia Tech   *
*           Distributed under GNU General Public License 3 (GPL)          *
*                   Start time: Fri Apr 24 17:34:42 2020                  *
***************************************************************************
                           Input parameters                                
***************************************************************************
CELL: 20.22 20.22 20.22 
LATVEC:
1 0 0 
0 1 0 
0 0 1 
FD_GRID: 61 61 61
FD_ORDER: 12
BC: P P P
KPOINT_GRID: 1 1 1
KPOINT_SHIFT: 0 0 0
SPIN_TYP: 1
ELEC_TEMP_TYPE: Fermi-Dirac
SMEARING: 0.001
CHEB_DEGREE: 23
NSTATES: 480
EXCHANGE_CORRELATION: LDA_PZ
CALC_STRESS: 0
CALC_PRES: 0
CHEFSI_BOUND_FLAG: 0
MAXIT_SCF: 100
MINIT_SCF: 3
MAXIT_POISSON: 3000
TOL_SCF: 5.27E-04
POISSON_SOLVER: AAR
TOL_POISSON: 5.27E-06
TOL_LANCZOS: 1.00E-02
TOL_PSEUDOCHARGE: 5.27E-06
MIXING_VARIABLE: density
MIXING_PRECOND: kerker
TOL_PRECOND: 1.10E-04
PRECOND_KERKER_KTF: 1
PRECOND_KERKER_THRESH: 0
MIXING_PARAMETER: 0.3
MIXING_HISTORY: 7
PULAY_FREQUENCY: 1
PULAY_RESTART: 0
REFERENCE_CUTOFF: 0.5
RHO_TRIGGER: 4
FIX_RAND: 0
VERBOSITY: 1
PRINT_FORCES: 1
PRINT_ATOMS: 0
PRINT_EIGEN: 0
PRINT_DENSITY: 0
OUTPUT_FILE: c216
***************************************************************************
                           Parallelization                                 
***************************************************************************
NP_SPIN_PARAL: 1
NP_KPOINT_PARAL: 1
NP_BAND_PARAL: 480
NP_DOMAIN_PARAL: 1 1 1
NP_DOMAIN_PHI_PARAL: 8 6 10
***************************************************************************
                             Initialization                                
***************************************************************************
Number of processors               :  480
Mesh spacing                       :  0.331475 (Bohr)
Number of symmetry adapted k-points:  1
Output printed to                  :  c216.out
Total number of atom types         :  1
Total number of atoms              :  216
Total number of electrons          :  864
Atom type 1  (valence electrons)   :  C 4
Pseudopotential                    :  c_rc1.5a.psp8
Pseudocharge radii of atom type 1  :  6.63 6.63 6.63 (x, y, z dir)
Number of atoms of type 1          :  216
Estimated total memory usage       :  4.92 GB
Estimated memory per processor     :  10.49 MB
===================================================================
                    Self Consistent Field (SCF#1)                     
===================================================================
Iteration     Free Energy (Ha/atom)   SCF Error        Timing (sec)
1            -5.6498892464E+00        2.239E-01        2.761
2            -5.6389776409E+00        1.466E-01        0.652
3            -5.6298303135E+00        4.406E-02        0.666
4            -5.6293000858E+00        1.540E-02        0.650
5            -5.6292915872E+00        7.636E-03        0.652
6            -5.6292990389E+00        2.868E-03        0.674
7            -5.6293033992E+00        1.207E-03        0.650
8            -5.6293046838E+00        4.463E-04        0.646
Total number of SCF: 8     

WARNING: lowest occupation not small enough, consider increasing number of states (to 492 or more)!
  k = [0.000, 0.000, 0.000]  occ(432) = 1.465304364922980
====================================================================
                    Energy and force calculation                    
====================================================================
Free energy per atom               : -5.6293044860E+00 (Ha/atom)
Total free energy                  : -1.2159297690E+03 (Ha)
Band structure energy              : -1.7487288133E+01 (Ha)
Exchange correlation energy        : -3.8515687062E+02 (Ha)
Self and correction energy         : -1.8865548942E+03 (Ha)
Entropy*kb*T                       : -3.1139249666E-03 (Ha)
Fermi level                        :  3.6400373368E-01 (Ha)
Atomic forces (Ha/Bohr):
  6.6307794019E-02   2.4204485428E-01   3.2566972131E-02
 -9.0918783467E-02  -4.6874234842E-02  -5.7696119075E-02
  3.0113713004E-03  -1.9959224050E-01  -1.3520751156E-01
  1.3748597211E-01   1.7950296085E-01  -4.0126183110E-03
  1.6307190890E+00   1.4370357138E+00  -1.7618085819E+00
  1.8011165995E-01   1.0399968054E-01   1.5041891433E-01
  3.1811053105E-01   2.8757753370E-01  -2.4981860171E-01
  1.9378102397E-02  -8.2380629221E-02   1.4308818370E-01
  2.0066363161E-01   2.9319851529E-01  -3.2409381109E-01
 -1.0697552616E+00  -8.1692456944E-01   5.9637694414E-01
 -7.2449263388E-03   1.5084441858E-02  -6.1671062388E-02
 -3.3019943005E-01  -5.6892813271E-01   3.1230501758E-01
  8.3507158376E-02  -7.0899491011E-02   2.7503660165E-02
 -1.6295690127E-01  -3.8845867968E-02  -1.4069578126E-01
  2.8626249612E-01   2.4450427837E-01  -1.9932584226E-01
 -1.2633378135E-01   3.1674014059E-02  -1.3894186215E-01
  1.2973709886E-02  -1.3526991977E-01   1.6393313219E-01
 -6.6166158999E-02   8.2287427242E-02   1.0473558217E-01
  8.9787089088E-02   2.4780720075E-02   3.8885143847E-02
  6.8249210535E-02  -1.7328243160E-02  -6.5457806929E-02
  6.5602973430E-01   4.7006737789E-01  -4.1251441657E-01
 -9.8081895846E-02   6.9057477658E-03  -2.5955289159E-02
  4.6807609134E-02  -2.1187522888E-02  -1.0240507783E-01
 -1.6187309548E-01  -1.2816036689E-01   8.8518345807E-02
 -1.0953316082E-01   9.7627177991E-02  -1.2600098196E-01
 -2.8189172721E-01  -4.5805843695E-01   3.5256136484E-01
  1.6922910146E-01  -8.8980669445E-02   7.5229012189E-02
  1.2650935986E-01   1.2066863639E-01   1.4597351944E-01
  2.7747701998E-01  -3.1759018102E-01   2.4705489869E-01
 -7.5362442450E-02  -2.6224194773E-03  -1.0937993992E-01
  1.2187254181E-01   7.2888738530E-02   1.2898003829E-01
  4.8253046763E-02   7.6481490826E-02   5.0528730542E-02
 -1.5241759734E-01  -1.0258246186E-01  -1.9094853872E-01
  4.7495969264E-02  -6.8788578201E-02   1.1689292346E-01
 -3.2315511287E-02   1.9353676452E-01  -1.3351181760E-01
  1.0381980918E-01  -1.4412893269E-01   4.3563837099E-02
 -1.8612396554E-02   1.0370499082E-01  -3.8399912620E-02
 -1.6696616482E+00  -1.4810079306E+00   1.7113936423E+00
  2.8212806047E-01   2.2235366634E-01  -3.6850370451E-01
 -3.3948148724E-01  -2.2820015580E-01   1.9997835797E-01
 -1.8792892671E-01   4.0861892625E-02   5.1273415272E-02
 -3.8251658053E-01  -4.5047748659E-01   3.1815502889E-01
  1.0883250612E+00   8.7600632971E-01  -6.3747141652E-01
 -1.6879183798E-01  -2.2118646914E-01   2.3443290325E-01
  3.6809293605E-01   4.6515680416E-01  -2.8868895290E-01
  2.8435876016E-01  -4.7101178777E-01  -3.3005742598E-01
 -3.3612647742E-01   3.9843680251E-01   3.3476161913E-01
  3.4000545786E-01  -1.9026857826E-01  -3.6366214168E-01
  9.3952177683E-02  -7.9816326379E-02   1.1983163982E-01
  5.6754549012E-02   1.1968265167E-01  -1.0844363696E-01
  2.0509229347E-01  -1.6170736794E-01   1.0739915149E-01
 -1.4610370518E-01   1.0650802431E-01  -8.2420021288E-02
  1.6615071150E-01   1.1986389192E-01  -5.1131834097E-02
  5.9727669612E-02  -7.1975656807E-02  -1.1462286365E-01
 -2.2203910221E-01  -3.1207892142E-02   1.7987945508E-02
  2.0237562227E-01   1.3956260016E-01   2.0515058443E-01
 -2.8733081455E-01  -8.7314438871E-02   9.3473104428E-04
  2.2098081554E-01   1.6582305978E-01   1.9292295744E-01
  8.9798270605E-02  -2.4890919020E-01   1.5070250020E-01
 -1.5316459582E-01   6.0633536107E-02  -2.0601894674E-01
  1.1083317882E-01   1.4967106067E-01  -3.2193714786E-02
 -3.0976444486E-01  -1.3000547902E-01   1.6274993126E-01
 -1.7708947063E-01   1.2717239258E-01   1.2639705296E-01
  3.2342861996E-02  -7.5767444884E-02  -1.0538260416E-01
  3.5447569190E-01   2.3348809930E-01  -2.3389060489E-01
 -1.7691524200E-01  -1.0854608851E-01   6.4039198107E-02
 -4.1086491955E-01  -2.1081223235E-01  -3.5125761177E-01
  2.3262265468E-01   3.2440154615E-01   1.9353746367E-01
 -1.1276793844E-01   1.2072949756E-01   1.4728449438E-01
  3.6962065018E-02  -1.8484823316E-01   4.8049111527E-02
 -1.8807007526E-02  -1.8088851828E-01   1.9169583036E-01
  1.2765500572E-01  -5.8364069629E-02   7.6776230629E-02
  1.6316499146E-01   9.7259832502E-03  -7.7294821712E-02
 -1.1024653143E-01  -8.4238078824E-02   1.4535747381E-01
  6.2277792144E-02  -8.4773622796E-02  -1.0965717877E-01
 -8.0729408892E-02  -2.3085383411E-01   1.8313135212E-01
 -2.6838841324E-01  -3.2506405053E-01  -2.7335176453E-01
  1.6879634698E-01   2.1287586675E-01   2.2345611755E-01
 -7.0873701994E-02  -8.4827403866E-03  -6.8560593660E-02
 -7.1911143303E-03   1.3289841616E-01   9.7915283646E-02
 -8.9848703287E-02  -3.0790576815E-02   8.5445292707E-02
  1.8886965870E-02   8.3490993620E-02   2.4769149749E-02
 -4.3514890646E-01  -2.8201333589E-01  -4.3073083593E-01
  2.1216590042E-01   3.9571386403E-01   2.1406844785E-01
  7.3485227467E-02   1.3551075268E-02  -4.4779032211E-02
 -8.0580029925E-01  -4.4644820041E-01   4.2305251628E-01
 -1.7313204721E-02  -8.5902862058E-02  -5.1648278718E-03
 -1.7543276190E-01  -5.9141736693E-02  -9.0570897042E-02
  3.3863008642E-01   3.0548940384E-01  -2.7898095185E-01
 -3.3108946188E-02  -2.5011982074E-02   7.3535193862E-02
  4.3704258243E-01   4.6415213407E-01  -4.2039068995E-01
 -1.3231738186E-01   1.2864360847E-02  -1.2853154181E-01
  4.3394433467E-02   1.5248300077E-02  -1.4662670099E-01
  3.8891643245E-02   1.6601881530E-01   1.6156229167E-01
  1.7738675245E-01  -1.3427404948E-01   1.8585189441E-01
  1.0972383776E-01  -1.8411399890E-01   3.4347762819E-02
 -1.4902393909E-01   6.7625284683E-02   9.9307779417E-02
  8.6137671114E-02   1.4537121609E-01   1.2089591411E-01
  1.3716543160E-01   1.2329320536E-01  -6.8157345524E-02
 -2.7893052617E-02  -1.2783604448E-01   1.9082612946E-01
 -4.3593620552E-02  -6.3706460090E-02  -1.1557589781E-01
 -7.0770331833E-03   1.0995671548E-01  -6.6258737391E-02
 -1.3620103939E-01   9.3592046212E-02  -6.6382685315E-03
  1.9969344653E-01  -2.4871690287E-01  -1.7297347233E-01
 -1.9726942872E-01   9.5674971551E-02   8.1314427331E-02
 -4.9847535914E-02  -8.2702890820E-02   6.3062796589E-04
  1.2592738477E-01   7.8678083089E-02   4.2853015151E-02
 -1.0337371885E-01   8.5392775551E-02   2.3724976438E-02
 -3.0693149614E-02  -3.2405332390E-02  -1.2422026449E-02
 -1.8509308566E-01  -5.2572840310E-02  -6.0020135921E-02
  1.8985415200E-01   3.8322124430E-02   5.5438277181E-02
  1.8991276108E-01  -2.9292967989E-01  -1.7261957107E-01
 -1.8024261315E-01   2.6869500456E-01   2.8973681713E-01
 -2.9134098228E-01  -2.8305099003E-01   2.2487187308E-01
  3.0374094762E-01   3.9145913772E-01  -3.2078010541E-01
 -7.5432415907E-02  -9.9529928727E-02   6.6779994351E-02
 -7.7294705033E-02   8.7259575051E-02  -1.7741533869E-01
 -2.7988179630E-01  -2.4409453012E-01   3.1743820240E-01
 -1.7271753153E-01  -1.5301940589E-01  -1.6864525813E-01
  1.4179018964E-01   2.5475614608E-01   1.8036775431E-01
  1.8569784272E-01   1.5444981960E-01  -1.9222254046E-01
  5.0982719270E-01  -8.4233846604E-01  -8.0034163717E-01
  3.1016731327E-01  -3.3389511267E-01   4.7378271819E-01
  8.4046203136E-02   1.9202267103E-02  -7.9362076949E-03
 -9.9804146462E-02  -1.1272958202E-01  -3.0559491744E-02
 -1.9886684529E-01  -3.3890121994E-01   2.5886447776E-01
  8.4182521305E-02  -2.8724557613E-02  -1.5912799173E-01
 -6.2249140633E-01  -5.2044901043E-01   6.0280672785E-01
  5.5280264617E-02   2.3472526321E-01   7.6821303466E-02
  3.0601587098E-02  -6.2239718102E-02  -5.9662856575E-02
  7.0787635063E-02   5.4605683245E-02  -1.7665803196E-01
 -8.8241669474E-02  -9.1864567553E-02   1.5190551156E-01
 -2.7252548834E-01  -2.4093145435E-01  -3.7835987806E-01
  2.5295994590E-01   3.8317363254E-01   2.6616193137E-01
 -1.0827975481E-01  -5.1357477486E-02   1.2627732488E-02
  3.7011705029E-01  -4.2879337296E-01  -5.6718104700E-01
 -5.4199124199E-01   1.9405249298E-01   2.4970771623E-01
  2.0288425498E-01   2.4714682661E-01   3.0947563364E-01
 -5.1807414862E-02  -6.9294455347E-03  -6.2418650165E-02
 -1.2628039933E-01   9.8665133746E-02  -2.1879703684E-01
 -1.4053137630E-01  -1.5038920791E-01  -1.4719843959E-01
  2.2701067445E-01   2.3132974029E-01   1.5427690316E-01
  1.1712438926E-01  -1.5937204577E-01   3.0283818397E-02
  1.2360229005E-01  -2.5423366361E-01  -1.1671693043E-01
 -1.1654985132E-02   1.1260849455E-01   2.4908566638E-01
  1.0642401023E-01   5.6676465331E-02  -4.5713432148E-02
  5.9295912923E-02  -1.3787072025E-01  -5.9983172402E-02
 -7.8462401884E-02  -1.0726166083E-01   4.0008029523E-02
 -4.5313413594E-01  -7.6794440710E-01  -4.6313444658E-01
  7.1687831421E-01   6.1117218581E-01   5.9579279478E-01
  1.7568656845E-01   2.9359475413E-02  -3.4337735364E-02
 -3.7218895391E-01  -1.9348483375E-01   2.2972337710E-01
 -2.9032438596E-01  -1.4041784354E-01  -3.4802886520E-01
  2.1346166878E-01   3.0737994033E-01   1.8086958012E-01
  4.7244561771E-02   6.4593590922E-03  -8.7029018356E-02
 -1.1301486438E+00   7.7326149265E-01  -1.4356854370E+00
 -4.7452813180E-02   9.8872605467E-02   3.8411734765E-02
  6.4767224383E-01  -4.5018020534E-01  -6.3450055094E-01
 -7.2741220163E-01   5.2129219002E-01   5.8537998605E-01
 -4.9928788987E-01   7.1633008754E-01  -5.4700596710E-01
  3.1929109354E-02  -9.7494487313E-02  -7.0806199627E-02
  3.5055840325E-03  -9.5424679495E-02   9.0344603104E-02
  3.0611104700E-02  -1.8657118952E-01   7.3968356062E-02
 -1.5018962380E-01   1.2696847477E-01  -1.4183847693E-03
  1.6008384885E-01  -7.3226410698E-02   2.1409295095E-01
  7.3797523117E-02  -6.6687631133E-02  -6.2717467958E-02
  1.1341264018E+00  -7.6849272032E-01   1.4717760923E+00
  2.4787936937E-02   1.3441770909E-01   1.0922654040E-01
  2.4414677995E-01   2.4057638295E-01  -1.8283376605E-01
 -9.7734551838E-03   6.5199282793E-02  -1.3682495170E-01
  5.3395907614E-01  -6.8145637763E-01   5.7151706959E-01
 -2.8180476974E-01   2.9078482472E-01  -3.0554240125E-01
 -2.8991678867E-01   2.7596005873E-01   3.7465985431E-01
  4.3151460369E-02   1.8307599169E-02  -1.1644987673E-01
  6.2395737840E-01   4.9160251515E-01  -5.5073721168E-01
  5.1734915864E-02  -1.4168047960E-01  -6.7267464563E-02
 -1.7005482280E-01   9.4696106424E-02   1.6307624796E-01
  3.3204624123E-02   1.2276543716E-01  -1.2675159175E-01
  5.1770407103E-02  -1.1413514902E-04  -2.2433194082E-02
  1.0945165559E-01  -2.9519568158E-01  -2.0703438236E-01
 -2.1330924001E-01   2.0900701598E-01   1.4747329545E-01
  3.5156732169E-01  -3.2168120351E-01  -2.5333061727E-01
 -2.9470912510E-01   2.2325642145E-01   3.7251153950E-01
  1.8918872239E-01  -1.5611305427E-01  -2.5845056038E-01
  1.5047595774E-01  -1.2974155931E-01   2.1769110604E-01
 -1.3637249911E-01  -6.4764709355E-02   7.3540405687E-02
  6.8624414308E-02   1.5416768640E-01  -3.3962925065E-02
 -1.4174949384E-01  -8.2804242024E-02   1.2075857730E-01
 -5.9123362087E-02   1.6661560972E-02   6.7330117964E-02
 -1.8522274347E-01  -1.4569723585E-01   5.2326237388E-02
  6.1614076162E-02   1.2665512315E-01   9.4339695246E-02
  1.9686484682E-01  -8.2691346207E-03  -6.4536289786E-02
  1.9562907191E-01   3.3144449444E-01  -2.6338484870E-01
 -1.6137345460E-01   1.7832294003E-01  -1.1793798023E-01
 -9.3661365297E-02   1.2683905572E-01  -8.7552540001E-02
 -8.8482563281E-02  -4.8448473456E-02  -9.5532069200E-02
  1.4988614611E-01  -7.3368954001E-02  -4.2151965126E-03
  5.2726888757E-02  -5.8365620762E-02  -6.3896620319E-02
 -2.5916352900E-02  -9.7216685936E-03   1.9906616016E-01
 -9.4801841140E-02   3.9518759759E-02  -1.1700889929E-02
 -5.0645288086E-01  -5.1995629175E-01  -3.7216239570E-01
  3.4189137804E-01   3.5800825408E-01   3.7327321107E-01
 -3.5068652429E-01  -3.2418649036E-01  -1.9078309236E-01
  2.1170749689E-01   1.7100393533E-01   2.3063464657E-01
  3.2163288162E-02   6.4279378292E-02  -1.8892995589E-01
  4.5830588667E-02   8.3900565288E-02   1.0382525456E-01
  1.6536664243E-02   1.2247055369E-01  -4.4685652241E-04
 -6.8118065435E-02   1.0036578105E-01  -1.1628049592E-02
 -5.0139278123E-01   7.5883250854E-01   8.6683420524E-01
 -3.4523329162E-01   2.0506847235E-01  -2.1306851363E-01
  1.7415430482E-01   9.8980974443E-02  -1.2780385247E-01
 -1.3568190732E-01   9.6301649375E-05   1.0187879830E-02
  2.1208164313E-01   1.3230776660E-01  -1.5891510826E-01
 -2.0033107976E-01  -1.9089501948E-01   2.5575213009E-01
  8.7264495467E-02   1.3670364613E-02   4.6920926956E-02
 -6.2505475677E-02  -2.9129538127E-02   8.1030343758E-02
RMS force                          :  3.6966422006E-01 (Ha/Bohr)
Maximum force                      :  2.8124762592E+00 (Ha/Bohr)
Time for force calculation         :  0.032 (sec)
***************************************************************************
                               Timing info                                 
***************************************************************************
Total walltime                     :  7.582 sec
___________________________________________________________________________

***************************************************************************
*             Material Physics & Mechanics Group, Georgia Tech            *
*                       PI: Phanish Suryanarayana                         *
*                Main Developers: Qimen Xu, Abhiraj Sharma                *
*     Collaborators: J.E. Pask (LLNL), A.J. Medford (GT), E. Chow (GT)    *
*  Acknowledgements: U.S. DOE (DE-SC0019410); U.S. NSF (1333500,1553212)  *
***************************************************************************
                                                                           
