***************************************************************************
*                           SPARC (Apr 02, 2020)                          *
*   Copyright (c) 2019 Material Physics & Mechanics Group, Georgia Tech   *
*           Distributed under GNU General Public License 3 (GPL)          *
*                   Start time: Fri Apr 24 17:33:40 2020                  *
***************************************************************************
                           Input parameters                                
***************************************************************************
CELL: 20.22 20.22 20.22 
LATVEC:
1 0 0 
0 1 0 
0 0 1 
FD_GRID: 61 61 61
FD_ORDER: 12
BC: P P P
KPOINT_GRID: 1 1 1
KPOINT_SHIFT: 0 0 0
SPIN_TYP: 1
ELEC_TEMP_TYPE: Fermi-Dirac
SMEARING: 0.001
CHEB_DEGREE: 23
NSTATES: 480
EXCHANGE_CORRELATION: LDA_PZ
CALC_STRESS: 0
CALC_PRES: 0
CHEFSI_BOUND_FLAG: 0
MAXIT_SCF: 100
MINIT_SCF: 3
MAXIT_POISSON: 3000
TOL_SCF: 5.27E-04
POISSON_SOLVER: AAR
TOL_POISSON: 5.27E-06
TOL_LANCZOS: 1.00E-02
TOL_PSEUDOCHARGE: 5.27E-06
MIXING_VARIABLE: density
MIXING_PRECOND: kerker
TOL_PRECOND: 1.10E-04
PRECOND_KERKER_KTF: 1
PRECOND_KERKER_THRESH: 0
MIXING_PARAMETER: 0.3
MIXING_HISTORY: 7
PULAY_FREQUENCY: 1
PULAY_RESTART: 0
REFERENCE_CUTOFF: 0.5
RHO_TRIGGER: 4
FIX_RAND: 0
VERBOSITY: 1
PRINT_FORCES: 1
PRINT_ATOMS: 0
PRINT_EIGEN: 0
PRINT_DENSITY: 0
OUTPUT_FILE: c216
***************************************************************************
                           Parallelization                                 
***************************************************************************
NP_SPIN_PARAL: 1
NP_KPOINT_PARAL: 1
NP_BAND_PARAL: 240
NP_DOMAIN_PARAL: 1 1 1
NP_DOMAIN_PHI_PARAL: 5 6 8
***************************************************************************
                             Initialization                                
***************************************************************************
Number of processors               :  240
Mesh spacing                       :  0.331475 (Bohr)
Number of symmetry adapted k-points:  1
Output printed to                  :  c216.out
Total number of atom types         :  1
Total number of atoms              :  216
Total number of electrons          :  864
Atom type 1  (valence electrons)   :  C 4
Pseudopotential                    :  c_rc1.5a.psp8
Pseudocharge radii of atom type 1  :  6.63 6.63 6.63 (x, y, z dir)
Number of atoms of type 1          :  216
Estimated total memory usage       :  4.92 GB
Estimated memory per processor     :  20.98 MB
===================================================================
                    Self Consistent Field (SCF#1)                     
===================================================================
Iteration     Free Energy (Ha/atom)   SCF Error        Timing (sec)
1            -5.6501704472E+00        2.236E-01        4.433
2            -5.6391480296E+00        1.465E-01        1.074
3            -5.6298523019E+00        4.361E-02        1.058
4            -5.6293090755E+00        1.497E-02        1.079
5            -5.6292957512E+00        7.513E-03        1.046
6            -5.6293005850E+00        2.838E-03        1.038
7            -5.6293039199E+00        1.126E-03        1.047
8            -5.6293048233E+00        4.392E-04        1.036
Total number of SCF: 8     

WARNING: lowest occupation not small enough, consider increasing number of states (to 492 or more)!
  k = [0.000, 0.000, 0.000]  occ(432) = 1.458745435994897
====================================================================
                    Energy and force calculation                    
====================================================================
Free energy per atom               : -5.6293046701E+00 (Ha/atom)
Total free energy                  : -1.2159298087E+03 (Ha)
Band structure energy              : -1.7488627927E+01 (Ha)
Exchange correlation energy        : -3.8515700699E+02 (Ha)
Self and correction energy         : -1.8865548942E+03 (Ha)
Entropy*kb*T                       : -3.1312802919E-03 (Ha)
Fermi level                        :  3.6398571842E-01 (Ha)
Atomic forces (Ha/Bohr):
  6.6382580615E-02   2.4240667106E-01   3.2383973191E-02
 -9.0844677080E-02  -4.6614913315E-02  -5.8538959616E-02
  3.2223838951E-03  -1.9938036231E-01  -1.3564017641E-01
  1.3743048854E-01   1.7994693730E-01  -3.9159874996E-03
  1.6305050339E+00   1.4373362939E+00  -1.7629538086E+00
  1.7980779750E-01   1.0423583455E-01   1.4990933714E-01
  3.1819505761E-01   2.8753532746E-01  -2.5031347251E-01
  1.9401845469E-02  -8.1965069065E-02   1.4260875776E-01
  2.0091588009E-01   2.9351965726E-01  -3.2413655216E-01
 -1.0696126979E+00  -8.1661990478E-01   5.9644711336E-01
 -6.3852741299E-03   1.5194114447E-02  -6.2363073996E-02
 -3.2949078791E-01  -5.6851613297E-01   3.1189879608E-01
  8.4226516158E-02  -7.0832037216E-02   2.7638034491E-02
 -1.6295385680E-01  -3.9776047984E-02  -1.4071462640E-01
  2.8650161120E-01   2.4467683478E-01  -1.9964732641E-01
 -1.2635496102E-01   3.1982074720E-02  -1.3902294548E-01
  1.2641764523E-02  -1.3515935381E-01   1.6378290223E-01
 -6.6436486267E-02   8.2738026177E-02   1.0411919733E-01
  8.9987910923E-02   2.5572377635E-02   3.8111065645E-02
  6.7492875160E-02  -1.6614442315E-02  -6.5826048990E-02
  6.5598387785E-01   4.7062323934E-01  -4.1331921418E-01
 -9.7907747382E-02   7.4955602896E-03  -2.6862735524E-02
  4.6587797536E-02  -2.0761228603E-02  -1.0331686198E-01
 -1.6173195162E-01  -1.2778460109E-01   8.7912752637E-02
 -1.0898107734E-01   9.7813615174E-02  -1.2616352848E-01
 -2.8189011237E-01  -4.5809472348E-01   3.5231714555E-01
  1.6886829417E-01  -8.8980976763E-02   7.5748680537E-02
  1.2639900478E-01   1.2090905135E-01   1.4682308313E-01
  2.7760307839E-01  -3.1731304156E-01   2.4785642674E-01
 -7.5696582550E-02  -2.6250850116E-03  -1.0923447748E-01
  1.2214103067E-01   7.3274059910E-02   1.2940052492E-01
  4.7972997365E-02   7.6545666802E-02   5.0865753152E-02
 -1.5219555331E-01  -1.0322530503E-01  -1.9142946628E-01
  4.7602532949E-02  -6.9342248728E-02   1.1665751690E-01
 -3.1964265978E-02   1.9294383178E-01  -1.3355899447E-01
  1.0412584321E-01  -1.4440026260E-01   4.3319674937E-02
 -1.8669529643E-02   1.0326611407E-01  -3.8722495398E-02
 -1.6699958306E+00  -1.4808450262E+00   1.7112944255E+00
  2.8203230238E-01   2.2252537347E-01  -3.6755366382E-01
 -3.4006864351E-01  -2.2856570692E-01   2.0062435321E-01
 -1.8833620573E-01   4.0822273995E-02   5.1264522763E-02
 -3.8288043614E-01  -4.5046732797E-01   3.1871044064E-01
  1.0882166194E+00   8.7662131356E-01  -6.3748055867E-01
 -1.6883049795E-01  -2.2098469887E-01   2.3475013699E-01
  3.6849587955E-01   4.6451948792E-01  -2.8870680848E-01
  2.8417143630E-01  -4.7174460769E-01  -3.3048907994E-01
 -3.3618687434E-01   3.9737565654E-01   3.3429167540E-01
  3.4006824150E-01  -1.9113592434E-01  -3.6401100408E-01
  9.3893160395E-02  -8.0143643726E-02   1.2001052061E-01
  5.6739675457E-02   1.1963665431E-01  -1.0863587730E-01
  2.0490656967E-01  -1.6141558873E-01   1.0738727596E-01
 -1.4603996992E-01   1.0693647726E-01  -8.2669162608E-02
  1.6600102938E-01   1.2060678368E-01  -5.1828400419E-02
  5.9448398507E-02  -7.1737918781E-02  -1.1536251907E-01
 -2.2254224553E-01  -3.1174968196E-02   1.7263595290E-02
  2.0200806864E-01   1.3918710072E-01   2.0421660980E-01
 -2.8712861989E-01  -8.7182512864E-02   3.9761445284E-04
  2.2094528202E-01   1.6638822708E-01   1.9238844515E-01
  8.9721131993E-02  -2.4858750599E-01   1.5012094639E-01
 -1.5330063880E-01   6.1013165663E-02  -2.0669207073E-01
  1.1069986391E-01   1.4992475245E-01  -3.3135680512E-02
 -3.0956888504E-01  -1.2986800118E-01   1.6195176314E-01
 -1.7722916854E-01   1.2736893167E-01   1.2574306555E-01
  3.2361974595E-02  -7.5631694736E-02  -1.0572004177E-01
  3.5446411571E-01   2.3385571338E-01  -2.3450195906E-01
 -1.7662242390E-01  -1.0838085781E-01   6.3665602678E-02
 -4.1081711680E-01  -2.1086173999E-01  -3.5143319411E-01
  2.3253437657E-01   3.2441302865E-01   1.9348845300E-01
 -1.1239241820E-01   1.2125359468E-01   1.4782183260E-01
  3.6655193554E-02  -1.8453892948E-01   4.8204513954E-02
 -1.8815509418E-02  -1.8084524751E-01   1.9193437335E-01
  1.2719603028E-01  -5.8558703980E-02   7.6919106413E-02
  1.6280156436E-01   9.2333675828E-03  -7.7556616832E-02
 -1.1017850995E-01  -8.4278423988E-02   1.4505276866E-01
  6.2239132185E-02  -8.4655790752E-02  -1.1028533945E-01
 -8.0879204229E-02  -2.3112105438E-01   1.8302764225E-01
 -2.6877174127E-01  -3.2466219640E-01  -2.7296241746E-01
  1.6800731258E-01   2.1313406360E-01   2.2387219824E-01
 -7.1809291355E-02  -8.3163074777E-03  -6.8256964014E-02
 -8.0076699527E-03   1.3253168637E-01   9.8251695758E-02
 -9.0791138621E-02  -3.0728010913E-02   8.5832513976E-02
  1.8705433517E-02   8.3367357871E-02   2.5313933287E-02
 -4.3504482271E-01  -2.8189090255E-01  -4.3085218462E-01
  2.1199119440E-01   3.9533746214E-01   2.1373930693E-01
  7.3348026574E-02   1.3374532616E-02  -4.5406597056E-02
 -8.0589979397E-01  -4.4604079024E-01   4.2238459245E-01
 -1.7445386732E-02  -8.5920993206E-02  -4.4929413410E-03
 -1.7545532446E-01  -5.9597790735E-02  -8.9674991635E-02
  3.3844041803E-01   3.0519937168E-01  -2.7819712436E-01
 -3.3109832762E-02  -2.5316744676E-02   7.4321138367E-02
  4.3691438743E-01   4.6402387858E-01  -4.1939616563E-01
 -1.3188836403E-01   1.2854634659E-02  -1.2775414106E-01
  4.3218281252E-02   1.4419172930E-02  -1.4581275613E-01
  3.8837734088E-02   1.6553344443E-01   1.6153703359E-01
  1.7732767133E-01  -1.3533222854E-01   1.8573153476E-01
  1.0954029556E-01  -1.8473837393E-01   3.3914276059E-02
 -1.4908808559E-01   6.7136885510E-02   9.8778961014E-02
  8.6582598297E-02   1.4523812384E-01   1.2109683802E-01
  1.3711193115E-01   1.2293941253E-01  -6.7467431879E-02
 -2.7757759639E-02  -1.2836716320E-01   1.9149827589E-01
 -4.3538347315E-02  -6.3678596784E-02  -1.1504538909E-01
 -6.7726469816E-03   1.1053762478E-01  -6.5825050947E-02
 -1.3591661597E-01   9.4268054585E-02  -6.7465896006E-03
  1.9993966473E-01  -2.4883706544E-01  -1.7382905136E-01
 -1.9717584191E-01   9.5332316057E-02   8.0459445189E-02
 -4.9773507866E-02  -8.3051771255E-02  -6.8847908000E-05
  1.2561134212E-01   7.7999417539E-02   4.2215922068E-02
 -1.0307407996E-01   8.5361029674E-02   2.4058857523E-02
 -3.0760221456E-02  -3.2884552914E-02  -1.2219459431E-02
 -1.8530736657E-01  -5.2367435585E-02  -6.0106817181E-02
  1.8987990897E-01   3.8746264568E-02   5.5152972985E-02
  1.8944252679E-01  -2.9200626271E-01  -1.7325551229E-01
 -1.8071543869E-01   2.6900602341E-01   2.8881513184E-01
 -2.9170513398E-01  -2.8312765197E-01   2.2433160928E-01
  3.0370432345E-01   3.9129229248E-01  -3.2148061365E-01
 -7.4944633750E-02  -9.9392941433E-02   6.6960703981E-02
 -7.7192489068E-02   8.7223351987E-02  -1.7794615841E-01
 -2.7976250505E-01  -2.4370317299E-01   3.1717063388E-01
 -1.7241722692E-01  -1.5272026700E-01  -1.6932196806E-01
  1.4207049529E-01   2.5499057789E-01   1.7992784649E-01
  1.8563212351E-01   1.5480266318E-01  -1.9253155224E-01
  5.1038565712E-01  -8.4181604060E-01  -8.0017504386E-01
  3.1028975746E-01  -3.3461520856E-01   4.7414977536E-01
  8.3699067570E-02   1.8641297756E-02  -7.0963648377E-03
 -9.9925728716E-02  -1.1302722610E-01  -2.9867325696E-02
 -1.9887837984E-01  -3.3879051495E-01   2.5905115513E-01
  8.3397837184E-02  -2.8798481951E-02  -1.5954180450E-01
 -6.2403714973E-01  -5.2081035454E-01   6.0310748790E-01
  5.4637970146E-02   2.3474341148E-01   7.7219919088E-02
  3.0351930669E-02  -6.2218729938E-02  -5.9462374500E-02
  7.0820078492E-02   5.4428300142E-02  -1.7689856123E-01
 -8.8224005624E-02  -9.1993427255E-02   1.5165238044E-01
 -2.7291632350E-01  -2.4030366778E-01  -3.7849119944E-01
  2.5247435695E-01   3.8303975090E-01   2.6581872443E-01
 -1.0874439977E-01  -5.1038668836E-02   1.2581127196E-02
  3.7038324715E-01  -4.2774434293E-01  -5.6628653211E-01
 -5.4189106055E-01   1.9462439257E-01   2.5006757644E-01
  2.0333674694E-01   2.4704264421E-01   3.0944317774E-01
 -5.1984413882E-02  -6.9919896961E-03  -6.2932826798E-02
 -1.2638223791E-01   9.8713378137E-02  -2.1934391069E-01
 -1.4048854885E-01  -1.5042579636E-01  -1.4719594940E-01
  2.2691287905E-01   2.3117031956E-01   1.5463537598E-01
  1.1725789544E-01  -1.5956777307E-01   3.0861067066E-02
  1.2457406671E-01  -2.5379941993E-01  -1.1543474877E-01
 -1.0958007146E-02   1.1282740730E-01   2.5036716906E-01
  1.0748999895E-01   5.6766137446E-02  -4.5531538109E-02
  5.9783483775E-02  -1.3825912024E-01  -6.0698576056E-02
 -7.8314142001E-02  -1.0771453974E-01   3.9126630925E-02
 -4.5308355990E-01  -7.6812354733E-01  -4.6374551373E-01
  7.1680387718E-01   6.1119313455E-01   5.9548343143E-01
  1.7581206400E-01   2.8646338955E-02  -3.4049963931E-02
 -3.7173530631E-01  -1.9368478314E-01   2.3033044215E-01
 -2.8997318271E-01  -1.4083902238E-01  -3.4723171245E-01
  2.1349843459E-01   3.0735772338E-01   1.8179900276E-01
  4.7649748126E-02   6.8982491627E-03  -8.6016862782E-02
 -1.1304672182E+00   7.7368809845E-01  -1.4351546246E+00
 -4.7176984319E-02   9.8772918648E-02   3.7991129949E-02
  6.4707885726E-01  -4.5017308786E-01  -6.3540645891E-01
 -7.2743167275E-01   5.2064607078E-01   5.8450829924E-01
 -4.9900035744E-01   7.1575989219E-01  -5.4687134306E-01
  3.2171270928E-02  -9.7519768284E-02  -7.0518878713E-02
  3.4313747690E-03  -9.5614857438E-02   9.0477561423E-02
  3.0818750978E-02  -1.8672619291E-01   7.4542400888E-02
 -1.5008024807E-01   1.2683700371E-01  -9.5661681411E-04
  1.6015976107E-01  -7.3270290690E-02   2.1452005733E-01
  7.3450457719E-02  -6.5796231448E-02  -6.2568297791E-02
  1.1337326230E+00  -7.6810488533E-01   1.4715791742E+00
  2.4758087954E-02   1.3428264038E-01   1.0832729008E-01
  2.4380403700E-01   2.4042806007E-01  -1.8333112789E-01
 -9.6598746027E-03   6.5107725372E-02  -1.3680582224E-01
  5.3398739607E-01  -6.8168221937E-01   5.7138551318E-01
 -2.8171375023E-01   2.9021883233E-01  -3.0548958937E-01
 -2.9031485301E-01   2.7531081282E-01   3.7525721585E-01
  4.3175326124E-02   1.8256625898E-02  -1.1508594513E-01
  6.2360480768E-01   4.9149762012E-01  -5.5067943628E-01
  5.2110848872E-02  -1.4135092110E-01  -6.6285417527E-02
 -1.6993357474E-01   9.4694526989E-02   1.6403519430E-01
  3.3259657774E-02   1.2266856433E-01  -1.2634982525E-01
  5.1707602842E-02  -1.0075135630E-04  -2.2747508009E-02
  1.1028947010E-01  -2.9457813059E-01  -2.0621162226E-01
 -2.1259714495E-01   2.0986886839E-01   1.4851411449E-01
  3.5214549478E-01  -3.2184326115E-01  -2.5257363288E-01
 -2.9428780166E-01   2.2300767777E-01   3.7257521960E-01
  1.8933006829E-01  -1.5626839693E-01  -2.5913458782E-01
  1.5063047460E-01  -1.2952447875E-01   2.1711894288E-01
 -1.3554684514E-01  -6.4189773329E-02   7.3975745396E-02
  6.9228243068E-02   1.5494226114E-01  -3.2793561678E-02
 -1.4197287164E-01  -8.2454719786E-02   1.2170817895E-01
 -5.9198762390E-02   1.6254204901E-02   6.7648541032E-02
 -1.8557504243E-01  -1.4618350596E-01   5.1843625642E-02
  6.1598718166E-02   1.2612642848E-01   9.3493559848E-02
  1.9681799512E-01  -8.6752284163E-03  -6.5378256057E-02
  1.9580371673E-01   3.3138943873E-01  -2.6277195487E-01
 -1.6098025785E-01   1.7843568838E-01  -1.1751373522E-01
 -9.2914262372E-02   1.2705576926E-01  -8.7166201114E-02
 -8.8176790972E-02  -4.7723244022E-02  -9.4914741830E-02
  1.4960123138E-01  -7.2997014164E-02  -3.8976938001E-03
  5.2238928029E-02  -5.8624680775E-02  -6.4623673965E-02
 -2.6449717385E-02  -1.0269778852E-02   1.9830438437E-01
 -9.4942431247E-02   3.9347505755E-02  -1.2192341379E-02
 -5.0621499187E-01  -5.2000597160E-01  -3.7244026079E-01
  3.4190589518E-01   3.5816942825E-01   3.7289561905E-01
 -3.5010330213E-01  -3.2426271876E-01  -1.9013041385E-01
  2.1218988519E-01   1.7022678652E-01   2.3122429729E-01
  3.2670105088E-02   6.4597181110E-02  -1.8845100479E-01
  4.5861882631E-02   8.3735129433E-02   1.0480476704E-01
  1.6423234824E-02   1.2230928857E-01   1.9261100400E-04
 -6.8354475841E-02   9.9916672547E-02  -1.1330625633E-02
 -5.0071408664E-01   7.5930417369E-01   8.6687520476E-01
 -3.4502807422E-01   2.0517676595E-01  -2.1259014607E-01
  1.7404951038E-01   9.8903667072E-02  -1.2697617313E-01
 -1.3585444877E-01  -2.1687615618E-04   1.0477771028E-02
  2.1175698636E-01   1.3186186920E-01  -1.5915300788E-01
 -2.0028966952E-01  -1.9133285909E-01   2.5574430948E-01
  8.7038992169E-02   1.3461496719E-02   4.7580452107E-02
 -6.2722724352E-02  -2.9233682895E-02   8.1897325020E-02
RMS force                          :  3.6966214014E-01 (Ha/Bohr)
Maximum force                      :  2.8125285202E+00 (Ha/Bohr)
Time for force calculation         :  0.063 (sec)
***************************************************************************
                               Timing info                                 
***************************************************************************
Total walltime                     :  13.027 sec
___________________________________________________________________________

***************************************************************************
*             Material Physics & Mechanics Group, Georgia Tech            *
*                       PI: Phanish Suryanarayana                         *
*                Main Developers: Qimen Xu, Abhiraj Sharma                *
*     Collaborators: J.E. Pask (LLNL), A.J. Medford (GT), E. Chow (GT)    *
*  Acknowledgements: U.S. DOE (DE-SC0019410); U.S. NSF (1333500,1553212)  *
***************************************************************************
                                                                           
