***************************************************************************
*                           SPARC (Apr 02, 2020)                          *
*   Copyright (c) 2019 Material Physics & Mechanics Group, Georgia Tech   *
*           Distributed under GNU General Public License 3 (GPL)          *
*                   Start time: Fri Apr 24 17:36:02 2020                  *
***************************************************************************
                           Input parameters                                
***************************************************************************
CELL: 20.22 20.22 20.22 
LATVEC:
1 0 0 
0 1 0 
0 0 1 
FD_GRID: 61 61 61
FD_ORDER: 12
BC: P P P
KPOINT_GRID: 1 1 1
KPOINT_SHIFT: 0 0 0
SPIN_TYP: 1
ELEC_TEMP_TYPE: Fermi-Dirac
SMEARING: 0.001
CHEB_DEGREE: 23
NSTATES: 480
EXCHANGE_CORRELATION: LDA_PZ
CALC_STRESS: 0
CALC_PRES: 0
CHEFSI_BOUND_FLAG: 0
MAXIT_SCF: 100
MINIT_SCF: 3
MAXIT_POISSON: 3000
TOL_SCF: 5.27E-04
POISSON_SOLVER: AAR
TOL_POISSON: 5.27E-06
TOL_LANCZOS: 1.00E-02
TOL_PSEUDOCHARGE: 5.27E-06
MIXING_VARIABLE: density
MIXING_PRECOND: kerker
TOL_PRECOND: 1.10E-04
PRECOND_KERKER_KTF: 1
PRECOND_KERKER_THRESH: 0
MIXING_PARAMETER: 0.3
MIXING_HISTORY: 7
PULAY_FREQUENCY: 1
PULAY_RESTART: 0
REFERENCE_CUTOFF: 0.5
RHO_TRIGGER: 4
FIX_RAND: 0
VERBOSITY: 1
PRINT_FORCES: 1
PRINT_ATOMS: 0
PRINT_EIGEN: 0
PRINT_DENSITY: 0
OUTPUT_FILE: c216
***************************************************************************
                           Parallelization                                 
***************************************************************************
NP_SPIN_PARAL: 1
NP_KPOINT_PARAL: 1
NP_BAND_PARAL: 480
NP_DOMAIN_PARAL: 1 2 2
NP_DOMAIN_PHI_PARAL: 10 10 10
***************************************************************************
                             Initialization                                
***************************************************************************
Number of processors               :  1920
Mesh spacing                       :  0.331475 (Bohr)
Number of symmetry adapted k-points:  1
Output printed to                  :  c216.out
Total number of atom types         :  1
Total number of atoms              :  216
Total number of electrons          :  864
Atom type 1  (valence electrons)   :  C 4
Pseudopotential                    :  c_rc1.5a.psp8
Pseudocharge radii of atom type 1  :  6.63 6.63 6.63 (x, y, z dir)
Number of atoms of type 1          :  216
Estimated total memory usage       :  4.92 GB
Estimated memory per processor     :  2.62 MB
===================================================================
                    Self Consistent Field (SCF#1)                     
===================================================================
Iteration     Free Energy (Ha/atom)   SCF Error        Timing (sec)
1            -5.6501111119E+00        2.240E-01        1.177
2            -5.6390496533E+00        1.464E-01        0.261
3            -5.6298554631E+00        4.399E-02        0.288
4            -5.6293045427E+00        1.506E-02        0.271
5            -5.6292928162E+00        7.285E-03        0.259
6            -5.6293001247E+00        2.499E-03        0.286
7            -5.6293035826E+00        1.093E-03        0.273
8            -5.6293053497E+00        4.184E-04        0.245
Total number of SCF: 8     

WARNING: lowest occupation not small enough, consider increasing number of states (to 492 or more)!
  k = [0.000, 0.000, 0.000]  occ(432) = 1.465992918368781
====================================================================
                    Energy and force calculation                    
====================================================================
Free energy per atom               : -5.6293041616E+00 (Ha/atom)
Total free energy                  : -1.2159296989E+03 (Ha)
Band structure energy              : -1.7483252499E+01 (Ha)
Exchange correlation energy        : -3.8515656498E+02 (Ha)
Self and correction energy         : -1.8865548942E+03 (Ha)
Entropy*kb*T                       : -3.1188337609E-03 (Ha)
Fermi level                        :  3.6400180865E-01 (Ha)
Atomic forces (Ha/Bohr):
  6.6230883415E-02   2.4099186186E-01   3.3289351497E-02
 -9.1116383120E-02  -4.7845518990E-02  -5.7697564854E-02
  2.6886476634E-03  -1.9990582207E-01  -1.3455984049E-01
  1.3686142228E-01   1.7948933656E-01  -3.4258162708E-03
  1.6305369919E+00   1.4357365120E+00  -1.7622955577E+00
  1.7980780748E-01   1.0281167435E-01   1.5000492559E-01
  3.1781073088E-01   2.8705336281E-01  -2.5053412284E-01
  1.9136647273E-02  -8.3147667219E-02   1.4229164997E-01
  2.0032523062E-01   2.9265384442E-01  -3.2432912145E-01
 -1.0699953895E+00  -8.1710875044E-01   5.9680532474E-01
 -7.1344085888E-03   1.5822532774E-02  -6.1453522343E-02
 -3.2972681249E-01  -5.6699543438E-01   3.1285385310E-01
  8.4022198775E-02  -6.9486112263E-02   2.8188473671E-02
 -1.6334318693E-01  -3.8335330363E-02  -1.4092576336E-01
  2.8681019145E-01   2.4359773476E-01  -1.9954191773E-01
 -1.2568897296E-01   3.0426770122E-02  -1.3864440538E-01
  1.3128912069E-02  -1.3586233794E-01   1.6412541782E-01
 -6.5808476659E-02   8.2287516846E-02   1.0473102647E-01
  8.9626095754E-02   2.6003000975E-02   3.8969479032E-02
  6.7138628653E-02  -1.5606488563E-02  -6.5848852093E-02
  6.5584011914E-01   4.6913199216E-01  -4.1290013080E-01
 -9.8047919500E-02   6.4057503044E-03  -2.6637357187E-02
  4.6987496236E-02  -2.1824200406E-02  -1.0336469316E-01
 -1.6143638164E-01  -1.2803711610E-01   8.7465488829E-02
 -1.0947625317E-01   9.7021903265E-02  -1.2657100444E-01
 -2.8142562979E-01  -4.5868772446E-01   3.5225897436E-01
  1.6856101257E-01  -9.0034909343E-02   7.5795162090E-02
  1.2535469959E-01   1.2000014962E-01   1.4637438941E-01
  2.7723055638E-01  -3.1745155522E-01   2.4709191274E-01
 -7.6752161748E-02  -3.0668416876E-03  -1.1036838205E-01
  1.2125736918E-01   7.3232146542E-02   1.2828713726E-01
  4.7206381826E-02   7.7396825145E-02   5.0126408576E-02
 -1.5259463825E-01  -1.0147070198E-01  -1.9074315148E-01
  4.7641948561E-02  -6.8152593681E-02   1.1766032244E-01
 -3.1767077811E-02   1.9394564733E-01  -1.3273950084E-01
  1.0424646100E-01  -1.4488227905E-01   4.4468696642E-02
 -1.8728809536E-02   1.0244662419E-01  -3.8056462268E-02
 -1.6699780130E+00  -1.4822188903E+00   1.7113975181E+00
  2.8136978291E-01   2.2179781259E-01  -3.6834802440E-01
 -3.4052924676E-01  -2.2950910595E-01   2.0047246944E-01
 -1.8866150514E-01   3.9717488415E-02   5.1040997580E-02
 -3.8288254769E-01  -4.5125829470E-01   3.1880117820E-01
  1.0886581431E+00   8.7639928614E-01  -6.3710792791E-01
 -1.6842837784E-01  -2.1980250862E-01   2.3556672028E-01
  3.6849617587E-01   4.6661285125E-01  -2.8770183852E-01
  2.8399568971E-01  -4.7017178465E-01  -3.3010645349E-01
 -3.3613883589E-01   3.9813021728E-01   3.3450576704E-01
  3.3924616181E-01  -1.9069535448E-01  -3.6446017019E-01
  9.3821953755E-02  -8.1023860579E-02   1.2059203766E-01
  5.7099052360E-02   1.1838710701E-01  -1.0791022979E-01
  2.0538476727E-01  -1.6282573894E-01   1.0790184276E-01
 -1.4582201692E-01   1.0588921967E-01  -8.1778105966E-02
  1.6639043808E-01   1.2063407193E-01  -5.0729928591E-02
  5.9534839305E-02  -7.0815978972E-02  -1.1494307113E-01
 -2.2271686355E-01  -2.9558663671E-02   1.7120700566E-02
  2.0144233683E-01   1.4071103449E-01   2.0339087868E-01
 -2.8730591534E-01  -8.8305075053E-02   1.0042243419E-03
  2.2067174247E-01   1.6507351847E-01   1.9285629613E-01
  8.9839683942E-02  -2.4956945965E-01   1.5076196347E-01
 -1.5325092381E-01   6.0703023981E-02  -2.0631845031E-01
  1.1086881845E-01   1.4999612037E-01  -3.2995067807E-02
 -3.0899960896E-01  -1.2950145144E-01   1.6162301110E-01
 -1.7728995035E-01   1.2649377263E-01   1.2596774915E-01
  3.2330261804E-02  -7.6537841304E-02  -1.0502844903E-01
  3.5487529874E-01   2.3330245194E-01  -2.3423889166E-01
 -1.7607569623E-01  -1.0855216979E-01   6.4271592237E-02
 -4.1071986914E-01  -2.1198472572E-01  -3.5080069415E-01
  2.3236877533E-01   3.2342971089E-01   1.9408214626E-01
 -1.1328453162E-01   1.2139487185E-01   1.4795217813E-01
  3.5849466050E-02  -1.8359293841E-01   4.7647804953E-02
 -1.9690191781E-02  -1.8004477841E-01   1.9082823350E-01
  1.2656208496E-01  -5.7679546013E-02   7.5583832517E-02
  1.6299155400E-01   9.7196141558E-03  -7.7990888248E-02
 -1.1016149737E-01  -8.4023700862E-02   1.4561080754E-01
  6.2605085527E-02  -8.5052382715E-02  -1.0970175197E-01
 -8.0668471761E-02  -2.3201034729E-01   1.8336165074E-01
 -2.6921187281E-01  -3.2545229828E-01  -2.7342110222E-01
  1.6743453138E-01   2.1291271307E-01   2.2326903755E-01
 -7.2755248290E-02  -8.1476134051E-03  -6.9067935668E-02
 -8.3232493903E-03   1.3317207095E-01   9.7459642115E-02
 -9.0993170476E-02  -2.9758749919E-02   8.5173194309E-02
  1.8396693783E-02   8.4933390469E-02   2.5745729516E-02
 -4.3481964439E-01  -2.8152770067E-01  -4.2998758686E-01
  2.1247492413E-01   3.9560608315E-01   2.1486015272E-01
  7.3873780479E-02   1.2701752482E-02  -4.4272880805E-02
 -8.0542913533E-01  -4.4725236356E-01   4.2296923991E-01
 -1.7782763411E-02  -8.6895692935E-02  -5.4652088613E-03
 -1.7493523729E-01  -6.0211855900E-02  -9.0375575442E-02
  3.3846967192E-01   3.0444334761E-01  -2.7863368200E-01
 -3.2832097946E-02  -2.6050378383E-02   7.4115801309E-02
  4.3678922408E-01   4.6376483094E-01  -4.1996280630E-01
 -1.3180643333E-01   1.3514409595E-02  -1.2722218806E-01
  4.3194099587E-02   1.6453009037E-02  -1.4491010377E-01
  3.8769708458E-02   1.6711319215E-01   1.6244576818E-01
  1.7717357833E-01  -1.3413570690E-01   1.8666922637E-01
  1.0913894674E-01  -1.8456970553E-01   3.4146333359E-02
 -1.4959825770E-01   6.7029056730E-02   9.8533650153E-02
  8.6061112454E-02   1.4449986074E-01   1.2027895960E-01
  1.3763100902E-01   1.2230748167E-01  -6.7682928504E-02
 -2.6943237549E-02  -1.2881231492E-01   1.9144569915E-01
 -4.3100381000E-02  -6.5014810641E-02  -1.1505752852E-01
 -6.4858542419E-03   1.0904541464E-01  -6.5925417038E-02
 -1.3573431807E-01   9.3519623238E-02  -5.7911365980E-03
  1.9970348981E-01  -2.4808696433E-01  -1.7244098940E-01
 -1.9755164307E-01   9.6602568876E-02   8.1607659512E-02
 -5.0054949917E-02  -8.1855016464E-02   5.7905497267E-04
  1.2530366576E-01   7.8981145635E-02   4.2024658960E-02
 -1.0259264444E-01   8.5487701244E-02   2.3371212468E-02
 -3.0498064335E-02  -3.3021463104E-02  -1.2206212544E-02
 -1.8548519550E-01  -5.3185269669E-02  -6.0461037761E-02
  1.9000092866E-01   3.7375416295E-02   5.5327224291E-02
  1.8961198445E-01  -2.9292540877E-01  -1.7279306828E-01
 -1.8062355107E-01   2.6910239273E-01   2.9001548963E-01
 -2.9144815265E-01  -2.8249135567E-01   2.2526727243E-01
  3.0411917171E-01   3.9208929251E-01  -3.2112395455E-01
 -7.4439445492E-02  -9.8428628910E-02   6.7061794129E-02
 -7.7677128466E-02   8.6534863874E-02  -1.7779346802E-01
 -2.8017204894E-01  -2.4481403401E-01   3.1734594325E-01
 -1.7280857509E-01  -1.5317043643E-01  -1.6873152733E-01
  1.4160817870E-01   2.5467838795E-01   1.8091451137E-01
  1.8592426461E-01   1.5487486519E-01  -1.9182860843E-01
  5.1006137513E-01  -8.4107589772E-01  -7.9960868335E-01
  3.0999721534E-01  -3.3384544148E-01   4.7393044722E-01
  8.3307415904E-02   1.8793927426E-02  -8.5260807475E-03
 -1.0053378031E-01  -1.1327921422E-01  -3.1236963114E-02
 -1.9930874762E-01  -3.3921802894E-01   2.5834988053E-01
  8.2639937368E-02  -2.7578847432E-02  -1.5998974556E-01
 -6.2419822120E-01  -5.1944027208E-01   6.0173402687E-01
  5.3905842950E-02   2.3520673090E-01   7.5740285004E-02
  3.0061041891E-02  -6.1919398590E-02  -5.9750606216E-02
  7.0748820517E-02   5.4590619242E-02  -1.7643657928E-01
 -8.8200896550E-02  -9.2500963017E-02   1.5231822967E-01
 -2.7330483221E-01  -2.4004650852E-01  -3.7926969422E-01
  2.5234648612E-01   3.8336395684E-01   2.6527236991E-01
 -1.0957024252E-01  -5.0140941505E-02   1.1757345816E-02
  3.6975929629E-01  -4.2694313779E-01  -5.6635488308E-01
 -5.4219956777E-01   1.9564073330E-01   2.5077578325E-01
  2.0283469961E-01   2.4765887802E-01   3.1056380720E-01
 -5.1890704543E-02  -7.1912910607E-03  -6.1878960937E-02
 -1.2652304102E-01   9.8244297710E-02  -2.1892580130E-01
 -1.3996930992E-01  -1.5103104082E-01  -1.4782882505E-01
  2.2790610301E-01   2.3091988883E-01   1.5405667832E-01
  1.1767257402E-01  -1.5973817325E-01   2.9942761062E-02
  1.2514822836E-01  -2.5358676198E-01  -1.1666885945E-01
 -1.1176190487E-02   1.1372761183E-01   2.5007016875E-01
  1.0694162424E-01   5.8099572269E-02  -4.4660864816E-02
  5.9187154284E-02  -1.3707698902E-01  -5.9465974201E-02
 -7.8959625801E-02  -1.0700022026E-01   3.9922173736E-02
 -4.5370974209E-01  -7.6856067826E-01  -4.6370447053E-01
  7.1656069803E-01   6.1059800716E-01   5.9552256288E-01
  1.7654989408E-01   2.8000460043E-02  -3.4377070316E-02
 -3.7123709226E-01  -1.9408057455E-01   2.3007671026E-01
 -2.8911079744E-01  -1.4141633109E-01  -3.4767989782E-01
  2.1429690347E-01   3.0660698801E-01   1.8108410577E-01
  4.8564559852E-02   6.0983484765E-03  -8.6691887172E-02
 -1.1298062232E+00   7.7370178550E-01  -1.4359036270E+00
 -4.6908400941E-02   9.9269145208E-02   3.8477976957E-02
  6.4780124364E-01  -4.4936000304E-01  -6.3422760720E-01
 -7.2753124340E-01   5.2176260794E-01   5.8571415232E-01
 -4.9883804479E-01   7.1621843722E-01  -5.4600581302E-01
  3.2523034153E-02  -9.8149191316E-02  -7.0512695103E-02
  4.2810769210E-03  -9.6447826870E-02   9.0775274714E-02
  3.1121405628E-02  -1.8698266859E-01   7.3802858691E-02
 -1.5063347665E-01   1.2660270903E-01  -1.8940313191E-03
  1.5998736226E-01  -7.3994376515E-02   2.1389220142E-01
  7.3296859409E-02  -6.6205720844E-02  -6.3232420464E-02
  1.1342687473E+00  -7.6831458450E-01   1.4715608563E+00
  2.4557971861E-02   1.3478734068E-01   1.0883573110E-01
  2.4400510425E-01   2.4139506235E-01  -1.8242160620E-01
 -9.4304928377E-03   6.6424913806E-02  -1.3596597594E-01
  5.3440363818E-01  -6.8088904866E-01   5.7243893343E-01
 -2.8190305206E-01   2.9050293365E-01  -3.0513497346E-01
 -2.9087774938E-01   2.7490883886E-01   3.7394551942E-01
  4.2653087924E-02   1.7702550611E-02  -1.1610682625E-01
  6.2268559556E-01   4.9242180744E-01  -5.5197739680E-01
  5.1667500863E-02  -1.4110997778E-01  -6.7342841938E-02
 -1.7023849055E-01   9.4543523017E-02   1.6302924914E-01
  3.3139024335E-02   1.2244803979E-01  -1.2612286020E-01
  5.1867460685E-02   7.5606126042E-04  -2.3599528458E-02
  1.1088668444E-01  -2.9393154769E-01  -2.0750740993E-01
 -2.1252459855E-01   2.1057628344E-01   1.4718616722E-01
  3.5232073167E-01  -3.2108829615E-01  -2.5318309986E-01
 -2.9439382191E-01   2.2346614666E-01   3.7305464829E-01
  1.8933380594E-01  -1.5627536366E-01  -2.5825864578E-01
  1.5162106120E-01  -1.2923689632E-01   2.1730580293E-01
 -1.3496149651E-01  -6.4150692170E-02   7.3389115077E-02
  7.0325529174E-02   1.5484269181E-01  -3.4280980834E-02
 -1.4065811265E-01  -8.2274516338E-02   1.2020775586E-01
 -5.8601511577E-02   1.6932442433E-02   6.7234815550E-02
 -1.8526018180E-01  -1.4533470578E-01   5.2393957525E-02
  6.1245721577E-02   1.2685186072E-01   9.4477261540E-02
  1.9674450902E-01  -8.8361873406E-03  -6.4865400384E-02
  1.9618556258E-01   3.3088060262E-01  -2.6259360816E-01
 -1.6123164178E-01   1.7817546420E-01  -1.1759034157E-01
 -9.2818987104E-02   1.2719817803E-01  -8.8108200894E-02
 -8.8600187292E-02  -4.7604379581E-02  -9.6447148798E-02
  1.5044743994E-01  -7.2715123744E-02  -4.7241455144E-03
  5.2795532831E-02  -5.8072293232E-02  -6.4467086609E-02
 -2.6108705537E-02  -9.6202894682E-03   1.9908375761E-01
 -9.4559389955E-02   3.9356920461E-02  -1.1131774148E-02
 -5.0634912400E-01  -5.2039714203E-01  -3.7144848864E-01
  3.4175837820E-01   3.5714738935E-01   3.7382776898E-01
 -3.4994096952E-01  -3.2425187791E-01  -1.9103570526E-01
  2.1287848829E-01   1.6976668444E-01   2.3069424667E-01
  3.3537949616E-02   6.5211583339E-02  -1.8939154541E-01
  4.7035118995E-02   8.4272741841E-02   1.0355334440E-01
  1.7405186336E-02   1.2292299141E-01  -1.1007538398E-03
 -6.7888153682E-02   1.0021431415E-01  -1.2108250769E-02
 -5.0073484277E-01   7.5990237108E-01   8.6712453380E-01
 -3.4501372945E-01   2.0571135365E-01  -2.1379740272E-01
  1.7478311830E-01   9.9258869417E-02  -1.2842070189E-01
 -1.3584089309E-01  -7.2301859027E-05   9.2591780112E-03
  2.1211048474E-01   1.3249693254E-01  -1.5944003069E-01
 -2.0063794015E-01  -1.9138325483E-01   2.5522455019E-01
  8.7942068247E-02   1.3073904995E-02   4.7079988881E-02
 -6.2704745685E-02  -3.0033004959E-02   8.0912997018E-02
RMS force                          :  3.6965872697E-01 (Ha/Bohr)
Maximum force                      :  2.8133042614E+00 (Ha/Bohr)
Time for force calculation         :  0.015 (sec)
***************************************************************************
                               Timing info                                 
***************************************************************************
Total walltime                     :  3.334 sec
___________________________________________________________________________

***************************************************************************
*             Material Physics & Mechanics Group, Georgia Tech            *
*                       PI: Phanish Suryanarayana                         *
*                Main Developers: Qimen Xu, Abhiraj Sharma                *
*     Collaborators: J.E. Pask (LLNL), A.J. Medford (GT), E. Chow (GT)    *
*  Acknowledgements: U.S. DOE (DE-SC0019410); U.S. NSF (1333500,1553212)  *
***************************************************************************
                                                                           
