***************************************************************************
*                           SPARC (Apr 02, 2020)                          *
*   Copyright (c) 2019 Material Physics & Mechanics Group, Georgia Tech   *
*           Distributed under GNU General Public License 3 (GPL)          *
*                   Start time: Fri Apr 24 17:19:46 2020                  *
***************************************************************************
                           Input parameters                                
***************************************************************************
CELL: 20.22 20.22 20.22 
LATVEC:
1 0 0 
0 1 0 
0 0 1 
FD_GRID: 61 61 61
FD_ORDER: 12
BC: P P P
KPOINT_GRID: 1 1 1
KPOINT_SHIFT: 0 0 0
SPIN_TYP: 1
ELEC_TEMP_TYPE: Fermi-Dirac
SMEARING: 0.001
CHEB_DEGREE: 23
NSTATES: 480
EXCHANGE_CORRELATION: LDA_PZ
CALC_STRESS: 0
CALC_PRES: 0
CHEFSI_BOUND_FLAG: 0
MAXIT_SCF: 100
MINIT_SCF: 3
MAXIT_POISSON: 3000
TOL_SCF: 5.27E-04
POISSON_SOLVER: AAR
TOL_POISSON: 5.27E-06
TOL_LANCZOS: 1.00E-02
TOL_PSEUDOCHARGE: 5.27E-06
MIXING_VARIABLE: density
MIXING_PRECOND: kerker
TOL_PRECOND: 1.10E-04
PRECOND_KERKER_KTF: 1
PRECOND_KERKER_THRESH: 0
MIXING_PARAMETER: 0.3
MIXING_HISTORY: 7
PULAY_FREQUENCY: 1
PULAY_RESTART: 0
REFERENCE_CUTOFF: 0.5
RHO_TRIGGER: 4
FIX_RAND: 0
VERBOSITY: 1
PRINT_FORCES: 1
PRINT_ATOMS: 0
PRINT_EIGEN: 0
PRINT_DENSITY: 0
OUTPUT_FILE: c216
***************************************************************************
                           Parallelization                                 
***************************************************************************
NP_SPIN_PARAL: 1
NP_KPOINT_PARAL: 1
NP_BAND_PARAL: 80
NP_DOMAIN_PARAL: 1 1 1
NP_DOMAIN_PHI_PARAL: 4 4 5
***************************************************************************
                             Initialization                                
***************************************************************************
Number of processors               :  80
Mesh spacing                       :  0.331475 (Bohr)
Number of symmetry adapted k-points:  1
Output printed to                  :  c216.out
Total number of atom types         :  1
Total number of atoms              :  216
Total number of electrons          :  864
Atom type 1  (valence electrons)   :  C 4
Pseudopotential                    :  c_rc1.5a.psp8
Pseudocharge radii of atom type 1  :  6.63 6.63 6.63 (x, y, z dir)
Number of atoms of type 1          :  216
Estimated total memory usage       :  4.92 GB
Estimated memory per processor     :  62.95 MB
===================================================================
                    Self Consistent Field (SCF#1)                     
===================================================================
Iteration     Free Energy (Ha/atom)   SCF Error        Timing (sec)
1            -5.6504639843E+00        2.238E-01        8.274
2            -5.6391957101E+00        1.465E-01        1.994
3            -5.6298791938E+00        4.392E-02        2.016
4            -5.6293108540E+00        1.481E-02        2.041
5            -5.6292968322E+00        7.494E-03        1.961
6            -5.6293012740E+00        2.677E-03        1.965
7            -5.6293037040E+00        1.117E-03        1.963
8            -5.6293049635E+00        4.146E-04        1.951
Total number of SCF: 8     

WARNING: lowest occupation not small enough, consider increasing number of states (to 492 or more)!
  k = [0.000, 0.000, 0.000]  occ(432) = 1.463101400482864
====================================================================
                    Energy and force calculation                    
====================================================================
Free energy per atom               : -5.6293048040E+00 (Ha/atom)
Total free energy                  : -1.2159298377E+03 (Ha)
Band structure energy              : -1.7491240186E+01 (Ha)
Exchange correlation energy        : -3.8515728036E+02 (Ha)
Self and correction energy         : -1.8865548942E+03 (Ha)
Entropy*kb*T                       : -3.1203835227E-03 (Ha)
Fermi level                        :  3.6398502370E-01 (Ha)
Atomic forces (Ha/Bohr):
  6.6857246192E-02   2.4252989805E-01   3.2841383338E-02
 -9.0353393675E-02  -4.6103848704E-02  -5.8115661291E-02
  3.4408150309E-03  -1.9914420903E-01  -1.3537402023E-01
  1.3741572205E-01   1.7974366523E-01  -4.0509138213E-03
  1.6307117417E+00   1.4374620256E+00  -1.7622890113E+00
  1.7994792141E-01   1.0420018313E-01   1.4970285153E-01
  3.1829166793E-01   2.8802375618E-01  -2.5055014874E-01
  1.9807153705E-02  -8.1133725347E-02   1.4234289095E-01
  2.0113977803E-01   2.9449041049E-01  -3.2424015566E-01
 -1.0687285480E+00  -8.1607926981E-01   5.9649637389E-01
 -6.4811026589E-03   1.5536662771E-02  -6.2408073547E-02
 -3.2933552160E-01  -5.6859678395E-01   3.1156980880E-01
  8.4151418571E-02  -7.1030159130E-02   2.7135847321E-02
 -1.6275541123E-01  -3.9648368006E-02  -1.4122234345E-01
  2.8727515393E-01   2.4526137858E-01  -1.9942602303E-01
 -1.2568576378E-01   3.2831673931E-02  -1.3906773479E-01
  1.3434995155E-02  -1.3452595615E-01   1.6364676442E-01
 -6.5952003275E-02   8.2942364060E-02   1.0366208653E-01
  9.0173662787E-02   2.5475310121E-02   3.7650905813E-02
  6.7762029144E-02  -1.6930116199E-02  -6.6470498693E-02
  6.5598112942E-01   4.7078341247E-01  -4.1301464950E-01
 -9.8174886149E-02   7.8144561071E-03  -2.7238382995E-02
  4.6622648959E-02  -2.0777342612E-02  -1.0371286453E-01
 -1.6190374189E-01  -1.2779041783E-01   8.7287725840E-02
 -1.0963629634E-01   9.8154014965E-02  -1.2685557189E-01
 -2.8196390999E-01  -4.5746052594E-01   3.5201621975E-01
  1.6953996404E-01  -8.8679880235E-02   7.5534853565E-02
  1.2633200100E-01   1.2099167616E-01   1.4640451019E-01
  2.7784780020E-01  -3.1680307743E-01   2.4761152795E-01
 -7.5319345080E-02  -2.0871438968E-03  -1.0893626071E-01
  1.2211985575E-01   7.3406620028E-02   1.2926556801E-01
  4.8499466073E-02   7.6716218379E-02   5.0793181908E-02
 -1.5187076721E-01  -1.0325133632E-01  -1.9120953762E-01
  4.8012298590E-02  -7.0086204144E-02   1.1670319226E-01
 -3.1760187100E-02   1.9219775842E-01  -1.3375184672E-01
  1.0444710672E-01  -1.4499643296E-01   4.3727948378E-02
 -1.8420753742E-02   1.0316175404E-01  -3.8444481076E-02
 -1.6694434217E+00  -1.4806159007E+00   1.7114461907E+00
  2.8214119184E-01   2.2303008661E-01  -3.6813037900E-01
 -3.4015163507E-01  -2.2801269558E-01   2.0107057104E-01
 -1.8793748450E-01   4.1720051084E-02   5.1625178010E-02
 -3.8248980841E-01  -4.4992955687E-01   3.1890092080E-01
  1.0889637251E+00   8.7670921043E-01  -6.3746199778E-01
 -1.6852728307E-01  -2.2109462793E-01   2.3453523176E-01
  3.6874970238E-01   4.6438207118E-01  -2.8903040474E-01
  2.8438283896E-01  -4.7188005066E-01  -3.3078660371E-01
 -3.3584398961E-01   3.9707273367E-01   3.3418904973E-01
  3.3973600607E-01  -1.9076167119E-01  -3.6409864702E-01
  9.4009624314E-02  -7.9640383456E-02   1.2062800739E-01
  5.6830817801E-02   1.2053859853E-01  -1.0793675557E-01
  2.0538044015E-01  -1.6084456680E-01   1.0749305175E-01
 -1.4602772316E-01   1.0699803930E-01  -8.2875297371E-02
  1.6616930444E-01   1.2059336659E-01  -5.2178010716E-02
  5.9260204584E-02  -7.1897772703E-02  -1.1585350325E-01
 -2.2255581356E-01  -3.1063417520E-02   1.6544902972E-02
  2.0178732517E-01   1.3914616928E-01   2.0345823869E-01
 -2.8771180147E-01  -8.6385637282E-02   6.9310792284E-04
  2.2025045636E-01   1.6708015650E-01   1.9245765362E-01
  8.9312152269E-02  -2.4827890219E-01   1.4960635108E-01
 -1.5378370491E-01   6.0972526352E-02  -2.0718742849E-01
  1.1037738674E-01   1.4988307227E-01  -3.3814070702E-02
 -3.0950921974E-01  -1.2990930999E-01   1.6147348626E-01
 -1.7794212528E-01   1.2773587413E-01   1.2593226541E-01
  3.2094247332E-02  -7.5036666385E-02  -1.0576520794E-01
  3.5428585479E-01   2.3409493706E-01  -2.3483460966E-01
 -1.7654400896E-01  -1.0832525751E-01   6.4233288021E-02
 -4.1057364877E-01  -2.1049070186E-01  -3.5123111724E-01
  2.3309326843E-01   3.2462585999E-01   1.9372888137E-01
 -1.1270147565E-01   1.2085533993E-01   1.4777133014E-01
  3.6725894087E-02  -1.8497056662E-01   4.8613201041E-02
 -1.8838979629E-02  -1.8123974382E-01   1.9224430565E-01
  1.2734343713E-01  -5.9015090656E-02   7.7331004969E-02
  1.6304526774E-01   8.4964707154E-03  -7.7506659175E-02
 -1.0984695901E-01  -8.5106648905E-02   1.4536773261E-01
  6.2770908458E-02  -8.5323100455E-02  -1.0994165465E-01
 -8.0318370192E-02  -2.3097732009E-01   1.8311483054E-01
 -2.6889825213E-01  -3.2475897391E-01  -2.7322685576E-01
  1.6774674901E-01   2.1327514480E-01   2.2400013160E-01
 -7.1715614165E-02  -8.1021004133E-03  -6.7687511700E-02
 -7.9267780746E-03   1.3260608933E-01   9.9096605816E-02
 -9.0233306426E-02  -3.1285981287E-02   8.6423518292E-02
  1.8723748038E-02   8.2668665195E-02   2.5749710140E-02
 -4.3453071767E-01  -2.8316990096E-01  -4.3066555778E-01
  2.1242535288E-01   3.9444398149E-01   2.1383626869E-01
  7.4097756084E-02   1.3066762040E-02  -4.4956941392E-02
 -8.0532353216E-01  -4.4582345226E-01   4.2275840962E-01
 -1.7912337311E-02  -8.5983199668E-02  -5.1601994046E-03
 -1.7562275146E-01  -5.9124738208E-02  -8.9875758796E-02
  3.3810398418E-01   3.0566367594E-01  -2.7782119027E-01
 -3.3034847093E-02  -2.4802682069E-02   7.5242039842E-02
  4.3678030838E-01   4.6424599225E-01  -4.1898497362E-01
 -1.3209841599E-01   1.2492304186E-02  -1.2768783385E-01
  4.2734047822E-02   1.4080790168E-02  -1.4583921916E-01
  3.8373667213E-02   1.6504765258E-01   1.6145336317E-01
  1.7722475050E-01  -1.3570444710E-01   1.8562214518E-01
  1.0920908422E-01  -1.8488841779E-01   3.3842770063E-02
 -1.4955405495E-01   6.7197477661E-02   9.8635774812E-02
  8.5700241325E-02   1.4538421769E-01   1.2057722935E-01
  1.3684211925E-01   1.2306591096E-01  -6.7244845620E-02
 -2.7749801953E-02  -1.2734591378E-01   1.9200204937E-01
 -4.3562228287E-02  -6.2952174112E-02  -1.1431528355E-01
 -7.2649830532E-03   1.1083712976E-01  -6.5633915314E-02
 -1.3635426278E-01   9.3888057941E-02  -6.7268629344E-03
  1.9964394496E-01  -2.4934557281E-01  -1.7399229547E-01
 -1.9765028292E-01   9.4903435761E-02   8.0481040319E-02
 -5.0072597471E-02  -8.3473171914E-02  -1.9819140264E-04
  1.2529118004E-01   7.7627401394E-02   4.1971261464E-02
 -1.0318530530E-01   8.4873825299E-02   2.3266340684E-02
 -3.1142305898E-02  -3.1962426913E-02  -1.1959955712E-02
 -1.8580062502E-01  -5.1316885213E-02  -6.0330600852E-02
  1.8902138304E-01   3.9467520757E-02   5.5197243051E-02
  1.8888431837E-01  -2.9158593219E-01  -1.7331943938E-01
 -1.8090419953E-01   2.6921377403E-01   2.8852935471E-01
 -2.9167712119E-01  -2.8307595166E-01   2.2382987210E-01
  3.0359111020E-01   3.9108533656E-01  -3.2187661970E-01
 -7.4912969599E-02  -9.9932509338E-02   6.6463495939E-02
 -7.7692282269E-02   8.7800549208E-02  -1.7775946416E-01
 -2.7959299081E-01  -2.4277333696E-01   3.1728431861E-01
 -1.7269458275E-01  -1.5174908830E-01  -1.6910107012E-01
  1.4208428005E-01   2.5546690235E-01   1.7989890405E-01
  1.8575445389E-01   1.5479823693E-01  -1.9260712246E-01
  5.1022270557E-01  -8.4203513432E-01  -8.0017673525E-01
  3.1046296705E-01  -3.3466710676E-01   4.7374153723E-01
  8.3981779635E-02   1.8813304583E-02  -7.8198848737E-03
 -9.9847418122E-02  -1.1287459554E-01  -3.0338894265E-02
 -1.9861822062E-01  -3.3841003941E-01   2.5871045335E-01
  8.3610307469E-02  -2.8892235301E-02  -1.5958117842E-01
 -6.2368089635E-01  -5.2078635838E-01   6.0266408765E-01
  5.4642612538E-02   2.3412185165E-01   7.7092430903E-02
  3.0752698020E-02  -6.2757362453E-02  -5.9075493848E-02
  7.1209615297E-02   5.4417425111E-02  -1.7663774215E-01
 -8.7743518885E-02  -9.1629219041E-02   1.5204139915E-01
 -2.7313214730E-01  -2.4044917577E-01  -3.7887498910E-01
  2.5241454283E-01   3.8290969955E-01   2.6647873730E-01
 -1.0920092975E-01  -5.1505572871E-02   1.3385067469E-02
  3.6980201476E-01  -4.2867307675E-01  -5.6556705044E-01
 -5.4214894307E-01   1.9379240781E-01   2.5078800081E-01
  2.0284570104E-01   2.4669670436E-01   3.0991221572E-01
 -5.1806271508E-02  -7.1336209642E-03  -6.2811720335E-02
 -1.2656047233E-01   9.9161708750E-02  -2.1909780154E-01
 -1.4047046349E-01  -1.5005020522E-01  -1.4758466923E-01
  2.2735973554E-01   2.3169896959E-01   1.5498042423E-01
  1.1727682656E-01  -1.5964520812E-01   3.1464594112E-02
  1.2451497107E-01  -2.5472463598E-01  -1.1492523308E-01
 -1.1534405140E-02   1.1197807916E-01   2.5090205813E-01
  1.0669173482E-01   5.5482566731E-02  -4.5119016949E-02
  5.8707756727E-02  -1.3864670872E-01  -6.0189683518E-02
 -7.8849613608E-02  -1.0808711551E-01   3.9717677787E-02
 -4.5368965377E-01  -7.6785623961E-01  -4.6389185509E-01
  7.1636792301E-01   6.1162510998E-01   5.9520728561E-01
  1.7586958106E-01   2.9225085709E-02  -3.4351140372E-02
 -3.7162529962E-01  -1.9298741404E-01   2.3038775589E-01
 -2.8984022146E-01  -1.3981312728E-01  -3.4700508902E-01
  2.1348095646E-01   3.0803140775E-01   1.8198821954E-01
  4.7293097131E-02   6.8641448195E-03  -8.5938283614E-02
 -1.1305101164E+00   7.7336702654E-01  -1.4350819531E+00
 -4.7466361237E-02   9.8010717269E-02   3.8340357765E-02
  6.4741445337E-01  -4.5112777168E-01  -6.3500129221E-01
 -7.2740648462E-01   5.2028102863E-01   5.8496465217E-01
 -4.9927056715E-01   7.1535414567E-01  -5.4728941607E-01
  3.2127408791E-02  -9.7706066559E-02  -7.0950756199E-02
  3.5438653866E-03  -9.5415270866E-02   9.0258836732E-02
  3.1074805229E-02  -1.8623526656E-01   7.4336036899E-02
 -1.4985774088E-01   1.2751283411E-01  -1.4244094869E-03
  1.5973788932E-01  -7.2332462991E-02   2.1448445603E-01
  7.3519210089E-02  -6.5394049531E-02  -6.2787857424E-02
  1.1336154116E+00  -7.6800212367E-01   1.4715820252E+00
  2.4666405336E-02   1.3443983491E-01   1.0855565803E-01
  2.4393382725E-01   2.4021769352E-01  -1.8363447884E-01
 -9.5127514298E-03   6.4817486796E-02  -1.3710281799E-01
  5.3432354934E-01  -6.8218862349E-01   5.7104682301E-01
 -2.8132892674E-01   2.8997664207E-01  -3.0561875879E-01
 -2.9006171305E-01   2.7551324941E-01   3.7437720736E-01
  4.3090873838E-02   1.8615223622E-02  -1.1580851658E-01
  6.2310319079E-01   4.9143263426E-01  -5.5128882932E-01
  5.1336283592E-02  -1.4144276276E-01  -6.6589261604E-02
 -1.7010907621E-01   9.4684532329E-02   1.6374553228E-01
  3.3126226751E-02   1.2287555655E-01  -1.2596688187E-01
  5.1774075618E-02  -2.0122093414E-04  -2.3224709804E-02
  1.0996507858E-01  -2.9534252697E-01  -2.0640219560E-01
 -2.1321401536E-01   2.0926738440E-01   1.4842153081E-01
  3.5150157417E-01  -3.2170362924E-01  -2.5244363057E-01
 -2.9511859304E-01   2.2312940511E-01   3.7312849214E-01
  1.8869993519E-01  -1.5556543140E-01  -2.5867406255E-01
  1.5102873989E-01  -1.2960279628E-01   2.1739723977E-01
 -1.3559408540E-01  -6.4859116789E-02   7.4229603199E-02
  6.9483582351E-02   1.5366333510E-01  -3.2833151322E-02
 -1.4120597506E-01  -8.3501489599E-02   1.2154585326E-01
 -5.9097388987E-02   1.5677345157E-02   6.7930252687E-02
 -1.8548350745E-01  -1.4659116982E-01   5.2122934259E-02
  6.1108589049E-02   1.2625688753E-01   9.3992612883E-02
  1.9628830130E-01  -8.3913762545E-03  -6.4504086557E-02
  1.9604574832E-01   3.3218764081E-01  -2.6292525230E-01
 -1.6091123283E-01   1.7867987210E-01  -1.1752540268E-01
 -9.3196077417E-02   1.2749545387E-01  -8.7035762384E-02
 -8.8327047883E-02  -4.8309254796E-02  -9.4818866859E-02
  1.4988221888E-01  -7.3982241282E-02  -3.7149264299E-03
  5.2576752783E-02  -5.9439604285E-02  -6.4348708915E-02
 -2.6167256491E-02  -1.1305640921E-02   1.9877458536E-01
 -9.4653150849E-02   3.8190103482E-02  -1.1853610873E-02
 -5.0659528292E-01  -5.2059781635E-01  -3.7189784605E-01
  3.4204119344E-01   3.5790148511E-01   3.7367963173E-01
 -3.5062469826E-01  -3.2405600128E-01  -1.9069062755E-01
  2.1190700778E-01   1.7068049326E-01   2.3086109956E-01
  3.2744860462E-02   6.3888375926E-02  -1.8881769892E-01
  4.6379949270E-02   8.3325017596E-02   1.0436946437E-01
  1.6582378821E-02   1.2227570863E-01   8.7041845581E-05
 -6.8063101130E-02   1.0041174554E-01  -1.1396719977E-02
 -5.0097480851E-01   7.5869401478E-01   8.6697319816E-01
 -3.4512526775E-01   2.0463856557E-01  -2.1266465316E-01
  1.7450728974E-01   9.8167013080E-02  -1.2712564324E-01
 -1.3557303319E-01  -7.7135120489E-04   1.0359919012E-02
  2.1212509370E-01   1.3189823770E-01  -1.5935373298E-01
 -2.0033416937E-01  -1.9106229291E-01   2.5517520325E-01
  8.7422461785E-02   1.3482966159E-02   4.7225037639E-02
 -6.2212733035E-02  -2.8854004568E-02   8.1323715224E-02
RMS force                          :  3.6966595124E-01 (Ha/Bohr)
Maximum force                      :  2.8121722649E+00 (Ha/Bohr)
Time for force calculation         :  0.104 (sec)
***************************************************************************
                               Timing info                                 
***************************************************************************
Total walltime                     :  22.553 sec
___________________________________________________________________________

***************************************************************************
*             Material Physics & Mechanics Group, Georgia Tech            *
*                       PI: Phanish Suryanarayana                         *
*                Main Developers: Qimen Xu, Abhiraj Sharma                *
*     Collaborators: J.E. Pask (LLNL), A.J. Medford (GT), E. Chow (GT)    *
*  Acknowledgements: U.S. DOE (DE-SC0019410); U.S. NSF (1333500,1553212)  *
***************************************************************************
                                                                           
