***************************************************************************
*                           SPARC (Apr 02, 2020)                          *
*   Copyright (c) 2019 Material Physics & Mechanics Group, Georgia Tech   *
*           Distributed under GNU General Public License 3 (GPL)          *
*                   Start time: Fri Apr 24 17:09:31 2020                  *
***************************************************************************
                           Input parameters                                
***************************************************************************
CELL: 20.22 20.22 20.22 
LATVEC:
1 0 0 
0 1 0 
0 0 1 
FD_GRID: 61 61 61
FD_ORDER: 12
BC: P P P
KPOINT_GRID: 1 1 1
KPOINT_SHIFT: 0 0 0
SPIN_TYP: 1
ELEC_TEMP_TYPE: Fermi-Dirac
SMEARING: 0.001
CHEB_DEGREE: 23
NSTATES: 480
EXCHANGE_CORRELATION: LDA_PZ
CALC_STRESS: 0
CALC_PRES: 0
CHEFSI_BOUND_FLAG: 0
MAXIT_SCF: 100
MINIT_SCF: 3
MAXIT_POISSON: 3000
TOL_SCF: 5.27E-04
POISSON_SOLVER: AAR
TOL_POISSON: 5.27E-06
TOL_LANCZOS: 1.00E-02
TOL_PSEUDOCHARGE: 5.27E-06
MIXING_VARIABLE: density
MIXING_PRECOND: kerker
TOL_PRECOND: 1.10E-04
PRECOND_KERKER_KTF: 1
PRECOND_KERKER_THRESH: 0
MIXING_PARAMETER: 0.3
MIXING_HISTORY: 7
PULAY_FREQUENCY: 1
PULAY_RESTART: 0
REFERENCE_CUTOFF: 0.5
RHO_TRIGGER: 4
FIX_RAND: 0
VERBOSITY: 1
PRINT_FORCES: 1
PRINT_ATOMS: 0
PRINT_EIGEN: 0
PRINT_DENSITY: 0
OUTPUT_FILE: c216
***************************************************************************
                           Parallelization                                 
***************************************************************************
NP_SPIN_PARAL: 1
NP_KPOINT_PARAL: 1
NP_BAND_PARAL: 5
NP_DOMAIN_PARAL: 1 1 1
NP_DOMAIN_PHI_PARAL: 5 1 1
***************************************************************************
                             Initialization                                
***************************************************************************
Number of processors               :  5
Mesh spacing                       :  0.331475 (Bohr)
Number of symmetry adapted k-points:  1
Output printed to                  :  c216.out
Total number of atom types         :  1
Total number of atoms              :  216
Total number of electrons          :  864
Atom type 1  (valence electrons)   :  C 4
Pseudopotential                    :  c_rc1.5a.psp8
Pseudocharge radii of atom type 1  :  6.63 6.63 6.63 (x, y, z dir)
Number of atoms of type 1          :  216
Estimated total memory usage       :  4.92 GB
Estimated memory per processor     :  1007.17 MB
===================================================================
                    Self Consistent Field (SCF#1)                     
===================================================================
Iteration     Free Energy (Ha/atom)   SCF Error        Timing (sec)
1            -5.6501903635E+00        2.236E-01        72.209
2            -5.6390468260E+00        1.465E-01        17.066
3            -5.6298129117E+00        4.340E-02        17.590
4            -5.6293071392E+00        1.585E-02        17.162
5            -5.6292912409E+00        7.454E-03        17.079
6            -5.6292989353E+00        2.726E-03        17.018
7            -5.6293033998E+00        1.241E-03        17.151
8            -5.6293052422E+00        4.322E-04        16.887
Total number of SCF: 8     

WARNING: lowest occupation not small enough, consider increasing number of states (to 492 or more)!
  k = [0.000, 0.000, 0.000]  occ(432) = 1.464495380573853
====================================================================
                    Energy and force calculation                    
====================================================================
Free energy per atom               : -5.6293040781E+00 (Ha/atom)
Total free energy                  : -1.2159296809E+03 (Ha)
Band structure energy              : -1.7487541942E+01 (Ha)
Exchange correlation energy        : -3.8515702367E+02 (Ha)
Self and correction energy         : -1.8865548942E+03 (Ha)
Entropy*kb*T                       : -3.1220232236E-03 (Ha)
Fermi level                        :  3.6399634504E-01 (Ha)
Atomic forces (Ha/Bohr):
  6.6482694244E-02   2.4385373699E-01   3.3278577011E-02
 -9.0908274859E-02  -4.6120615755E-02  -5.7152035412E-02
  2.5294068141E-03  -1.9908337089E-01  -1.3433397863E-01
  1.3608021087E-01   1.8012524883E-01  -3.1159578130E-03
  1.6304659943E+00   1.4373881624E+00  -1.7609516290E+00
  1.7942449948E-01   1.0382315573E-01   1.5030920469E-01
  3.1853148774E-01   2.8934418748E-01  -2.5131752505E-01
  1.9212278235E-02  -8.1346645915E-02   1.4159748719E-01
  2.0063791480E-01   2.9442285947E-01  -3.2488030613E-01
 -1.0696902189E+00  -8.1726123370E-01   5.9595948443E-01
 -7.2919670284E-03   1.4233374971E-02  -6.1511677691E-02
 -3.3007672985E-01  -5.6960578831E-01   3.1291625428E-01
  8.4129369267E-02  -7.1763614249E-02   2.9147830362E-02
 -1.6267093898E-01  -3.9762430194E-02  -1.3960546162E-01
  2.8699876991E-01   2.4602529393E-01  -2.0016183018E-01
 -1.2610746733E-01   3.2322301959E-02  -1.3872930728E-01
  1.2815866979E-02  -1.3512728219E-01   1.6366145409E-01
 -6.6203712134E-02   8.2064138415E-02   1.0462551496E-01
  8.9136538829E-02   2.4680609902E-02   3.9732377847E-02
  6.7081983451E-02  -1.6953325733E-02  -6.4822906246E-02
  6.5540250916E-01   4.7126705387E-01  -4.1222893786E-01
 -9.8020021935E-02   7.8458322943E-03  -2.6588198940E-02
  4.6440153000E-02  -2.1224413257E-02  -1.0307772673E-01
 -1.6135873590E-01  -1.2795113950E-01   8.8294401723E-02
 -1.0962896163E-01   9.8475295706E-02  -1.2585016076E-01
 -2.8130041854E-01  -4.5716436244E-01   3.5275897805E-01
  1.6919545003E-01  -8.8138431111E-02   7.6113856083E-02
  1.2571418246E-01   1.2129626812E-01   1.4665569029E-01
  2.7729659190E-01  -3.1662247357E-01   2.4712065426E-01
 -7.6511109390E-02  -2.6794019804E-03  -1.1009422642E-01
  1.2161779155E-01   7.2848823067E-02   1.2808576740E-01
  4.7590451490E-02   7.5224765047E-02   4.9354453796E-02
 -1.5242598632E-01  -1.0422071914E-01  -1.9185235727E-01
  4.7604489607E-02  -7.0108176604E-02   1.1675743432E-01
 -3.1650016105E-02   1.9242778085E-01  -1.3260254014E-01
  1.0476436073E-01  -1.4425003977E-01   4.5353140907E-02
 -1.7995125608E-02   1.0388022210E-01  -3.6658425809E-02
 -1.6693652862E+00  -1.4805011710E+00   1.7123895222E+00
  2.8137041883E-01   2.2344930875E-01  -3.6886288611E-01
 -3.4108299653E-01  -2.2812154043E-01   2.0034111361E-01
 -1.8913037821E-01   4.1333903034E-02   5.0796553850E-02
 -3.8300900203E-01  -4.5043397370E-01   3.1772022539E-01
  1.0880052668E+00   8.7532482658E-01  -6.3835253562E-01
 -1.6857494491E-01  -2.2227594137E-01   2.3411857861E-01
  3.6813556501E-01   4.6417435226E-01  -2.8781630590E-01
  2.8426269078E-01  -4.7161145208E-01  -3.2878999313E-01
 -3.3605120461E-01   3.9764419758E-01   3.3607356355E-01
  3.3923821232E-01  -1.9017127142E-01  -3.6236851236E-01
  9.3496123243E-02  -7.9865596379E-02   1.1989475427E-01
  5.6729631500E-02   1.2029929156E-01  -1.0851851887E-01
  2.0487094470E-01  -1.6158544288E-01   1.0709279767E-01
 -1.4562572689E-01   1.0640539749E-01  -8.2280310007E-02
  1.6639997664E-01   1.1942211612E-01  -5.1206220688E-02
  5.9724792496E-02  -7.2567179600E-02  -1.1465136166E-01
 -2.2264882136E-01  -3.1101410343E-02   1.8370151909E-02
  2.0161332008E-01   1.3959430715E-01   2.0522406544E-01
 -2.8759344829E-01  -8.6184587653E-02   3.9101634105E-04
  2.2073634063E-01   1.6749569742E-01   1.9267611156E-01
  9.0091441582E-02  -2.4869626531E-01   1.5059524245E-01
 -1.5296649429E-01   6.0511889350E-02  -2.0631386463E-01
  1.1120035919E-01   1.4933428651E-01  -3.2703990019E-02
 -3.0896059600E-01  -1.3080753762E-01   1.6245631163E-01
 -1.7748964519E-01   1.2905217042E-01   1.2660971098E-01
  3.2676945480E-02  -7.4451613057E-02  -1.0491433822E-01
  3.5514925180E-01   2.3418693484E-01  -2.3394304502E-01
 -1.7604325394E-01  -1.0873497373E-01   6.4709704361E-02
 -4.1037970891E-01  -2.0943464853E-01  -3.5025475670E-01
  2.3296318157E-01   3.2547041962E-01   1.9470724934E-01
 -1.1327774237E-01   1.2079971754E-01   1.4829043156E-01
  3.6223000332E-02  -1.8515121197E-01   4.8354923679E-02
 -1.8922539404E-02  -1.8184327299E-01   1.9132817897E-01
  1.2728758484E-01  -5.9488615204E-02   7.5085979478E-02
  1.6334620869E-01   8.3688062556E-03  -7.9024005682E-02
 -1.0971578256E-01  -8.4284602038E-02   1.4381270853E-01
  6.2635208388E-02  -8.4168770657E-02  -1.1049790117E-01
 -8.0007194752E-02  -2.2967113937E-01   1.8289842279E-01
 -2.6960138021E-01  -3.2464701897E-01  -2.7272593581E-01
  1.6671154561E-01   2.1349174904E-01   2.2377099428E-01
 -7.2486265252E-02  -8.0901272879E-03  -6.8465465311E-02
 -8.1883191475E-03   1.3245778088E-01   9.7557326008E-02
 -9.0447158411E-02  -3.1801780806E-02   8.4164975379E-02
  1.8757692848E-02   8.2710333783E-02   2.3810055162E-02
 -4.3473577076E-01  -2.8229536178E-01  -4.3137687890E-01
  2.1230876157E-01   3.9565106351E-01   2.1405870924E-01
  7.4380609449E-02   1.4127293896E-02  -4.4192112064E-02
 -8.0558339322E-01  -4.4524805436E-01   4.2360636007E-01
 -1.7976967041E-02  -8.6307385871E-02  -4.8865542118E-03
 -1.7499831273E-01  -5.9247453658E-02  -9.0517357582E-02
  3.3817829071E-01   3.0552752015E-01  -2.7824938471E-01
 -3.2915165869E-02  -2.4831461989E-02   7.4065155999E-02
  4.3631342587E-01   4.6341301356E-01  -4.2052958921E-01
 -1.3222366539E-01   1.1910783071E-02  -1.2850856812E-01
  4.3256540124E-02   1.4141098832E-02  -1.4694032072E-01
  3.8687297542E-02   1.6503893546E-01   1.6133505786E-01
  1.7738059444E-01  -1.3494789101E-01   1.8640033822E-01
  1.0914055320E-01  -1.8400773003E-01   3.5171999152E-02
 -1.4963037620E-01   6.7796688992E-02   9.9970722743E-02
  8.5532310204E-02   1.4553912136E-01   1.2162978269E-01
  1.3742405090E-01   1.2292676368E-01  -6.8248563941E-02
 -2.7022103272E-02  -1.2714388986E-01   1.9118462524E-01
 -4.3009362357E-02  -6.3461362434E-02  -1.1546276437E-01
 -6.3560182951E-03   1.1006308750E-01  -6.6288345122E-02
 -1.3551906198E-01   9.2874126069E-02  -6.5747890120E-03
  2.0008658891E-01  -2.5045341088E-01  -1.7304293624E-01
 -1.9707233298E-01   9.4201098218E-02   8.1522442871E-02
 -4.9942773407E-02  -8.3846305496E-02   1.2261375353E-03
  1.2516276144E-01   7.7918071085E-02   4.3687590639E-02
 -1.0335261850E-01   8.4974004002E-02   2.4945012293E-02
 -3.0666019278E-02  -3.1131381960E-02  -1.2880834024E-02
 -1.8545992189E-01  -5.0750194348E-02  -6.1134530834E-02
  1.9003045787E-01   3.9368408312E-02   5.4831548943E-02
  1.8957118823E-01  -2.9262452905E-01  -1.7295395036E-01
 -1.8037560787E-01   2.6805033833E-01   2.8936821129E-01
 -2.9133805110E-01  -2.8440819526E-01   2.2489680170E-01
  3.0404085991E-01   3.9038544598E-01  -3.2033006410E-01
 -7.5188807526E-02  -1.0044295247E-01   6.8037881152E-02
 -7.7483079882E-02   8.8959770418E-02  -1.7821023027E-01
 -2.7965317586E-01  -2.4214201923E-01   3.1723256078E-01
 -1.7272926448E-01  -1.5184793448E-01  -1.6853829767E-01
  1.4182888245E-01   2.5513023829E-01   1.8106066038E-01
  1.8610531347E-01   1.5368614959E-01  -1.9134093046E-01
  5.1045835418E-01  -8.4338105957E-01  -7.9887599513E-01
  3.1084326832E-01  -3.3434908714E-01   4.7477333365E-01
  8.4243301620E-02   1.8818395294E-02  -7.9813677120E-03
 -9.9659961510E-02  -1.1232732703E-01  -3.1334416224E-02
 -1.9880228042E-01  -3.3772587518E-01   2.5787798123E-01
  8.3089751445E-02  -2.8796971561E-02  -1.5857805355E-01
 -6.2340523123E-01  -5.2058933238E-01   6.0273324763E-01
  5.4725447125E-02   2.3391349605E-01   7.6091050559E-02
  3.0477915027E-02  -6.2305167337E-02  -6.0677268887E-02
  7.1031269807E-02   5.5405721490E-02  -1.7776040381E-01
 -8.8360366743E-02  -9.1156649183E-02   1.5102053058E-01
 -2.7322882687E-01  -2.4037446810E-01  -3.7799863846E-01
  2.5224304419E-01   3.8303584303E-01   2.6633738111E-01
 -1.0962797830E-01  -5.1301439952E-02   1.2170500167E-02
  3.6959376075E-01  -4.2862917107E-01  -5.6740281362E-01
 -5.4203972029E-01   1.9396635830E-01   2.4887480371E-01
  2.0298911995E-01   2.4695697430E-01   3.0853124956E-01
 -5.1989101240E-02  -6.1164877214E-03  -6.2973138172E-02
 -1.2673231402E-01   1.0007645777E-01  -2.1903792210E-01
 -1.3969922247E-01  -1.5012204536E-01  -1.4730007013E-01
  2.2813873614E-01   2.3155898307E-01   1.5454307884E-01
  1.1746069105E-01  -1.5990571271E-01   3.0420987512E-02
  1.2444020768E-01  -2.5482882597E-01  -1.1680438485E-01
 -1.1642660063E-02   1.1215127612E-01   2.4879876610E-01
  1.0672563036E-01   5.6067915260E-02  -4.6514137027E-02
  5.9065582543E-02  -1.3810364799E-01  -6.0856228152E-02
 -7.9037960322E-02  -1.0731999762E-01   3.9557851442E-02
 -4.5392340635E-01  -7.6744259820E-01  -4.6319175404E-01
  7.1645133227E-01   6.1259613042E-01   5.9632933668E-01
  1.7643947452E-01   2.9861319877E-02  -3.3844830117E-02
 -3.7125162400E-01  -1.9240624972E-01   2.3028309291E-01
 -2.8935288627E-01  -1.3989935342E-01  -3.4776462166E-01
  2.1413514350E-01   3.0771662468E-01   1.8102049108E-01
  4.8537077481E-02   5.4656526214E-03  -8.7221360920E-02
 -1.1298455407E+00   7.7222267937E-01  -1.4362960416E+00
 -4.6700885983E-02   9.7279993898E-02   3.7675371439E-02
  6.4744832312E-01  -4.5175123722E-01  -6.3487130194E-01
 -7.2779375848E-01   5.1995910755E-01   5.8560184980E-01
 -4.9947064352E-01   7.1602201570E-01  -5.4560052351E-01
  3.2033825435E-02  -9.7073797120E-02  -6.9632659185E-02
  4.0927960295E-03  -9.4527165178E-02   9.1494775929E-02
  3.1262959863E-02  -1.8527594560E-01   7.3808927865E-02
 -1.5005046047E-01   1.2848576600E-01  -2.1773653588E-03
  1.6035374328E-01  -7.2254303382E-02   2.1363203004E-01
  7.3579404832E-02  -6.6152847027E-02  -6.3834024431E-02
  1.1340415941E+00  -7.6943066772E-01   1.4707939016E+00
  2.4592415474E-02   1.3288011306E-01   1.0827453339E-01
  2.4383179477E-01   2.3881986422E-01  -1.8248930115E-01
 -9.5614288615E-03   6.4055057043E-02  -1.3552507788E-01
  5.3436777412E-01  -6.8229252753E-01   5.7294426507E-01
 -2.8097946366E-01   2.9059842295E-01  -3.0386914401E-01
 -2.8996749214E-01   2.7559697116E-01   3.7505194752E-01
  4.2687928961E-02   1.8409394704E-02  -1.1626069388E-01
  6.2293344289E-01   4.9123090737E-01  -5.5008460652E-01
  5.1211157466E-02  -1.4170008269E-01  -6.6928054371E-02
 -1.7027101841E-01   9.4601574786E-02   1.6271093301E-01
  3.2709389288E-02   1.2288011545E-01  -1.2722443805E-01
  5.1472026296E-02  -1.9587616146E-04  -2.2279932613E-02
  1.1010891519E-01  -2.9505249919E-01  -2.0685318084E-01
 -2.1311899404E-01   2.0923185836E-01   1.4689405352E-01
  3.5152815502E-01  -3.2167928166E-01  -2.5397608479E-01
 -2.9495491584E-01   2.2342020115E-01   3.7175196534E-01
  1.8911118464E-01  -1.5487667620E-01  -2.5937544744E-01
  1.5148288617E-01  -1.3028874392E-01   2.1797944236E-01
 -1.3521889425E-01  -6.5535100484E-02   7.3998494843E-02
  6.9891184459E-02   1.5359553580E-01  -3.3733872510E-02
 -1.4119676756E-01  -8.4032846698E-02   1.1987396944E-01
 -5.9251422530E-02   1.5718160415E-02   6.6233819937E-02
 -1.8550376206E-01  -1.4569216629E-01   5.1055174852E-02
  6.0992292611E-02   1.2714887125E-01   9.3247067098E-02
  1.9630960532E-01  -7.2165991507E-03  -6.4997228508E-02
  1.9644316167E-01   3.3248720408E-01  -2.6235578925E-01
 -1.6096764049E-01   1.7845219982E-01  -1.1732407647E-01
 -9.2721125518E-02   1.2652303372E-01  -8.7817960153E-02
 -8.8216232523E-02  -4.9134368229E-02  -9.6213724939E-02
  1.5026411660E-01  -7.4911255689E-02  -5.4342230742E-03
  5.2775700587E-02  -6.0042647627E-02  -6.5649763652E-02
 -2.6226794118E-02  -1.0899934011E-02   1.9788166421E-01
 -9.4619044462E-02   3.8994628966E-02  -1.1871092832E-02
 -5.0626503325E-01  -5.1916171453E-01  -3.7110934056E-01
  3.4214145166E-01   3.5944555204E-01   3.7471253980E-01
 -3.5083484054E-01  -3.2399826127E-01  -1.9020697422E-01
  2.1198781744E-01   1.7086137464E-01   2.3129605644E-01
  3.2459210990E-02   6.3882237984E-02  -1.8809160394E-01
  4.6132363118E-02   8.3396767573E-02   1.0443136664E-01
  1.6470644007E-02   1.2265492451E-01  -8.6872733712E-04
 -6.8106077845E-02   1.0125309477E-01  -1.2462787646E-02
 -5.0063771798E-01   7.5777946050E-01   8.6802354689E-01
 -3.4480136674E-01   2.0378490796E-01  -2.1264050321E-01
  1.7453837023E-01   9.7740291089E-02  -1.2804635412E-01
 -1.3538800884E-01  -3.0424202854E-04   8.7972356422E-03
  2.1198638744E-01   1.3282668353E-01  -1.6041600308E-01
 -2.0019377719E-01  -1.8963227768E-01   2.5425237312E-01
  8.7793739918E-02   1.4143404950E-02   4.7962455179E-02
 -6.2075983437E-02  -2.8326487883E-02   8.1129172113E-02
RMS force                          :  3.6961958300E-01 (Ha/Bohr)
Maximum force                      :  2.8126396947E+00 (Ha/Bohr)
Time for force calculation         :  0.853 (sec)
***************************************************************************
                               Timing info                                 
***************************************************************************
Total walltime                     :  194.294 sec
___________________________________________________________________________

***************************************************************************
*             Material Physics & Mechanics Group, Georgia Tech            *
*                       PI: Phanish Suryanarayana                         *
*                Main Developers: Qimen Xu, Abhiraj Sharma                *
*     Collaborators: J.E. Pask (LLNL), A.J. Medford (GT), E. Chow (GT)    *
*  Acknowledgements: U.S. DOE (DE-SC0019410); U.S. NSF (1333500,1553212)  *
***************************************************************************
                                                                           
