***************************************************************************
*                           SPARC (May 06, 2020)                          *
*   Copyright (c) 2019 Material Physics & Mechanics Group, Georgia Tech   *
*           Distributed under GNU General Public License 3 (GPL)          *
*                   Start time: Sun May 10 13:51:04 2020                  *
***************************************************************************
                           Input parameters                                
***************************************************************************
CELL: 28.3458918875539 28.3458918875539 28.3458918875539 
LATVEC:
1 0 0 
0 1 0 
0 0 1 
FD_GRID: 118 118 118
FD_ORDER: 12
BC: P P P
KPOINT_GRID: 1 1 1
KPOINT_SHIFT: 0 0 0
SPIN_TYP: 0
ELEC_TEMP_TYPE: Gaussian
SMEARING: 0.003674926479
CHEB_DEGREE: 31
NSTATES: 217
EXCHANGE_CORRELATION: LDA_PZ
CALC_STRESS: 0
CALC_PRES: 0
CHEFSI_BOUND_FLAG: 0
MAXIT_SCF: 1000
MINIT_SCF: 3
MAXIT_POISSON: 3000
TOL_SCF: 9.09E-05
POISSON_SOLVER: AAR
TOL_POISSON: 9.09E-07
TOL_LANCZOS: 1.00E-02
TOL_PSEUDOCHARGE: 9.09E-07
MIXING_VARIABLE: density
MIXING_PRECOND: kerker
TOL_PRECOND: 5.77E-05
PRECOND_KERKER_KTF: 1
PRECOND_KERKER_THRESH: 0.1
MIXING_PARAMETER: 0.3
MIXING_HISTORY: 7
PULAY_FREQUENCY: 1
PULAY_RESTART: 0
REFERENCE_CUTOFF: 0.5
RHO_TRIGGER: 4
FIX_RAND: 0
VERBOSITY: 1
PRINT_FORCES: 1
PRINT_ATOMS: 1
PRINT_EIGEN: 0
PRINT_DENSITY: 0
OUTPUT_FILE: input_file_store/sprc-calc_336
***************************************************************************
                           Parallelization                                 
***************************************************************************
NP_SPIN_PARAL: 1
NP_KPOINT_PARAL: 1
NP_BAND_PARAL: 217
NP_DOMAIN_PARAL: 1 1 1
NP_DOMAIN_PHI_PARAL: 6 7 8
EIG_USE_LAPACK: 1
EIG_LAPACK_MAXNS: 2000
***************************************************************************
                             Initialization                                
***************************************************************************
Number of processors               :  336
Mesh spacing                       :  0.240219 (Bohr)
Number of symmetry adapted k-points:  1
Output printed to                  :  input_file_store/sprc-calc_336.out
Total number of atom types         :  2
Total number of atoms              :  19
Total number of electrons          :  354
Atom type 1  (valence electrons)   :  Au 19
Pseudopotential                    :  input_file_store/Au.pot
Pseudocharge radii of atom type 1  :  6.97 6.97 6.97 (x, y, z dir)
Number of atoms of type 1          :  12
Atom type 2  (valence electrons)   :  Pt 18
Pseudopotential                    :  input_file_store/Pt.pot
Pseudocharge radii of atom type 2  :  6.97 6.97 6.97 (x, y, z dir)
Number of atoms of type 2          :  7
Estimated total memory usage       :  16.28 GB
Estimated memory per processor     :  49.62 MB
===================================================================
                    Self Consistent Field (SCF#1)                     
===================================================================
Iteration     Free Energy (Ha/atom)   SCF Error        Timing (sec)
1            -1.3150741898E+02        2.760E-02        7.855
2            -1.3152865143E+02        1.720E-02        2.175
3            -1.3152782305E+02        9.574E-03        2.224
4            -1.3152699288E+02        5.373E-03        3.487
5            -1.3152673038E+02        2.994E-03        2.404
6            -1.3152656586E+02        1.687E-03        2.679
7            -1.3152650508E+02        8.855E-04        2.357
8            -1.3152647887E+02        7.210E-04        2.160
9            -1.3152645365E+02        3.999E-04        2.011
10           -1.3152645118E+02        3.213E-04        2.133
11           -1.3152644991E+02        2.160E-04        2.012
12           -1.3152645505E+02        1.644E-04        2.151
13           -1.3152646450E+02        1.151E-04        2.093
14           -1.3152647347E+02        7.119E-05        1.905
Total number of SCF: 14    

k = [0.000, 0.000, 0.000]
Occupation of state 195 = 0.000000000000000.
Occupation of state 217 = 0.000000000000000.
====================================================================
                    Energy and force calculation                    
====================================================================
Free energy per atom               : -1.3152649237E+02 (Ha/atom)
Total free energy                  : -2.4990033551E+03 (Ha)
Band structure energy              : -4.3427962950E+02 (Ha)
Exchange correlation energy        : -2.2999191807E+02 (Ha)
Self and correction energy         : -3.5996107714E+03 (Ha)
Entropy*kb*T                       : -4.7389792440E-07 (Ha)
Fermi level                        : -1.2785709258E-01 (Ha)
RMS force                          :  2.7885780332E-02 (Ha/Bohr)
Maximum force                      :  6.2012776316E-02 (Ha/Bohr)
Time for force calculation         :  0.083 (sec)
***************************************************************************
                               Timing info                                 
***************************************************************************
Total walltime                     :  38.346 sec
___________________________________________________________________________

***************************************************************************
*             Material Physics & Mechanics Group, Georgia Tech            *
*                       PI: Phanish Suryanarayana                         *
*                Main Developers: Qimen Xu, Abhiraj Sharma                *
*     Collaborators: J.E. Pask (LLNL), A.J. Medford (GT), E. Chow (GT)    *
*  Acknowledgements: U.S. DOE (DE-SC0019410); U.S. NSF (1333500,1553212)  *
***************************************************************************
                                                                           
