***************************************************************************
*                           SPARC (May 06, 2020)                          *
*   Copyright (c) 2019 Material Physics & Mechanics Group, Georgia Tech   *
*           Distributed under GNU General Public License 3 (GPL)          *
*                   Start time: Sat May  9 12:12:56 2020                  *
***************************************************************************
                           Input parameters                                
***************************************************************************
CELL: 28.3458918875539 28.3458918875539 28.3458918875539 
LATVEC:
1 0 0 
0 1 0 
0 0 1 
FD_GRID: 118 118 118
FD_ORDER: 12
BC: P P P
KPOINT_GRID: 1 1 1
KPOINT_SHIFT: 0 0 0
SPIN_TYP: 0
ELEC_TEMP_TYPE: Gaussian
SMEARING: 0.003674926479
CHEB_DEGREE: 31
NSTATES: 217
EXCHANGE_CORRELATION: LDA_PZ
CALC_STRESS: 0
CALC_PRES: 0
CHEFSI_BOUND_FLAG: 0
MAXIT_SCF: 1000
MINIT_SCF: 3
MAXIT_POISSON: 3000
TOL_SCF: 9.09E-05
POISSON_SOLVER: AAR
TOL_POISSON: 9.09E-07
TOL_LANCZOS: 1.00E-02
TOL_PSEUDOCHARGE: 9.09E-07
MIXING_VARIABLE: density
MIXING_PRECOND: kerker
TOL_PRECOND: 5.77E-05
PRECOND_KERKER_KTF: 1
PRECOND_KERKER_THRESH: 0.1
MIXING_PARAMETER: 0.3
MIXING_HISTORY: 7
PULAY_FREQUENCY: 1
PULAY_RESTART: 0
REFERENCE_CUTOFF: 0.5
RHO_TRIGGER: 4
FIX_RAND: 0
VERBOSITY: 1
PRINT_FORCES: 1
PRINT_ATOMS: 1
PRINT_EIGEN: 0
PRINT_DENSITY: 0
OUTPUT_FILE: input_file_store/sprc-calc_192
***************************************************************************
                           Parallelization                                 
***************************************************************************
NP_SPIN_PARAL: 1
NP_KPOINT_PARAL: 1
NP_BAND_PARAL: 192
NP_DOMAIN_PARAL: 1 1 1
NP_DOMAIN_PHI_PARAL: 4 6 8
EIG_USE_LAPACK: 1
EIG_LAPACK_MAXNS: 2000
***************************************************************************
                             Initialization                                
***************************************************************************
Number of processors               :  192
Mesh spacing                       :  0.240219 (Bohr)
Number of symmetry adapted k-points:  1
Output printed to                  :  input_file_store/sprc-calc_192.out
Total number of atom types         :  2
Total number of atoms              :  19
Total number of electrons          :  354
Atom type 1  (valence electrons)   :  Au 19
Pseudopotential                    :  input_file_store/Au.pot
Pseudocharge radii of atom type 1  :  6.97 6.97 6.97 (x, y, z dir)
Number of atoms of type 1          :  12
Atom type 2  (valence electrons)   :  Pt 18
Pseudopotential                    :  input_file_store/Pt.pot
Pseudocharge radii of atom type 2  :  6.97 6.97 6.97 (x, y, z dir)
Number of atoms of type 2          :  7
Estimated total memory usage       :  16.28 GB
Estimated memory per processor     :  86.83 MB
===================================================================
                    Self Consistent Field (SCF#1)                     
===================================================================
Iteration     Free Energy (Ha/atom)   SCF Error        Timing (sec)
1            -1.3150744210E+02        2.746E-02        13.052
2            -1.3152871251E+02        1.721E-02        3.590
3            -1.3152795944E+02        9.899E-03        3.433
4            -1.3152701826E+02        5.461E-03        3.492
5            -1.3152673967E+02        3.019E-03        3.996
6            -1.3152658593E+02        1.774E-03        3.445
7            -1.3152651017E+02        9.586E-04        3.529
8            -1.3152647999E+02        7.511E-04        3.861
9            -1.3152645609E+02        4.425E-04        3.344
10           -1.3152645170E+02        3.490E-04        3.583
11           -1.3152644944E+02        2.244E-04        3.600
12           -1.3152645429E+02        1.676E-04        3.498
13           -1.3152646370E+02        1.179E-04        3.538
14           -1.3152647320E+02        7.191E-05        3.549
Total number of SCF: 14    

k = [0.000, 0.000, 0.000]
Occupation of state 195 = 0.000000000000000.
Occupation of state 217 = 0.000000000000000.
====================================================================
                    Energy and force calculation                    
====================================================================
Free energy per atom               : -1.3152649241E+02 (Ha/atom)
Total free energy                  : -2.4990033558E+03 (Ha)
Band structure energy              : -4.3428007651E+02 (Ha)
Exchange correlation energy        : -2.2999192522E+02 (Ha)
Self and correction energy         : -3.5996107714E+03 (Ha)
Entropy*kb*T                       : -4.7431268288E-07 (Ha)
Fermi level                        : -1.2785897248E-01 (Ha)
RMS force                          :  2.7740411227E-02 (Ha/Bohr)
Maximum force                      :  6.1738549769E-02 (Ha/Bohr)
Time for force calculation         :  0.154 (sec)
***************************************************************************
                               Timing info                                 
***************************************************************************
Total walltime                     :  60.363 sec
___________________________________________________________________________

***************************************************************************
*             Material Physics & Mechanics Group, Georgia Tech            *
*                       PI: Phanish Suryanarayana                         *
*                Main Developers: Qimen Xu, Abhiraj Sharma                *
*     Collaborators: J.E. Pask (LLNL), A.J. Medford (GT), E. Chow (GT)    *
*  Acknowledgements: U.S. DOE (DE-SC0019410); U.S. NSF (1333500,1553212)  *
***************************************************************************
                                                                           
