***************************************************************************
*                           SPARC (May 06, 2020)                          *
*   Copyright (c) 2019 Material Physics & Mechanics Group, Georgia Tech   *
*           Distributed under GNU General Public License 3 (GPL)          *
*                   Start time: Sat May  9 06:52:22 2020                  *
***************************************************************************
                           Input parameters                                
***************************************************************************
CELL: 28.3458918875539 28.3458918875539 28.3458918875539 
LATVEC:
1 0 0 
0 1 0 
0 0 1 
FD_GRID: 118 118 118
FD_ORDER: 12
BC: P P P
KPOINT_GRID: 1 1 1
KPOINT_SHIFT: 0 0 0
SPIN_TYP: 0
ELEC_TEMP_TYPE: Gaussian
SMEARING: 0.003674926479
CHEB_DEGREE: 31
NSTATES: 217
EXCHANGE_CORRELATION: LDA_PZ
CALC_STRESS: 0
CALC_PRES: 0
CHEFSI_BOUND_FLAG: 0
MAXIT_SCF: 1000
MINIT_SCF: 3
MAXIT_POISSON: 3000
TOL_SCF: 9.09E-05
POISSON_SOLVER: AAR
TOL_POISSON: 9.09E-07
TOL_LANCZOS: 1.00E-02
TOL_PSEUDOCHARGE: 9.09E-07
MIXING_VARIABLE: density
MIXING_PRECOND: kerker
TOL_PRECOND: 5.77E-05
PRECOND_KERKER_KTF: 1
PRECOND_KERKER_THRESH: 0.1
MIXING_PARAMETER: 0.3
MIXING_HISTORY: 7
PULAY_FREQUENCY: 1
PULAY_RESTART: 0
REFERENCE_CUTOFF: 0.5
RHO_TRIGGER: 4
FIX_RAND: 0
VERBOSITY: 1
PRINT_FORCES: 1
PRINT_ATOMS: 1
PRINT_EIGEN: 0
PRINT_DENSITY: 0
OUTPUT_FILE: input_file_store/sprc-calc_24
***************************************************************************
                           Parallelization                                 
***************************************************************************
NP_SPIN_PARAL: 1
NP_KPOINT_PARAL: 1
NP_BAND_PARAL: 24
NP_DOMAIN_PARAL: 1 1 1
NP_DOMAIN_PHI_PARAL: 2 3 4
EIG_USE_LAPACK: 1
EIG_LAPACK_MAXNS: 2000
***************************************************************************
                             Initialization                                
***************************************************************************
Number of processors               :  24
Mesh spacing                       :  0.240219 (Bohr)
Number of symmetry adapted k-points:  1
Output printed to                  :  input_file_store/sprc-calc_24.out
Total number of atom types         :  2
Total number of atoms              :  19
Total number of electrons          :  354
Atom type 1  (valence electrons)   :  Au 19
Pseudopotential                    :  input_file_store/Au.pot
Pseudocharge radii of atom type 1  :  6.97 6.97 6.97 (x, y, z dir)
Number of atoms of type 1          :  12
Atom type 2  (valence electrons)   :  Pt 18
Pseudopotential                    :  input_file_store/Pt.pot
Pseudocharge radii of atom type 2  :  6.97 6.97 6.97 (x, y, z dir)
Number of atoms of type 2          :  7
Estimated total memory usage       :  16.28 GB
Estimated memory per processor     :  694.67 MB
===================================================================
                    Self Consistent Field (SCF#1)                     
===================================================================
Iteration     Free Energy (Ha/atom)   SCF Error        Timing (sec)
1            -1.3150799194E+02        2.779E-02        57.637
2            -1.3152874631E+02        1.698E-02        15.392
3            -1.3152788034E+02        9.593E-03        15.888
4            -1.3152702483E+02        5.626E-03        15.242
5            -1.3152672923E+02        2.897E-03        15.591
6            -1.3152656779E+02        1.692E-03        15.255
7            -1.3152650751E+02        9.209E-04        15.210
8            -1.3152647864E+02        7.704E-04        15.393
9            -1.3152645460E+02        4.228E-04        15.083
10           -1.3152645164E+02        3.377E-04        15.364
11           -1.3152645010E+02        2.483E-04        15.098
12           -1.3152645538E+02        1.666E-04        15.065
13           -1.3152646300E+02        1.235E-04        15.052
14           -1.3152647245E+02        7.374E-05        14.155
Total number of SCF: 14    

k = [0.000, 0.000, 0.000]
Occupation of state 195 = 0.000000000000000.
Occupation of state 217 = 0.000000000000000.
====================================================================
                    Energy and force calculation                    
====================================================================
Free energy per atom               : -1.3152649261E+02 (Ha/atom)
Total free energy                  : -2.4990033596E+03 (Ha)
Band structure energy              : -4.3426865980E+02 (Ha)
Exchange correlation energy        : -2.2999105172E+02 (Ha)
Self and correction energy         : -3.5996107714E+03 (Ha)
Entropy*kb*T                       : -4.7523576314E-07 (Ha)
Fermi level                        : -1.2783296566E-01 (Ha)
RMS force                          :  2.7537469811E-02 (Ha/Bohr)
Maximum force                      :  6.1471541103E-02 (Ha/Bohr)
Time for force calculation         :  0.597 (sec)
***************************************************************************
                               Timing info                                 
***************************************************************************
Total walltime                     :  258.736 sec
___________________________________________________________________________

***************************************************************************
*             Material Physics & Mechanics Group, Georgia Tech            *
*                       PI: Phanish Suryanarayana                         *
*                Main Developers: Qimen Xu, Abhiraj Sharma                *
*     Collaborators: J.E. Pask (LLNL), A.J. Medford (GT), E. Chow (GT)    *
*  Acknowledgements: U.S. DOE (DE-SC0019410); U.S. NSF (1333500,1553212)  *
***************************************************************************
                                                                           
