***************************************************************************
*                           SPARC (May 06, 2020)                          *
*   Copyright (c) 2019 Material Physics & Mechanics Group, Georgia Tech   *
*           Distributed under GNU General Public License 3 (GPL)          *
*                   Start time: Sat May  9 05:59:44 2020                  *
***************************************************************************
                           Input parameters                                
***************************************************************************
CELL: 28.3458918875539 28.3458918875539 28.3458918875539 
LATVEC:
1 0 0 
0 1 0 
0 0 1 
FD_GRID: 118 118 118
FD_ORDER: 12
BC: P P P
KPOINT_GRID: 1 1 1
KPOINT_SHIFT: 0 0 0
SPIN_TYP: 0
ELEC_TEMP_TYPE: Gaussian
SMEARING: 0.003674926479
CHEB_DEGREE: 31
NSTATES: 217
EXCHANGE_CORRELATION: LDA_PZ
CALC_STRESS: 0
CALC_PRES: 0
CHEFSI_BOUND_FLAG: 0
MAXIT_SCF: 1000
MINIT_SCF: 3
MAXIT_POISSON: 3000
TOL_SCF: 9.09E-05
POISSON_SOLVER: AAR
TOL_POISSON: 9.09E-07
TOL_LANCZOS: 1.00E-02
TOL_PSEUDOCHARGE: 9.09E-07
MIXING_VARIABLE: density
MIXING_PRECOND: kerker
TOL_PRECOND: 5.77E-05
PRECOND_KERKER_KTF: 1
PRECOND_KERKER_THRESH: 0.1
MIXING_PARAMETER: 0.3
MIXING_HISTORY: 7
PULAY_FREQUENCY: 1
PULAY_RESTART: 0
REFERENCE_CUTOFF: 0.5
RHO_TRIGGER: 4
FIX_RAND: 0
VERBOSITY: 1
PRINT_FORCES: 1
PRINT_ATOMS: 1
PRINT_EIGEN: 0
PRINT_DENSITY: 0
OUTPUT_FILE: input_file_store/sprc-calc_3
***************************************************************************
                           Parallelization                                 
***************************************************************************
NP_SPIN_PARAL: 1
NP_KPOINT_PARAL: 1
NP_BAND_PARAL: 3
NP_DOMAIN_PARAL: 1 1 1
NP_DOMAIN_PHI_PARAL: 1 1 3
EIG_USE_LAPACK: 1
EIG_LAPACK_MAXNS: 2000
***************************************************************************
                             Initialization                                
***************************************************************************
Number of processors               :  3
Mesh spacing                       :  0.240219 (Bohr)
Number of symmetry adapted k-points:  1
Output printed to                  :  input_file_store/sprc-calc_3.out
Total number of atom types         :  2
Total number of atoms              :  19
Total number of electrons          :  354
Atom type 1  (valence electrons)   :  Au 19
Pseudopotential                    :  input_file_store/Au.pot
Pseudocharge radii of atom type 1  :  6.97 6.97 6.97 (x, y, z dir)
Number of atoms of type 1          :  12
Atom type 2  (valence electrons)   :  Pt 18
Pseudopotential                    :  input_file_store/Pt.pot
Pseudocharge radii of atom type 2  :  6.97 6.97 6.97 (x, y, z dir)
Number of atoms of type 2          :  7
Estimated total memory usage       :  16.28 GB
Estimated memory per processor     :  5.43 GB
===================================================================
                    Self Consistent Field (SCF#1)                     
===================================================================
Iteration     Free Energy (Ha/atom)   SCF Error        Timing (sec)
1            -1.3150294102E+02        2.700E-02        334.473
2            -1.3152827352E+02        1.743E-02        89.985
3            -1.3152786034E+02        9.737E-03        89.877
4            -1.3152700854E+02        5.389E-03        89.304
5            -1.3152675905E+02        3.233E-03        89.139
6            -1.3152659949E+02        1.768E-03        88.081
7            -1.3152651269E+02        9.946E-04        88.022
8            -1.3152648383E+02        7.084E-04        87.901
9            -1.3152645663E+02        4.477E-04        87.134
10           -1.3152645131E+02        3.498E-04        86.925
11           -1.3152644971E+02        2.552E-04        87.073
12           -1.3152645484E+02        1.640E-04        86.546
13           -1.3152646482E+02        1.099E-04        85.825
14           -1.3152647379E+02        7.578E-05        80.044
Total number of SCF: 14    

k = [0.000, 0.000, 0.000]
Occupation of state 195 = 0.000000000000000.
Occupation of state 217 = 0.000000000000000.
====================================================================
                    Energy and force calculation                    
====================================================================
Free energy per atom               : -1.3152649299E+02 (Ha/atom)
Total free energy                  : -2.4990033669E+03 (Ha)
Band structure energy              : -4.3429280313E+02 (Ha)
Exchange correlation energy        : -2.2999163243E+02 (Ha)
Self and correction energy         : -3.5996107714E+03 (Ha)
Entropy*kb*T                       : -4.7730057748E-07 (Ha)
Fermi level                        : -1.2789703333E-01 (Ha)
RMS force                          :  2.6820548536E-02 (Ha/Bohr)
Maximum force                      :  6.1138104118E-02 (Ha/Bohr)
Time for force calculation         :  3.372 (sec)
***************************************************************************
                               Timing info                                 
***************************************************************************
Total walltime                     :  1489.736 sec
___________________________________________________________________________

***************************************************************************
*             Material Physics & Mechanics Group, Georgia Tech            *
*                       PI: Phanish Suryanarayana                         *
*                Main Developers: Qimen Xu, Abhiraj Sharma                *
*     Collaborators: J.E. Pask (LLNL), A.J. Medford (GT), E. Chow (GT)    *
*  Acknowledgements: U.S. DOE (DE-SC0019410); U.S. NSF (1333500,1553212)  *
***************************************************************************
                                                                           
