***************************************************************************
*                           SPARC (May 06, 2020)                          *
*   Copyright (c) 2019 Material Physics & Mechanics Group, Georgia Tech   *
*           Distributed under GNU General Public License 3 (GPL)          *
*                   Start time: Sat May  9 05:59:43 2020                  *
***************************************************************************
                           Input parameters                                
***************************************************************************
CELL: 28.3458918875539 28.3458918875539 28.3458918875539 
LATVEC:
1 0 0 
0 1 0 
0 0 1 
FD_GRID: 118 118 118
FD_ORDER: 12
BC: P P P
KPOINT_GRID: 1 1 1
KPOINT_SHIFT: 0 0 0
SPIN_TYP: 0
ELEC_TEMP_TYPE: Gaussian
SMEARING: 0.003674926479
CHEB_DEGREE: 31
NSTATES: 217
EXCHANGE_CORRELATION: LDA_PZ
CALC_STRESS: 0
CALC_PRES: 0
CHEFSI_BOUND_FLAG: 0
MAXIT_SCF: 1000
MINIT_SCF: 3
MAXIT_POISSON: 3000
TOL_SCF: 9.09E-05
POISSON_SOLVER: AAR
TOL_POISSON: 9.09E-07
TOL_LANCZOS: 1.00E-02
TOL_PSEUDOCHARGE: 9.09E-07
MIXING_VARIABLE: density
MIXING_PRECOND: kerker
TOL_PRECOND: 5.77E-05
PRECOND_KERKER_KTF: 1
PRECOND_KERKER_THRESH: 0.1
MIXING_PARAMETER: 0.3
MIXING_HISTORY: 7
PULAY_FREQUENCY: 1
PULAY_RESTART: 0
REFERENCE_CUTOFF: 0.5
RHO_TRIGGER: 4
FIX_RAND: 0
VERBOSITY: 1
PRINT_FORCES: 1
PRINT_ATOMS: 1
PRINT_EIGEN: 0
PRINT_DENSITY: 0
OUTPUT_FILE: input_file_store/sprc-calc_1
***************************************************************************
                           Parallelization                                 
***************************************************************************
NP_SPIN_PARAL: 1
NP_KPOINT_PARAL: 1
NP_BAND_PARAL: 1
NP_DOMAIN_PARAL: 1 1 1
NP_DOMAIN_PHI_PARAL: 1 1 1
EIG_USE_LAPACK: 1
EIG_LAPACK_MAXNS: 2000
***************************************************************************
                             Initialization                                
***************************************************************************
Number of processors               :  1
Mesh spacing                       :  0.240219 (Bohr)
Number of symmetry adapted k-points:  1
Output printed to                  :  input_file_store/sprc-calc_1.out
Total number of atom types         :  2
Total number of atoms              :  19
Total number of electrons          :  354
Atom type 1  (valence electrons)   :  Au 19
Pseudopotential                    :  input_file_store/Au.pot
Pseudocharge radii of atom type 1  :  6.97 6.97 6.97 (x, y, z dir)
Number of atoms of type 1          :  12
Atom type 2  (valence electrons)   :  Pt 18
Pseudopotential                    :  input_file_store/Pt.pot
Pseudocharge radii of atom type 2  :  6.97 6.97 6.97 (x, y, z dir)
Number of atoms of type 2          :  7
Estimated total memory usage       :  16.28 GB
Estimated memory per processor     :  16.28 GB
===================================================================
                    Self Consistent Field (SCF#1)                     
===================================================================
Iteration     Free Energy (Ha/atom)   SCF Error        Timing (sec)
1            -1.3150682108E+02        2.710E-02        968.769
2            -1.3152869412E+02        1.702E-02        255.199
3            -1.3152769380E+02        8.955E-03        254.452
4            -1.3152699612E+02        5.405E-03        253.163
5            -1.3152673667E+02        3.005E-03        249.797
6            -1.3152657595E+02        1.721E-03        244.344
7            -1.3152650860E+02        9.428E-04        240.810
8            -1.3152648292E+02        7.398E-04        235.600
9            -1.3152645526E+02        4.307E-04        233.810
10           -1.3152645167E+02        3.428E-04        234.048
11           -1.3152645056E+02        2.645E-04        234.624
