***************************************************************************
*                           SPARC (May 11, 2020)                          *
*   Copyright (c) 2019 Material Physics & Mechanics Group, Georgia Tech   *
*           Distributed under GNU General Public License 3 (GPL)          *
*                   Start time: Thu May 14 02:42:34 2020                  *
***************************************************************************
                           Input parameters                                
***************************************************************************
CELL: 26.96 26.96 26.96 
LATVEC:
1 0 0 
0 1 0 
0 0 1 
FD_GRID: 87 87 87
FD_ORDER: 12
BC: P P P
KPOINT_GRID: 1 1 1
KPOINT_SHIFT: 0 0 0
SPIN_TYP: 0
ELEC_TEMP_TYPE: Fermi-Dirac
ELEC_TEMP: 315.775024804068
CHEB_DEGREE: 25
NSTATES: 1200
#WARNING: Number of bands may be insufficient for efficient SCF convergence.
EXCHANGE_CORRELATION: LDA_PZ
CALC_STRESS: 0
CALC_PRES: 0
TWTIME: 1E+09
MD_FLAG: 1
MD_METHOD: NVT_NH
MD_TIMESTEP: 1.5
MD_NSTEP: 10
ION_VEL_DSTR: 2
ION_VEL_DSTR_RAND: 0
ION_TEMP: 315.775024804068
ION_TEMP_END: 315.775024804068
QMASS: 1653.65493345972
CHEFSI_BOUND_FLAG: 0
MAXIT_SCF: 100
MINIT_SCF: 3
MAXIT_POISSON: 3000
TOL_SCF: 1.00E-04
POISSON_SOLVER: AAR
TOL_POISSON: 1.00E-06
TOL_LANCZOS: 1.00E-02
TOL_PSEUDOCHARGE: 1.00E-06
MIXING_VARIABLE: density
MIXING_PRECOND: none
#WARNING: the preconditioner for SCF has been turned off, this 
#might lead to slow SCF convergence. To specify SCF preconditioner, 
#use 'MIXING_PRECOND' in the .inpt file
MIXING_PARAMETER: 0.4
MIXING_HISTORY: 7
PULAY_FREQUENCY: 1
PULAY_RESTART: 0
REFERENCE_CUTOFF: 0.5
RHO_TRIGGER: 4
FIX_RAND: 0
VERBOSITY: 1
PRINT_FORCES: 0
PRINT_ATOMS: 0
PRINT_EIGEN: 0
PRINT_DENSITY: 0
PRINT_MDOUT: 0
PRINT_VELS: 1
PRINT_RESTART: 0
OUTPUT_FILE: c512
***************************************************************************
                           Parallelization                                 
***************************************************************************
NP_SPIN_PARAL: 1
NP_KPOINT_PARAL: 1
NP_BAND_PARAL: 600
NP_DOMAIN_PARAL: 1 1 1
NP_DOMAIN_PHI_PARAL: 6 10 10
EIG_SERIAL_MAXNS: 2000
***************************************************************************
                             Initialization                                
***************************************************************************
Number of processors               :  600
Mesh spacing                       :  0.309885 (Bohr)
Number of symmetry adapted k-points:  1
Output printed to                  :  c512.out
Total number of atom types         :  1
Total number of atoms              :  512
Total number of electrons          :  2048
Atom type 1  (valence electrons)   :  C 4
Pseudopotential                    :  c_rc1.5a.psp8
Atomic mass                        :  12.0106
Pseudocharge radii of atom type 1  :  6.82 6.82 6.82 (x, y, z dir)
Number of atoms of type 1          :  512
Estimated total memory usage       :  35.46 GB
Estimated memory per processor     :  60.52 MB
===================================================================
                    Self Consistent Field (SCF#1)                     
===================================================================
Iteration     Free Energy (Ha/atom)   SCF Error        Timing (sec)
1            -5.7240100549E+00        1.629E-01        16.584
2            -5.7142535146E+00        8.295E-02        3.862
3            -5.7112924549E+00        1.200E-02        4.044
4            -5.7112827790E+00        6.133E-03        3.745
5            -5.7112790123E+00        2.151E-03        3.736
6            -5.7112717941E+00        3.759E-04        3.789
7            -5.7112714730E+00        1.332E-04        3.986
8            -5.7112714440E+00        5.683E-05        3.664
Total number of SCF: 8     

k = [0.000, 0.000, 0.000]
Occupation of state 1080 = 0.000000000000000.
Occupation of state 1200 = 0.000000000000000.
====================================================================
                    Energy and force calculation                    
====================================================================
Free energy per atom               : -5.7112715696E+00 (Ha/atom)
Total free energy                  : -2.9241710436E+03 (Ha)
Band structure energy              : -2.2230043580E+01 (Ha)
Exchange correlation energy        : -9.0520713689E+02 (Ha)
Self and correction energy         : -4.4739465573E+03 (Ha)
Entropy*kb*T                       : -2.1907198566E-07 (Ha)
Fermi level                        :  3.4026995356E-01 (Ha)
RMS force                          :  6.9177796464E-02 (Ha/Bohr)
Maximum force                      :  1.4897295503E-01 (Ha/Bohr)
Time for force calculation         :  0.127 (sec)
===================================================================
                    Self Consistent Field (SCF#2)                     
===================================================================
Iteration     Free Energy (Ha/atom)   SCF Error        Timing (sec)
1            -5.7126180671E+00        3.036E-02        3.787
2            -5.7118330046E+00        1.465E-02        3.695
3            -5.7116769137E+00        7.163E-03        4.056
4            -5.7116339242E+00        3.378E-03        3.718
5            -5.7116179377E+00        1.367E-03        3.735
6            -5.7116163267E+00        6.538E-04        3.777
7            -5.7116161372E+00        2.527E-04        3.730
8            -5.7116160596E+00        8.662E-05        3.698
Total number of SCF: 8     

k = [0.000, 0.000, 0.000]
Occupation of state 1080 = 0.000000000000000.
Occupation of state 1200 = 0.000000000000000.
====================================================================
                    Energy and force calculation                    
====================================================================
Free energy per atom               : -5.7116160204E+00 (Ha/atom)
Total free energy                  : -2.9243474024E+03 (Ha)
Band structure energy              : -2.2093790037E+01 (Ha)
Exchange correlation energy        : -9.0516770037E+02 (Ha)
Self and correction energy         : -4.4739472439E+03 (Ha)
Entropy*kb*T                       : -2.1805408885E-07 (Ha)
Fermi level                        :  3.3909913856E-01 (Ha)
RMS force                          :  6.6071138520E-02 (Ha/Bohr)
Maximum force                      :  1.4984584683E-01 (Ha/Bohr)
Time for force calculation         :  0.119 (sec)
MD step time                       :  30.466 (sec)
===================================================================
                    Self Consistent Field (SCF#3)                     
===================================================================
Iteration     Free Energy (Ha/atom)   SCF Error        Timing (sec)
1            -5.7134664423E+00        3.174E-02        3.749
2            -5.7126330606E+00        1.459E-02        3.730
3            -5.7125050544E+00        7.263E-03        3.731
4            -5.7124614059E+00        3.380E-03        3.961
5            -5.7124451125E+00        1.365E-03        3.646
6            -5.7124436112E+00        6.573E-04        3.680
7            -5.7124433804E+00        2.451E-04        3.698
8            -5.7124432991E+00        8.546E-05        3.763
Total number of SCF: 8     

k = [0.000, 0.000, 0.000]
Occupation of state 1080 = 0.000000000000000.
Occupation of state 1200 = 0.000000000000000.
====================================================================
                    Energy and force calculation                    
====================================================================
Free energy per atom               : -5.7124432649E+00 (Ha/atom)
Total free energy                  : -2.9247709516E+03 (Ha)
Band structure energy              : -2.1802196314E+01 (Ha)
Exchange correlation energy        : -9.0508002613E+02 (Ha)
Self and correction energy         : -4.4739476032E+03 (Ha)
Entropy*kb*T                       : -2.1794470420E-07 (Ha)
Fermi level                        :  3.3684320188E-01 (Ha)
RMS force                          :  5.8230583976E-02 (Ha/Bohr)
Maximum force                      :  1.2898875449E-01 (Ha/Bohr)
Time for force calculation         :  0.126 (sec)
MD step time                       :  30.236 (sec)
===================================================================
                    Self Consistent Field (SCF#4)                     
===================================================================
Iteration     Free Energy (Ha/atom)   SCF Error        Timing (sec)
1            -5.7133142614E+00        5.648E-04        3.724
2            -5.7133203400E+00        3.124E-04        3.690
3            -5.7133203573E+00        1.804E-04        3.656
4            -5.7133203482E+00        9.859E-05        3.628
Total number of SCF: 4     

k = [0.000, 0.000, 0.000]
Occupation of state 1080 = 0.000000000000000.
Occupation of state 1200 = 0.000000000000000.
====================================================================
                    Energy and force calculation                    
====================================================================
Free energy per atom               : -5.7133202933E+00 (Ha/atom)
Total free energy                  : -2.9252199901E+03 (Ha)
Band structure energy              : -2.1512299572E+01 (Ha)
Exchange correlation energy        : -9.0499197755E+02 (Ha)
Self and correction energy         : -4.4739475305E+03 (Ha)
Entropy*kb*T                       : -2.1932908791E-07 (Ha)
Fermi level                        :  3.3456453836E-01 (Ha)
RMS force                          :  4.9066600273E-02 (Ha/Bohr)
Maximum force                      :  1.0257005964E-01 (Ha/Bohr)
Time for force calculation         :  0.121 (sec)
MD step time                       :  14.949 (sec)
===================================================================
                    Self Consistent Field (SCF#5)                     
===================================================================
Iteration     Free Energy (Ha/atom)   SCF Error        Timing (sec)
1            -5.7141049345E+00        6.129E-04        3.684
2            -5.7141103366E+00        3.923E-04        3.687
3            -5.7141101528E+00        1.653E-04        3.694
4            -5.7141101409E+00        9.286E-05        3.678
Total number of SCF: 4     

k = [0.000, 0.000, 0.000]
Occupation of state 1080 = 0.000000000000000.
Occupation of state 1200 = 0.000000000000000.
====================================================================
                    Energy and force calculation                    
====================================================================
Free energy per atom               : -5.7141101790E+00 (Ha/atom)
Total free energy                  : -2.9256244116E+03 (Ha)
Band structure energy              : -2.1267296595E+01 (Ha)
Exchange correlation energy        : -9.0491760053E+02 (Ha)
Self and correction energy         : -4.4739472476E+03 (Ha)
Entropy*kb*T                       : -2.2288592444E-07 (Ha)
Fermi level                        :  3.3269936531E-01 (Ha)
RMS force                          :  3.9726432428E-02 (Ha/Bohr)
Maximum force                      :  8.2404862815E-02 (Ha/Bohr)
Time for force calculation         :  0.119 (sec)
MD step time                       :  14.979 (sec)
===================================================================
                    Self Consistent Field (SCF#6)                     
===================================================================
Iteration     Free Energy (Ha/atom)   SCF Error        Timing (sec)
1            -5.7147838372E+00        5.438E-04        3.710
2            -5.7147900880E+00        2.923E-04        3.797
3            -5.7147900209E+00        1.580E-04        3.713
4            -5.7147900079E+00        9.492E-05        3.672
Total number of SCF: 4     

k = [0.000, 0.000, 0.000]
Occupation of state 1080 = 0.000000000000000.
Occupation of state 1200 = 0.000000000000000.
====================================================================
                    Energy and force calculation                    
====================================================================
Free energy per atom               : -5.7147900461E+00 (Ha/atom)
Total free energy                  : -2.9259725036E+03 (Ha)
Band structure energy              : -2.1078065131E+01 (Ha)
Exchange correlation energy        : -9.0485960032E+02 (Ha)
Self and correction energy         : -4.4739469383E+03 (Ha)
Entropy*kb*T                       : -2.2373425154E-07 (Ha)
Fermi level                        :  3.3147211632E-01 (Ha)
RMS force                          :  3.0306139362E-02 (Ha/Bohr)
Maximum force                      :  6.1953670700E-02 (Ha/Bohr)
Time for force calculation         :  0.120 (sec)
MD step time                       :  15.118 (sec)
===================================================================
                    Self Consistent Field (SCF#7)                     
===================================================================
Iteration     Free Energy (Ha/atom)   SCF Error        Timing (sec)
1            -5.7152349291E+00        5.229E-04        3.696
2            -5.7152408021E+00        3.182E-04        3.709
3            -5.7152406999E+00        1.518E-04        3.679
4            -5.7152406798E+00        9.505E-05        3.811
Total number of SCF: 4     

k = [0.000, 0.000, 0.000]
Occupation of state 1080 = 0.000000000000000.
Occupation of state 1200 = 0.000000000000000.
====================================================================
                    Energy and force calculation                    
====================================================================
Free energy per atom               : -5.7152406970E+00 (Ha/atom)
Total free energy                  : -2.9262032369E+03 (Ha)
Band structure energy              : -2.0981375117E+01 (Ha)
Exchange correlation energy        : -9.0482862731E+02 (Ha)
Self and correction energy         : -4.4739466912E+03 (Ha)
Entropy*kb*T                       : -2.2196143892E-07 (Ha)
Fermi level                        :  3.3105865168E-01 (Ha)
RMS force                          :  2.3357332495E-02 (Ha/Bohr)
Maximum force                      :  5.6779670037E-02 (Ha/Bohr)
Time for force calculation         :  0.125 (sec)
MD step time                       :  15.141 (sec)
===================================================================
                    Self Consistent Field (SCF#8)                     
===================================================================
Iteration     Free Energy (Ha/atom)   SCF Error        Timing (sec)
1            -5.7154676393E+00        4.147E-04        3.723
2            -5.7154728522E+00        2.354E-04        3.709
3            -5.7154728211E+00        1.304E-04        3.711
4            -5.7154728056E+00        8.536E-05        3.690
Total number of SCF: 4     

k = [0.000, 0.000, 0.000]
Occupation of state 1080 = 0.000000000000000.
Occupation of state 1200 = 0.000000000000000.
====================================================================
                    Energy and force calculation                    
====================================================================
Free energy per atom               : -5.7154728086E+00 (Ha/atom)
Total free energy                  : -2.9263220780E+03 (Ha)
Band structure energy              : -2.0968377613E+01 (Ha)
Exchange correlation energy        : -9.0482211597E+02 (Ha)
Self and correction energy         : -4.4739464690E+03 (Ha)
Entropy*kb*T                       : -2.2143107691E-07 (Ha)
Fermi level                        :  3.3113263532E-01 (Ha)
RMS force                          :  2.0028815036E-02 (Ha/Bohr)
Maximum force                      :  5.1681069310E-02 (Ha/Bohr)
Time for force calculation         :  0.121 (sec)
MD step time                       :  15.089 (sec)
===================================================================
                    Self Consistent Field (SCF#9)                     
===================================================================
Iteration     Free Energy (Ha/atom)   SCF Error        Timing (sec)
1            -5.7155244975E+00        5.245E-04        3.732
2            -5.7155304379E+00        3.595E-04        3.733
3            -5.7155302385E+00        1.458E-04        3.667
4            -5.7155302339E+00        9.481E-05        3.697
Total number of SCF: 4     

k = [0.000, 0.000, 0.000]
Occupation of state 1080 = 0.000000000000000.
Occupation of state 1200 = 0.000000000000000.
====================================================================
                    Energy and force calculation                    
====================================================================
Free energy per atom               : -5.7155302319E+00 (Ha/atom)
Total free energy                  : -2.9263514787E+03 (Ha)
Band structure energy              : -2.1024524061E+01 (Ha)
Exchange correlation energy        : -9.0483624723E+02 (Ha)
Self and correction energy         : -4.4739462225E+03 (Ha)
Entropy*kb*T                       : -2.2248253101E-07 (Ha)
Fermi level                        :  3.3147845003E-01 (Ha)
RMS force                          :  2.0762579614E-02 (Ha/Bohr)
Maximum force                      :  5.0633265182E-02 (Ha/Bohr)
Time for force calculation         :  0.120 (sec)
MD step time                       :  15.055 (sec)
===================================================================
                    Self Consistent Field (SCF#10)                     
===================================================================
Iteration     Free Energy (Ha/atom)   SCF Error        Timing (sec)
1            -5.7154012963E+00        4.704E-04        3.712
2            -5.7154079566E+00        2.566E-04        3.962
3            -5.7154079158E+00        1.386E-04        3.726
4            -5.7154079236E+00        8.798E-05        3.676
Total number of SCF: 4     

k = [0.000, 0.000, 0.000]
Occupation of state 1080 = 0.000000000000000.
Occupation of state 1200 = 0.000000000000000.
====================================================================
                    Energy and force calculation                    
====================================================================
Free energy per atom               : -5.7154078895E+00 (Ha/atom)
Total free energy                  : -2.9262888394E+03 (Ha)
Band structure energy              : -2.1145671567E+01 (Ha)
Exchange correlation energy        : -9.0487010195E+02 (Ha)
Self and correction energy         : -4.4739459486E+03 (Ha)
Entropy*kb*T                       : -2.2291851195E-07 (Ha)
Fermi level                        :  3.3198665706E-01 (Ha)
RMS force                          :  2.5359055217E-02 (Ha/Bohr)
Maximum force                      :  5.7150136561E-02 (Ha/Bohr)
Time for force calculation         :  0.119 (sec)
MD step time                       :  15.313 (sec)
***************************************************************************
                               Timing info                                 
***************************************************************************
Total walltime                     :  210.339 sec
___________________________________________________________________________

***************************************************************************
*             Material Physics & Mechanics Group, Georgia Tech            *
*                       PI: Phanish Suryanarayana                         *
*                Main Developers: Qimen Xu, Abhiraj Sharma                *
*     Collaborators: J.E. Pask (LLNL), A.J. Medford (GT), E. Chow (GT)    *
*  Acknowledgements: U.S. DOE (DE-SC0019410); U.S. NSF (1333500,1553212)  *
***************************************************************************
                                                                           
