***************************************************************************
*                           SPARC (May 06, 2020)                          *
*   Copyright (c) 2019 Material Physics & Mechanics Group, Georgia Tech   *
*           Distributed under GNU General Public License 3 (GPL)          *
*                   Start time: Sat May  9 07:59:16 2020                  *
***************************************************************************
                           Input parameters                                
***************************************************************************
CELL: 8.05023329606531 31.553365972058 31.553365972058 
LATVEC:
1 0 0 
0 1 0 
-0 -0 1 
FD_GRID: 34 131 131
FD_ORDER: 12
BC: P P P
KPOINT_GRID: 5 1 1
KPOINT_SHIFT: 0 0 0
SPIN_TYP: 0
ELEC_TEMP_TYPE: Gaussian
SMEARING: 0.003674926479
CHEB_DEGREE: 31
NSTATES: 62
#WARNING: Number of bands may be insufficient for efficient SCF convergence.
EXCHANGE_CORRELATION: LDA_PZ
CALC_STRESS: 0
CALC_PRES: 0
CHEFSI_BOUND_FLAG: 0
MAXIT_SCF: 1000
MINIT_SCF: 3
MAXIT_POISSON: 3000
TOL_SCF: 5.27E-04
POISSON_SOLVER: AAR
TOL_POISSON: 5.27E-06
TOL_LANCZOS: 1.00E-02
TOL_PSEUDOCHARGE: 5.27E-06
MIXING_VARIABLE: density
MIXING_PRECOND: kerker
TOL_PRECOND: 5.73E-05
PRECOND_KERKER_KTF: 1
PRECOND_KERKER_THRESH: 0.1
MIXING_PARAMETER: 0.3
MIXING_HISTORY: 7
PULAY_FREQUENCY: 1
PULAY_RESTART: 0
REFERENCE_CUTOFF: 0.5
RHO_TRIGGER: 4
FIX_RAND: 0
VERBOSITY: 1
PRINT_FORCES: 1
PRINT_ATOMS: 1
PRINT_EIGEN: 0
PRINT_DENSITY: 0
OUTPUT_FILE: input_file_store/sprc-calc_96
***************************************************************************
                           Parallelization                                 
***************************************************************************
NP_SPIN_PARAL: 1
NP_KPOINT_PARAL: 3
NP_BAND_PARAL: 32
NP_DOMAIN_PARAL: 1 1 1
NP_DOMAIN_PHI_PARAL: 2 6 8
EIG_USE_LAPACK: 1
EIG_LAPACK_MAXNS: 2000
***************************************************************************
                             Initialization                                
***************************************************************************
Number of processors               :  96
Mesh spacing in x-direction        :  0.236772 (Bohr)
Mesh spacing in y-direction        :  0.240865 (Bohr)
Mesh spacing in z direction        :  0.240865 (Bohr)
Number of symmetry adapted k-points:  3
Output printed to                  :  input_file_store/sprc-calc_96.out
Total number of atom types         :  1
Total number of atoms              :  24
Total number of electrons          :  96
Atom type 1  (valence electrons)   :  C 4
Pseudopotential                    :  input_file_store/C.pot
Pseudocharge radii of atom type 1  :  6.39 6.50 6.50 (x, y, z dir)
Number of atoms of type 1          :  24
Estimated total memory usage       :  9.82 GB
Estimated memory per processor     :  104.80 MB
===================================================================
                    Self Consistent Field (SCF#1)                     
===================================================================
Iteration     Free Energy (Ha/atom)   SCF Error        Timing (sec)
1            -5.7273606901E+00        1.893E-01        14.476
2            -5.7181257423E+00        1.315E-01        3.532
3            -5.7054810004E+00        2.027E-02        3.853
4            -5.7053240466E+00        1.470E-02        3.493
5            -5.7050351433E+00        4.468E-03        3.737
6            -5.7049965370E+00        3.061E-03        3.527
7            -5.7049654666E+00        1.901E-03        3.586
8            -5.7049495671E+00        1.308E-03        3.676
9            -5.7049495093E+00        8.129E-04        3.563
10           -5.7049513019E+00        5.785E-04        3.778
11           -5.7049482751E+00        4.056E-04        3.498
Total number of SCF: 11    

k = [-0.400, 0.000, 0.000]
Occupation of state 56 = 0.000000000000000.
Occupation of state 62 = 0.000000000000000.
====================================================================
                    Energy and force calculation                    
====================================================================
Free energy per atom               : -5.7049777402E+00 (Ha/atom)
Total free energy                  : -1.3691946576E+02 (Ha)
Band structure energy              : -4.2834230799E+01 (Ha)
Exchange correlation energy        : -4.1846281984E+01 (Ha)
Self and correction energy         : -4.0155489948E+02 (Ha)
Entropy*kb*T                       : -9.6384342971E-04 (Ha)
Fermi level                        : -9.9901112063E-02 (Ha)
RMS force                          :  1.4474918608E-02 (Ha/Bohr)
Maximum force                      :  1.4615885847E-02 (Ha/Bohr)
Time for force calculation         :  0.156 (sec)
***************************************************************************
                               Timing info                                 
***************************************************************************
Total walltime                     :  51.184 sec
___________________________________________________________________________

***************************************************************************
*             Material Physics & Mechanics Group, Georgia Tech            *
*                       PI: Phanish Suryanarayana                         *
*                Main Developers: Qimen Xu, Abhiraj Sharma                *
*     Collaborators: J.E. Pask (LLNL), A.J. Medford (GT), E. Chow (GT)    *
*  Acknowledgements: U.S. DOE (DE-SC0019410); U.S. NSF (1333500,1553212)  *
***************************************************************************
                                                                           
