***************************************************************************
*                           SPARC (May 06, 2020)                          *
*   Copyright (c) 2019 Material Physics & Mechanics Group, Georgia Tech   *
*           Distributed under GNU General Public License 3 (GPL)          *
*                   Start time: Sat May  9 06:24:19 2020                  *
***************************************************************************
                           Input parameters                                
***************************************************************************
CELL: 8.05023329606531 31.553365972058 31.553365972058 
LATVEC:
1 0 0 
0 1 0 
-0 -0 1 
FD_GRID: 34 131 131
FD_ORDER: 12
BC: P P P
KPOINT_GRID: 5 1 1
KPOINT_SHIFT: 0 0 0
SPIN_TYP: 0
ELEC_TEMP_TYPE: Gaussian
SMEARING: 0.003674926479
CHEB_DEGREE: 31
NSTATES: 62
#WARNING: Number of bands may be insufficient for efficient SCF convergence.
EXCHANGE_CORRELATION: LDA_PZ
CALC_STRESS: 0
CALC_PRES: 0
CHEFSI_BOUND_FLAG: 0
MAXIT_SCF: 1000
MINIT_SCF: 3
MAXIT_POISSON: 3000
TOL_SCF: 5.27E-04
POISSON_SOLVER: AAR
TOL_POISSON: 5.27E-06
TOL_LANCZOS: 1.00E-02
TOL_PSEUDOCHARGE: 5.27E-06
MIXING_VARIABLE: density
MIXING_PRECOND: kerker
TOL_PRECOND: 5.73E-05
PRECOND_KERKER_KTF: 1
PRECOND_KERKER_THRESH: 0.1
MIXING_PARAMETER: 0.3
MIXING_HISTORY: 7
PULAY_FREQUENCY: 1
PULAY_RESTART: 0
REFERENCE_CUTOFF: 0.5
RHO_TRIGGER: 4
FIX_RAND: 0
VERBOSITY: 1
PRINT_FORCES: 1
PRINT_ATOMS: 1
PRINT_EIGEN: 0
PRINT_DENSITY: 0
OUTPUT_FILE: input_file_store/sprc-calc_24
***************************************************************************
                           Parallelization                                 
***************************************************************************
NP_SPIN_PARAL: 1
NP_KPOINT_PARAL: 3
NP_BAND_PARAL: 8
NP_DOMAIN_PARAL: 1 1 1
NP_DOMAIN_PHI_PARAL: 1 4 6
EIG_USE_LAPACK: 1
EIG_LAPACK_MAXNS: 2000
***************************************************************************
                             Initialization                                
***************************************************************************
Number of processors               :  24
Mesh spacing in x-direction        :  0.236772 (Bohr)
Mesh spacing in y-direction        :  0.240865 (Bohr)
Mesh spacing in z direction        :  0.240865 (Bohr)
Number of symmetry adapted k-points:  3
Output printed to                  :  input_file_store/sprc-calc_24.out
Total number of atom types         :  1
Total number of atoms              :  24
Total number of electrons          :  96
Atom type 1  (valence electrons)   :  C 4
Pseudopotential                    :  input_file_store/C.pot
Pseudocharge radii of atom type 1  :  6.39 6.50 6.50 (x, y, z dir)
Number of atoms of type 1          :  24
Estimated total memory usage       :  9.82 GB
Estimated memory per processor     :  419.19 MB
===================================================================
                    Self Consistent Field (SCF#1)                     
===================================================================
Iteration     Free Energy (Ha/atom)   SCF Error        Timing (sec)
1            -5.7273820624E+00        1.892E-01        52.638
2            -5.7181328840E+00        1.315E-01        13.353
3            -5.7054809354E+00        2.025E-02        13.210
4            -5.7053245181E+00        1.484E-02        13.281
5            -5.7050336232E+00        4.398E-03        13.168
6            -5.7049971921E+00        3.132E-03        13.177
7            -5.7049633951E+00        1.874E-03        13.247
8            -5.7049497516E+00        1.308E-03        13.147
9            -5.7049504943E+00        8.396E-04        13.158
10           -5.7049506759E+00        6.073E-04        13.228
11           -5.7049507839E+00        4.089E-04        13.143
Total number of SCF: 11    

k = [-0.400, 0.000, 0.000]
Occupation of state 56 = 0.000000000000000.
Occupation of state 62 = 0.000000000000000.
====================================================================
                    Energy and force calculation                    
====================================================================
Free energy per atom               : -5.7049777489E+00 (Ha/atom)
Total free energy                  : -1.3691946597E+02 (Ha)
Band structure energy              : -4.2833226994E+01 (Ha)
Exchange correlation energy        : -4.1846216172E+01 (Ha)
Self and correction energy         : -4.0155489948E+02 (Ha)
Entropy*kb*T                       : -9.6374034265E-04 (Ha)
Fermi level                        : -9.9892421157E-02 (Ha)
RMS force                          :  1.4453845395E-02 (Ha/Bohr)
Maximum force                      :  1.4635047306E-02 (Ha/Bohr)
Time for force calculation         :  0.513 (sec)
***************************************************************************
                               Timing info                                 
***************************************************************************
Total walltime                     :  186.356 sec
___________________________________________________________________________

***************************************************************************
*             Material Physics & Mechanics Group, Georgia Tech            *
*                       PI: Phanish Suryanarayana                         *
*                Main Developers: Qimen Xu, Abhiraj Sharma                *
*     Collaborators: J.E. Pask (LLNL), A.J. Medford (GT), E. Chow (GT)    *
*  Acknowledgements: U.S. DOE (DE-SC0019410); U.S. NSF (1333500,1553212)  *
***************************************************************************
                                                                           
