***************************************************************************
*                           SPARC (May 06, 2020)                          *
*   Copyright (c) 2019 Material Physics & Mechanics Group, Georgia Tech   *
*           Distributed under GNU General Public License 3 (GPL)          *
*                   Start time: Sun May 10 12:50:50 2020                  *
***************************************************************************
                           Input parameters                                
***************************************************************************
CELL: 8.05023329606531 31.553365972058 31.553365972058 
LATVEC:
1 0 0 
0 1 0 
-0 -0 1 
FD_GRID: 34 131 131
FD_ORDER: 12
BC: P P P
KPOINT_GRID: 5 1 1
KPOINT_SHIFT: 0 0 0
SPIN_TYP: 0
ELEC_TEMP_TYPE: Gaussian
SMEARING: 0.003674926479
CHEB_DEGREE: 31
NSTATES: 62
#WARNING: Number of bands may be insufficient for efficient SCF convergence.
EXCHANGE_CORRELATION: LDA_PZ
CALC_STRESS: 0
CALC_PRES: 0
CHEFSI_BOUND_FLAG: 0
MAXIT_SCF: 1000
MINIT_SCF: 3
MAXIT_POISSON: 3000
TOL_SCF: 5.27E-04
POISSON_SOLVER: AAR
TOL_POISSON: 5.27E-06
TOL_LANCZOS: 1.00E-02
TOL_PSEUDOCHARGE: 5.27E-06
MIXING_VARIABLE: density
MIXING_PRECOND: kerker
TOL_PRECOND: 5.73E-05
PRECOND_KERKER_KTF: 1
PRECOND_KERKER_THRESH: 0.1
MIXING_PARAMETER: 0.3
MIXING_HISTORY: 7
PULAY_FREQUENCY: 1
PULAY_RESTART: 0
REFERENCE_CUTOFF: 0.5
RHO_TRIGGER: 4
FIX_RAND: 0
VERBOSITY: 1
PRINT_FORCES: 1
PRINT_ATOMS: 1
PRINT_EIGEN: 0
PRINT_DENSITY: 0
OUTPUT_FILE: input_file_store/sprc-calc_336
***************************************************************************
                           Parallelization                                 
***************************************************************************
NP_SPIN_PARAL: 1
NP_KPOINT_PARAL: 3
NP_BAND_PARAL: 62
NP_DOMAIN_PARAL: 1 1 1
NP_DOMAIN_PHI_PARAL: 3 8 14
EIG_USE_LAPACK: 1
EIG_LAPACK_MAXNS: 2000
***************************************************************************
                             Initialization                                
***************************************************************************
Number of processors               :  336
Mesh spacing in x-direction        :  0.236772 (Bohr)
Mesh spacing in y-direction        :  0.240865 (Bohr)
Mesh spacing in z direction        :  0.240865 (Bohr)
Number of symmetry adapted k-points:  3
Output printed to                  :  input_file_store/sprc-calc_336.out
Total number of atom types         :  1
Total number of atoms              :  24
Total number of electrons          :  96
Atom type 1  (valence electrons)   :  C 4
Pseudopotential                    :  input_file_store/C.pot
Pseudocharge radii of atom type 1  :  6.39 6.50 6.50 (x, y, z dir)
Number of atoms of type 1          :  24
Estimated total memory usage       :  9.82 GB
Estimated memory per processor     :  29.94 MB
===================================================================
                    Self Consistent Field (SCF#1)                     
===================================================================
Iteration     Free Energy (Ha/atom)   SCF Error        Timing (sec)
1            -5.7273882057E+00        1.893E-01        7.386
2            -5.7181006837E+00        1.315E-01        1.868
3            -5.7054983383E+00        2.046E-02        1.847
4            -5.7053313024E+00        1.513E-02        1.862
5            -5.7050419663E+00        4.744E-03        2.137
6            -5.7050006941E+00        3.258E-03        2.212
7            -5.7049719057E+00        2.093E-03        1.833
8            -5.7049517209E+00        1.354E-03        1.981
9            -5.7049507019E+00        8.772E-04        1.780
10           -5.7049536354E+00        5.709E-04        1.774
11           -5.7049458607E+00        4.394E-04        1.710
Total number of SCF: 11    

k = [-0.400, 0.000, 0.000]
Occupation of state 56 = 0.000000000000000.
Occupation of state 62 = 0.000000000000000.
====================================================================
                    Energy and force calculation                    
====================================================================
Free energy per atom               : -5.7049780502E+00 (Ha/atom)
Total free energy                  : -1.3691947321E+02 (Ha)
Band structure energy              : -4.2879200712E+01 (Ha)
Exchange correlation energy        : -4.1846840704E+01 (Ha)
Self and correction energy         : -4.0155489948E+02 (Ha)
Entropy*kb*T                       : -9.6315076530E-04 (Ha)
Fermi level                        : -1.0035838195E-01 (Ha)
RMS force                          :  1.4295598509E-02 (Ha/Bohr)
Maximum force                      :  1.4383160634E-02 (Ha/Bohr)
Time for force calculation         :  0.070 (sec)
***************************************************************************
                               Timing info                                 
***************************************************************************
Total walltime                     :  26.728 sec
___________________________________________________________________________

***************************************************************************
*             Material Physics & Mechanics Group, Georgia Tech            *
*                       PI: Phanish Suryanarayana                         *
*                Main Developers: Qimen Xu, Abhiraj Sharma                *
*     Collaborators: J.E. Pask (LLNL), A.J. Medford (GT), E. Chow (GT)    *
*  Acknowledgements: U.S. DOE (DE-SC0019410); U.S. NSF (1333500,1553212)  *
***************************************************************************
                                                                           
