***************************************************************************
*                           SPARC (May 06, 2020)                          *
*   Copyright (c) 2019 Material Physics & Mechanics Group, Georgia Tech   *
*           Distributed under GNU General Public License 3 (GPL)          *
*                   Start time: Sat May  9 05:59:43 2020                  *
***************************************************************************
                           Input parameters                                
***************************************************************************
CELL: 4.96380178969932 9.84024704021487 32.7071965745209 
LATVEC:
1 0 0 
0 1 0 
0 0 1 
FD_GRID: 21 41 136
FD_ORDER: 12
BC: P P P
KPOINT_GRID: 8 4 1
KPOINT_SHIFT: 0 0 0
SPIN_TYP: 0
ELEC_TEMP_TYPE: Gaussian
SMEARING: 0.003674926479
CHEB_DEGREE: 31
NSTATES: 77
EXCHANGE_CORRELATION: LDA_PZ
CALC_STRESS: 0
CALC_PRES: 0
CHEFSI_BOUND_FLAG: 0
MAXIT_SCF: 1000
MINIT_SCF: 3
MAXIT_POISSON: 3000
TOL_SCF: 8.39E-05
POISSON_SOLVER: AAR
TOL_POISSON: 8.39E-07
TOL_LANCZOS: 1.00E-02
TOL_PSEUDOCHARGE: 8.39E-07
MIXING_VARIABLE: density
MIXING_PRECOND: kerker
TOL_PRECOND: 5.71E-05
PRECOND_KERKER_KTF: 1
PRECOND_KERKER_THRESH: 0.1
MIXING_PARAMETER: 0.3
MIXING_HISTORY: 7
PULAY_FREQUENCY: 1
PULAY_RESTART: 0
REFERENCE_CUTOFF: 0.5
RHO_TRIGGER: 4
FIX_RAND: 0
VERBOSITY: 1
PRINT_FORCES: 1
PRINT_ATOMS: 1
PRINT_EIGEN: 0
PRINT_DENSITY: 0
OUTPUT_FILE: input_file_store/sprc-calc_1
***************************************************************************
                           Parallelization                                 
***************************************************************************
NP_SPIN_PARAL: 1
NP_KPOINT_PARAL: 1
NP_BAND_PARAL: 1
NP_DOMAIN_PARAL: 1 1 1
NP_DOMAIN_PHI_PARAL: 1 1 1
EIG_USE_LAPACK: 1
EIG_LAPACK_MAXNS: 2000
***************************************************************************
                             Initialization                                
***************************************************************************
Number of processors               :  1
Mesh spacing in x-direction        :  0.236372 (Bohr)
Mesh spacing in y-direction        :  0.240006 (Bohr)
Mesh spacing in z direction        :  0.240494 (Bohr)
Number of symmetry adapted k-points:  18
Output printed to                  :  input_file_store/sprc-calc_1.out
Total number of atom types         :  1
Total number of atoms              :  6
Total number of electrons          :  120
Atom type 1  (valence electrons)   :  Zn 20
Pseudopotential                    :  input_file_store/Zn.pot
Pseudocharge radii of atom type 1  :  6.38 6.48 6.49 (x, y, z dir)
Number of atoms of type 1          :  6
Estimated total memory usage       :  14.53 GB
Estimated memory per processor     :  14.53 GB
===================================================================
                    Self Consistent Field (SCF#1)                     
===================================================================
Iteration     Free Energy (Ha/atom)   SCF Error        Timing (sec)
1            -2.0001169577E+02        1.303E-02        1474.475
2            -2.0001083928E+02        6.290E-03        350.496
3            -2.0000984469E+02        3.650E-03        351.255
4            -2.0000962128E+02        7.061E-04        344.284
5            -2.0000962465E+02        3.819E-04        343.118
6            -2.0000963166E+02        8.490E-05        342.399
7            -2.0000963362E+02        4.916E-05        341.102
Total number of SCF: 7     

k = [-0.375, -0.250, 0.000]
Occupation of state 69 = 0.000000000000000.
Occupation of state 77 = 0.000000000000000.
====================================================================
                    Energy and force calculation                    
====================================================================
Free energy per atom               : -2.0000963872E+02 (Ha/atom)
Total free energy                  : -1.2000578323E+03 (Ha)
Band structure energy              : -1.8221683899E+02 (Ha)
Exchange correlation energy        : -1.0695676233E+02 (Ha)
Self and correction energy         : -1.2204687382E+03 (Ha)
Entropy*kb*T                       : -6.4506058808E-04 (Ha)
Fermi level                        : -3.0197265345E-02 (Ha)
RMS force                          :  5.9312290387E-03 (Ha/Bohr)
Maximum force                      :  7.8568027977E-03 (Ha/Bohr)
Time for force calculation         :  11.441 (sec)
***************************************************************************
                               Timing info                                 
***************************************************************************
Total walltime                     :  3562.939 sec
___________________________________________________________________________

***************************************************************************
*             Material Physics & Mechanics Group, Georgia Tech            *
*                       PI: Phanish Suryanarayana                         *
*                Main Developers: Qimen Xu, Abhiraj Sharma                *
*     Collaborators: J.E. Pask (LLNL), A.J. Medford (GT), E. Chow (GT)    *
*  Acknowledgements: U.S. DOE (DE-SC0019410); U.S. NSF (1333500,1553212)  *
***************************************************************************
                                                                           
