***************************************************************************
*                           SPARC (May 06, 2020)                          *
*   Copyright (c) 2019 Material Physics & Mechanics Group, Georgia Tech   *
*           Distributed under GNU General Public License 3 (GPL)          *
*                   Start time: Sat May  9 12:42:59 2020                  *
***************************************************************************
                           Input parameters                                
***************************************************************************
CELL: 4.96380178969932 9.84024704021487 32.7071965745209 
LATVEC:
1 0 0 
0 1 0 
0 0 1 
FD_GRID: 21 41 136
FD_ORDER: 12
BC: P P P
KPOINT_GRID: 8 4 1
KPOINT_SHIFT: 0 0 0
SPIN_TYP: 0
ELEC_TEMP_TYPE: Gaussian
SMEARING: 0.003674926479
CHEB_DEGREE: 31
NSTATES: 77
EXCHANGE_CORRELATION: LDA_PZ
CALC_STRESS: 0
CALC_PRES: 0
CHEFSI_BOUND_FLAG: 0
MAXIT_SCF: 1000
MINIT_SCF: 3
MAXIT_POISSON: 3000
TOL_SCF: 8.39E-05
POISSON_SOLVER: AAR
TOL_POISSON: 8.39E-07
TOL_LANCZOS: 1.00E-02
TOL_PSEUDOCHARGE: 8.39E-07
MIXING_VARIABLE: density
MIXING_PRECOND: kerker
TOL_PRECOND: 5.71E-05
PRECOND_KERKER_KTF: 1
PRECOND_KERKER_THRESH: 0.1
MIXING_PARAMETER: 0.3
MIXING_HISTORY: 7
PULAY_FREQUENCY: 1
PULAY_RESTART: 0
REFERENCE_CUTOFF: 0.5
RHO_TRIGGER: 4
FIX_RAND: 0
VERBOSITY: 1
PRINT_FORCES: 1
PRINT_ATOMS: 1
PRINT_EIGEN: 0
PRINT_DENSITY: 0
OUTPUT_FILE: input_file_store/sprc-calc_192
***************************************************************************
                           Parallelization                                 
***************************************************************************
NP_SPIN_PARAL: 1
NP_KPOINT_PARAL: 18
NP_BAND_PARAL: 10
NP_DOMAIN_PARAL: 1 1 1
NP_DOMAIN_PHI_PARAL: 3 4 16
EIG_USE_LAPACK: 1
EIG_LAPACK_MAXNS: 2000
***************************************************************************
                             Initialization                                
***************************************************************************
Number of processors               :  192
Mesh spacing in x-direction        :  0.236372 (Bohr)
Mesh spacing in y-direction        :  0.240006 (Bohr)
Mesh spacing in z direction        :  0.240494 (Bohr)
Number of symmetry adapted k-points:  18
Output printed to                  :  input_file_store/sprc-calc_192.out
Total number of atom types         :  1
Total number of atoms              :  6
Total number of electrons          :  120
Atom type 1  (valence electrons)   :  Zn 20
Pseudopotential                    :  input_file_store/Zn.pot
Pseudocharge radii of atom type 1  :  6.38 6.48 6.49 (x, y, z dir)
Number of atoms of type 1          :  6
Estimated total memory usage       :  14.53 GB
Estimated memory per processor     :  77.52 MB
===================================================================
                    Self Consistent Field (SCF#1)                     
===================================================================
Iteration     Free Energy (Ha/atom)   SCF Error        Timing (sec)
1            -2.0001204042E+02        1.305E-02        13.436
2            -2.0001086478E+02        6.282E-03        3.494
3            -2.0000984334E+02        3.640E-03        3.577
4            -2.0000962424E+02        6.655E-04        3.485
5            -2.0000962550E+02        3.563E-04        3.999
6            -2.0000963132E+02        8.550E-05        3.449
7            -2.0000963394E+02        4.772E-05        3.491
Total number of SCF: 7     

k = [-0.375, -0.250, 0.000]
Occupation of state 69 = 0.000000000000000.
Occupation of state 77 = 0.000000000000000.
====================================================================
                    Energy and force calculation                    
====================================================================
Free energy per atom               : -2.0000963844E+02 (Ha/atom)
Total free energy                  : -1.2000578306E+03 (Ha)
Band structure energy              : -1.8220783968E+02 (Ha)
Exchange correlation energy        : -1.0695586171E+02 (Ha)
Self and correction energy         : -1.2204687382E+03 (Ha)
Entropy*kb*T                       : -6.4479830727E-04 (Ha)
Fermi level                        : -3.0163671090E-02 (Ha)
