***************************************************************************
*                           SPARC (May 06, 2020)                          *
*   Copyright (c) 2019 Material Physics & Mechanics Group, Georgia Tech   *
*           Distributed under GNU General Public License 3 (GPL)          *
*                   Start time: Sat May  9 05:59:10 2020                  *
***************************************************************************
                           Input parameters                                
***************************************************************************
CELL: 5.95263729638632 22.6767135100431 22.6767135100431 
LATVEC:
1 0 0 
0 1 0 
0 0 1 
FD_GRID: 25 94 94
FD_ORDER: 12
BC: P P P
KPOINT_GRID: 7 1 1
KPOINT_SHIFT: 0 0 0
SPIN_TYP: 0
ELEC_TEMP_TYPE: Gaussian
SMEARING: 0.003674926479
CHEB_DEGREE: 31
NSTATES: 21
#WARNING: Number of bands may be insufficient for efficient SCF convergence.
EXCHANGE_CORRELATION: LDA_PZ
CALC_STRESS: 0
CALC_PRES: 0
CHEFSI_BOUND_FLAG: 0
MAXIT_SCF: 1000
MINIT_SCF: 3
MAXIT_POISSON: 3000
TOL_SCF: 1.26E-04
POISSON_SOLVER: AAR
TOL_POISSON: 1.26E-06
TOL_LANCZOS: 1.00E-02
TOL_PSEUDOCHARGE: 1.26E-06
MIXING_VARIABLE: density
MIXING_PRECOND: kerker
TOL_PRECOND: 5.77E-05
PRECOND_KERKER_KTF: 1
PRECOND_KERKER_THRESH: 0.1
MIXING_PARAMETER: 0.3
MIXING_HISTORY: 7
PULAY_FREQUENCY: 1
PULAY_RESTART: 0
REFERENCE_CUTOFF: 0.5
RHO_TRIGGER: 4
FIX_RAND: 0
VERBOSITY: 1
PRINT_FORCES: 1
PRINT_ATOMS: 1
PRINT_EIGEN: 0
PRINT_DENSITY: 0
OUTPUT_FILE: input_file_store/sprc-calc_6
***************************************************************************
                           Parallelization                                 
***************************************************************************
NP_SPIN_PARAL: 1
NP_KPOINT_PARAL: 4
NP_BAND_PARAL: 1
NP_DOMAIN_PARAL: 1 1 1
NP_DOMAIN_PHI_PARAL: 1 2 3
EIG_USE_LAPACK: 1
EIG_LAPACK_MAXNS: 2000
***************************************************************************
                             Initialization                                
***************************************************************************
Number of processors               :  6
Mesh spacing in x-direction        :  0.238105 (Bohr)
Mesh spacing in y-direction        :  0.241242 (Bohr)
Mesh spacing in z direction        :  0.241242 (Bohr)
Number of symmetry adapted k-points:  4
Output printed to                  :  input_file_store/sprc-calc_6.out
Total number of atom types         :  1
Total number of atoms              :  2
Total number of electrons          :  28
Atom type 1  (valence electrons)   :  Mo 14
Pseudopotential                    :  input_file_store/Mo.pot
Pseudocharge radii of atom type 1  :  6.43 6.51 6.51 (x, y, z dir)
Number of atoms of type 1          :  2
Estimated total memory usage       :  1.71 GB
Estimated memory per processor     :  291.00 MB
===================================================================
                    Self Consistent Field (SCF#1)                     
===================================================================
Iteration     Free Energy (Ha/atom)   SCF Error        Timing (sec)
1            -6.8437110042E+01        5.196E-02        51.273
2            -6.8450929568E+01        4.886E-02        12.860
3            -6.8453044211E+01        5.697E-02        12.888
4            -6.8443405196E+01        1.793E-02        12.879
5            -6.8441509632E+01        1.097E-02        12.841
6            -6.8441453336E+01        6.839E-03        12.791
7            -6.8441273503E+01        2.188E-03        12.666
8            -6.8441271196E+01        1.435E-03        12.902
9            -6.8441264398E+01        8.433E-04        12.877
10           -6.8441268911E+01        5.557E-04        12.919
11           -6.8441274010E+01        3.788E-04        12.837
12           -6.8441282531E+01        2.673E-04        13.039
13           -6.8441291540E+01        2.413E-04        12.893
14           -6.8441290910E+01        1.796E-04        12.640
15           -6.8441302994E+01        1.092E-04        12.520
Total number of SCF: 15    

k = [-0.429, 0.000, 0.000]
Occupation of state 19 = 0.000000000000000.
Occupation of state 21 = 0.000000000000000.
====================================================================
                    Energy and force calculation                    
====================================================================
Free energy per atom               : -6.8441317178E+01 (Ha/atom)
Total free energy                  : -1.3688263436E+02 (Ha)
Band structure energy              : -2.8001868505E+01 (Ha)
Exchange correlation energy        : -1.5049255438E+01 (Ha)
Self and correction energy         : -2.0449570298E+02 (Ha)
Entropy*kb*T                       : -2.2596273380E-03 (Ha)
Fermi level                        : -1.0300898088E-01 (Ha)
RMS force                          :  1.1361760200E-01 (Ha/Bohr)
Maximum force                      :  1.1361760200E-01 (Ha/Bohr)
Time for force calculation         :  0.443 (sec)
***************************************************************************
                               Timing info                                 
***************************************************************************
Total walltime                     :  232.237 sec
___________________________________________________________________________

***************************************************************************
*             Material Physics & Mechanics Group, Georgia Tech            *
*                       PI: Phanish Suryanarayana                         *
*                Main Developers: Qimen Xu, Abhiraj Sharma                *
*     Collaborators: J.E. Pask (LLNL), A.J. Medford (GT), E. Chow (GT)    *
*  Acknowledgements: U.S. DOE (DE-SC0019410); U.S. NSF (1333500,1553212)  *
***************************************************************************
                                                                           
