***************************************************************************
*                           SPARC (May 06, 2020)                          *
*   Copyright (c) 2019 Material Physics & Mechanics Group, Georgia Tech   *
*           Distributed under GNU General Public License 3 (GPL)          *
*                   Start time: Sat May  9 07:20:45 2020                  *
***************************************************************************
                           Input parameters                                
***************************************************************************
CELL: 20.9615845671113 20.9615845836278 20.9615846044863 
LATVEC:
0.866025404050463 0 0.499999999539232 
0.288675134456028 0.816496581500212 0.499999999145261 
0 0 1 
FD_GRID: 87 87 87
FD_ORDER: 12
BC: P P P
KPOINT_GRID: 2 2 2
KPOINT_SHIFT: 0 0 0
SPIN_TYP: 0
ELEC_TEMP_TYPE: Gaussian
SMEARING: 0.003674926479
CHEB_DEGREE: 31
NSTATES: 264
EXCHANGE_CORRELATION: LDA_PZ
CALC_STRESS: 0
CALC_PRES: 0
CHEFSI_BOUND_FLAG: 0
MAXIT_SCF: 250
MINIT_SCF: 3
MAXIT_POISSON: 3000
TOL_SCF: 2.39E-04
POISSON_SOLVER: AAR
TOL_POISSON: 2.39E-06
TOL_LANCZOS: 1.00E-02
TOL_PSEUDOCHARGE: 2.39E-06
MIXING_VARIABLE: density
MIXING_PRECOND: kerker
TOL_PRECOND: 5.81E-05
PRECOND_KERKER_KTF: 1
PRECOND_KERKER_THRESH: 0.1
MIXING_PARAMETER: 0.3
MIXING_HISTORY: 7
PULAY_FREQUENCY: 1
PULAY_RESTART: 0
REFERENCE_CUTOFF: 0.5
RHO_TRIGGER: 4
FIX_RAND: 0
VERBOSITY: 1
PRINT_FORCES: 1
PRINT_ATOMS: 1
PRINT_EIGEN: 0
PRINT_DENSITY: 0
OUTPUT_FILE: input_file_store/sprc-calc_48
***************************************************************************
                           Parallelization                                 
***************************************************************************
NP_SPIN_PARAL: 1
NP_KPOINT_PARAL: 8
NP_BAND_PARAL: 6
NP_DOMAIN_PARAL: 1 1 1
NP_DOMAIN_PHI_PARAL: 3 4 4
EIG_USE_LAPACK: 1
EIG_LAPACK_MAXNS: 2000
***************************************************************************
                             Initialization                                
***************************************************************************
Number of processors               :  48
Mesh spacing in x-direction        :  0.240938 (Bohr)
Mesh spacing in y-direction        :  0.240938 (Bohr)
Mesh spacing in z direction        :  0.240938 (Bohr)
Number of symmetry adapted k-points:  8
Output printed to                  :  input_file_store/sprc-calc_48.out
Total number of atom types         :  2
Total number of atoms              :  54
Total number of electrons          :  432
Atom type 1  (valence electrons)   :  Mg 10
Pseudopotential                    :  input_file_store/Mg.pot
Pseudocharge radii of atom type 1  :  7.71 7.71 7.71 (x, y, z dir)
Number of atoms of type 1          :  27
Atom type 2  (valence electrons)   :  S 6
Pseudopotential                    :  input_file_store/S.pot
Pseudocharge radii of atom type 2  :  7.47 7.47 7.47 (x, y, z dir)
Number of atoms of type 2          :  27
Estimated total memory usage       :  124.48 GB
Estimated memory per processor     :  2.59 GB
===================================================================
                    Self Consistent Field (SCF#1)                     
===================================================================
Iteration     Free Energy (Ha/atom)   SCF Error        Timing (sec)
1            -3.2304206731E+01        3.114E-02        927.027
2            -3.2325203227E+01        2.361E-02        232.139
3            -3.2323835845E+01        9.577E-03        231.119
4            -3.2324287007E+01        7.043E-03        232.529
5            -3.2323998150E+01        7.866E-04        231.410
6            -3.2323996807E+01        5.693E-04        231.235
7            -3.2324004284E+01        1.218E-04        231.456
Total number of SCF: 7     

k = [0.000, 0.000, 0.000]
Occupation of state 238 = 0.000000000000000.
Occupation of state 264 = 0.000000000000000.
====================================================================
                    Energy and force calculation                    
====================================================================
Free energy per atom               : -3.2323998105E+01 (Ha/atom)
Total free energy                  : -1.7454958977E+03 (Ha)
Band structure energy              : -3.4934438120E+02 (Ha)
Exchange correlation energy        : -2.4444303777E+02 (Ha)
Self and correction energy         : -3.2048740941E+03 (Ha)
Entropy*kb*T                       : -5.0102568655E-07 (Ha)
Fermi level                        :  1.9453891837E-01 (Ha)
RMS force                          :  5.2779566410E-04 (Ha/Bohr)
Maximum force                      :  1.1740673518E-03 (Ha/Bohr)
Time for force calculation         :  3.355 (sec)
***************************************************************************
                               Timing info                                 
***************************************************************************
Total walltime                     :  2321.725 sec
___________________________________________________________________________

***************************************************************************
*             Material Physics & Mechanics Group, Georgia Tech            *
*                       PI: Phanish Suryanarayana                         *
*                Main Developers: Qimen Xu, Abhiraj Sharma                *
*     Collaborators: J.E. Pask (LLNL), A.J. Medford (GT), E. Chow (GT)    *
*  Acknowledgements: U.S. DOE (DE-SC0019410); U.S. NSF (1333500,1553212)  *
***************************************************************************
                                                                           
