***************************************************************************
*                           SPARC (May 06, 2020)                          *
*   Copyright (c) 2019 Material Physics & Mechanics Group, Georgia Tech   *
*           Distributed under GNU General Public License 3 (GPL)          *
*                   Start time: Sun May 10 12:56:55 2020                  *
***************************************************************************
                           Input parameters                                
***************************************************************************
CELL: 9.29560872104519 22.6767135100431 32.1631386617445 
LATVEC:
1 0 0 
0 1 0 
-0 -0 1 
FD_GRID: 39 94 134
FD_ORDER: 12
BC: P P P
KPOINT_GRID: 5 1 1
KPOINT_SHIFT: 0 0 0
SPIN_TYP: 0
ELEC_TEMP_TYPE: Gaussian
SMEARING: 0.003674926479
CHEB_DEGREE: 31
NSTATES: 26
#WARNING: Number of bands may be insufficient for efficient SCF convergence.
EXCHANGE_CORRELATION: LDA_PZ
CALC_STRESS: 0
CALC_PRES: 0
CHEFSI_BOUND_FLAG: 0
MAXIT_SCF: 1000
MINIT_SCF: 3
MAXIT_POISSON: 3000
TOL_SCF: 7.32E-04
POISSON_SOLVER: AAR
TOL_POISSON: 7.32E-06
TOL_LANCZOS: 1.00E-02
TOL_PSEUDOCHARGE: 7.32E-06
MIXING_VARIABLE: density
MIXING_PRECOND: kerker
TOL_PRECOND: 5.75E-05
PRECOND_KERKER_KTF: 1
PRECOND_KERKER_THRESH: 0.1
MIXING_PARAMETER: 0.3
MIXING_HISTORY: 7
PULAY_FREQUENCY: 1
PULAY_RESTART: 0
REFERENCE_CUTOFF: 0.5
RHO_TRIGGER: 4
FIX_RAND: 0
VERBOSITY: 1
PRINT_FORCES: 1
PRINT_ATOMS: 1
PRINT_EIGEN: 0
PRINT_DENSITY: 0
OUTPUT_FILE: input_file_store/sprc-calc_336
***************************************************************************
                           Parallelization                                 
***************************************************************************
NP_SPIN_PARAL: 1
NP_KPOINT_PARAL: 3
NP_BAND_PARAL: 26
NP_DOMAIN_PARAL: 1 2 2
NP_DOMAIN_PHI_PARAL: 3 8 14
EIG_USE_LAPACK: 1
EIG_LAPACK_MAXNS: 2000
***************************************************************************
                             Initialization                                
***************************************************************************
Number of processors               :  336
Mesh spacing in x-direction        :  0.238349 (Bohr)
Mesh spacing in y-direction        :  0.241242 (Bohr)
Mesh spacing in z direction        :  0.240023 (Bohr)
Number of symmetry adapted k-points:  3
Output printed to                  :  input_file_store/sprc-calc_336.out
Total number of atom types         :  2
Total number of atoms              :  12
Total number of electrons          :  36
Atom type 1  (valence electrons)   :  C 4
Pseudopotential                    :  input_file_store/C.pot
Pseudocharge radii of atom type 1  :  6.20 6.27 6.24 (x, y, z dir)
Number of atoms of type 1          :  8
Atom type 2  (valence electrons)   :  H 1
Pseudopotential                    :  input_file_store/H.pot
Pseudocharge radii of atom type 2  :  6.20 6.03 6.00 (x, y, z dir)
Number of atoms of type 2          :  4
Estimated total memory usage       :  3.53 GB
Estimated memory per processor     :  10.75 MB
===================================================================
                    Self Consistent Field (SCF#1)                     
===================================================================
Iteration     Free Energy (Ha/atom)   SCF Error        Timing (sec)
1            -4.0218975786E+00        2.110E-01        2.942
2            -4.0120437024E+00        1.469E-01        0.658
3            -4.0004515513E+00        3.853E-02        0.512
4            -4.0000655883E+00        2.682E-02        0.556
5            -3.9996691379E+00        1.247E-02        0.661
6            -3.9995010272E+00        6.418E-03        0.578
7            -3.9994379777E+00        4.073E-03        0.565
8            -3.9993890989E+00        2.411E-03        0.510
9            -3.9993677292E+00        1.913E-03        0.531
10           -3.9993714391E+00        9.135E-04        0.608
11           -3.9993695074E+00        7.782E-04        0.557
12           -3.9994005906E+00        5.510E-04        0.513
Total number of SCF: 12    

k = [-0.400, 0.000, 0.000]
Occupation of state 23 = 0.000000000000000.
Occupation of state 26 = 0.000000000000000.
====================================================================
                    Energy and force calculation                    
====================================================================
Free energy per atom               : -3.9994224706E+00 (Ha/atom)
Total free energy                  : -4.7993069647E+01 (Ha)
Band structure energy              : -1.5790301451E+01 (Ha)
Exchange correlation energy        : -1.5130657339E+01 (Ha)
Self and correction energy         : -1.4048882664E+02 (Ha)
Entropy*kb*T                       : -3.1789710445E-08 (Ha)
Fermi level                        : -1.2800671998E-01 (Ha)
RMS force                          :  2.6616114594E-02 (Ha/Bohr)
Maximum force                      :  4.2078703220E-02 (Ha/Bohr)
Time for force calculation         :  0.029 (sec)
***************************************************************************
                               Timing info                                 
***************************************************************************
Total walltime                     :  9.469 sec
___________________________________________________________________________

***************************************************************************
*             Material Physics & Mechanics Group, Georgia Tech            *
*                       PI: Phanish Suryanarayana                         *
*                Main Developers: Qimen Xu, Abhiraj Sharma                *
*     Collaborators: J.E. Pask (LLNL), A.J. Medford (GT), E. Chow (GT)    *
*  Acknowledgements: U.S. DOE (DE-SC0019410); U.S. NSF (1333500,1553212)  *
***************************************************************************
                                                                           
