***************************************************************************
*                           SPARC (May 06, 2020)                          *
*   Copyright (c) 2019 Material Physics & Mechanics Group, Georgia Tech   *
*           Distributed under GNU General Public License 3 (GPL)          *
*                   Start time: Sat May  9 11:00:37 2020                  *
***************************************************************************
                           Input parameters                                
***************************************************************************
CELL: 9.29560872104519 22.6767135100431 32.1631386617445 
LATVEC:
1 0 0 
0 1 0 
-0 -0 1 
FD_GRID: 39 94 134
FD_ORDER: 12
BC: P P P
KPOINT_GRID: 5 1 1
KPOINT_SHIFT: 0 0 0
SPIN_TYP: 0
ELEC_TEMP_TYPE: Gaussian
SMEARING: 0.003674926479
CHEB_DEGREE: 31
NSTATES: 26
#WARNING: Number of bands may be insufficient for efficient SCF convergence.
EXCHANGE_CORRELATION: LDA_PZ
CALC_STRESS: 0
CALC_PRES: 0
CHEFSI_BOUND_FLAG: 0
MAXIT_SCF: 1000
MINIT_SCF: 3
MAXIT_POISSON: 3000
TOL_SCF: 7.32E-04
POISSON_SOLVER: AAR
TOL_POISSON: 7.32E-06
TOL_LANCZOS: 1.00E-02
TOL_PSEUDOCHARGE: 7.32E-06
MIXING_VARIABLE: density
MIXING_PRECOND: kerker
TOL_PRECOND: 5.75E-05
PRECOND_KERKER_KTF: 1
PRECOND_KERKER_THRESH: 0.1
MIXING_PARAMETER: 0.3
MIXING_HISTORY: 7
PULAY_FREQUENCY: 1
PULAY_RESTART: 0
REFERENCE_CUTOFF: 0.5
RHO_TRIGGER: 4
FIX_RAND: 0
VERBOSITY: 1
PRINT_FORCES: 1
PRINT_ATOMS: 1
PRINT_EIGEN: 0
PRINT_DENSITY: 0
OUTPUT_FILE: input_file_store/sprc-calc_1
***************************************************************************
                           Parallelization                                 
***************************************************************************
NP_SPIN_PARAL: 1
NP_KPOINT_PARAL: 1
NP_BAND_PARAL: 1
NP_DOMAIN_PARAL: 1 1 1
NP_DOMAIN_PHI_PARAL: 1 1 1
EIG_USE_LAPACK: 1
EIG_LAPACK_MAXNS: 2000
***************************************************************************
                             Initialization                                
***************************************************************************
Number of processors               :  1
Mesh spacing in x-direction        :  0.238349 (Bohr)
Mesh spacing in y-direction        :  0.241242 (Bohr)
Mesh spacing in z direction        :  0.240023 (Bohr)
Number of symmetry adapted k-points:  3
Output printed to                  :  input_file_store/sprc-calc_1.out
Total number of atom types         :  2
Total number of atoms              :  12
Total number of electrons          :  36
Atom type 1  (valence electrons)   :  C 4
Pseudopotential                    :  input_file_store/C.pot
Pseudocharge radii of atom type 1  :  6.20 6.27 6.24 (x, y, z dir)
Number of atoms of type 1          :  8
Atom type 2  (valence electrons)   :  H 1
Pseudopotential                    :  input_file_store/H.pot
Pseudocharge radii of atom type 2  :  6.20 6.03 6.00 (x, y, z dir)
Number of atoms of type 2          :  4
Estimated total memory usage       :  3.53 GB
Estimated memory per processor     :  3.53 GB
===================================================================
                    Self Consistent Field (SCF#1)                     
===================================================================
Iteration     Free Energy (Ha/atom)   SCF Error        Timing (sec)
1            -4.0218426959E+00        2.122E-01        403.804
2            -4.0119347213E+00        1.465E-01        99.369
3            -4.0004760516E+00        3.622E-02        88.823
4            -4.0000010100E+00        2.437E-02        88.103
5            -3.9996520024E+00        1.054E-02        87.859
6            -3.9995014344E+00        5.977E-03        88.065
7            -3.9994346685E+00        3.914E-03        87.943
8            -3.9993744174E+00        2.094E-03        87.468
9            -3.9993794474E+00        1.466E-03        87.739
10           -3.9993726834E+00        8.667E-04        87.099
11           -3.9993809001E+00        6.212E-04        83.092
Total number of SCF: 11    

k = [-0.400, 0.000, 0.000]
Occupation of state 23 = 0.000000000000000.
Occupation of state 26 = 0.000000000000000.
====================================================================
                    Energy and force calculation                    
====================================================================
Free energy per atom               : -3.9994192841E+00 (Ha/atom)
Total free energy                  : -4.7993031409E+01 (Ha)
Band structure energy              : -1.5819014793E+01 (Ha)
Exchange correlation energy        : -1.5130337606E+01 (Ha)
Self and correction energy         : -1.4048882664E+02 (Ha)
Entropy*kb*T                       : -3.1934723760E-08 (Ha)
Fermi level                        : -1.2886059501E-01 (Ha)
RMS force                          :  2.6524976409E-02 (Ha/Bohr)
Maximum force                      :  4.2702617435E-02 (Ha/Bohr)
Time for force calculation         :  2.685 (sec)
***************************************************************************
                               Timing info                                 
***************************************************************************
Total walltime                     :  1301.958 sec
___________________________________________________________________________

***************************************************************************
*             Material Physics & Mechanics Group, Georgia Tech            *
*                       PI: Phanish Suryanarayana                         *
*                Main Developers: Qimen Xu, Abhiraj Sharma                *
*     Collaborators: J.E. Pask (LLNL), A.J. Medford (GT), E. Chow (GT)    *
*  Acknowledgements: U.S. DOE (DE-SC0019410); U.S. NSF (1333500,1553212)  *
***************************************************************************
                                                                           
