***************************************************************************
*                           SPARC (May 06, 2020)                          *
*   Copyright (c) 2019 Material Physics & Mechanics Group, Georgia Tech   *
*           Distributed under GNU General Public License 3 (GPL)          *
*                   Start time: Sat May  9 10:30:42 2020                  *
***************************************************************************
                           Input parameters                                
***************************************************************************
CELL: 37.7945225167386 37.7945225167386 37.7945225167386 
LATVEC:
1 0 0 
0 1 0 
0 0 1 
FD_GRID: 157 157 157
FD_ORDER: 12
BC: P P P
KPOINT_GRID: 1 1 1
KPOINT_SHIFT: 0 0 0
SPIN_TYP: 0
ELEC_TEMP_TYPE: Gaussian
SMEARING: 0.003674926479
CHEB_DEGREE: 31
NSTATES: 216
EXCHANGE_CORRELATION: LDA_PZ
CALC_STRESS: 0
CALC_PRES: 0
CHEFSI_BOUND_FLAG: 0
MAXIT_SCF: 1000
MINIT_SCF: 3
MAXIT_POISSON: 3000
TOL_SCF: 3.79E-04
POISSON_SOLVER: AAR
TOL_POISSON: 3.79E-06
TOL_LANCZOS: 1.00E-02
TOL_PSEUDOCHARGE: 3.79E-06
MIXING_VARIABLE: density
MIXING_PRECOND: kerker
TOL_PRECOND: 5.80E-05
PRECOND_KERKER_KTF: 1
PRECOND_KERKER_THRESH: 0.1
MIXING_PARAMETER: 0.3
MIXING_HISTORY: 7
PULAY_FREQUENCY: 1
PULAY_RESTART: 0
REFERENCE_CUTOFF: 0.5
RHO_TRIGGER: 4
FIX_RAND: 0
VERBOSITY: 1
PRINT_FORCES: 1
PRINT_ATOMS: 1
PRINT_EIGEN: 0
PRINT_DENSITY: 0
OUTPUT_FILE: input_file_store/sprc-calc_240
***************************************************************************
                           Parallelization                                 
***************************************************************************
NP_SPIN_PARAL: 1
NP_KPOINT_PARAL: 1
NP_BAND_PARAL: 216
NP_DOMAIN_PARAL: 1 1 1
NP_DOMAIN_PHI_PARAL: 6 5 8
EIG_USE_LAPACK: 1
EIG_LAPACK_MAXNS: 2000
***************************************************************************
                             Initialization                                
***************************************************************************
Number of processors               :  240
Mesh spacing                       :  0.240729 (Bohr)
Number of symmetry adapted k-points:  1
Output printed to                  :  input_file_store/sprc-calc_240.out
Total number of atom types         :  2
Total number of atoms              :  66
Total number of electrons          :  352
Atom type 1  (valence electrons)   :  C 4
Pseudopotential                    :  input_file_store/C.pot
Pseudocharge radii of atom type 1  :  6.50 6.50 6.50 (x, y, z dir)
Number of atoms of type 1          :  22
Atom type 2  (valence electrons)   :  O 6
Pseudopotential                    :  input_file_store/O.pot
Pseudocharge radii of atom type 2  :  6.50 6.50 6.50 (x, y, z dir)
Number of atoms of type 2          :  44
Estimated total memory usage       :  38.17 GB
Estimated memory per processor     :  162.88 MB
===================================================================
                    Self Consistent Field (SCF#1)                     
===================================================================
Iteration     Free Energy (Ha/atom)   SCF Error        Timing (sec)
1            -1.2551181827E+01        1.245E-01        15.648
2            -1.2541742020E+01        6.662E-02        4.293
3            -1.2537459001E+01        3.531E-02        4.994
4            -1.2536172898E+01        8.011E-03        4.180
5            -1.2536071088E+01        4.811E-03        4.229
6            -1.2536065984E+01        1.894E-03        4.468
7            -1.2536095049E+01        1.393E-03        4.161
8            -1.2536137093E+01        6.980E-04        4.207
9            -1.2536158332E+01        4.461E-04        4.252
10           -1.2536177926E+01        2.691E-04        3.868
Total number of SCF: 10    

k = [0.000, 0.000, 0.000]
Occupation of state 194 = 0.000000000000000.
Occupation of state 216 = 0.000000000000000.
====================================================================
                    Energy and force calculation                    
====================================================================
Free energy per atom               : -1.2536202746E+01 (Ha/atom)
Total free energy                  : -8.2738938125E+02 (Ha)
Band structure energy              : -1.9838818320E+02 (Ha)
Exchange correlation energy        : -1.8595368818E+02 (Ha)
Self and correction energy         : -1.7992346716E+03 (Ha)
Entropy*kb*T                       : -9.2884431707E-08 (Ha)
Fermi level                        : -5.8918163047E-02 (Ha)
RMS force                          :  3.1914758231E-02 (Ha/Bohr)
Maximum force                      :  1.6398497390E-01 (Ha/Bohr)
Time for force calculation         :  0.192 (sec)
***************************************************************************
                               Timing info                                 
***************************************************************************
Total walltime                     :  55.595 sec
___________________________________________________________________________

***************************************************************************
*             Material Physics & Mechanics Group, Georgia Tech            *
*                       PI: Phanish Suryanarayana                         *
*                Main Developers: Qimen Xu, Abhiraj Sharma                *
*     Collaborators: J.E. Pask (LLNL), A.J. Medford (GT), E. Chow (GT)    *
*  Acknowledgements: U.S. DOE (DE-SC0019410); U.S. NSF (1333500,1553212)  *
***************************************************************************
                                                                           
