***************************************************************************
*                           SPARC (May 06, 2020)                          *
*   Copyright (c) 2019 Material Physics & Mechanics Group, Georgia Tech   *
*           Distributed under GNU General Public License 3 (GPL)          *
*                   Start time: Sat May  9 05:58:05 2020                  *
***************************************************************************
                           Input parameters                                
***************************************************************************
CELL: 37.7945225167386 37.7945225167386 37.7945225167386 
LATVEC:
1 0 0 
0 1 0 
0 0 1 
FD_GRID: 157 157 157
FD_ORDER: 12
BC: P P P
KPOINT_GRID: 1 1 1
KPOINT_SHIFT: 0 0 0
SPIN_TYP: 0
ELEC_TEMP_TYPE: Gaussian
SMEARING: 0.003674926479
CHEB_DEGREE: 31
NSTATES: 216
EXCHANGE_CORRELATION: LDA_PZ
CALC_STRESS: 0
CALC_PRES: 0
CHEFSI_BOUND_FLAG: 0
MAXIT_SCF: 1000
MINIT_SCF: 3
MAXIT_POISSON: 3000
TOL_SCF: 3.79E-04
POISSON_SOLVER: AAR
TOL_POISSON: 3.79E-06
TOL_LANCZOS: 1.00E-02
TOL_PSEUDOCHARGE: 3.79E-06
MIXING_VARIABLE: density
MIXING_PRECOND: kerker
TOL_PRECOND: 5.80E-05
PRECOND_KERKER_KTF: 1
PRECOND_KERKER_THRESH: 0.1
MIXING_PARAMETER: 0.3
MIXING_HISTORY: 7
PULAY_FREQUENCY: 1
PULAY_RESTART: 0
REFERENCE_CUTOFF: 0.5
RHO_TRIGGER: 4
FIX_RAND: 0
VERBOSITY: 1
PRINT_FORCES: 1
PRINT_ATOMS: 1
PRINT_EIGEN: 0
PRINT_DENSITY: 0
OUTPUT_FILE: input_file_store/sprc-calc_3
***************************************************************************
                           Parallelization                                 
***************************************************************************
NP_SPIN_PARAL: 1
NP_KPOINT_PARAL: 1
NP_BAND_PARAL: 3
NP_DOMAIN_PARAL: 1 1 1
NP_DOMAIN_PHI_PARAL: 1 1 3
EIG_USE_LAPACK: 1
EIG_LAPACK_MAXNS: 2000
***************************************************************************
                             Initialization                                
***************************************************************************
Number of processors               :  3
Mesh spacing                       :  0.240729 (Bohr)
Number of symmetry adapted k-points:  1
Output printed to                  :  input_file_store/sprc-calc_3.out
Total number of atom types         :  2
Total number of atoms              :  66
Total number of electrons          :  352
Atom type 1  (valence electrons)   :  C 4
Pseudopotential                    :  input_file_store/C.pot
Pseudocharge radii of atom type 1  :  6.50 6.50 6.50 (x, y, z dir)
Number of atoms of type 1          :  22
Atom type 2  (valence electrons)   :  O 6
Pseudopotential                    :  input_file_store/O.pot
Pseudocharge radii of atom type 2  :  6.50 6.50 6.50 (x, y, z dir)
Number of atoms of type 2          :  44
Estimated total memory usage       :  38.17 GB
Estimated memory per processor     :  12.72 GB
===================================================================
                    Self Consistent Field (SCF#1)                     
===================================================================
Iteration     Free Energy (Ha/atom)   SCF Error        Timing (sec)
1            -1.2551048001E+01        1.242E-01        767.134
2            -1.2541751692E+01        6.674E-02        208.002
3            -1.2537446487E+01        3.526E-02        209.809
4            -1.2536183497E+01        8.237E-03        205.621
5            -1.2536068147E+01        4.756E-03        207.522
6            -1.2536066467E+01        1.896E-03        208.264
7            -1.2536094180E+01        1.416E-03        199.895
8            -1.2536135641E+01        7.473E-04        182.712
9            -1.2536158156E+01        4.473E-04        182.155
10           -1.2536174854E+01        3.012E-04        171.394
Total number of SCF: 10    

k = [0.000, 0.000, 0.000]
Occupation of state 194 = 0.000000000000000.
Occupation of state 216 = 0.000000000000000.
====================================================================
                    Energy and force calculation                    
====================================================================
Free energy per atom               : -1.2536202978E+01 (Ha/atom)
Total free energy                  : -8.2738939657E+02 (Ha)
Band structure energy              : -1.9842498430E+02 (Ha)
Exchange correlation energy        : -1.8595460354E+02 (Ha)
Self and correction energy         : -1.7992346716E+03 (Ha)
Entropy*kb*T                       : -9.2884398075E-08 (Ha)
Fermi level                        : -5.9399017625E-02 (Ha)
RMS force                          :  3.1960550948E-02 (Ha/Bohr)
Maximum force                      :  1.6384605424E-01 (Ha/Bohr)
Time for force calculation         :  7.270 (sec)
***************************************************************************
                               Timing info                                 
***************************************************************************
Total walltime                     :  2585.396 sec
___________________________________________________________________________

***************************************************************************
*             Material Physics & Mechanics Group, Georgia Tech            *
*                       PI: Phanish Suryanarayana                         *
*                Main Developers: Qimen Xu, Abhiraj Sharma                *
*     Collaborators: J.E. Pask (LLNL), A.J. Medford (GT), E. Chow (GT)    *
*  Acknowledgements: U.S. DOE (DE-SC0019410); U.S. NSF (1333500,1553212)  *
***************************************************************************
                                                                           
