***************************************************************************
*                           SPARC (May 06, 2020)                          *
*   Copyright (c) 2019 Material Physics & Mechanics Group, Georgia Tech   *
*           Distributed under GNU General Public License 3 (GPL)          *
*                   Start time: Sat May  9 07:12:11 2020                  *
***************************************************************************
                           Input parameters                                
***************************************************************************
CELL: 37.7945225167386 37.7945225167386 37.7945225167386 
LATVEC:
1 0 0 
0 1 0 
0 0 1 
FD_GRID: 157 157 157
FD_ORDER: 12
BC: P P P
KPOINT_GRID: 1 1 1
KPOINT_SHIFT: 0 0 0
SPIN_TYP: 0
ELEC_TEMP_TYPE: Gaussian
SMEARING: 0.003674926479
CHEB_DEGREE: 31
NSTATES: 216
EXCHANGE_CORRELATION: LDA_PZ
CALC_STRESS: 0
CALC_PRES: 0
CHEFSI_BOUND_FLAG: 0
MAXIT_SCF: 1000
MINIT_SCF: 3
MAXIT_POISSON: 3000
TOL_SCF: 3.79E-04
POISSON_SOLVER: AAR
TOL_POISSON: 3.79E-06
TOL_LANCZOS: 1.00E-02
TOL_PSEUDOCHARGE: 3.79E-06
MIXING_VARIABLE: density
MIXING_PRECOND: kerker
TOL_PRECOND: 5.80E-05
PRECOND_KERKER_KTF: 1
PRECOND_KERKER_THRESH: 0.1
MIXING_PARAMETER: 0.3
MIXING_HISTORY: 7
PULAY_FREQUENCY: 1
PULAY_RESTART: 0
REFERENCE_CUTOFF: 0.5
RHO_TRIGGER: 4
FIX_RAND: 0
VERBOSITY: 1
PRINT_FORCES: 1
PRINT_ATOMS: 1
PRINT_EIGEN: 0
PRINT_DENSITY: 0
OUTPUT_FILE: input_file_store/sprc-calc_48
***************************************************************************
                           Parallelization                                 
***************************************************************************
NP_SPIN_PARAL: 1
NP_KPOINT_PARAL: 1
NP_BAND_PARAL: 48
NP_DOMAIN_PARAL: 1 1 1
NP_DOMAIN_PHI_PARAL: 3 4 4
EIG_USE_LAPACK: 1
EIG_LAPACK_MAXNS: 2000
***************************************************************************
                             Initialization                                
***************************************************************************
Number of processors               :  48
Mesh spacing                       :  0.240729 (Bohr)
Number of symmetry adapted k-points:  1
Output printed to                  :  input_file_store/sprc-calc_48.out
Total number of atom types         :  2
Total number of atoms              :  66
Total number of electrons          :  352
Atom type 1  (valence electrons)   :  C 4
Pseudopotential                    :  input_file_store/C.pot
Pseudocharge radii of atom type 1  :  6.50 6.50 6.50 (x, y, z dir)
Number of atoms of type 1          :  22
Atom type 2  (valence electrons)   :  O 6
Pseudopotential                    :  input_file_store/O.pot
Pseudocharge radii of atom type 2  :  6.50 6.50 6.50 (x, y, z dir)
Number of atoms of type 2          :  44
Estimated total memory usage       :  38.17 GB
Estimated memory per processor     :  814.40 MB
===================================================================
                    Self Consistent Field (SCF#1)                     
===================================================================
Iteration     Free Energy (Ha/atom)   SCF Error        Timing (sec)
1            -1.2550811995E+01        1.246E-01        67.046
2            -1.2541701940E+01        6.665E-02        17.671
3            -1.2537462100E+01        3.537E-02        17.712
4            -1.2536172584E+01        7.956E-03        17.829
5            -1.2536067877E+01        4.776E-03        17.675
6            -1.2536066343E+01        1.883E-03        17.750
7            -1.2536095396E+01        1.398E-03        18.752
8            -1.2536136474E+01        7.294E-04        17.510
9            -1.2536158901E+01        4.482E-04        17.556
10           -1.2536176641E+01        2.823E-04        16.575
Total number of SCF: 10    

k = [0.000, 0.000, 0.000]
Occupation of state 194 = 0.000000000000000.
Occupation of state 216 = 0.000000000000000.
====================================================================
                    Energy and force calculation                    
====================================================================
Free energy per atom               : -1.2536203006E+01 (Ha/atom)
Total free energy                  : -8.2738939842E+02 (Ha)
Band structure energy              : -1.9841048772E+02 (Ha)
Exchange correlation energy        : -1.8595416953E+02 (Ha)
Self and correction energy         : -1.7992346716E+03 (Ha)
Entropy*kb*T                       : -9.2884410931E-08 (Ha)
Fermi level                        : -5.9284484637E-02 (Ha)
RMS force                          :  3.1977978363E-02 (Ha/Bohr)
Maximum force                      :  1.6405368381E-01 (Ha/Bohr)
Time for force calculation         :  0.712 (sec)
***************************************************************************
                               Timing info                                 
***************************************************************************
Total walltime                     :  230.209 sec
___________________________________________________________________________

***************************************************************************
*             Material Physics & Mechanics Group, Georgia Tech            *
*                       PI: Phanish Suryanarayana                         *
*                Main Developers: Qimen Xu, Abhiraj Sharma                *
*     Collaborators: J.E. Pask (LLNL), A.J. Medford (GT), E. Chow (GT)    *
*  Acknowledgements: U.S. DOE (DE-SC0019410); U.S. NSF (1333500,1553212)  *
***************************************************************************
                                                                           
