***************************************************************************
*                           SPARC (May 06, 2020)                          *
*   Copyright (c) 2019 Material Physics & Mechanics Group, Georgia Tech   *
*           Distributed under GNU General Public License 3 (GPL)          *
*                   Start time: Sat May  9 08:03:02 2020                  *
***************************************************************************
                           Input parameters                                
***************************************************************************
CELL: 37.7945225167386 37.7945225167386 37.7945225167386 
LATVEC:
1 0 0 
0 1 0 
0 0 1 
FD_GRID: 157 157 157
FD_ORDER: 12
BC: P P P
KPOINT_GRID: 1 1 1
KPOINT_SHIFT: 0 0 0
SPIN_TYP: 0
ELEC_TEMP_TYPE: Gaussian
SMEARING: 0.003674926479
CHEB_DEGREE: 31
NSTATES: 216
EXCHANGE_CORRELATION: LDA_PZ
CALC_STRESS: 0
CALC_PRES: 0
CHEFSI_BOUND_FLAG: 0
MAXIT_SCF: 1000
MINIT_SCF: 3
MAXIT_POISSON: 3000
TOL_SCF: 3.79E-04
POISSON_SOLVER: AAR
TOL_POISSON: 3.79E-06
TOL_LANCZOS: 1.00E-02
TOL_PSEUDOCHARGE: 3.79E-06
MIXING_VARIABLE: density
MIXING_PRECOND: kerker
TOL_PRECOND: 5.80E-05
PRECOND_KERKER_KTF: 1
PRECOND_KERKER_THRESH: 0.1
MIXING_PARAMETER: 0.3
MIXING_HISTORY: 7
PULAY_FREQUENCY: 1
PULAY_RESTART: 0
REFERENCE_CUTOFF: 0.5
RHO_TRIGGER: 4
FIX_RAND: 0
VERBOSITY: 1
PRINT_FORCES: 1
PRINT_ATOMS: 1
PRINT_EIGEN: 0
PRINT_DENSITY: 0
OUTPUT_FILE: input_file_store/sprc-calc_96
***************************************************************************
                           Parallelization                                 
***************************************************************************
NP_SPIN_PARAL: 1
NP_KPOINT_PARAL: 1
NP_BAND_PARAL: 96
NP_DOMAIN_PARAL: 1 1 1
NP_DOMAIN_PHI_PARAL: 4 4 6
EIG_USE_LAPACK: 1
EIG_LAPACK_MAXNS: 2000
***************************************************************************
                             Initialization                                
***************************************************************************
Number of processors               :  96
Mesh spacing                       :  0.240729 (Bohr)
Number of symmetry adapted k-points:  1
Output printed to                  :  input_file_store/sprc-calc_96.out
Total number of atom types         :  2
Total number of atoms              :  66
Total number of electrons          :  352
Atom type 1  (valence electrons)   :  C 4
Pseudopotential                    :  input_file_store/C.pot
Pseudocharge radii of atom type 1  :  6.50 6.50 6.50 (x, y, z dir)
Number of atoms of type 1          :  22
Atom type 2  (valence electrons)   :  O 6
Pseudopotential                    :  input_file_store/O.pot
Pseudocharge radii of atom type 2  :  6.50 6.50 6.50 (x, y, z dir)
Number of atoms of type 2          :  44
Estimated total memory usage       :  38.17 GB
Estimated memory per processor     :  407.20 MB
===================================================================
                    Self Consistent Field (SCF#1)                     
===================================================================
Iteration     Free Energy (Ha/atom)   SCF Error        Timing (sec)
1            -1.2551356256E+01        1.247E-01        43.148
2            -1.2541729360E+01        6.662E-02        11.619
3            -1.2537467823E+01        3.538E-02        11.302
4            -1.2536174470E+01        7.934E-03        11.327
5            -1.2536066108E+01        4.744E-03        12.105
6            -1.2536066819E+01        1.889E-03        11.118
7            -1.2536098103E+01        1.373E-03        11.539
8            -1.2536135680E+01        7.934E-04        11.194
9            -1.2536158335E+01        4.513E-04        11.171
10           -1.2536177901E+01        2.658E-04        10.688
Total number of SCF: 10    

k = [0.000, 0.000, 0.000]
Occupation of state 194 = 0.000000000000000.
Occupation of state 216 = 0.000000000000000.
====================================================================
                    Energy and force calculation                    
====================================================================
Free energy per atom               : -1.2536202403E+01 (Ha/atom)
Total free energy                  : -8.2738935862E+02 (Ha)
Band structure energy              : -1.9838774136E+02 (Ha)
Exchange correlation energy        : -1.8595321326E+02 (Ha)
Self and correction energy         : -1.7992346716E+03 (Ha)
Entropy*kb*T                       : -9.2884413353E-08 (Ha)
Fermi level                        : -5.8474191963E-02 (Ha)
RMS force                          :  3.1955224240E-02 (Ha/Bohr)
Maximum force                      :  1.6400161735E-01 (Ha/Bohr)
Time for force calculation         :  0.465 (sec)
***************************************************************************
                               Timing info                                 
***************************************************************************
Total walltime                     :  147.775 sec
___________________________________________________________________________

***************************************************************************
*             Material Physics & Mechanics Group, Georgia Tech            *
*                       PI: Phanish Suryanarayana                         *
*                Main Developers: Qimen Xu, Abhiraj Sharma                *
*     Collaborators: J.E. Pask (LLNL), A.J. Medford (GT), E. Chow (GT)    *
*  Acknowledgements: U.S. DOE (DE-SC0019410); U.S. NSF (1333500,1553212)  *
***************************************************************************
                                                                           
