***************************************************************************
*                           SPARC (May 06, 2020)                          *
*   Copyright (c) 2019 Material Physics & Mechanics Group, Georgia Tech   *
*           Distributed under GNU General Public License 3 (GPL)          *
*                   Start time: Sat May  9 10:17:51 2020                  *
***************************************************************************
                           Input parameters                                
***************************************************************************
CELL: 50.6009011099014 30.9865970610724 37.1855889672006 
LATVEC:
1 0 0 
0 1 0 
0 0 1 
FD_GRID: 211 129 155
FD_ORDER: 12
BC: P P P
KPOINT_GRID: 1 2 1
KPOINT_SHIFT: 0 0 0
SPIN_TYP: 0
ELEC_TEMP_TYPE: Gaussian
SMEARING: 0.003674926479
CHEB_DEGREE: 31
NSTATES: 161
EXCHANGE_CORRELATION: LDA_PZ
CALC_STRESS: 0
CALC_PRES: 0
CHEFSI_BOUND_FLAG: 0
MAXIT_SCF: 1000
MINIT_SCF: 3
MAXIT_POISSON: 3000
TOL_SCF: 2.09E-04
POISSON_SOLVER: AAR
TOL_POISSON: 2.09E-06
TOL_LANCZOS: 1.00E-02
TOL_PSEUDOCHARGE: 2.09E-06
MIXING_VARIABLE: density
MIXING_PRECOND: kerker
TOL_PRECOND: 5.76E-05
PRECOND_KERKER_KTF: 1
PRECOND_KERKER_THRESH: 0.1
MIXING_PARAMETER: 0.3
MIXING_HISTORY: 7
PULAY_FREQUENCY: 1
PULAY_RESTART: 0
REFERENCE_CUTOFF: 0.5
RHO_TRIGGER: 4
FIX_RAND: 0
VERBOSITY: 1
PRINT_FORCES: 1
PRINT_ATOMS: 1
PRINT_EIGEN: 0
PRINT_DENSITY: 0
OUTPUT_FILE: input_file_store/sprc-calc_192
***************************************************************************
                           Parallelization                                 
***************************************************************************
NP_SPIN_PARAL: 1
NP_KPOINT_PARAL: 2
NP_BAND_PARAL: 96
NP_DOMAIN_PARAL: 1 1 1
NP_DOMAIN_PHI_PARAL: 8 4 6
EIG_USE_LAPACK: 1
EIG_LAPACK_MAXNS: 2000
***************************************************************************
                             Initialization                                
***************************************************************************
Number of processors               :  192
Mesh spacing in x-direction        :  0.239815 (Bohr)
Mesh spacing in y-direction        :  0.240206 (Bohr)
Mesh spacing in z direction        :  0.239907 (Bohr)
Number of symmetry adapted k-points:  2
Output printed to                  :  input_file_store/sprc-calc_192.out
Total number of atom types         :  1
Total number of atoms              :  29
Total number of electrons          :  261
Atom type 1  (valence electrons)   :  Cs 9
Pseudopotential                    :  input_file_store/Cs.pot
Pseudocharge radii of atom type 1  :  6.47 6.49 6.48 (x, y, z dir)
Number of atoms of type 1          :  29
Estimated total memory usage       :  122.34 GB
Estimated memory per processor     :  652.48 MB
===================================================================
                    Self Consistent Field (SCF#1)                     
===================================================================
Iteration     Free Energy (Ha/atom)   SCF Error        Timing (sec)
1            -2.0202443847E+01        8.324E-02        109.150
2            -2.0241338122E+01        5.609E-02        28.025
3            -2.0246344950E+01        2.317E-02        27.740
4            -2.0250389276E+01        1.663E-02        27.880
5            -2.0252771497E+01        5.558E-03        27.810
6            -2.0254094057E+01        4.124E-03        28.057
7            -2.0254815224E+01        2.476E-03        28.275
8            -2.0255207165E+01        1.837E-03        27.697
9            -2.0255419036E+01        1.332E-03        27.700
10           -2.0255534061E+01        9.075E-04        27.494
11           -2.0255604045E+01        7.119E-04        27.881
12           -2.0255638114E+01        4.475E-04        28.157
13           -2.0255660096E+01        3.193E-04        27.649
14           -2.0255671161E+01        2.309E-04        27.607
15           -2.0255679072E+01        1.756E-04        27.399
Total number of SCF: 15    

k = [0.000, 0.000, 0.000]
Occupation of state 145 = 0.000000000000000.
Occupation of state 161 = 0.000000000000000.
====================================================================
                    Energy and force calculation                    
====================================================================
Free energy per atom               : -2.0255676109E+01 (Ha/atom)
Total free energy                  : -5.8741460717E+02 (Ha)
Band structure energy              : -1.2799946505E+02 (Ha)
Exchange correlation energy        : -8.9117573591E+01 (Ha)
Self and correction energy         : -1.2064486371E+03 (Ha)
Entropy*kb*T                       : -5.3046787459E-03 (Ha)
Fermi level                        : -2.4181997650E-02 (Ha)
RMS force                          :  1.8201798363E-03 (Ha/Bohr)
Maximum force                      :  4.2182492704E-03 (Ha/Bohr)
Time for force calculation         :  0.918 (sec)
***************************************************************************
                               Timing info                                 
***************************************************************************
Total walltime                     :  501.236 sec
___________________________________________________________________________

***************************************************************************
*             Material Physics & Mechanics Group, Georgia Tech            *
*                       PI: Phanish Suryanarayana                         *
*                Main Developers: Qimen Xu, Abhiraj Sharma                *
*     Collaborators: J.E. Pask (LLNL), A.J. Medford (GT), E. Chow (GT)    *
*  Acknowledgements: U.S. DOE (DE-SC0019410); U.S. NSF (1333500,1553212)  *
***************************************************************************
                                                                           
