***************************************************************************
*                           SPARC (May 06, 2020)                          *
*   Copyright (c) 2019 Material Physics & Mechanics Group, Georgia Tech   *
*           Distributed under GNU General Public License 3 (GPL)          *
*                   Start time: Sat May  9 11:18:52 2020                  *
***************************************************************************
                           Input parameters                                
***************************************************************************
CELL: 50.6009011099014 30.9865970610724 37.1855889672006 
LATVEC:
1 0 0 
0 1 0 
0 0 1 
FD_GRID: 211 129 155
FD_ORDER: 12
BC: P P P
KPOINT_GRID: 1 2 1
KPOINT_SHIFT: 0 0 0
SPIN_TYP: 0
ELEC_TEMP_TYPE: Gaussian
SMEARING: 0.003674926479
CHEB_DEGREE: 31
NSTATES: 161
EXCHANGE_CORRELATION: LDA_PZ
CALC_STRESS: 0
CALC_PRES: 0
CHEFSI_BOUND_FLAG: 0
MAXIT_SCF: 1000
MINIT_SCF: 3
MAXIT_POISSON: 3000
TOL_SCF: 2.09E-04
POISSON_SOLVER: AAR
TOL_POISSON: 2.09E-06
TOL_LANCZOS: 1.00E-02
TOL_PSEUDOCHARGE: 2.09E-06
MIXING_VARIABLE: density
MIXING_PRECOND: kerker
TOL_PRECOND: 5.76E-05
PRECOND_KERKER_KTF: 1
PRECOND_KERKER_THRESH: 0.1
MIXING_PARAMETER: 0.3
MIXING_HISTORY: 7
PULAY_FREQUENCY: 1
PULAY_RESTART: 0
REFERENCE_CUTOFF: 0.5
RHO_TRIGGER: 4
FIX_RAND: 0
VERBOSITY: 1
PRINT_FORCES: 1
PRINT_ATOMS: 1
PRINT_EIGEN: 0
PRINT_DENSITY: 0
OUTPUT_FILE: input_file_store/sprc-calc_240
***************************************************************************
                           Parallelization                                 
***************************************************************************
NP_SPIN_PARAL: 1
NP_KPOINT_PARAL: 2
NP_BAND_PARAL: 120
NP_DOMAIN_PARAL: 1 1 1
NP_DOMAIN_PHI_PARAL: 8 5 6
EIG_USE_LAPACK: 1
EIG_LAPACK_MAXNS: 2000
***************************************************************************
                             Initialization                                
***************************************************************************
Number of processors               :  240
Mesh spacing in x-direction        :  0.239815 (Bohr)
Mesh spacing in y-direction        :  0.240206 (Bohr)
Mesh spacing in z direction        :  0.239907 (Bohr)
Number of symmetry adapted k-points:  2
Output printed to                  :  input_file_store/sprc-calc_240.out
Total number of atom types         :  1
Total number of atoms              :  29
Total number of electrons          :  261
Atom type 1  (valence electrons)   :  Cs 9
Pseudopotential                    :  input_file_store/Cs.pot
Pseudocharge radii of atom type 1  :  6.47 6.49 6.48 (x, y, z dir)
Number of atoms of type 1          :  29
Estimated total memory usage       :  122.34 GB
Estimated memory per processor     :  521.98 MB
===================================================================
                    Self Consistent Field (SCF#1)                     
===================================================================
Iteration     Free Energy (Ha/atom)   SCF Error        Timing (sec)
1            -2.0202822413E+01        8.296E-02        97.964
2            -2.0241695862E+01        5.609E-02        25.106
3            -2.0246598712E+01        2.304E-02        24.915
4            -2.0250480728E+01        1.641E-02        24.963
5            -2.0252778016E+01        5.490E-03        24.806
6            -2.0254083224E+01        4.020E-03        25.252
7            -2.0254792539E+01        2.405E-03        25.192
8            -2.0255180951E+01        1.948E-03        26.474
9            -2.0255401189E+01        1.300E-03        25.141
10           -2.0255517033E+01        1.094E-03        25.045
11           -2.0255590174E+01        8.568E-04        24.942
12           -2.0255625482E+01        7.141E-04        24.840
13           -2.0255652379E+01        7.287E-04        25.696
14           -2.0255668222E+01        4.311E-04        24.801
15           -2.0255673493E+01        2.923E-04        24.735
16           -2.0255678783E+01        2.414E-04        24.876
17           -2.0255682826E+01        1.923E-04        24.708
Total number of SCF: 17    

k = [0.000, 0.000, 0.000]
Occupation of state 145 = 0.000000000000000.
Occupation of state 161 = 0.000000000000000.
====================================================================
                    Energy and force calculation                    
====================================================================
Free energy per atom               : -2.0255680658E+01 (Ha/atom)
Total free energy                  : -5.8741473909E+02 (Ha)
Band structure energy              : -1.2796575797E+02 (Ha)
Exchange correlation energy        : -8.9115510373E+01 (Ha)
Self and correction energy         : -1.2064486371E+03 (Ha)
Entropy*kb*T                       : -5.3213134406E-03 (Ha)
Fermi level                        : -2.4154686345E-02 (Ha)
RMS force                          :  1.9054979722E-03 (Ha/Bohr)
Maximum force                      :  4.0167243628E-03 (Ha/Bohr)
Time for force calculation         :  0.871 (sec)
***************************************************************************
                               Timing info                                 
***************************************************************************
Total walltime                     :  501.748 sec
___________________________________________________________________________

***************************************************************************
*             Material Physics & Mechanics Group, Georgia Tech            *
*                       PI: Phanish Suryanarayana                         *
*                Main Developers: Qimen Xu, Abhiraj Sharma                *
*     Collaborators: J.E. Pask (LLNL), A.J. Medford (GT), E. Chow (GT)    *
*  Acknowledgements: U.S. DOE (DE-SC0019410); U.S. NSF (1333500,1553212)  *
***************************************************************************
                                                                           
