***************************************************************************
*                           SPARC (May 06, 2020)                          *
*   Copyright (c) 2019 Material Physics & Mechanics Group, Georgia Tech   *
*           Distributed under GNU General Public License 3 (GPL)          *
*                   Start time: Sat May  9 06:00:15 2020                  *
***************************************************************************
                           Input parameters                                
***************************************************************************
CELL: 7.31388280284431 21.2231381204673 22.9297426415459 
LATVEC:
1 0 0 
0 1 0 
0 0 1 
FD_GRID: 30 88 96
FD_ORDER: 12
BC: P P P
KPOINT_GRID: 4 2 2
KPOINT_SHIFT: 0 0 0
SPIN_TYP: 0
ELEC_TEMP_TYPE: Gaussian
SMEARING: 0.003674926479
CHEB_DEGREE: 30
NSTATES: 120
EXCHANGE_CORRELATION: LDA_PZ
CALC_STRESS: 0
CALC_PRES: 0
CHEFSI_BOUND_FLAG: 0
MAXIT_SCF: 250
MINIT_SCF: 3
MAXIT_POISSON: 3000
TOL_SCF: 1.94E-04
POISSON_SOLVER: AAR
TOL_POISSON: 1.94E-06
TOL_LANCZOS: 1.00E-02
TOL_PSEUDOCHARGE: 1.94E-06
MIXING_VARIABLE: density
MIXING_PRECOND: kerker
TOL_PRECOND: 5.82E-05
PRECOND_KERKER_KTF: 1
PRECOND_KERKER_THRESH: 0.1
MIXING_PARAMETER: 0.3
MIXING_HISTORY: 7
PULAY_FREQUENCY: 1
PULAY_RESTART: 0
REFERENCE_CUTOFF: 0.5
RHO_TRIGGER: 4
FIX_RAND: 0
VERBOSITY: 1
PRINT_FORCES: 1
PRINT_ATOMS: 1
PRINT_EIGEN: 0
PRINT_DENSITY: 0
OUTPUT_FILE: input_file_store/sprc-calc_3
***************************************************************************
                           Parallelization                                 
***************************************************************************
NP_SPIN_PARAL: 1
NP_KPOINT_PARAL: 3
NP_BAND_PARAL: 1
NP_DOMAIN_PARAL: 1 1 1
NP_DOMAIN_PHI_PARAL: 1 1 3
EIG_USE_LAPACK: 1
EIG_LAPACK_MAXNS: 2000
***************************************************************************
                             Initialization                                
***************************************************************************
Number of processors               :  3
Mesh spacing in x-direction        :  0.243796 (Bohr)
Mesh spacing in y-direction        :  0.241172 (Bohr)
Mesh spacing in z direction        :  0.238851 (Bohr)
Number of symmetry adapted k-points:  12
Output printed to                  :  input_file_store/sprc-calc_3.out
Total number of atom types         :  2
Total number of atoms              :  20
Total number of electrons          :  192
Atom type 1  (valence electrons)   :  S 6
Pseudopotential                    :  input_file_store/S.pot
Pseudocharge radii of atom type 1  :  6.34 6.51 6.45 (x, y, z dir)
Number of atoms of type 1          :  12
Atom type 2  (valence electrons)   :  Sb 15
Pseudopotential                    :  input_file_store/Sb.pot
Pseudocharge radii of atom type 2  :  6.34 6.51 6.45 (x, y, z dir)
Number of atoms of type 2          :  8
Estimated total memory usage       :  32.68 GB
Estimated memory per processor     :  10.89 GB
===================================================================
                    Self Consistent Field (SCF#1)                     
===================================================================
Iteration     Free Energy (Ha/atom)   SCF Error        Timing (sec)
1            -3.4404788215E+01        4.923E-02        1488.820
2            -3.4411288342E+01        3.176E-02        354.618
3            -3.4409634823E+01        1.185E-02        354.283
4            -3.4409817314E+01        7.802E-03        353.943
5            -3.4409693810E+01        1.072E-03        353.852
6            -3.4409697161E+01        5.940E-04        355.298
7            -3.4409698941E+01        2.850E-04        353.921
