***************************************************************************
*                           SPARC (May 06, 2020)                          *
*   Copyright (c) 2019 Material Physics & Mechanics Group, Georgia Tech   *
*           Distributed under GNU General Public License 3 (GPL)          *
*                   Start time: Sat May  9 12:26:20 2020                  *
***************************************************************************
                           Input parameters                                
***************************************************************************
CELL: 7.31388280284431 21.2231381204673 22.9297426415459 
LATVEC:
1 0 0 
0 1 0 
0 0 1 
FD_GRID: 30 88 96
FD_ORDER: 12
BC: P P P
KPOINT_GRID: 4 2 2
KPOINT_SHIFT: 0 0 0
SPIN_TYP: 0
ELEC_TEMP_TYPE: Gaussian
SMEARING: 0.003674926479
CHEB_DEGREE: 30
NSTATES: 120
EXCHANGE_CORRELATION: LDA_PZ
CALC_STRESS: 0
CALC_PRES: 0
CHEFSI_BOUND_FLAG: 0
MAXIT_SCF: 250
MINIT_SCF: 3
MAXIT_POISSON: 3000
TOL_SCF: 1.94E-04
POISSON_SOLVER: AAR
TOL_POISSON: 1.94E-06
TOL_LANCZOS: 1.00E-02
TOL_PSEUDOCHARGE: 1.94E-06
MIXING_VARIABLE: density
MIXING_PRECOND: kerker
TOL_PRECOND: 5.82E-05
PRECOND_KERKER_KTF: 1
PRECOND_KERKER_THRESH: 0.1
MIXING_PARAMETER: 0.3
MIXING_HISTORY: 7
PULAY_FREQUENCY: 1
PULAY_RESTART: 0
REFERENCE_CUTOFF: 0.5
RHO_TRIGGER: 4
FIX_RAND: 0
VERBOSITY: 1
PRINT_FORCES: 1
PRINT_ATOMS: 1
PRINT_EIGEN: 0
PRINT_DENSITY: 0
OUTPUT_FILE: input_file_store/sprc-calc_192
***************************************************************************
                           Parallelization                                 
***************************************************************************
NP_SPIN_PARAL: 1
NP_KPOINT_PARAL: 12
NP_BAND_PARAL: 16
NP_DOMAIN_PARAL: 1 1 1
NP_DOMAIN_PHI_PARAL: 3 8 8
EIG_USE_LAPACK: 1
EIG_LAPACK_MAXNS: 2000
***************************************************************************
                             Initialization                                
***************************************************************************
Number of processors               :  192
Mesh spacing in x-direction        :  0.243796 (Bohr)
Mesh spacing in y-direction        :  0.241172 (Bohr)
Mesh spacing in z direction        :  0.238851 (Bohr)
Number of symmetry adapted k-points:  12
Output printed to                  :  input_file_store/sprc-calc_192.out
Total number of atom types         :  2
Total number of atoms              :  20
Total number of electrons          :  192
Atom type 1  (valence electrons)   :  S 6
Pseudopotential                    :  input_file_store/S.pot
Pseudocharge radii of atom type 1  :  6.34 6.51 6.45 (x, y, z dir)
Number of atoms of type 1          :  12
Atom type 2  (valence electrons)   :  Sb 15
Pseudopotential                    :  input_file_store/Sb.pot
Pseudocharge radii of atom type 2  :  6.34 6.51 6.45 (x, y, z dir)
Number of atoms of type 2          :  8
Estimated total memory usage       :  32.68 GB
Estimated memory per processor     :  174.31 MB
===================================================================
                    Self Consistent Field (SCF#1)                     
===================================================================
Iteration     Free Energy (Ha/atom)   SCF Error        Timing (sec)
1            -3.4405362218E+01        4.922E-02        30.300
2            -3.4411276827E+01        3.171E-02        7.302
3            -3.4409632110E+01        1.189E-02        7.351
4            -3.4409901733E+01        8.839E-03        7.289
5            -3.4409692756E+01        1.041E-03        7.550
6            -3.4409696522E+01        4.765E-04        7.322
7            -3.4409696762E+01        3.208E-04        7.456
8            -3.4409695201E+01        1.278E-04        7.270
Total number of SCF: 8     

k = [-0.250, 0.000, 0.000]
Occupation of state 108 = 0.000000000000000.
Occupation of state 120 = 0.000000000000000.
====================================================================
                    Energy and force calculation                    
====================================================================
Free energy per atom               : -3.4409697012E+01 (Ha/atom)
Total free energy                  : -6.8819394023E+02 (Ha)
Band structure energy              : -7.8566779307E+01 (Ha)
Exchange correlation energy        : -8.8968321678E+01 (Ha)
Self and correction energy         : -1.1880668436E+03 (Ha)
Entropy*kb*T                       : -5.7500894093E-08 (Ha)
Fermi level                        :  1.7853497846E-01 (Ha)
