***************************************************************************
*                           SPARC (May 06, 2020)                          *
*   Copyright (c) 2019 Material Physics & Mechanics Group, Georgia Tech   *
*           Distributed under GNU General Public License 3 (GPL)          *
*                   Start time: Sat May  9 05:58:38 2020                  *
***************************************************************************
                           Input parameters                                
***************************************************************************
CELL: 12.0678887762299 12.0670684490346 22.6767135100431 
LATVEC:
1 0 0 
-0.500033990326594 0.866005778570827 0 
0 0 1 
FD_GRID: 50 50 94
FD_ORDER: 12
BC: P P P
KPOINT_GRID: 4 4 1
KPOINT_SHIFT: 0 0 0
SPIN_TYP: 0
ELEC_TEMP_TYPE: Gaussian
SMEARING: 0.003674926479
CHEB_DEGREE: 30
NSTATES: 67
EXCHANGE_CORRELATION: GGA_PBE
CALC_STRESS: 0
CALC_PRES: 0
CHEFSI_BOUND_FLAG: 0
MAXIT_SCF: 1000
MINIT_SCF: 3
MAXIT_POISSON: 3000
TOL_SCF: 2.18E-04
POISSON_SOLVER: AAR
TOL_POISSON: 2.18E-06
TOL_LANCZOS: 1.00E-02
TOL_PSEUDOCHARGE: 2.18E-06
MIXING_VARIABLE: density
MIXING_PRECOND: kerker
TOL_PRECOND: 5.82E-05
PRECOND_KERKER_KTF: 1
PRECOND_KERKER_THRESH: 0.1
MIXING_PARAMETER: 0.3
MIXING_HISTORY: 7
PULAY_FREQUENCY: 1
PULAY_RESTART: 0
REFERENCE_CUTOFF: 0.5
RHO_TRIGGER: 4
FIX_RAND: 0
VERBOSITY: 1
PRINT_FORCES: 1
PRINT_ATOMS: 1
PRINT_EIGEN: 0
PRINT_DENSITY: 0
OUTPUT_FILE: input_file_store/sprc-calc_3
***************************************************************************
                           Parallelization                                 
***************************************************************************
NP_SPIN_PARAL: 1
NP_KPOINT_PARAL: 3
NP_BAND_PARAL: 1
NP_DOMAIN_PARAL: 1 1 1
NP_DOMAIN_PHI_PARAL: 1 1 3
EIG_USE_LAPACK: 1
EIG_LAPACK_MAXNS: 2000
***************************************************************************
                             Initialization                                
***************************************************************************
Number of processors               :  3
Mesh spacing in x-direction        :  0.241358 (Bohr)
Mesh spacing in y-direction        :  0.241341 (Bohr)
Mesh spacing in z direction        :  0.241242 (Bohr)
Number of symmetry adapted k-points:  10
Output printed to                  :  input_file_store/sprc-calc_3.out
Total number of atom types         :  2
Total number of atoms              :  12
Total number of electrons          :  104
Atom type 1  (valence electrons)   :  Mo 14
Pseudopotential                    :  input_file_store/Mo.pot
Pseudocharge radii of atom type 1  :  7.24 7.24 7.24 (x, y, z dir)
Number of atoms of type 1          :  4
Atom type 2  (valence electrons)   :  S 6
Pseudopotential                    :  input_file_store/S.pot
Pseudocharge radii of atom type 2  :  7.24 7.24 7.24 (x, y, z dir)
Number of atoms of type 2          :  8
Estimated total memory usage       :  14.13 GB
Estimated memory per processor     :  4.71 GB
===================================================================
                    Self Consistent Field (SCF#1)                     
===================================================================
Iteration     Free Energy (Ha/atom)   SCF Error        Timing (sec)
1            -2.9677212204E+01        4.469E-02        1084.040
2            -2.9705633414E+01        3.197E-02        259.823
3            -2.9708577794E+01        1.371E-02        251.976
4            -2.9709053095E+01        8.528E-03        251.791
5            -2.9709088602E+01        4.006E-03        251.710
6            -2.9709094960E+01        1.805E-03        251.381
7            -2.9709090152E+01        8.398E-04        251.232
8            -2.9709081748E+01        6.202E-04        251.056
9            -2.9709076511E+01        4.022E-04        251.540
10           -2.9709051745E+01        3.037E-04        251.553
11           -2.9709047341E+01        2.626E-04        251.495
