***************************************************************************
*                           SPARC (May 06, 2020)                          *
*   Copyright (c) 2019 Material Physics & Mechanics Group, Georgia Tech   *
*           Distributed under GNU General Public License 3 (GPL)          *
*                   Start time: Sat May  9 05:59:43 2020                  *
***************************************************************************
                           Input parameters                                
***************************************************************************
CELL: 12.0678887762299 12.0670684490346 22.6767135100431 
LATVEC:
1 0 0 
-0.500033990326594 0.866005778570827 0 
0 0 1 
FD_GRID: 50 50 94
FD_ORDER: 12
BC: P P P
KPOINT_GRID: 4 4 1
KPOINT_SHIFT: 0 0 0
SPIN_TYP: 0
ELEC_TEMP_TYPE: Gaussian
SMEARING: 0.003674926479
CHEB_DEGREE: 30
NSTATES: 67
EXCHANGE_CORRELATION: GGA_PBE
CALC_STRESS: 0
CALC_PRES: 0
CHEFSI_BOUND_FLAG: 0
MAXIT_SCF: 1000
MINIT_SCF: 3
MAXIT_POISSON: 3000
TOL_SCF: 2.18E-04
POISSON_SOLVER: AAR
TOL_POISSON: 2.18E-06
TOL_LANCZOS: 1.00E-02
TOL_PSEUDOCHARGE: 2.18E-06
MIXING_VARIABLE: density
MIXING_PRECOND: kerker
TOL_PRECOND: 5.82E-05
PRECOND_KERKER_KTF: 1
PRECOND_KERKER_THRESH: 0.1
MIXING_PARAMETER: 0.3
MIXING_HISTORY: 7
PULAY_FREQUENCY: 1
PULAY_RESTART: 0
REFERENCE_CUTOFF: 0.5
RHO_TRIGGER: 4
FIX_RAND: 0
VERBOSITY: 1
PRINT_FORCES: 1
PRINT_ATOMS: 1
PRINT_EIGEN: 0
PRINT_DENSITY: 0
OUTPUT_FILE: input_file_store/sprc-calc_12
***************************************************************************
                           Parallelization                                 
***************************************************************************
NP_SPIN_PARAL: 1
NP_KPOINT_PARAL: 10
NP_BAND_PARAL: 1
NP_DOMAIN_PARAL: 1 1 1
NP_DOMAIN_PHI_PARAL: 2 2 3
EIG_USE_LAPACK: 1
EIG_LAPACK_MAXNS: 2000
***************************************************************************
                             Initialization                                
***************************************************************************
Number of processors               :  12
Mesh spacing in x-direction        :  0.241358 (Bohr)
Mesh spacing in y-direction        :  0.241341 (Bohr)
Mesh spacing in z direction        :  0.241242 (Bohr)
Number of symmetry adapted k-points:  10
Output printed to                  :  input_file_store/sprc-calc_12.out
Total number of atom types         :  2
Total number of atoms              :  12
Total number of electrons          :  104
Atom type 1  (valence electrons)   :  Mo 14
Pseudopotential                    :  input_file_store/Mo.pot
Pseudocharge radii of atom type 1  :  7.24 7.24 7.24 (x, y, z dir)
Number of atoms of type 1          :  4
Atom type 2  (valence electrons)   :  S 6
Pseudopotential                    :  input_file_store/S.pot
Pseudocharge radii of atom type 2  :  7.24 7.24 7.24 (x, y, z dir)
Number of atoms of type 2          :  8
Estimated total memory usage       :  14.13 GB
Estimated memory per processor     :  1.18 GB
===================================================================
                    Self Consistent Field (SCF#1)                     
===================================================================
Iteration     Free Energy (Ha/atom)   SCF Error        Timing (sec)
1            -2.9677343759E+01        4.351E-02        279.993
2            -2.9705323192E+01        3.205E-02        70.205
3            -2.9708515662E+01        1.340E-02        70.161
4            -2.9709043275E+01        9.009E-03        70.097
5            -2.9709096775E+01        4.634E-03        70.153
6            -2.9709095935E+01        1.813E-03        68.579
7            -2.9709094883E+01        8.803E-04        68.239
8            -2.9709083820E+01        6.858E-04        68.371
9            -2.9709079265E+01        3.857E-04        68.427
10           -2.9709050391E+01        3.088E-04        68.404
11           -2.9709045210E+01        2.803E-04        68.299
12           -2.9709038975E+01        1.537E-04        68.162
Total number of SCF: 12    

k = [-0.250, -0.250, 0.000]
Occupation of state 60 = 0.000000000000000.
Occupation of state 67 = 0.000000000000000.
====================================================================
                    Energy and force calculation                    
====================================================================
Free energy per atom               : -2.9709066226E+01 (Ha/atom)
Total free energy                  : -3.5650879471E+02 (Ha)
Band structure energy              : -5.6467135064E+01 (Ha)
Exchange correlation energy        : -4.9350488763E+01 (Ha)
Self and correction energy         : -8.4782631421E+02 (Ha)
Entropy*kb*T                       : -1.9350970925E-08 (Ha)
Fermi level                        :  6.3946363328E-02 (Ha)
RMS force                          :  2.1658103467E-03 (Ha/Bohr)
Maximum force                      :  3.2360977669E-03 (Ha/Bohr)
Time for force calculation         :  1.598 (sec)
***************************************************************************
                               Timing info                                 
***************************************************************************
Total walltime                     :  1041.535 sec
___________________________________________________________________________

***************************************************************************
*             Material Physics & Mechanics Group, Georgia Tech            *
*                       PI: Phanish Suryanarayana                         *
*                Main Developers: Qimen Xu, Abhiraj Sharma                *
*     Collaborators: J.E. Pask (LLNL), A.J. Medford (GT), E. Chow (GT)    *
*  Acknowledgements: U.S. DOE (DE-SC0019410); U.S. NSF (1333500,1553212)  *
***************************************************************************
                                                                           
