***************************************************************************
*                           SPARC (May 06, 2020)                          *
*   Copyright (c) 2019 Material Physics & Mechanics Group, Georgia Tech   *
*           Distributed under GNU General Public License 3 (GPL)          *
*                   Start time: Sun May 10 13:54:47 2020                  *
***************************************************************************
                           Input parameters                                
***************************************************************************
CELL: 7.31436370034881 7.31436370034881 9.49630097381857 
LATVEC:
1 0 0 
0 1 0 
0 0 1 
FD_GRID: 30 30 40
FD_ORDER: 12
BC: P P P
KPOINT_GRID: 4 4 3
KPOINT_SHIFT: 0 0 0
SPIN_TYP: 0
ELEC_TEMP_TYPE: Gaussian
SMEARING: 0.003674926479
CHEB_DEGREE: 30
NSTATES: 29
EXCHANGE_CORRELATION: GGA_PBE
CALC_STRESS: 0
CALC_PRES: 0
CHEFSI_BOUND_FLAG: 0
MAXIT_SCF: 250
MINIT_SCF: 3
MAXIT_POISSON: 3000
TOL_SCF: 1.85E-04
POISSON_SOLVER: AAR
TOL_POISSON: 1.85E-06
TOL_LANCZOS: 1.00E-02
TOL_PSEUDOCHARGE: 1.85E-06
MIXING_VARIABLE: density
MIXING_PRECOND: kerker
TOL_PRECOND: 5.84E-05
PRECOND_KERKER_KTF: 1
PRECOND_KERKER_THRESH: 0.1
MIXING_PARAMETER: 0.3
MIXING_HISTORY: 7
PULAY_FREQUENCY: 1
PULAY_RESTART: 0
REFERENCE_CUTOFF: 0.5
RHO_TRIGGER: 4
FIX_RAND: 0
VERBOSITY: 1
PRINT_FORCES: 1
PRINT_ATOMS: 1
PRINT_EIGEN: 0
PRINT_DENSITY: 0
OUTPUT_FILE: input_file_store/sprc-calc_336
***************************************************************************
                           Parallelization                                 
***************************************************************************
NP_SPIN_PARAL: 1
NP_KPOINT_PARAL: 26
NP_BAND_PARAL: 12
NP_DOMAIN_PARAL: 1 1 1
NP_DOMAIN_PHI_PARAL: 5 5 6
EIG_USE_LAPACK: 1
EIG_LAPACK_MAXNS: 2000
***************************************************************************
                             Initialization                                
***************************************************************************
Number of processors               :  336
Mesh spacing in x-direction        :  0.243812 (Bohr)
Mesh spacing in y-direction        :  0.243812 (Bohr)
Mesh spacing in z direction        :  0.237408 (Bohr)
Number of symmetry adapted k-points:  26
Output printed to                  :  input_file_store/sprc-calc_336.out
Total number of atom types         :  2
Total number of atoms              :  4
Total number of electrons          :  40
Atom type 1  (valence electrons)   :  O 6
Pseudopotential                    :  input_file_store/O.pot
Pseudocharge radii of atom type 1  :  6.58 6.58 6.65 (x, y, z dir)
Number of atoms of type 1          :  2
Atom type 2  (valence electrons)   :  Sn 14
Pseudopotential                    :  input_file_store/Sn.pot
Pseudocharge radii of atom type 2  :  6.58 6.58 6.41 (x, y, z dir)
Number of atoms of type 2          :  2
Estimated total memory usage       :  2.43 GB
Estimated memory per processor     :  7.42 MB
===================================================================
                    Self Consistent Field (SCF#1)                     
===================================================================
Iteration     Free Energy (Ha/atom)   SCF Error        Timing (sec)
1            -3.8261548851E+01        1.062E-01        1.645
2            -3.8234307310E+01        3.647E-02        0.413
3            -3.8230936316E+01        2.348E-02        0.399
4            -3.8230541618E+01        6.671E-03        0.463
5            -3.8230575035E+01        5.631E-03        0.427
6            -3.8230526293E+01        1.684E-03        0.395
7            -3.8230518267E+01        2.272E-04        0.399
8            -3.8230509351E+01        1.729E-04        0.393
Total number of SCF: 8     

k = [-0.250, -0.250, -0.333]
Occupation of state 26 = 0.000000000000000.
Occupation of state 29 = 0.000000000000000.
====================================================================
                    Energy and force calculation                    
====================================================================
Free energy per atom               : -3.8230518018E+01 (Ha/atom)
Total free energy                  : -1.5292207207E+02 (Ha)
Band structure energy              : -1.3674063726E+01 (Ha)
Exchange correlation energy        : -2.1796355326E+01 (Ha)
Self and correction energy         : -2.1821007000E+02 (Ha)
Entropy*kb*T                       : -1.7007371311E-06 (Ha)
Fermi level                        :  1.9212011769E-01 (Ha)
RMS force                          :  1.5895895152E-03 (Ha/Bohr)
Maximum force                      :  3.1766558419E-03 (Ha/Bohr)
Time for force calculation         :  0.024 (sec)
***************************************************************************
                               Timing info                                 
***************************************************************************
Total walltime                     :  4.682 sec
___________________________________________________________________________

***************************************************************************
*             Material Physics & Mechanics Group, Georgia Tech            *
*                       PI: Phanish Suryanarayana                         *
*                Main Developers: Qimen Xu, Abhiraj Sharma                *
*     Collaborators: J.E. Pask (LLNL), A.J. Medford (GT), E. Chow (GT)    *
*  Acknowledgements: U.S. DOE (DE-SC0019410); U.S. NSF (1333500,1553212)  *
***************************************************************************
                                                                           
