***************************************************************************
*                           SPARC (May 06, 2020)                          *
*   Copyright (c) 2019 Material Physics & Mechanics Group, Georgia Tech   *
*           Distributed under GNU General Public License 3 (GPL)          *
*                   Start time: Sat May  9 13:44:28 2020                  *
***************************************************************************
                           Input parameters                                
***************************************************************************
CELL: 7.31436370034881 7.31436370034881 9.49630097381857 
LATVEC:
1 0 0 
0 1 0 
0 0 1 
FD_GRID: 30 30 40
FD_ORDER: 12
BC: P P P
KPOINT_GRID: 4 4 3
KPOINT_SHIFT: 0 0 0
SPIN_TYP: 0
ELEC_TEMP_TYPE: Gaussian
SMEARING: 0.003674926479
CHEB_DEGREE: 30
NSTATES: 29
EXCHANGE_CORRELATION: GGA_PBE
CALC_STRESS: 0
CALC_PRES: 0
CHEFSI_BOUND_FLAG: 0
MAXIT_SCF: 250
MINIT_SCF: 3
MAXIT_POISSON: 3000
TOL_SCF: 1.85E-04
POISSON_SOLVER: AAR
TOL_POISSON: 1.85E-06
TOL_LANCZOS: 1.00E-02
TOL_PSEUDOCHARGE: 1.85E-06
MIXING_VARIABLE: density
MIXING_PRECOND: kerker
TOL_PRECOND: 5.84E-05
PRECOND_KERKER_KTF: 1
PRECOND_KERKER_THRESH: 0.1
MIXING_PARAMETER: 0.3
MIXING_HISTORY: 7
PULAY_FREQUENCY: 1
PULAY_RESTART: 0
REFERENCE_CUTOFF: 0.5
RHO_TRIGGER: 4
FIX_RAND: 0
VERBOSITY: 1
PRINT_FORCES: 1
PRINT_ATOMS: 1
PRINT_EIGEN: 0
PRINT_DENSITY: 0
OUTPUT_FILE: input_file_store/sprc-calc_240
***************************************************************************
                           Parallelization                                 
***************************************************************************
NP_SPIN_PARAL: 1
NP_KPOINT_PARAL: 26
NP_BAND_PARAL: 9
NP_DOMAIN_PARAL: 1 1 1
NP_DOMAIN_PHI_PARAL: 5 5 6
EIG_USE_LAPACK: 1
EIG_LAPACK_MAXNS: 2000
***************************************************************************
                             Initialization                                
***************************************************************************
Number of processors               :  240
Mesh spacing in x-direction        :  0.243812 (Bohr)
Mesh spacing in y-direction        :  0.243812 (Bohr)
Mesh spacing in z direction        :  0.237408 (Bohr)
Number of symmetry adapted k-points:  26
Output printed to                  :  input_file_store/sprc-calc_240.out
Total number of atom types         :  2
Total number of atoms              :  4
Total number of electrons          :  40
Atom type 1  (valence electrons)   :  O 6
Pseudopotential                    :  input_file_store/O.pot
Pseudocharge radii of atom type 1  :  6.58 6.58 6.65 (x, y, z dir)
Number of atoms of type 1          :  2
Atom type 2  (valence electrons)   :  Sn 14
Pseudopotential                    :  input_file_store/Sn.pot
Pseudocharge radii of atom type 2  :  6.58 6.58 6.41 (x, y, z dir)
Number of atoms of type 2          :  2
Estimated total memory usage       :  2.43 GB
Estimated memory per processor     :  10.39 MB
===================================================================
                    Self Consistent Field (SCF#1)                     
===================================================================
Iteration     Free Energy (Ha/atom)   SCF Error        Timing (sec)
1            -3.8261772983E+01        1.061E-01        2.008
2            -3.8234331092E+01        3.653E-02        0.512
3            -3.8230934246E+01        2.348E-02        0.517
4            -3.8230545609E+01        6.784E-03        0.498
5            -3.8230573259E+01        5.623E-03        0.497
6            -3.8230525985E+01        1.695E-03        0.495
7            -3.8230518021E+01        2.202E-04        0.503
8            -3.8230509306E+01        1.736E-04        0.493
Total number of SCF: 8     

k = [-0.250, -0.250, -0.333]
Occupation of state 26 = 0.000000000000000.
Occupation of state 29 = 0.000000000000000.
====================================================================
                    Energy and force calculation                    
====================================================================
Free energy per atom               : -3.8230517593E+01 (Ha/atom)
Total free energy                  : -1.5292207037E+02 (Ha)
Band structure energy              : -1.3673977687E+01 (Ha)
Exchange correlation energy        : -2.1796345056E+01 (Ha)
Self and correction energy         : -2.1821007000E+02 (Ha)
Entropy*kb*T                       : -1.7037210765E-06 (Ha)
Fermi level                        :  1.9211916000E-01 (Ha)
RMS force                          :  1.4994455085E-03 (Ha/Bohr)
Maximum force                      :  2.9948739637E-03 (Ha/Bohr)
Time for force calculation         :  0.025 (sec)
***************************************************************************
                               Timing info                                 
***************************************************************************
Total walltime                     :  5.751 sec
___________________________________________________________________________

***************************************************************************
*             Material Physics & Mechanics Group, Georgia Tech            *
*                       PI: Phanish Suryanarayana                         *
*                Main Developers: Qimen Xu, Abhiraj Sharma                *
*     Collaborators: J.E. Pask (LLNL), A.J. Medford (GT), E. Chow (GT)    *
*  Acknowledgements: U.S. DOE (DE-SC0019410); U.S. NSF (1333500,1553212)  *
***************************************************************************
                                                                           
