***************************************************************************
*                           SPARC (May 06, 2020)                          *
*   Copyright (c) 2019 Material Physics & Mechanics Group, Georgia Tech   *
*           Distributed under GNU General Public License 3 (GPL)          *
*                   Start time: Sat May  9 13:15:14 2020                  *
***************************************************************************
                           Input parameters                                
***************************************************************************
CELL: 22.6767135100431 22.6767135100431 22.6767135100431 
LATVEC:
1 0 0 
0 1 0 
0 0 1 
FD_GRID: 94 94 94
FD_ORDER: 12
BC: P P P
KPOINT_GRID: 1 1 1
KPOINT_SHIFT: 0 0 0
SPIN_TYP: 0
ELEC_TEMP_TYPE: Gaussian
SMEARING: 0.003674926479
CHEB_DEGREE: 30
NSTATES: 145
EXCHANGE_CORRELATION: LDA_PZ
CALC_STRESS: 0
CALC_PRES: 0
CHEFSI_BOUND_FLAG: 0
MAXIT_SCF: 1000
MINIT_SCF: 3
MAXIT_POISSON: 3000
TOL_SCF: 9.46E-05
POISSON_SOLVER: AAR
TOL_POISSON: 9.46E-07
TOL_LANCZOS: 1.00E-02
TOL_PSEUDOCHARGE: 9.46E-07
MIXING_VARIABLE: density
MIXING_PRECOND: kerker
TOL_PRECOND: 5.82E-05
PRECOND_KERKER_KTF: 1
PRECOND_KERKER_THRESH: 0.1
MIXING_PARAMETER: 0.3
MIXING_HISTORY: 7
PULAY_FREQUENCY: 1
PULAY_RESTART: 0
REFERENCE_CUTOFF: 0.5
RHO_TRIGGER: 4
FIX_RAND: 0
VERBOSITY: 1
PRINT_FORCES: 1
PRINT_ATOMS: 1
PRINT_EIGEN: 0
PRINT_DENSITY: 0
OUTPUT_FILE: input_file_store/sprc-calc_240
***************************************************************************
                           Parallelization                                 
***************************************************************************
NP_SPIN_PARAL: 1
NP_KPOINT_PARAL: 1
NP_BAND_PARAL: 145
NP_DOMAIN_PARAL: 1 1 1
NP_DOMAIN_PHI_PARAL: 5 6 8
EIG_USE_LAPACK: 1
EIG_LAPACK_MAXNS: 2000
***************************************************************************
                             Initialization                                
***************************************************************************
Number of processors               :  240
Mesh spacing                       :  0.241242 (Bohr)
Number of symmetry adapted k-points:  1
Output printed to                  :  input_file_store/sprc-calc_240.out
Total number of atom types         :  1
Total number of atoms              :  13
Total number of electrons          :  234
Atom type 1  (valence electrons)   :  Pt 18
Pseudopotential                    :  input_file_store/Pt.pot
Pseudocharge radii of atom type 1  :  7.00 7.00 7.00 (x, y, z dir)
Number of atoms of type 1          :  13
Estimated total memory usage       :  5.56 GB
Estimated memory per processor     :  23.71 MB
===================================================================
                    Self Consistent Field (SCF#1)                     
===================================================================
Iteration     Free Energy (Ha/atom)   SCF Error        Timing (sec)
1            -1.2135278070E+02        3.345E-02        4.257
2            -1.2137811319E+02        2.905E-02        1.086
3            -1.2137884376E+02        2.270E-02        1.091
4            -1.2137745294E+02        1.568E-02        1.126
5            -1.2137658796E+02        1.164E-02        1.166
6            -1.2137584671E+02        7.684E-03        1.097
7            -1.2137564502E+02        5.195E-03        2.152
8            -1.2137553102E+02        2.697E-03        1.462
9            -1.2137547277E+02        2.433E-03        1.170
10           -1.2137542403E+02        1.596E-03        1.073
11           -1.2137539568E+02        9.989E-04        1.134
12           -1.2137538689E+02        9.591E-04        1.079
13           -1.2137537784E+02        6.635E-04        1.139
14           -1.2137537441E+02        5.561E-04        1.062
15           -1.2137537790E+02        6.320E-04        1.102
16           -1.2137537761E+02        3.813E-04        1.046
17           -1.2137537535E+02        3.610E-04        1.078
18           -1.2137538540E+02        2.737E-04        1.063
19           -1.2137538236E+02        2.778E-04        1.693
20           -1.2137538731E+02        1.871E-04        1.633
21           -1.2137538984E+02        1.668E-04        1.162
22           -1.2137539142E+02        1.455E-04        1.131
23           -1.2137539838E+02        1.218E-04        1.118
24           -1.2137538875E+02        1.095E-04        1.090
25           -1.2137539808E+02        1.155E-04        1.021
26           -1.2137539623E+02        8.879E-05        1.042
Total number of SCF: 26    

k = [0.000, 0.000, 0.000]
Occupation of state 131 = 0.000000000000000.
Occupation of state 145 = 0.000000000000000.
====================================================================
                    Energy and force calculation                    
====================================================================
Free energy per atom               : -1.2137540865E+02 (Ha/atom)
Total free energy                  : -1.5778803125E+03 (Ha)
Band structure energy              : -2.7527719488E+02 (Ha)
Exchange correlation energy        : -1.4807739671E+02 (Ha)
Self and correction energy         : -2.4945125440E+03 (Ha)
Entropy*kb*T                       : -1.3739945063E-02 (Ha)
Fermi level                        : -1.1137320174E-01 (Ha)
RMS force                          :  5.7999458891E-02 (Ha/Bohr)
Maximum force                      :  6.4519241987E-02 (Ha/Bohr)
Time for force calculation         :  0.047 (sec)
***************************************************************************
                               Timing info                                 
***************************************************************************
Total walltime                     :  34.897 sec
___________________________________________________________________________

***************************************************************************
*             Material Physics & Mechanics Group, Georgia Tech            *
*                       PI: Phanish Suryanarayana                         *
*                Main Developers: Qimen Xu, Abhiraj Sharma                *
*     Collaborators: J.E. Pask (LLNL), A.J. Medford (GT), E. Chow (GT)    *
*  Acknowledgements: U.S. DOE (DE-SC0019410); U.S. NSF (1333500,1553212)  *
***************************************************************************
                                                                           
