***************************************************************************
*                           SPARC (May 06, 2020)                          *
*   Copyright (c) 2019 Material Physics & Mechanics Group, Georgia Tech   *
*           Distributed under GNU General Public License 3 (GPL)          *
*                   Start time: Sat May  9 05:59:12 2020                  *
***************************************************************************
                           Input parameters                                
***************************************************************************
CELL: 22.6767135100431 22.6767135100431 22.6767135100431 
LATVEC:
1 0 0 
0 1 0 
0 0 1 
FD_GRID: 94 94 94
FD_ORDER: 12
BC: P P P
KPOINT_GRID: 1 1 1
KPOINT_SHIFT: 0 0 0
SPIN_TYP: 0
ELEC_TEMP_TYPE: Gaussian
SMEARING: 0.003674926479
CHEB_DEGREE: 30
NSTATES: 145
EXCHANGE_CORRELATION: LDA_PZ
CALC_STRESS: 0
CALC_PRES: 0
CHEFSI_BOUND_FLAG: 0
MAXIT_SCF: 1000
MINIT_SCF: 3
MAXIT_POISSON: 3000
TOL_SCF: 9.46E-05
POISSON_SOLVER: AAR
TOL_POISSON: 9.46E-07
TOL_LANCZOS: 1.00E-02
TOL_PSEUDOCHARGE: 9.46E-07
MIXING_VARIABLE: density
MIXING_PRECOND: kerker
TOL_PRECOND: 5.82E-05
PRECOND_KERKER_KTF: 1
PRECOND_KERKER_THRESH: 0.1
MIXING_PARAMETER: 0.3
MIXING_HISTORY: 7
PULAY_FREQUENCY: 1
PULAY_RESTART: 0
REFERENCE_CUTOFF: 0.5
RHO_TRIGGER: 4
FIX_RAND: 0
VERBOSITY: 1
PRINT_FORCES: 1
PRINT_ATOMS: 1
PRINT_EIGEN: 0
PRINT_DENSITY: 0
OUTPUT_FILE: input_file_store/sprc-calc_1
***************************************************************************
                           Parallelization                                 
***************************************************************************
NP_SPIN_PARAL: 1
NP_KPOINT_PARAL: 1
NP_BAND_PARAL: 1
NP_DOMAIN_PARAL: 1 1 1
NP_DOMAIN_PHI_PARAL: 1 1 1
EIG_USE_LAPACK: 1
EIG_LAPACK_MAXNS: 2000
***************************************************************************
                             Initialization                                
***************************************************************************
Number of processors               :  1
Mesh spacing                       :  0.241242 (Bohr)
Number of symmetry adapted k-points:  1
Output printed to                  :  input_file_store/sprc-calc_1.out
Total number of atom types         :  1
Total number of atoms              :  13
Total number of electrons          :  234
Atom type 1  (valence electrons)   :  Pt 18
Pseudopotential                    :  input_file_store/Pt.pot
Pseudocharge radii of atom type 1  :  7.00 7.00 7.00 (x, y, z dir)
Number of atoms of type 1          :  13
Estimated total memory usage       :  5.56 GB
Estimated memory per processor     :  5.56 GB
===================================================================
                    Self Consistent Field (SCF#1)                     
===================================================================
Iteration     Free Energy (Ha/atom)   SCF Error        Timing (sec)
1            -1.2135271850E+02        3.327E-02        339.906
2            -1.2137918929E+02        3.397E-02        91.514
3            -1.2137927702E+02        2.404E-02        89.689
4            -1.2137775168E+02        1.736E-02        89.726
5            -1.2137674490E+02        1.217E-02        89.671
6            -1.2137592717E+02        8.672E-03        88.951
7            -1.2137574303E+02        7.373E-03        89.222
8            -1.2137556879E+02        3.351E-03        88.936
9            -1.2137549135E+02        2.489E-03        88.306
10           -1.2137544953E+02        1.813E-03        88.777
11           -1.2137540867E+02        1.392E-03        88.223
12           -1.2137539215E+02        9.983E-04        87.645
13           -1.2137538493E+02        9.826E-04        87.926
14           -1.2137537988E+02        8.203E-04        87.269
15           -1.2137537505E+02        7.635E-04        88.044
16           -1.2137537218E+02        3.906E-04        87.329
17           -1.2137537642E+02        3.620E-04        87.443
18           -1.2137537709E+02        3.185E-04        87.579
19           -1.2137538637E+02        2.389E-04        87.552
20           -1.2137538686E+02        2.188E-04        84.833
21           -1.2137539107E+02        1.780E-04        82.952
22           -1.2137538909E+02        1.323E-04        83.423
23           -1.2137540098E+02        1.325E-04        82.363
24           -1.2137539530E+02        8.371E-05        77.578
Total number of SCF: 24    

k = [0.000, 0.000, 0.000]
Occupation of state 131 = 0.000000000000000.
Occupation of state 145 = 0.000000000000000.
====================================================================
                    Energy and force calculation                    
====================================================================
Free energy per atom               : -1.2137541273E+02 (Ha/atom)
Total free energy                  : -1.5778803655E+03 (Ha)
Band structure energy              : -2.7538833218E+02 (Ha)
Exchange correlation energy        : -1.4808015668E+02 (Ha)
Self and correction energy         : -2.4945125440E+03 (Ha)
Entropy*kb*T                       : -1.3735256356E-02 (Ha)
Fermi level                        : -1.1184823573E-01 (Ha)
RMS force                          :  6.0387552978E-02 (Ha/Bohr)
Maximum force                      :  6.6235631492E-02 (Ha/Bohr)
Time for force calculation         :  2.667 (sec)
***************************************************************************
                               Timing info                                 
***************************************************************************
Total walltime                     :  2363.033 sec
___________________________________________________________________________

***************************************************************************
*             Material Physics & Mechanics Group, Georgia Tech            *
*                       PI: Phanish Suryanarayana                         *
*                Main Developers: Qimen Xu, Abhiraj Sharma                *
*     Collaborators: J.E. Pask (LLNL), A.J. Medford (GT), E. Chow (GT)    *
*  Acknowledgements: U.S. DOE (DE-SC0019410); U.S. NSF (1333500,1553212)  *
***************************************************************************
                                                                           
