***************************************************************************
*                           SPARC (May 06, 2020)                          *
*   Copyright (c) 2019 Material Physics & Mechanics Group, Georgia Tech   *
*           Distributed under GNU General Public License 3 (GPL)          *
*                   Start time: Sat May  9 06:00:15 2020                  *
***************************************************************************
                           Input parameters                                
***************************************************************************
CELL: 22.6767135100431 22.6767135100431 22.6767135100431 
LATVEC:
1 0 0 
0 1 0 
0 0 1 
FD_GRID: 94 94 94
FD_ORDER: 12
BC: P P P
KPOINT_GRID: 1 1 1
KPOINT_SHIFT: 0 0 0
SPIN_TYP: 0
ELEC_TEMP_TYPE: Gaussian
SMEARING: 0.003674926479
CHEB_DEGREE: 30
NSTATES: 145
EXCHANGE_CORRELATION: LDA_PZ
CALC_STRESS: 0
CALC_PRES: 0
CHEFSI_BOUND_FLAG: 0
MAXIT_SCF: 1000
MINIT_SCF: 3
MAXIT_POISSON: 3000
TOL_SCF: 9.46E-05
POISSON_SOLVER: AAR
TOL_POISSON: 9.46E-07
TOL_LANCZOS: 1.00E-02
TOL_PSEUDOCHARGE: 9.46E-07
MIXING_VARIABLE: density
MIXING_PRECOND: kerker
TOL_PRECOND: 5.82E-05
PRECOND_KERKER_KTF: 1
PRECOND_KERKER_THRESH: 0.1
MIXING_PARAMETER: 0.3
MIXING_HISTORY: 7
PULAY_FREQUENCY: 1
PULAY_RESTART: 0
REFERENCE_CUTOFF: 0.5
RHO_TRIGGER: 4
FIX_RAND: 0
VERBOSITY: 1
PRINT_FORCES: 1
PRINT_ATOMS: 1
PRINT_EIGEN: 0
PRINT_DENSITY: 0
OUTPUT_FILE: input_file_store/sprc-calc_12
***************************************************************************
                           Parallelization                                 
***************************************************************************
NP_SPIN_PARAL: 1
NP_KPOINT_PARAL: 1
NP_BAND_PARAL: 12
NP_DOMAIN_PARAL: 1 1 1
NP_DOMAIN_PHI_PARAL: 2 2 3
EIG_USE_LAPACK: 1
EIG_LAPACK_MAXNS: 2000
***************************************************************************
                             Initialization                                
***************************************************************************
Number of processors               :  12
Mesh spacing                       :  0.241242 (Bohr)
Number of symmetry adapted k-points:  1
Output printed to                  :  input_file_store/sprc-calc_12.out
Total number of atom types         :  1
Total number of atoms              :  13
Total number of electrons          :  234
Atom type 1  (valence electrons)   :  Pt 18
Pseudopotential                    :  input_file_store/Pt.pot
Pseudocharge radii of atom type 1  :  7.00 7.00 7.00 (x, y, z dir)
Number of atoms of type 1          :  13
Estimated total memory usage       :  5.56 GB
Estimated memory per processor     :  474.21 MB
===================================================================
                    Self Consistent Field (SCF#1)                     
===================================================================
Iteration     Free Energy (Ha/atom)   SCF Error        Timing (sec)
1            -1.2135427936E+02        3.362E-02        35.630
2            -1.2137861435E+02        2.601E-02        9.807
3            -1.2137832031E+02        1.920E-02        9.735
4            -1.2137724170E+02        1.498E-02        9.691
5            -1.2137641698E+02        1.163E-02        9.759
6            -1.2137581870E+02        7.744E-03        9.663
7            -1.2137561000E+02        4.207E-03        9.786
8            -1.2137550705E+02        2.339E-03        9.653
9            -1.2137544854E+02        2.020E-03        9.597
10           -1.2137541165E+02        1.679E-03        9.593
11           -1.2137539254E+02        9.408E-04        9.550
12           -1.2137538411E+02        7.861E-04        9.546
13           -1.2137537612E+02        5.742E-04        9.505
14           -1.2137537600E+02        6.307E-04        9.571
15           -1.2137537642E+02        3.774E-04        9.498
16           -1.2137537765E+02        3.577E-04        9.408
17           -1.2137537859E+02        3.026E-04        9.528
18           -1.2137538528E+02        2.608E-04        9.441
19           -1.2137538852E+02        1.987E-04        9.408
20           -1.2137538530E+02        1.933E-04        9.453
21           -1.2137539386E+02        1.326E-04        9.370
22           -1.2137539315E+02        1.276E-04        9.420
23           -1.2137539427E+02        9.353E-05        8.646
Total number of SCF: 23    

k = [0.000, 0.000, 0.000]
Occupation of state 131 = 0.000000000000000.
Occupation of state 145 = 0.000000000000000.
====================================================================
                    Energy and force calculation                    
====================================================================
Free energy per atom               : -1.2137541199E+02 (Ha/atom)
Total free energy                  : -1.5778803558E+03 (Ha)
Band structure energy              : -2.7539252446E+02 (Ha)
Exchange correlation energy        : -1.4808016506E+02 (Ha)
Self and correction energy         : -2.4945125440E+03 (Ha)
Entropy*kb*T                       : -1.3741896534E-02 (Ha)
Fermi level                        : -1.1186677270E-01 (Ha)
RMS force                          :  5.9824265797E-02 (Ha/Bohr)
Maximum force                      :  6.6387303792E-02 (Ha/Bohr)
Time for force calculation         :  0.410 (sec)
***************************************************************************
                               Timing info                                 
***************************************************************************
Total walltime                     :  247.734 sec
___________________________________________________________________________

***************************************************************************
*             Material Physics & Mechanics Group, Georgia Tech            *
*                       PI: Phanish Suryanarayana                         *
*                Main Developers: Qimen Xu, Abhiraj Sharma                *
*     Collaborators: J.E. Pask (LLNL), A.J. Medford (GT), E. Chow (GT)    *
*  Acknowledgements: U.S. DOE (DE-SC0019410); U.S. NSF (1333500,1553212)  *
***************************************************************************
                                                                           
