***************************************************************************
*                           SPARC (May 06, 2020)                          *
*   Copyright (c) 2019 Material Physics & Mechanics Group, Georgia Tech   *
*           Distributed under GNU General Public License 3 (GPL)          *
*                   Start time: Sat May  9 06:43:47 2020                  *
***************************************************************************
                           Input parameters                                
***************************************************************************
CELL: 22.6767135100431 22.6767135100431 22.6767135100431 
LATVEC:
1 0 0 
0 1 0 
0 0 1 
FD_GRID: 94 94 94
FD_ORDER: 12
BC: P P P
KPOINT_GRID: 1 1 1
KPOINT_SHIFT: 0 0 0
SPIN_TYP: 0
ELEC_TEMP_TYPE: Gaussian
SMEARING: 0.003674926479
CHEB_DEGREE: 30
NSTATES: 145
EXCHANGE_CORRELATION: LDA_PZ
CALC_STRESS: 0
CALC_PRES: 0
CHEFSI_BOUND_FLAG: 0
MAXIT_SCF: 1000
MINIT_SCF: 3
MAXIT_POISSON: 3000
TOL_SCF: 9.46E-05
POISSON_SOLVER: AAR
TOL_POISSON: 9.46E-07
TOL_LANCZOS: 1.00E-02
TOL_PSEUDOCHARGE: 9.46E-07
MIXING_VARIABLE: density
MIXING_PRECOND: kerker
TOL_PRECOND: 5.82E-05
PRECOND_KERKER_KTF: 1
PRECOND_KERKER_THRESH: 0.1
MIXING_PARAMETER: 0.3
MIXING_HISTORY: 7
PULAY_FREQUENCY: 1
PULAY_RESTART: 0
REFERENCE_CUTOFF: 0.5
RHO_TRIGGER: 4
FIX_RAND: 0
VERBOSITY: 1
PRINT_FORCES: 1
PRINT_ATOMS: 1
PRINT_EIGEN: 0
PRINT_DENSITY: 0
OUTPUT_FILE: input_file_store/sprc-calc_24
***************************************************************************
                           Parallelization                                 
***************************************************************************
NP_SPIN_PARAL: 1
NP_KPOINT_PARAL: 1
NP_BAND_PARAL: 24
NP_DOMAIN_PARAL: 1 1 1
NP_DOMAIN_PHI_PARAL: 2 3 4
EIG_USE_LAPACK: 1
EIG_LAPACK_MAXNS: 2000
***************************************************************************
                             Initialization                                
***************************************************************************
Number of processors               :  24
Mesh spacing                       :  0.241242 (Bohr)
Number of symmetry adapted k-points:  1
Output printed to                  :  input_file_store/sprc-calc_24.out
Total number of atom types         :  1
Total number of atoms              :  13
Total number of electrons          :  234
Atom type 1  (valence electrons)   :  Pt 18
Pseudopotential                    :  input_file_store/Pt.pot
Pseudocharge radii of atom type 1  :  7.00 7.00 7.00 (x, y, z dir)
Number of atoms of type 1          :  13
Estimated total memory usage       :  5.56 GB
Estimated memory per processor     :  237.10 MB
===================================================================
                    Self Consistent Field (SCF#1)                     
===================================================================
Iteration     Free Energy (Ha/atom)   SCF Error        Timing (sec)
1            -1.2135176976E+02        3.358E-02        19.660
2            -1.2137798999E+02        2.848E-02        5.833
3            -1.2137921878E+02        2.337E-02        5.209
4            -1.2137776907E+02        1.687E-02        5.233
5            -1.2137662660E+02        1.063E-02        5.200
6            -1.2137586284E+02        7.636E-03        5.235
7            -1.2137567766E+02        5.673E-03        5.180
8            -1.2137554991E+02        3.175E-03        5.744
9            -1.2137548608E+02        2.560E-03        5.239
10           -1.2137542014E+02        1.425E-03        5.154
11           -1.2137539624E+02        1.120E-03        5.137
12           -1.2137538977E+02        9.800E-04        5.241
13           -1.2137537662E+02        6.640E-04        5.166
14           -1.2137537265E+02        5.355E-04        5.701
15           -1.2137537674E+02        5.989E-04        5.119
16           -1.2137537339E+02        3.187E-04        5.154
17           -1.2137538124E+02        3.193E-04        5.135
18           -1.2137538210E+02        2.807E-04        5.134
19           -1.2137538733E+02        2.616E-04        5.134
20           -1.2137538782E+02        1.820E-04        5.647
21           -1.2137539355E+02        1.510E-04        5.109
22           -1.2137539355E+02        1.468E-04        5.111
23           -1.2137539392E+02        1.046E-04        5.023
24           -1.2137538980E+02        1.092E-04        5.047
25           -1.2137539807E+02        1.020E-04        5.059
26           -1.2137540065E+02        7.167E-05        4.758
Total number of SCF: 26    

k = [0.000, 0.000, 0.000]
Occupation of state 131 = 0.000000000000000.
Occupation of state 145 = 0.000000000000000.
====================================================================
                    Energy and force calculation                    
====================================================================
Free energy per atom               : -1.2137540714E+02 (Ha/atom)
Total free energy                  : -1.5778802928E+03 (Ha)
Band structure energy              : -2.7530204239E+02 (Ha)
Exchange correlation energy        : -1.4807818447E+02 (Ha)
Self and correction energy         : -2.4945125440E+03 (Ha)
Entropy*kb*T                       : -1.3736986648E-02 (Ha)
Fermi level                        : -1.1147824551E-01 (Ha)
RMS force                          :  5.9038448877E-02 (Ha/Bohr)
Maximum force                      :  6.5481681955E-02 (Ha/Bohr)
Time for force calculation         :  0.216 (sec)
***************************************************************************
                               Timing info                                 
***************************************************************************
Total walltime                     :  151.709 sec
___________________________________________________________________________

***************************************************************************
*             Material Physics & Mechanics Group, Georgia Tech            *
*                       PI: Phanish Suryanarayana                         *
*                Main Developers: Qimen Xu, Abhiraj Sharma                *
*     Collaborators: J.E. Pask (LLNL), A.J. Medford (GT), E. Chow (GT)    *
*  Acknowledgements: U.S. DOE (DE-SC0019410); U.S. NSF (1333500,1553212)  *
***************************************************************************
                                                                           
