***************************************************************************
*                           SPARC (May 06, 2020)                          *
*   Copyright (c) 2019 Material Physics & Mechanics Group, Georgia Tech   *
*           Distributed under GNU General Public License 3 (GPL)          *
*                   Start time: Sat May  9 08:42:04 2020                  *
***************************************************************************
                           Input parameters                                
***************************************************************************
CELL: 22.6767135100431 22.6767135100431 22.6767135100431 
LATVEC:
1 0 0 
0 1 0 
0 0 1 
FD_GRID: 94 94 94
FD_ORDER: 12
BC: P P P
KPOINT_GRID: 1 1 1
KPOINT_SHIFT: 0 0 0
SPIN_TYP: 0
ELEC_TEMP_TYPE: Gaussian
SMEARING: 0.003674926479
CHEB_DEGREE: 30
NSTATES: 145
EXCHANGE_CORRELATION: LDA_PZ
CALC_STRESS: 0
CALC_PRES: 0
CHEFSI_BOUND_FLAG: 0
MAXIT_SCF: 1000
MINIT_SCF: 3
MAXIT_POISSON: 3000
TOL_SCF: 9.46E-05
POISSON_SOLVER: AAR
TOL_POISSON: 9.46E-07
TOL_LANCZOS: 1.00E-02
TOL_PSEUDOCHARGE: 9.46E-07
MIXING_VARIABLE: density
MIXING_PRECOND: kerker
TOL_PRECOND: 5.82E-05
PRECOND_KERKER_KTF: 1
PRECOND_KERKER_THRESH: 0.1
MIXING_PARAMETER: 0.3
MIXING_HISTORY: 7
PULAY_FREQUENCY: 1
PULAY_RESTART: 0
REFERENCE_CUTOFF: 0.5
RHO_TRIGGER: 4
FIX_RAND: 0
VERBOSITY: 1
PRINT_FORCES: 1
PRINT_ATOMS: 1
PRINT_EIGEN: 0
PRINT_DENSITY: 0
OUTPUT_FILE: input_file_store/sprc-calc_96
***************************************************************************
                           Parallelization                                 
***************************************************************************
NP_SPIN_PARAL: 1
NP_KPOINT_PARAL: 1
NP_BAND_PARAL: 96
NP_DOMAIN_PARAL: 1 1 1
NP_DOMAIN_PHI_PARAL: 4 4 6
EIG_USE_LAPACK: 1
EIG_LAPACK_MAXNS: 2000
***************************************************************************
                             Initialization                                
***************************************************************************
Number of processors               :  96
Mesh spacing                       :  0.241242 (Bohr)
Number of symmetry adapted k-points:  1
Output printed to                  :  input_file_store/sprc-calc_96.out
Total number of atom types         :  1
Total number of atoms              :  13
Total number of electrons          :  234
Atom type 1  (valence electrons)   :  Pt 18
Pseudopotential                    :  input_file_store/Pt.pot
Pseudocharge radii of atom type 1  :  7.00 7.00 7.00 (x, y, z dir)
Number of atoms of type 1          :  13
Estimated total memory usage       :  5.56 GB
Estimated memory per processor     :  59.28 MB
===================================================================
                    Self Consistent Field (SCF#1)                     
===================================================================
Iteration     Free Energy (Ha/atom)   SCF Error        Timing (sec)
1            -1.2135510344E+02        3.537E-02        6.564
2            -1.2137940692E+02        3.125E-02        1.810
3            -1.2137911962E+02        2.471E-02        1.772
4            -1.2137795860E+02        1.748E-02        1.755
5            -1.2137646038E+02        9.573E-03        1.716
6            -1.2137607647E+02        1.150E-02        1.799
7            -1.2137564752E+02        4.674E-03        1.794
8            -1.2137557265E+02        4.149E-03        1.754
9            -1.2137548618E+02        2.444E-03        2.114
10           -1.2137543770E+02        1.661E-03        1.803
11           -1.2137539840E+02        1.137E-03        1.756
12           -1.2137538837E+02        1.122E-03        2.301
13           -1.2137537969E+02        7.391E-04        1.743
14           -1.2137537526E+02        6.596E-04        1.716
15           -1.2137537753E+02        6.571E-04        1.713
16           -1.2137537782E+02        4.620E-04        1.679
17           -1.2137537542E+02        3.618E-04        1.716
18           -1.2137537998E+02        3.303E-04        1.717
19           -1.2137538679E+02        2.476E-04        1.772
20           -1.2137537818E+02        2.455E-04        1.728
21           -1.2137539304E+02        1.950E-04        1.698
22           -1.2137538641E+02        1.796E-04        1.729
23           -1.2137539332E+02        1.314E-04        1.694
24           -1.2137539225E+02        1.394E-04        1.764
25           -1.2137539536E+02        1.300E-04        2.137
26           -1.2137539788E+02        9.738E-05        1.713
27           -1.2137539057E+02        9.880E-05        1.805
28           -1.2137539975E+02        7.520E-05        1.729
Total number of SCF: 28    

k = [0.000, 0.000, 0.000]
Occupation of state 131 = 0.000000000000000.
Occupation of state 145 = 0.000000000000000.
====================================================================
                    Energy and force calculation                    
====================================================================
Free energy per atom               : -1.2137540866E+02 (Ha/atom)
Total free energy                  : -1.5778803125E+03 (Ha)
Band structure energy              : -2.7523980652E+02 (Ha)
Exchange correlation energy        : -1.4807657255E+02 (Ha)
Self and correction energy         : -2.4945125440E+03 (Ha)
Entropy*kb*T                       : -1.3744437677E-02 (Ha)
Fermi level                        : -1.1121290574E-01 (Ha)
RMS force                          :  5.7041857325E-02 (Ha/Bohr)
Maximum force                      :  6.2823173970E-02 (Ha/Bohr)
Time for force calculation         :  0.101 (sec)
***************************************************************************
                               Timing info                                 
***************************************************************************
Total walltime                     :  55.543 sec
___________________________________________________________________________

***************************************************************************
*             Material Physics & Mechanics Group, Georgia Tech            *
*                       PI: Phanish Suryanarayana                         *
*                Main Developers: Qimen Xu, Abhiraj Sharma                *
*     Collaborators: J.E. Pask (LLNL), A.J. Medford (GT), E. Chow (GT)    *
*  Acknowledgements: U.S. DOE (DE-SC0019410); U.S. NSF (1333500,1553212)  *
***************************************************************************
                                                                           
