***************************************************************************
*                           SPARC (May 06, 2020)                          *
*   Copyright (c) 2019 Material Physics & Mechanics Group, Georgia Tech   *
*           Distributed under GNU General Public License 3 (GPL)          *
*                   Start time: Sat May  9 12:03:49 2020                  *
***************************************************************************
                           Input parameters                                
***************************************************************************
CELL: 22.6767135100431 22.6767135100431 22.6767135100431 
LATVEC:
1 0 0 
0 1 0 
0 0 1 
FD_GRID: 94 94 94
FD_ORDER: 12
BC: P P P
KPOINT_GRID: 1 1 1
KPOINT_SHIFT: 0 0 0
SPIN_TYP: 0
ELEC_TEMP_TYPE: Gaussian
SMEARING: 0.003674926479
CHEB_DEGREE: 30
NSTATES: 145
EXCHANGE_CORRELATION: LDA_PZ
CALC_STRESS: 0
CALC_PRES: 0
CHEFSI_BOUND_FLAG: 0
MAXIT_SCF: 1000
MINIT_SCF: 3
MAXIT_POISSON: 3000
TOL_SCF: 9.46E-05
POISSON_SOLVER: AAR
TOL_POISSON: 9.46E-07
TOL_LANCZOS: 1.00E-02
TOL_PSEUDOCHARGE: 9.46E-07
MIXING_VARIABLE: density
MIXING_PRECOND: kerker
TOL_PRECOND: 5.82E-05
PRECOND_KERKER_KTF: 1
PRECOND_KERKER_THRESH: 0.1
MIXING_PARAMETER: 0.3
MIXING_HISTORY: 7
PULAY_FREQUENCY: 1
PULAY_RESTART: 0
REFERENCE_CUTOFF: 0.5
RHO_TRIGGER: 4
FIX_RAND: 0
VERBOSITY: 1
PRINT_FORCES: 1
PRINT_ATOMS: 1
PRINT_EIGEN: 0
PRINT_DENSITY: 0
OUTPUT_FILE: input_file_store/sprc-calc_192
***************************************************************************
                           Parallelization                                 
***************************************************************************
NP_SPIN_PARAL: 1
NP_KPOINT_PARAL: 1
NP_BAND_PARAL: 145
NP_DOMAIN_PARAL: 1 1 1
NP_DOMAIN_PHI_PARAL: 4 6 8
EIG_USE_LAPACK: 1
EIG_LAPACK_MAXNS: 2000
***************************************************************************
                             Initialization                                
***************************************************************************
Number of processors               :  192
Mesh spacing                       :  0.241242 (Bohr)
Number of symmetry adapted k-points:  1
Output printed to                  :  input_file_store/sprc-calc_192.out
Total number of atom types         :  1
Total number of atoms              :  13
Total number of electrons          :  234
Atom type 1  (valence electrons)   :  Pt 18
Pseudopotential                    :  input_file_store/Pt.pot
Pseudocharge radii of atom type 1  :  7.00 7.00 7.00 (x, y, z dir)
Number of atoms of type 1          :  13
Estimated total memory usage       :  5.56 GB
Estimated memory per processor     :  29.64 MB
===================================================================
                    Self Consistent Field (SCF#1)                     
===================================================================
Iteration     Free Energy (Ha/atom)   SCF Error        Timing (sec)
1            -1.2135276831E+02        3.345E-02        4.212
2            -1.2137811131E+02        2.905E-02        1.072
3            -1.2137884365E+02        2.270E-02        1.086
4            -1.2137745308E+02        1.568E-02        1.110
5            -1.2137658816E+02        1.164E-02        1.208
6            -1.2137584673E+02        7.683E-03        1.130
7            -1.2137564504E+02        5.195E-03        1.238
8            -1.2137553103E+02        2.697E-03        1.288
9            -1.2137547277E+02        2.434E-03        1.059
10           -1.2137542403E+02        1.596E-03        1.212
11           -1.2137539569E+02        9.988E-04        1.369
12           -1.2137538689E+02        9.593E-04        1.103
13           -1.2137537784E+02        6.634E-04        1.083
14           -1.2137537441E+02        5.558E-04        1.152
15           -1.2137537790E+02        6.315E-04        1.077
16           -1.2137537761E+02        3.811E-04        1.038
17           -1.2137537535E+02        3.611E-04        1.121
18           -1.2137538541E+02        2.734E-04        1.092
19           -1.2137538237E+02        2.778E-04        1.043
20           -1.2137538732E+02        1.869E-04        1.107
21           -1.2137538985E+02        1.666E-04        1.890
22           -1.2137539142E+02        1.455E-04        1.104
23           -1.2137539840E+02        1.217E-04        1.056
24           -1.2137538885E+02        1.094E-04        1.164
25           -1.2137539807E+02        1.154E-04        1.069
26           -1.2137539624E+02        8.865E-05        1.010
Total number of SCF: 26    

k = [0.000, 0.000, 0.000]
Occupation of state 131 = 0.000000000000000.
Occupation of state 145 = 0.000000000000000.
====================================================================
                    Energy and force calculation                    
====================================================================
Free energy per atom               : -1.2137540867E+02 (Ha/atom)
Total free energy                  : -1.5778803127E+03 (Ha)
Band structure energy              : -2.7527720818E+02 (Ha)
Exchange correlation energy        : -1.4807739961E+02 (Ha)
Self and correction energy         : -2.4945125440E+03 (Ha)
Entropy*kb*T                       : -1.3739928768E-02 (Ha)
Fermi level                        : -1.1137324598E-01 (Ha)
RMS force                          :  5.8005212974E-02 (Ha/Bohr)
Maximum force                      :  6.4523778320E-02 (Ha/Bohr)
Time for force calculation         :  0.054 (sec)
***************************************************************************
                               Timing info                                 
***************************************************************************
Total walltime                     :  33.538 sec
___________________________________________________________________________

***************************************************************************
*             Material Physics & Mechanics Group, Georgia Tech            *
*                       PI: Phanish Suryanarayana                         *
*                Main Developers: Qimen Xu, Abhiraj Sharma                *
*     Collaborators: J.E. Pask (LLNL), A.J. Medford (GT), E. Chow (GT)    *
*  Acknowledgements: U.S. DOE (DE-SC0019410); U.S. NSF (1333500,1553212)  *
***************************************************************************
                                                                           
