***************************************************************************
*                           SPARC (May 06, 2020)                          *
*   Copyright (c) 2019 Material Physics & Mechanics Group, Georgia Tech   *
*           Distributed under GNU General Public License 3 (GPL)          *
*                   Start time: Sat May  9 05:58:38 2020                  *
***************************************************************************
                           Input parameters                                
***************************************************************************
CELL: 41.1261096765891 41.1261096765891 41.1261096765891 
LATVEC:
1 0 0 
0 1 0 
0 0 1 
FD_GRID: 171 171 171
FD_ORDER: 12
BC: P P P
KPOINT_GRID: 1 1 1
KPOINT_SHIFT: 0 0 0
SPIN_TYP: 0
ELEC_TEMP_TYPE: Gaussian
SMEARING: 0.003674926479
CHEB_DEGREE: 31
NSTATES: 41
EXCHANGE_CORRELATION: LDA_PZ
CALC_STRESS: 0
CALC_PRES: 0
CHEFSI_BOUND_FLAG: 0
MAXIT_SCF: 1000
MINIT_SCF: 3
MAXIT_POISSON: 3000
TOL_SCF: 1.16E-03
POISSON_SOLVER: AAR
TOL_POISSON: 1.16E-05
TOL_LANCZOS: 1.00E-02
TOL_PSEUDOCHARGE: 1.16E-05
MIXING_VARIABLE: density
MIXING_PRECOND: kerker
TOL_PRECOND: 5.78E-05
PRECOND_KERKER_KTF: 1
PRECOND_KERKER_THRESH: 0.1
MIXING_PARAMETER: 0.3
MIXING_HISTORY: 7
PULAY_FREQUENCY: 1
PULAY_RESTART: 0
REFERENCE_CUTOFF: 0.5
RHO_TRIGGER: 4
FIX_RAND: 0
VERBOSITY: 1
PRINT_FORCES: 1
PRINT_ATOMS: 1
PRINT_EIGEN: 0
PRINT_DENSITY: 0
OUTPUT_FILE: input_file_store/sprc-calc_12
***************************************************************************
                           Parallelization                                 
***************************************************************************
NP_SPIN_PARAL: 1
NP_KPOINT_PARAL: 1
NP_BAND_PARAL: 12
NP_DOMAIN_PARAL: 1 1 1
NP_DOMAIN_PHI_PARAL: 2 2 3
EIG_USE_LAPACK: 1
EIG_LAPACK_MAXNS: 2000
***************************************************************************
                             Initialization                                
***************************************************************************
Number of processors               :  12
Mesh spacing                       :  0.240504 (Bohr)
Number of symmetry adapted k-points:  1
Output printed to                  :  input_file_store/sprc-calc_12.out
Total number of atom types         :  1
Total number of atoms              :  30
Total number of electrons          :  60
Atom type 1  (valence electrons)   :  He 2
Pseudopotential                    :  input_file_store/He.pot
Pseudocharge radii of atom type 1  :  2.65 2.65 2.65 (x, y, z dir)
Number of atoms of type 1          :  30
Estimated total memory usage       :  10.21 GB
Estimated memory per processor     :  871.06 MB
===================================================================
                    Self Consistent Field (SCF#1)                     
===================================================================
Iteration     Free Energy (Ha/atom)   SCF Error        Timing (sec)
1            -2.7386045192E+00        1.116E-02        65.515
2            -2.7414912138E+00        6.303E-03        20.677
3            -2.7416065500E+00        2.126E-03        20.084
4            -2.7416335309E+00        1.214E-03        20.092
5            -2.7416507342E+00        2.729E-04        15.113
Total number of SCF: 5     

k = [0.000, 0.000, 0.000]
Occupation of state 37 = 0.000000000000000.
Occupation of state 41 = 0.000000000000000.
====================================================================
                    Energy and force calculation                    
====================================================================
Free energy per atom               : -2.7416547388E+00 (Ha/atom)
Total free energy                  : -8.2249642165E+01 (Ha)
Band structure energy              : -3.4084864339E+01 (Ha)
Exchange correlation energy        : -2.7465088300E+01 (Ha)
Self and correction energy         : -1.0474593685E+02 (Ha)
Entropy*kb*T                       : -2.7344444866E-06 (Ha)
Fermi level                        :  1.7675838406E-03 (Ha)
RMS force                          :  5.4740027487E-04 (Ha/Bohr)
Maximum force                      :  3.4000597351E-03 (Ha/Bohr)
Time for force calculation         :  0.830 (sec)
***************************************************************************
                               Timing info                                 
***************************************************************************
Total walltime                     :  153.270 sec
___________________________________________________________________________

***************************************************************************
*             Material Physics & Mechanics Group, Georgia Tech            *
*                       PI: Phanish Suryanarayana                         *
*                Main Developers: Qimen Xu, Abhiraj Sharma                *
*     Collaborators: J.E. Pask (LLNL), A.J. Medford (GT), E. Chow (GT)    *
*  Acknowledgements: U.S. DOE (DE-SC0019410); U.S. NSF (1333500,1553212)  *
***************************************************************************
                                                                           
