***************************************************************************
*                           SPARC (May 06, 2020)                          *
*   Copyright (c) 2019 Material Physics & Mechanics Group, Georgia Tech   *
*           Distributed under GNU General Public License 3 (GPL)          *
*                   Start time: Sat May  9 13:19:39 2020                  *
***************************************************************************
                           Input parameters                                
***************************************************************************
CELL: 7.40772641328076 22.6767135100431 22.6767135100431 
LATVEC:
1 0 0 
0 1 0 
0 0 1 
FD_GRID: 31 94 94
FD_ORDER: 12
BC: P P P
KPOINT_GRID: 6 1 1
KPOINT_SHIFT: 0 0 0
SPIN_TYP: 0
ELEC_TEMP_TYPE: Gaussian
SMEARING: 0.003674926479
CHEB_DEGREE: 31
NSTATES: 48
EXCHANGE_CORRELATION: LDA_PZ
CALC_STRESS: 0
CALC_PRES: 0
CHEFSI_BOUND_FLAG: 0
MAXIT_SCF: 1000
MINIT_SCF: 3
MAXIT_POISSON: 3000
TOL_SCF: 9.46E-05
POISSON_SOLVER: AAR
TOL_POISSON: 9.46E-07
TOL_LANCZOS: 1.00E-02
TOL_PSEUDOCHARGE: 9.46E-07
MIXING_VARIABLE: density
MIXING_PRECOND: kerker
TOL_PRECOND: 5.78E-05
PRECOND_KERKER_KTF: 1
PRECOND_KERKER_THRESH: 0.1
MIXING_PARAMETER: 0.3
MIXING_HISTORY: 7
PULAY_FREQUENCY: 1
PULAY_RESTART: 0
REFERENCE_CUTOFF: 0.5
RHO_TRIGGER: 4
FIX_RAND: 0
VERBOSITY: 1
PRINT_FORCES: 1
PRINT_ATOMS: 1
PRINT_EIGEN: 0
PRINT_DENSITY: 0
OUTPUT_FILE: input_file_store/sprc-calc_240
***************************************************************************
                           Parallelization                                 
***************************************************************************
NP_SPIN_PARAL: 1
NP_KPOINT_PARAL: 4
NP_BAND_PARAL: 48
NP_DOMAIN_PARAL: 1 1 1
NP_DOMAIN_PHI_PARAL: 3 8 10
EIG_USE_LAPACK: 1
EIG_LAPACK_MAXNS: 2000
***************************************************************************
                             Initialization                                
***************************************************************************
Number of processors               :  240
Mesh spacing in x-direction        :  0.238959 (Bohr)
Mesh spacing in y-direction        :  0.241242 (Bohr)
Mesh spacing in z direction        :  0.241242 (Bohr)
Number of symmetry adapted k-points:  4
Output printed to                  :  input_file_store/sprc-calc_240.out
Total number of atom types         :  1
Total number of atoms              :  4
Total number of electrons          :  72
Atom type 1  (valence electrons)   :  Pt 18
Pseudopotential                    :  input_file_store/Pt.pot
Pseudocharge radii of atom type 1  :  6.93 7.00 7.00 (x, y, z dir)
Number of atoms of type 1          :  4
Estimated total memory usage       :  4.76 GB
Estimated memory per processor     :  20.31 MB
===================================================================
                    Self Consistent Field (SCF#1)                     
===================================================================
Iteration     Free Energy (Ha/atom)   SCF Error        Timing (sec)
1            -1.2136913898E+02        3.084E-02        3.953
2            -1.2138007815E+02        2.384E-02        1.020
3            -1.2137851556E+02        1.837E-02        1.192
4            -1.2137636544E+02        1.001E-02        1.095
5            -1.2137596145E+02        7.133E-03        1.062
6            -1.2137571685E+02        3.409E-03        1.065
7            -1.2137548639E+02        1.547E-03        1.023
8            -1.2137545647E+02        1.180E-03        1.028
9            -1.2137543135E+02        7.824E-04        1.320
10           -1.2137540786E+02        5.998E-04        1.068
11           -1.2137540197E+02        3.952E-04        1.093
12           -1.2137540267E+02        2.491E-04        1.004
13           -1.2137541560E+02        1.638E-04        1.046
14           -1.2137541919E+02        1.296E-04        1.018
15           -1.2137543221E+02        8.388E-05        0.961
Total number of SCF: 15    

k = [-0.333, 0.000, 0.000]
Occupation of state 43 = 0.000000000000000.
Occupation of state 48 = 0.000000000000000.
====================================================================
                    Energy and force calculation                    
====================================================================
Free energy per atom               : -1.2137544760E+02 (Ha/atom)
Total free energy                  : -4.8550179039E+02 (Ha)
Band structure energy              : -8.4620721664E+01 (Ha)
Exchange correlation energy        : -4.5591811681E+01 (Ha)
Self and correction energy         : -7.6754193676E+02 (Ha)
Entropy*kb*T                       : -2.6716966149E-03 (Ha)
Fermi level                        : -1.0970596013E-01 (Ha)
RMS force                          :  5.9346993941E-02 (Ha/Bohr)
Maximum force                      :  5.9425461752E-02 (Ha/Bohr)
Time for force calculation         :  0.040 (sec)
***************************************************************************
                               Timing info                                 
***************************************************************************
Total walltime                     :  19.154 sec
___________________________________________________________________________

***************************************************************************
*             Material Physics & Mechanics Group, Georgia Tech            *
*                       PI: Phanish Suryanarayana                         *
*                Main Developers: Qimen Xu, Abhiraj Sharma                *
*     Collaborators: J.E. Pask (LLNL), A.J. Medford (GT), E. Chow (GT)    *
*  Acknowledgements: U.S. DOE (DE-SC0019410); U.S. NSF (1333500,1553212)  *
***************************************************************************
                                                                           
