***************************************************************************
*                           SPARC (May 06, 2020)                          *
*   Copyright (c) 2019 Material Physics & Mechanics Group, Georgia Tech   *
*           Distributed under GNU General Public License 3 (GPL)          *
*                   Start time: Sat May  9 06:03:28 2020                  *
***************************************************************************
                           Input parameters                                
***************************************************************************
CELL: 7.40772641328076 22.6767135100431 22.6767135100431 
LATVEC:
1 0 0 
0 1 0 
0 0 1 
FD_GRID: 31 94 94
FD_ORDER: 12
BC: P P P
KPOINT_GRID: 6 1 1
KPOINT_SHIFT: 0 0 0
SPIN_TYP: 0
ELEC_TEMP_TYPE: Gaussian
SMEARING: 0.003674926479
CHEB_DEGREE: 31
NSTATES: 48
EXCHANGE_CORRELATION: LDA_PZ
CALC_STRESS: 0
CALC_PRES: 0
CHEFSI_BOUND_FLAG: 0
MAXIT_SCF: 1000
MINIT_SCF: 3
MAXIT_POISSON: 3000
TOL_SCF: 9.46E-05
POISSON_SOLVER: AAR
TOL_POISSON: 9.46E-07
TOL_LANCZOS: 1.00E-02
TOL_PSEUDOCHARGE: 9.46E-07
MIXING_VARIABLE: density
MIXING_PRECOND: kerker
TOL_PRECOND: 5.78E-05
PRECOND_KERKER_KTF: 1
PRECOND_KERKER_THRESH: 0.1
MIXING_PARAMETER: 0.3
MIXING_HISTORY: 7
PULAY_FREQUENCY: 1
PULAY_RESTART: 0
REFERENCE_CUTOFF: 0.5
RHO_TRIGGER: 4
FIX_RAND: 0
VERBOSITY: 1
PRINT_FORCES: 1
PRINT_ATOMS: 1
PRINT_EIGEN: 0
PRINT_DENSITY: 0
OUTPUT_FILE: input_file_store/sprc-calc_12
***************************************************************************
                           Parallelization                                 
***************************************************************************
NP_SPIN_PARAL: 1
NP_KPOINT_PARAL: 4
NP_BAND_PARAL: 3
NP_DOMAIN_PARAL: 1 1 1
NP_DOMAIN_PHI_PARAL: 1 3 4
EIG_USE_LAPACK: 1
EIG_LAPACK_MAXNS: 2000
***************************************************************************
                             Initialization                                
***************************************************************************
Number of processors               :  12
Mesh spacing in x-direction        :  0.238959 (Bohr)
Mesh spacing in y-direction        :  0.241242 (Bohr)
Mesh spacing in z direction        :  0.241242 (Bohr)
Number of symmetry adapted k-points:  4
Output printed to                  :  input_file_store/sprc-calc_12.out
Total number of atom types         :  1
Total number of atoms              :  4
Total number of electrons          :  72
Atom type 1  (valence electrons)   :  Pt 18
Pseudopotential                    :  input_file_store/Pt.pot
Pseudocharge radii of atom type 1  :  6.93 7.00 7.00 (x, y, z dir)
Number of atoms of type 1          :  4
Estimated total memory usage       :  4.76 GB
Estimated memory per processor     :  406.12 MB
===================================================================
                    Self Consistent Field (SCF#1)                     
===================================================================
Iteration     Free Energy (Ha/atom)   SCF Error        Timing (sec)
1            -1.2137081379E+02        3.124E-02        49.756
2            -1.2138025791E+02        2.138E-02        12.603
3            -1.2137742196E+02        1.602E-02        12.569
4            -1.2137627455E+02        1.038E-02        12.491
5            -1.2137587507E+02        5.878E-03        12.755
6            -1.2137569925E+02        3.383E-03        12.580
7            -1.2137549094E+02        1.531E-03        12.568
8            -1.2137545751E+02        1.124E-03        12.429
9            -1.2137543451E+02        7.944E-04        12.479
10           -1.2137540891E+02        4.941E-04        12.525
11           -1.2137540230E+02        3.842E-04        12.539
12           -1.2137540410E+02        2.300E-04        12.617
13           -1.2137541655E+02        1.648E-04        12.396
14           -1.2137542200E+02        1.202E-04        12.447
15           -1.2137543213E+02        1.010E-04        12.526
16           -1.2137543091E+02        7.674E-05        12.255
Total number of SCF: 16    

k = [-0.333, 0.000, 0.000]
Occupation of state 43 = 0.000000000000000.
Occupation of state 48 = 0.000000000000000.
====================================================================
                    Energy and force calculation                    
====================================================================
Free energy per atom               : -1.2137544729E+02 (Ha/atom)
Total free energy                  : -4.8550178915E+02 (Ha)
Band structure energy              : -8.4612782829E+01 (Ha)
Exchange correlation energy        : -4.5591713133E+01 (Ha)
Self and correction energy         : -7.6754193676E+02 (Ha)
Entropy*kb*T                       : -2.6722582537E-03 (Ha)
Fermi level                        : -1.0959499799E-01 (Ha)
RMS force                          :  5.9299383230E-02 (Ha/Bohr)
Maximum force                      :  5.9417778031E-02 (Ha/Bohr)
Time for force calculation         :  0.420 (sec)
***************************************************************************
                               Timing info                                 
***************************************************************************
Total walltime                     :  238.727 sec
___________________________________________________________________________

***************************************************************************
*             Material Physics & Mechanics Group, Georgia Tech            *
*                       PI: Phanish Suryanarayana                         *
*                Main Developers: Qimen Xu, Abhiraj Sharma                *
*     Collaborators: J.E. Pask (LLNL), A.J. Medford (GT), E. Chow (GT)    *
*  Acknowledgements: U.S. DOE (DE-SC0019410); U.S. NSF (1333500,1553212)  *
***************************************************************************
                                                                           
