***************************************************************************
*                           SPARC (May 06, 2020)                          *
*   Copyright (c) 2019 Material Physics & Mechanics Group, Georgia Tech   *
*           Distributed under GNU General Public License 3 (GPL)          *
*                   Start time: Sat May  9 05:59:12 2020                  *
***************************************************************************
                           Input parameters                                
***************************************************************************
CELL: 7.40772641328076 22.6767135100431 22.6767135100431 
LATVEC:
1 0 0 
0 1 0 
0 0 1 
FD_GRID: 31 94 94
FD_ORDER: 12
BC: P P P
KPOINT_GRID: 6 1 1
KPOINT_SHIFT: 0 0 0
SPIN_TYP: 0
ELEC_TEMP_TYPE: Gaussian
SMEARING: 0.003674926479
CHEB_DEGREE: 31
NSTATES: 48
EXCHANGE_CORRELATION: LDA_PZ
CALC_STRESS: 0
CALC_PRES: 0
CHEFSI_BOUND_FLAG: 0
MAXIT_SCF: 1000
MINIT_SCF: 3
MAXIT_POISSON: 3000
TOL_SCF: 9.46E-05
POISSON_SOLVER: AAR
TOL_POISSON: 9.46E-07
TOL_LANCZOS: 1.00E-02
TOL_PSEUDOCHARGE: 9.46E-07
MIXING_VARIABLE: density
MIXING_PRECOND: kerker
TOL_PRECOND: 5.78E-05
PRECOND_KERKER_KTF: 1
PRECOND_KERKER_THRESH: 0.1
MIXING_PARAMETER: 0.3
MIXING_HISTORY: 7
PULAY_FREQUENCY: 1
PULAY_RESTART: 0
REFERENCE_CUTOFF: 0.5
RHO_TRIGGER: 4
FIX_RAND: 0
VERBOSITY: 1
PRINT_FORCES: 1
PRINT_ATOMS: 1
PRINT_EIGEN: 0
PRINT_DENSITY: 0
OUTPUT_FILE: input_file_store/sprc-calc_1
***************************************************************************
                           Parallelization                                 
***************************************************************************
NP_SPIN_PARAL: 1
NP_KPOINT_PARAL: 1
NP_BAND_PARAL: 1
NP_DOMAIN_PARAL: 1 1 1
NP_DOMAIN_PHI_PARAL: 1 1 1
EIG_USE_LAPACK: 1
EIG_LAPACK_MAXNS: 2000
***************************************************************************
                             Initialization                                
***************************************************************************
Number of processors               :  1
Mesh spacing in x-direction        :  0.238959 (Bohr)
Mesh spacing in y-direction        :  0.241242 (Bohr)
Mesh spacing in z direction        :  0.241242 (Bohr)
Number of symmetry adapted k-points:  4
Output printed to                  :  input_file_store/sprc-calc_1.out
Total number of atom types         :  1
Total number of atoms              :  4
Total number of electrons          :  72
Atom type 1  (valence electrons)   :  Pt 18
Pseudopotential                    :  input_file_store/Pt.pot
Pseudocharge radii of atom type 1  :  6.93 7.00 7.00 (x, y, z dir)
Number of atoms of type 1          :  4
Estimated total memory usage       :  4.76 GB
Estimated memory per processor     :  4.76 GB
===================================================================
                    Self Consistent Field (SCF#1)                     
===================================================================
Iteration     Free Energy (Ha/atom)   SCF Error        Timing (sec)
1            -1.2136954281E+02        3.320E-02        569.718
2            -1.2138004446E+02        2.243E-02        142.421
3            -1.2137811495E+02        1.818E-02        142.185
4            -1.2137657406E+02        1.099E-02        142.233
5            -1.2137585806E+02        5.869E-03        141.699
6            -1.2137569134E+02        3.570E-03        141.592
7            -1.2137550025E+02        1.766E-03        141.637
8            -1.2137545629E+02        1.043E-03        141.461
9            -1.2137542899E+02        8.203E-04        141.559
10           -1.2137541030E+02        5.608E-04        141.470
11           -1.2137540375E+02        4.544E-04        140.951
12           -1.2137540354E+02        2.432E-04        137.536
13           -1.2137541155E+02        1.933E-04        137.314
14           -1.2137542153E+02        1.294E-04        136.835
15           -1.2137543300E+02        9.019E-05        133.173
Total number of SCF: 15    

k = [-0.333, 0.000, 0.000]
Occupation of state 43 = 0.000000000000000.
Occupation of state 48 = 0.000000000000000.
====================================================================
                    Energy and force calculation                    
====================================================================
Free energy per atom               : -1.2137545005E+02 (Ha/atom)
Total free energy                  : -4.8550180020E+02 (Ha)
Band structure energy              : -8.4631849788E+01 (Ha)
Exchange correlation energy        : -4.5592333725E+01 (Ha)
Self and correction energy         : -7.6754193676E+02 (Ha)
Entropy*kb*T                       : -2.6689117134E-03 (Ha)
Fermi level                        : -1.0985599899E-01 (Ha)
RMS force                          :  6.0364065258E-02 (Ha/Bohr)
Maximum force                      :  6.0495358079E-02 (Ha/Bohr)
Time for force calculation         :  4.237 (sec)
***************************************************************************
                               Timing info                                 
***************************************************************************
Total walltime                     :  2541.403 sec
___________________________________________________________________________

***************************************************************************
*             Material Physics & Mechanics Group, Georgia Tech            *
*                       PI: Phanish Suryanarayana                         *
*                Main Developers: Qimen Xu, Abhiraj Sharma                *
*     Collaborators: J.E. Pask (LLNL), A.J. Medford (GT), E. Chow (GT)    *
*  Acknowledgements: U.S. DOE (DE-SC0019410); U.S. NSF (1333500,1553212)  *
***************************************************************************
                                                                           
