***************************************************************************
*                           SPARC (May 06, 2020)                          *
*   Copyright (c) 2019 Material Physics & Mechanics Group, Georgia Tech   *
*           Distributed under GNU General Public License 3 (GPL)          *
*                   Start time: Sat May  9 13:28:29 2020                  *
***************************************************************************
                           Input parameters                                
***************************************************************************
CELL: 9.55220954170357 9.55220954170357 39.3930802080244 
LATVEC:
1 0 0 
0 1 0 
0 0 1 
FD_GRID: 40 40 164
FD_ORDER: 12
BC: P P P
KPOINT_GRID: 4 4 1
KPOINT_SHIFT: 0 0 0
SPIN_TYP: 0
ELEC_TEMP_TYPE: Gaussian
SMEARING: 0.003674926479
CHEB_DEGREE: 31
NSTATES: 141
#WARNING: Number of bands may be insufficient for efficient SCF convergence.
EXCHANGE_CORRELATION: LDA_PZ
CALC_STRESS: 0
CALC_PRES: 0
CHEFSI_BOUND_FLAG: 0
MAXIT_SCF: 1000
MINIT_SCF: 3
MAXIT_POISSON: 3000
TOL_SCF: 1.24E-04
POISSON_SOLVER: AAR
TOL_POISSON: 1.24E-06
TOL_LANCZOS: 1.00E-02
TOL_PSEUDOCHARGE: 1.24E-06
MIXING_VARIABLE: density
MIXING_PRECOND: kerker
TOL_PRECOND: 5.72E-05
PRECOND_KERKER_KTF: 1
PRECOND_KERKER_THRESH: 0.1
MIXING_PARAMETER: 0.3
MIXING_HISTORY: 7
PULAY_FREQUENCY: 1
PULAY_RESTART: 0
REFERENCE_CUTOFF: 0.5
RHO_TRIGGER: 4
FIX_RAND: 0
VERBOSITY: 1
PRINT_FORCES: 1
PRINT_ATOMS: 1
PRINT_EIGEN: 0
PRINT_DENSITY: 0
OUTPUT_FILE: input_file_store/sprc-calc_240
***************************************************************************
                           Parallelization                                 
***************************************************************************
NP_SPIN_PARAL: 1
NP_KPOINT_PARAL: 10
NP_BAND_PARAL: 24
NP_DOMAIN_PARAL: 1 1 1
NP_DOMAIN_PHI_PARAL: 4 4 15
EIG_USE_LAPACK: 1
EIG_LAPACK_MAXNS: 2000
***************************************************************************
                             Initialization                                
***************************************************************************
Number of processors               :  240
Mesh spacing in x-direction        :  0.238805 (Bohr)
Mesh spacing in y-direction        :  0.238805 (Bohr)
Mesh spacing in z direction        :  0.240202 (Bohr)
Number of symmetry adapted k-points:  10
Output printed to                  :  input_file_store/sprc-calc_240.out
Total number of atom types         :  2
Total number of atoms              :  16
Total number of electrons          :  228
Atom type 1  (valence electrons)   :  Re 15
Pseudopotential                    :  input_file_store/Re.pot
Pseudocharge radii of atom type 1  :  6.45 6.45 6.49 (x, y, z dir)
Number of atoms of type 1          :  4
Atom type 2  (valence electrons)   :  W 14
Pseudopotential                    :  input_file_store/W.pot
Pseudocharge radii of atom type 2  :  6.45 6.45 6.49 (x, y, z dir)
Number of atoms of type 2          :  12
Estimated total memory usage       :  33.13 GB
Estimated memory per processor     :  141.37 MB
===================================================================
                    Self Consistent Field (SCF#1)                     
===================================================================
Iteration     Free Energy (Ha/atom)   SCF Error        Timing (sec)
1            -7.1520247514E+01        4.690E-02        23.772
2            -7.1533624785E+01        3.440E-02        6.868
3            -7.1533596029E+01        2.128E-02        5.948
4            -7.1533797078E+01        1.671E-02        6.043
5            -7.1532212730E+01        6.066E-03        6.029
6            -7.1532165974E+01        3.250E-03        5.983
7            -7.1532145099E+01        1.115E-03        6.158
8            -7.1532144379E+01        6.004E-04        5.954
9            -7.1532139259E+01        4.219E-04        6.055
10           -7.1532141917E+01        2.806E-04        5.948
11           -7.1532139310E+01        2.006E-04        5.947
12           -7.1532139149E+01        1.746E-04        6.270
13           -7.1532139040E+01        1.163E-04        5.992
Total number of SCF: 13    

k = [-0.250, -0.250, 0.000]
Occupation of state 127 = 0.000000000000000.
Occupation of state 141 = 0.000000000000000.
====================================================================
                    Energy and force calculation                    
====================================================================
Free energy per atom               : -7.1532147833E+01 (Ha/atom)
Total free energy                  : -1.1445143653E+03 (Ha)
Band structure energy              : -1.9052479870E+02 (Ha)
Exchange correlation energy        : -1.2417287662E+02 (Ha)
Self and correction energy         : -1.9623710061E+03 (Ha)
Entropy*kb*T                       : -3.0591495486E-03 (Ha)
Fermi level                        :  2.0925213847E-01 (Ha)
RMS force                          :  2.3545711770E-02 (Ha/Bohr)
Maximum force                      :  9.1295695534E-02 (Ha/Bohr)
Time for force calculation         :  0.228 (sec)
***************************************************************************
                               Timing info                                 
***************************************************************************
Total walltime                     :  97.484 sec
___________________________________________________________________________

***************************************************************************
*             Material Physics & Mechanics Group, Georgia Tech            *
*                       PI: Phanish Suryanarayana                         *
*                Main Developers: Qimen Xu, Abhiraj Sharma                *
*     Collaborators: J.E. Pask (LLNL), A.J. Medford (GT), E. Chow (GT)    *
*  Acknowledgements: U.S. DOE (DE-SC0019410); U.S. NSF (1333500,1553212)  *
***************************************************************************
                                                                           
