***************************************************************************
*                           SPARC (May 06, 2020)                          *
*   Copyright (c) 2019 Material Physics & Mechanics Group, Georgia Tech   *
*           Distributed under GNU General Public License 3 (GPL)          *
*                   Start time: Sat May  9 05:59:43 2020                  *
***************************************************************************
                           Input parameters                                
***************************************************************************
CELL: 9.55220954170357 9.55220954170357 39.3930802080244 
LATVEC:
1 0 0 
0 1 0 
0 0 1 
FD_GRID: 40 40 164
FD_ORDER: 12
BC: P P P
KPOINT_GRID: 4 4 1
KPOINT_SHIFT: 0 0 0
SPIN_TYP: 0
ELEC_TEMP_TYPE: Gaussian
SMEARING: 0.003674926479
CHEB_DEGREE: 31
NSTATES: 141
#WARNING: Number of bands may be insufficient for efficient SCF convergence.
EXCHANGE_CORRELATION: LDA_PZ
CALC_STRESS: 0
CALC_PRES: 0
CHEFSI_BOUND_FLAG: 0
MAXIT_SCF: 1000
MINIT_SCF: 3
MAXIT_POISSON: 3000
TOL_SCF: 1.24E-04
POISSON_SOLVER: AAR
TOL_POISSON: 1.24E-06
TOL_LANCZOS: 1.00E-02
TOL_PSEUDOCHARGE: 1.24E-06
MIXING_VARIABLE: density
MIXING_PRECOND: kerker
TOL_PRECOND: 5.72E-05
PRECOND_KERKER_KTF: 1
PRECOND_KERKER_THRESH: 0.1
MIXING_PARAMETER: 0.3
MIXING_HISTORY: 7
PULAY_FREQUENCY: 1
PULAY_RESTART: 0
REFERENCE_CUTOFF: 0.5
RHO_TRIGGER: 4
FIX_RAND: 0
VERBOSITY: 1
PRINT_FORCES: 1
PRINT_ATOMS: 1
PRINT_EIGEN: 0
PRINT_DENSITY: 0
OUTPUT_FILE: input_file_store/sprc-calc_3
***************************************************************************
                           Parallelization                                 
***************************************************************************
NP_SPIN_PARAL: 1
NP_KPOINT_PARAL: 3
NP_BAND_PARAL: 1
NP_DOMAIN_PARAL: 1 1 1
NP_DOMAIN_PHI_PARAL: 1 1 3
EIG_USE_LAPACK: 1
EIG_LAPACK_MAXNS: 2000
***************************************************************************
                             Initialization                                
***************************************************************************
Number of processors               :  3
Mesh spacing in x-direction        :  0.238805 (Bohr)
Mesh spacing in y-direction        :  0.238805 (Bohr)
Mesh spacing in z direction        :  0.240202 (Bohr)
Number of symmetry adapted k-points:  10
Output printed to                  :  input_file_store/sprc-calc_3.out
Total number of atom types         :  2
Total number of atoms              :  16
Total number of electrons          :  228
Atom type 1  (valence electrons)   :  Re 15
Pseudopotential                    :  input_file_store/Re.pot
Pseudocharge radii of atom type 1  :  6.45 6.45 6.49 (x, y, z dir)
Number of atoms of type 1          :  4
Atom type 2  (valence electrons)   :  W 14
Pseudopotential                    :  input_file_store/W.pot
Pseudocharge radii of atom type 2  :  6.45 6.45 6.49 (x, y, z dir)
Number of atoms of type 2          :  12
Estimated total memory usage       :  33.13 GB
Estimated memory per processor     :  11.04 GB
===================================================================
                    Self Consistent Field (SCF#1)                     
===================================================================
Iteration     Free Energy (Ha/atom)   SCF Error        Timing (sec)
1            -7.1519425832E+01        4.704E-02        1908.030
2            -7.1533404514E+01        3.443E-02        431.996
3            -7.1533167091E+01        2.009E-02        431.814
4            -7.1532674443E+01        1.143E-02        431.774
