***************************************************************************
*                           SPARC (May 11, 2020)                          *
*   Copyright (c) 2019 Material Physics & Mechanics Group, Georgia Tech   *
*           Distributed under GNU General Public License 3 (GPL)          *
*                   Start time: Fri May 15 19:03:57 2020                  *
***************************************************************************
                           Input parameters                                
***************************************************************************
CELL: 39.1486737772564 39.1486737772564 39.1486737772564 
LATVEC:
1 0 0 
0 1 0 
0 0 1 
FD_GRID: 98 98 98
FD_ORDER: 12
BC: P P P
KPOINT_GRID: 1 1 1
KPOINT_SHIFT: 0 0 0
SPIN_TYP: 0
ELEC_TEMP_TYPE: Fermi-Dirac
ELEC_TEMP: 2400
CHEB_DEGREE: 20
NSTATES: 2200
#WARNING: Number of bands may be insufficient for efficient SCF convergence.
EXCHANGE_CORRELATION: LDA_PZ
CALC_STRESS: 0
CALC_PRES: 0
TWTIME: 1E+09
MD_FLAG: 1
MD_METHOD: NVT_NH
MD_TIMESTEP: 0.2
MD_NSTEP: 10
ION_VEL_DSTR: 2
ION_VEL_DSTR_RAND: 0
ION_TEMP: 2400
ION_TEMP_END: 2400
QMASS: 1653.65493345972
CHEFSI_BOUND_FLAG: 0
MAXIT_SCF: 20
MINIT_SCF: 3
MAXIT_POISSON: 3000
TOL_SCF: 1.00E-04
POISSON_SOLVER: AAR
TOL_POISSON: 1.00E-06
TOL_LANCZOS: 1.00E-02
TOL_PSEUDOCHARGE: 1.00E-06
MIXING_VARIABLE: potential
MIXING_PRECOND: none
#WARNING: the preconditioner for SCF has been turned off, this 
#might lead to slow SCF convergence. To specify SCF preconditioner, 
#use 'MIXING_PRECOND' in the .inpt file
MIXING_PARAMETER: 0.6
MIXING_HISTORY: 7
PULAY_FREQUENCY: 1
PULAY_RESTART: 0
REFERENCE_CUTOFF: 0.5
RHO_TRIGGER: 4
FIX_RAND: 0
VERBOSITY: 1
PRINT_FORCES: 0
PRINT_ATOMS: 0
PRINT_EIGEN: 0
PRINT_DENSITY: 0
PRINT_MDOUT: 0
PRINT_VELS: 1
PRINT_RESTART: 0
OUTPUT_FILE: he2000
***************************************************************************
                           Parallelization                                 
***************************************************************************
NP_SPIN_PARAL: 1
NP_KPOINT_PARAL: 1
NP_BAND_PARAL: 275
NP_DOMAIN_PARAL: 1 1 1
NP_DOMAIN_PHI_PARAL: 5 5 11
EIG_SERIAL_MAXNS: 3000
***************************************************************************
                             Initialization                                
***************************************************************************
Number of processors               :  275
Mesh spacing                       :  0.399476 (Bohr)
Number of symmetry adapted k-points:  1
Output printed to                  :  he2000.out
Total number of atom types         :  1
Total number of atoms              :  2000
Total number of electrons          :  4000
Atom type 1  (valence electrons)   :  He 2
Pseudopotential                    :  He-2-1.25-a.psp8
Atomic mass                        :  4.002602
Pseudocharge radii of atom type 1  :  6.79 6.79 6.79 (x, y, z dir)
Number of atoms of type 1          :  2000
Estimated total memory usage       :  92.76 GB
Estimated memory per processor     :  345.41 MB
===================================================================
                    Self Consistent Field (SCF#1)                     
===================================================================
Iteration     Free Energy (Ha/atom)   SCF Error        Timing (sec)
1            -2.7829581843E+00        2.049E-02        69.626
2            -2.7830506252E+00        4.483E-03        17.065
3            -2.7830558195E+00        5.586E-04        16.940
4            -2.7830558500E+00        1.363E-04        17.434
5            -2.7830558452E+00        1.836E-05        17.075
Total number of SCF: 5     

k = [0.000, 0.000, 0.000]
Occupation of state 1980 = 2.000000000000000.
Occupation of state 2200 = 0.000000000074391.
====================================================================
                    Energy and force calculation                    
====================================================================
Free energy per atom               : -2.7830558452E+00 (Ha/atom)
Total free energy                  : -5.5661116904E+03 (Ha)
Band structure energy              : -1.7347716433E+03 (Ha)
Exchange correlation energy        : -2.0064391512E+03 (Ha)
Self and correction energy         : -6.4667387075E+03 (Ha)
Entropy*kb*T                       : -1.5365165984E-05 (Ha)
Fermi level                        :  1.6906487717E-01 (Ha)
RMS force                          :  3.8282734982E-02 (Ha/Bohr)
Maximum force                      :  1.1721303282E-01 (Ha/Bohr)
Time for force calculation         :  0.559 (sec)
===================================================================
                    Self Consistent Field (SCF#2)                     
===================================================================
Iteration     Free Energy (Ha/atom)   SCF Error        Timing (sec)
1            -2.7830074127E+00        3.877E-02        17.075
2            -2.7830604339E+00        4.590E-03        17.387
3            -2.7830625544E+00        1.083E-03        17.016
4            -2.7830627029E+00        1.480E-04        17.348
5            -2.7830627054E+00        2.097E-05        16.998
Total number of SCF: 5     

k = [0.000, 0.000, 0.000]
Occupation of state 1980 = 2.000000000000000.
Occupation of state 2200 = 0.000000000201841.
====================================================================
                    Energy and force calculation                    
====================================================================
Free energy per atom               : -2.7830627054E+00 (Ha/atom)
Total free energy                  : -5.5661254109E+03 (Ha)
Band structure energy              : -1.7347702121E+03 (Ha)
Exchange correlation energy        : -2.0064200726E+03 (Ha)
Self and correction energy         : -6.4667391234E+03 (Ha)
Entropy*kb*T                       : -1.5414748846E-05 (Ha)
Fermi level                        :  1.6821459382E-01 (Ha)
RMS force                          :  3.8237444180E-02 (Ha/Bohr)
Maximum force                      :  1.1638338768E-01 (Ha/Bohr)
Time for force calculation         :  0.604 (sec)
MD step time                       :  86.691 (sec)
===================================================================
                    Self Consistent Field (SCF#3)                     
===================================================================
Iteration     Free Energy (Ha/atom)   SCF Error        Timing (sec)
1            -2.7830134556E+00        3.876E-02        17.268
2            -2.7830666342E+00        4.595E-03        17.053
3            -2.7830687446E+00        1.083E-03        17.045
4            -2.7830688937E+00        1.488E-04        17.447
5            -2.7830688968E+00        2.140E-05        16.981
Total number of SCF: 5     

k = [0.000, 0.000, 0.000]
Occupation of state 1980 = 2.000000000000000.
Occupation of state 2200 = 0.000000000333775.
====================================================================
                    Energy and force calculation                    
====================================================================
Free energy per atom               : -2.7830688968E+00 (Ha/atom)
Total free energy                  : -5.5661377936E+03 (Ha)
Band structure energy              : -1.7347668388E+03 (Ha)
Exchange correlation energy        : -2.0063970373E+03 (Ha)
Self and correction energy         : -6.4667397621E+03 (Ha)
Entropy*kb*T                       : -1.5405513333E-05 (Ha)
Fermi level                        :  1.6806211847E-01 (Ha)
RMS force                          :  3.8188895855E-02 (Ha/Bohr)
Maximum force                      :  1.2042494443E-01 (Ha/Bohr)
Time for force calculation         :  0.640 (sec)
MD step time                       :  86.705 (sec)
===================================================================
                    Self Consistent Field (SCF#4)                     
===================================================================
Iteration     Free Energy (Ha/atom)   SCF Error        Timing (sec)
1            -2.7830745366E+00        7.468E-05        17.157
2            -2.7830748468E+00        5.274E-05        17.017
3            -2.7830748479E+00        3.188E-05        17.141
Total number of SCF: 3     

k = [0.000, 0.000, 0.000]
Occupation of state 1980 = 2.000000000000000.
Occupation of state 2200 = 0.000000000401090.
====================================================================
                    Energy and force calculation                    
====================================================================
Free energy per atom               : -2.7830748479E+00 (Ha/atom)
Total free energy                  : -5.5661496958E+03 (Ha)
Band structure energy              : -1.7347648411E+03 (Ha)
Exchange correlation energy        : -2.0063718350E+03 (Ha)
Self and correction energy         : -6.4667405011E+03 (Ha)
Entropy*kb*T                       : -1.5391185342E-05 (Ha)
Fermi level                        :  1.6793638171E-01 (Ha)
RMS force                          :  3.8145178437E-02 (Ha/Bohr)
Maximum force                      :  1.2391483597E-01 (Ha/Bohr)
Time for force calculation         :  0.622 (sec)
MD step time                       :  52.123 (sec)
===================================================================
                    Self Consistent Field (SCF#5)                     
===================================================================
Iteration     Free Energy (Ha/atom)   SCF Error        Timing (sec)
1            -2.7830800601E+00        1.036E-04        17.156
2            -2.7830803737E+00        4.395E-05        16.967
3            -2.7830803749E+00        2.147E-05        17.158
Total number of SCF: 3     

k = [0.000, 0.000, 0.000]
Occupation of state 1980 = 2.000000000000000.
Occupation of state 2200 = 0.000000000455947.
====================================================================
                    Energy and force calculation                    
====================================================================
Free energy per atom               : -2.7830803749E+00 (Ha/atom)
Total free energy                  : -5.5661607499E+03 (Ha)
Band structure energy              : -1.7347625362E+03 (Ha)
Exchange correlation energy        : -2.0063442875E+03 (Ha)
Self and correction energy         : -6.4667414376E+03 (Ha)
Entropy*kb*T                       : -1.5371354965E-05 (Ha)
Fermi level                        :  1.6780887243E-01 (Ha)
RMS force                          :  3.8104470436E-02 (Ha/Bohr)
Maximum force                      :  1.2681302861E-01 (Ha/Bohr)
Time for force calculation         :  0.619 (sec)
MD step time                       :  52.080 (sec)
===================================================================
                    Self Consistent Field (SCF#6)                     
===================================================================
Iteration     Free Energy (Ha/atom)   SCF Error        Timing (sec)
1            -2.7830852729E+00        1.224E-04        17.034
2            -2.7830855866E+00        6.710E-05        17.404
3            -2.7830855879E+00        3.101E-05        16.883
Total number of SCF: 3     

k = [0.000, 0.000, 0.000]
Occupation of state 1980 = 2.000000000000000.
Occupation of state 2200 = 0.000000000471160.
====================================================================
                    Energy and force calculation                    
====================================================================
Free energy per atom               : -2.7830855879E+00 (Ha/atom)
Total free energy                  : -5.5661711758E+03 (Ha)
Band structure energy              : -1.7347609231E+03 (Ha)
Exchange correlation energy        : -2.0063146688E+03 (Ha)
Self and correction energy         : -6.4667424912E+03 (Ha)
Entropy*kb*T                       : -1.5355483523E-05 (Ha)
Fermi level                        :  1.6768519705E-01 (Ha)
RMS force                          :  3.8067219577E-02 (Ha/Bohr)
Maximum force                      :  1.2906323857E-01 (Ha/Bohr)
Time for force calculation         :  0.633 (sec)
MD step time                       :  52.126 (sec)
===================================================================
                    Self Consistent Field (SCF#7)                     
===================================================================
Iteration     Free Energy (Ha/atom)   SCF Error        Timing (sec)
1            -2.7830897237E+00        8.451E-05        17.133
2            -2.7830900389E+00        4.986E-05        16.997
3            -2.7830900397E+00        2.697E-05        16.833
Total number of SCF: 3     

k = [0.000, 0.000, 0.000]
Occupation of state 1980 = 2.000000000000000.
Occupation of state 2200 = 0.000000000465970.
====================================================================
                    Energy and force calculation                    
====================================================================
Free energy per atom               : -2.7830900397E+00 (Ha/atom)
Total free energy                  : -5.5661800793E+03 (Ha)
Band structure energy              : -1.7347586469E+03 (Ha)
Exchange correlation energy        : -2.0062828133E+03 (Ha)
Self and correction energy         : -6.4667437391E+03 (Ha)
Entropy*kb*T                       : -1.5330166275E-05 (Ha)
Fermi level                        :  1.6755594459E-01 (Ha)
RMS force                          :  3.8031199084E-02 (Ha/Bohr)
Maximum force                      :  1.3061746369E-01 (Ha/Bohr)
Time for force calculation         :  0.613 (sec)
MD step time                       :  51.766 (sec)
===================================================================
                    Self Consistent Field (SCF#8)                     
===================================================================
Iteration     Free Energy (Ha/atom)   SCF Error        Timing (sec)
1            -2.7830931140E+00        8.376E-05        17.249
2            -2.7830934286E+00        5.036E-05        17.043
3            -2.7830934293E+00        2.955E-05        17.554
Total number of SCF: 3     

k = [0.000, 0.000, 0.000]
Occupation of state 1980 = 2.000000000000000.
Occupation of state 2200 = 0.000000000454178.
====================================================================
                    Energy and force calculation                    
====================================================================
Free energy per atom               : -2.7830934293E+00 (Ha/atom)
Total free energy                  : -5.5661868586E+03 (Ha)
Band structure energy              : -1.7347555309E+03 (Ha)
Exchange correlation energy        : -2.0062486493E+03 (Ha)
Self and correction energy         : -6.4667452121E+03 (Ha)
Entropy*kb*T                       : -1.5309438688E-05 (Ha)
Fermi level                        :  1.6743009754E-01 (Ha)
RMS force                          :  3.7994151500E-02 (Ha/Bohr)
Maximum force                      :  1.3144758933E-01 (Ha/Bohr)
Time for force calculation         :  0.541 (sec)
MD step time                       :  52.563 (sec)
===================================================================
                    Self Consistent Field (SCF#9)                     
===================================================================
Iteration     Free Energy (Ha/atom)   SCF Error        Timing (sec)
1            -2.7830949880E+00        9.016E-05        17.024
2            -2.7830953011E+00        5.225E-05        17.164
3            -2.7830953013E+00        2.826E-05        16.927
Total number of SCF: 3     

k = [0.000, 0.000, 0.000]
Occupation of state 1980 = 2.000000000000000.
Occupation of state 2200 = 0.000000000439606.
====================================================================
                    Energy and force calculation                    
====================================================================
Free energy per atom               : -2.7830953013E+00 (Ha/atom)
Total free energy                  : -5.5661906025E+03 (Ha)
Band structure energy              : -1.7347503877E+03 (Ha)
Exchange correlation energy        : -2.0062121799E+03 (Ha)
Self and correction energy         : -6.4667468742E+03 (Ha)
Entropy*kb*T                       : -1.5293279722E-05 (Ha)
Fermi level                        :  1.6730746987E-01 (Ha)
RMS force                          :  3.7953714302E-02 (Ha/Bohr)
Maximum force                      :  1.3443116276E-01 (Ha/Bohr)
Time for force calculation         :  0.640 (sec)
MD step time                       :  51.937 (sec)
===================================================================
                    Self Consistent Field (SCF#10)                     
===================================================================
Iteration     Free Energy (Ha/atom)   SCF Error        Timing (sec)
1            -2.7830947447E+00        1.010E-04        17.201
2            -2.7830950598E+00        5.818E-05        17.421
3            -2.7830950600E+00        3.208E-05        17.150
Total number of SCF: 3     

k = [0.000, 0.000, 0.000]
Occupation of state 1980 = 2.000000000000000.
Occupation of state 2200 = 0.000000000423762.
====================================================================
                    Energy and force calculation                    
====================================================================
Free energy per atom               : -2.7830950600E+00 (Ha/atom)
Total free energy                  : -5.5661901200E+03 (Ha)
Band structure energy              : -1.7347417909E+03 (Ha)
Exchange correlation energy        : -2.0061735800E+03 (Ha)
Self and correction energy         : -6.4667486855E+03 (Ha)
Entropy*kb*T                       : -1.5255971107E-05 (Ha)
Fermi level                        :  1.6717593081E-01 (Ha)
RMS force                          :  3.7907749742E-02 (Ha/Bohr)
Maximum force                      :  1.3797401844E-01 (Ha/Bohr)
Time for force calculation         :  0.608 (sec)
MD step time                       :  52.577 (sec)
***************************************************************************
                               Timing info                                 
***************************************************************************
Total walltime                     :  677.962 sec
___________________________________________________________________________

***************************************************************************
*             Material Physics & Mechanics Group, Georgia Tech            *
*                       PI: Phanish Suryanarayana                         *
*                Main Developers: Qimen Xu, Abhiraj Sharma                *
*     Collaborators: J.E. Pask (LLNL), A.J. Medford (GT), E. Chow (GT)    *
*  Acknowledgements: U.S. DOE (DE-SC0019410); U.S. NSF (1333500,1553212)  *
***************************************************************************
                                                                           
