***************************************************************************
*                           SPARC (May 06, 2020)                          *
*   Copyright (c) 2019 Material Physics & Mechanics Group, Georgia Tech   *
*           Distributed under GNU General Public License 3 (GPL)          *
*                   Start time: Sun May 10 12:48:59 2020                  *
***************************************************************************
                           Input parameters                                
***************************************************************************
CELL: 12.9328257934675 6.46641290610903 12.932825797067 
LATVEC:
0.866025403704094 0 0.500000000139162 
0.288675134149498 0.816496581443872 0.49999999941424 
0 0 1 
FD_GRID: 54 27 54
FD_ORDER: 12
BC: P P P
KPOINT_GRID: 3 5 3
KPOINT_SHIFT: 0 0 0
SPIN_TYP: 0
ELEC_TEMP_TYPE: Gaussian
SMEARING: 0.003674926479
CHEB_DEGREE: 31
NSTATES: 43
EXCHANGE_CORRELATION: LDA_PZ
CALC_STRESS: 0
CALC_PRES: 0
CHEFSI_BOUND_FLAG: 0
MAXIT_SCF: 250
MINIT_SCF: 3
MAXIT_POISSON: 3000
TOL_SCF: 2.39E-04
POISSON_SOLVER: AAR
TOL_POISSON: 2.39E-06
TOL_LANCZOS: 1.00E-02
TOL_PSEUDOCHARGE: 2.39E-06
MIXING_VARIABLE: density
MIXING_PRECOND: kerker
TOL_PRECOND: 5.74E-05
PRECOND_KERKER_KTF: 1
PRECOND_KERKER_THRESH: 0.1
MIXING_PARAMETER: 0.3
MIXING_HISTORY: 7
PULAY_FREQUENCY: 1
PULAY_RESTART: 0
REFERENCE_CUTOFF: 0.5
RHO_TRIGGER: 4
FIX_RAND: 0
VERBOSITY: 1
PRINT_FORCES: 1
PRINT_ATOMS: 1
PRINT_EIGEN: 0
PRINT_DENSITY: 0
OUTPUT_FILE: input_file_store/sprc-calc_336
***************************************************************************
                           Parallelization                                 
***************************************************************************
NP_SPIN_PARAL: 1
NP_KPOINT_PARAL: 23
NP_BAND_PARAL: 14
NP_DOMAIN_PARAL: 1 1 1
NP_DOMAIN_PHI_PARAL: 9 4 9
EIG_USE_LAPACK: 1
EIG_LAPACK_MAXNS: 2000
***************************************************************************
                             Initialization                                
***************************************************************************
Number of processors               :  336
Mesh spacing in x-direction        :  0.239497 (Bohr)
Mesh spacing in y-direction        :  0.239497 (Bohr)
Mesh spacing in z direction        :  0.239497 (Bohr)
Number of symmetry adapted k-points:  23
Output printed to                  :  input_file_store/sprc-calc_336.out
Total number of atom types         :  2
Total number of atoms              :  8
Total number of electrons          :  64
Atom type 1  (valence electrons)   :  Ca 10
Pseudopotential                    :  input_file_store/Ca.pot
Pseudocharge radii of atom type 1  :  6.47 6.47 6.47 (x, y, z dir)
Number of atoms of type 1          :  4
Atom type 2  (valence electrons)   :  O 6
Pseudopotential                    :  input_file_store/O.pot
Pseudocharge radii of atom type 2  :  7.66 7.66 7.66 (x, y, z dir)
Number of atoms of type 2          :  4
Estimated total memory usage       :  6.98 GB
Estimated memory per processor     :  21.27 MB
===================================================================
                    Self Consistent Field (SCF#1)                     
===================================================================
Iteration     Free Energy (Ha/atom)   SCF Error        Timing (sec)
1            -2.6477620723E+01        8.622E-02        11.823
2            -2.6473164215E+01        3.808E-02        2.898
3            -2.6471105640E+01        2.601E-02        2.894
4            -2.6471007163E+01        1.481E-02        2.885
5            -2.6470610856E+01        3.739E-03        2.911
6            -2.6470610302E+01        1.432E-03        3.034
7            -2.6470599066E+01        1.034E-03        2.947
8            -2.6470605583E+01        2.716E-04        2.892
9            -2.6470601374E+01        2.477E-04        3.013
10           -2.6470599919E+01        2.222E-04        2.957
Total number of SCF: 10    

k = [-0.333, -0.400, -0.333]
Occupation of state 39 = 0.000000000000000.
Occupation of state 43 = 0.000000000000000.
====================================================================
                    Energy and force calculation                    
====================================================================
Free energy per atom               : -2.6470607539E+01 (Ha/atom)
Total free energy                  : -2.1176486031E+02 (Ha)
Band structure energy              : -2.6403659960E+01 (Ha)
Exchange correlation energy        : -3.4162918297E+01 (Ha)
Self and correction energy         : -2.9297660324E+02 (Ha)
Entropy*kb*T                       : -8.2630130659E-08 (Ha)
Fermi level                        :  2.1536459687E-01 (Ha)
RMS force                          :  1.7540606390E-05 (Ha/Bohr)
Maximum force                      :  2.2959610543E-05 (Ha/Bohr)
Time for force calculation         :  0.040 (sec)
***************************************************************************
                               Timing info                                 
***************************************************************************
Total walltime                     :  38.545 sec
___________________________________________________________________________

***************************************************************************
*             Material Physics & Mechanics Group, Georgia Tech            *
*                       PI: Phanish Suryanarayana                         *
*                Main Developers: Qimen Xu, Abhiraj Sharma                *
*     Collaborators: J.E. Pask (LLNL), A.J. Medford (GT), E. Chow (GT)    *
*  Acknowledgements: U.S. DOE (DE-SC0019410); U.S. NSF (1333500,1553212)  *
***************************************************************************
                                                                           
