***************************************************************************
*                           SPARC (May 06, 2020)                          *
*   Copyright (c) 2019 Material Physics & Mechanics Group, Georgia Tech   *
*           Distributed under GNU General Public License 3 (GPL)          *
*                   Start time: Sat May  9 06:14:25 2020                  *
***************************************************************************
                           Input parameters                                
***************************************************************************
CELL: 12.9328257934675 6.46641290610903 12.932825797067 
LATVEC:
0.866025403704094 0 0.500000000139162 
0.288675134149498 0.816496581443872 0.49999999941424 
0 0 1 
FD_GRID: 54 27 54
FD_ORDER: 12
BC: P P P
KPOINT_GRID: 3 5 3
KPOINT_SHIFT: 0 0 0
SPIN_TYP: 0
ELEC_TEMP_TYPE: Gaussian
SMEARING: 0.003674926479
CHEB_DEGREE: 31
NSTATES: 43
EXCHANGE_CORRELATION: LDA_PZ
CALC_STRESS: 0
CALC_PRES: 0
CHEFSI_BOUND_FLAG: 0
MAXIT_SCF: 250
MINIT_SCF: 3
MAXIT_POISSON: 3000
TOL_SCF: 2.39E-04
POISSON_SOLVER: AAR
TOL_POISSON: 2.39E-06
TOL_LANCZOS: 1.00E-02
TOL_PSEUDOCHARGE: 2.39E-06
MIXING_VARIABLE: density
MIXING_PRECOND: kerker
TOL_PRECOND: 5.74E-05
PRECOND_KERKER_KTF: 1
PRECOND_KERKER_THRESH: 0.1
MIXING_PARAMETER: 0.3
MIXING_HISTORY: 7
PULAY_FREQUENCY: 1
PULAY_RESTART: 0
REFERENCE_CUTOFF: 0.5
RHO_TRIGGER: 4
FIX_RAND: 0
VERBOSITY: 1
PRINT_FORCES: 1
PRINT_ATOMS: 1
PRINT_EIGEN: 0
PRINT_DENSITY: 0
OUTPUT_FILE: input_file_store/sprc-calc_24
***************************************************************************
                           Parallelization                                 
***************************************************************************
NP_SPIN_PARAL: 1
NP_KPOINT_PARAL: 23
NP_BAND_PARAL: 1
NP_DOMAIN_PARAL: 1 1 1
NP_DOMAIN_PHI_PARAL: 3 2 4
EIG_USE_LAPACK: 1
EIG_LAPACK_MAXNS: 2000
***************************************************************************
                             Initialization                                
***************************************************************************
Number of processors               :  24
Mesh spacing in x-direction        :  0.239497 (Bohr)
Mesh spacing in y-direction        :  0.239497 (Bohr)
Mesh spacing in z direction        :  0.239497 (Bohr)
Number of symmetry adapted k-points:  23
Output printed to                  :  input_file_store/sprc-calc_24.out
Total number of atom types         :  2
Total number of atoms              :  8
Total number of electrons          :  64
Atom type 1  (valence electrons)   :  Ca 10
Pseudopotential                    :  input_file_store/Ca.pot
Pseudocharge radii of atom type 1  :  6.47 6.47 6.47 (x, y, z dir)
Number of atoms of type 1          :  4
Atom type 2  (valence electrons)   :  O 6
Pseudopotential                    :  input_file_store/O.pot
Pseudocharge radii of atom type 2  :  7.66 7.66 7.66 (x, y, z dir)
Number of atoms of type 2          :  4
Estimated total memory usage       :  6.98 GB
Estimated memory per processor     :  297.74 MB
===================================================================
                    Self Consistent Field (SCF#1)                     
===================================================================
Iteration     Free Energy (Ha/atom)   SCF Error        Timing (sec)
1            -2.6477123235E+01        8.716E-02        103.051
2            -2.6472946673E+01        3.793E-02        26.209
3            -2.6471091375E+01        2.607E-02        25.395
4            -2.6470961708E+01        1.414E-02        25.430
5            -2.6470610549E+01        3.671E-03        25.464
6            -2.6470613284E+01        1.756E-03        25.379
7            -2.6470604564E+01        1.151E-03        25.703
8            -2.6470601658E+01        2.675E-04        25.504
9            -2.6470605609E+01        3.182E-04        25.680
10           -2.6470599415E+01        1.949E-04        25.593
Total number of SCF: 10    

k = [-0.333, -0.400, -0.333]
Occupation of state 39 = 0.000000000000000.
Occupation of state 43 = 0.000000000000000.
====================================================================
                    Energy and force calculation                    
====================================================================
Free energy per atom               : -2.6470610912E+01 (Ha/atom)
Total free energy                  : -2.1176488730E+02 (Ha)
Band structure energy              : -2.6403525735E+01 (Ha)
Exchange correlation energy        : -3.4162727545E+01 (Ha)
Self and correction energy         : -2.9297660324E+02 (Ha)
Entropy*kb*T                       : -8.2630129202E-08 (Ha)
Fermi level                        :  2.1536093464E-01 (Ha)
RMS force                          :  1.7396104603E-05 (Ha/Bohr)
Maximum force                      :  3.2053829601E-05 (Ha/Bohr)
Time for force calculation         :  0.346 (sec)
***************************************************************************
                               Timing info                                 
***************************************************************************
Total walltime                     :  333.986 sec
___________________________________________________________________________

***************************************************************************
*             Material Physics & Mechanics Group, Georgia Tech            *
*                       PI: Phanish Suryanarayana                         *
*                Main Developers: Qimen Xu, Abhiraj Sharma                *
*     Collaborators: J.E. Pask (LLNL), A.J. Medford (GT), E. Chow (GT)    *
*  Acknowledgements: U.S. DOE (DE-SC0019410); U.S. NSF (1333500,1553212)  *
***************************************************************************
                                                                           
