***************************************************************************
*                           SPARC (May 06, 2020)                          *
*   Copyright (c) 2019 Material Physics & Mechanics Group, Georgia Tech   *
*           Distributed under GNU General Public License 3 (GPL)          *
*                   Start time: Sat May  9 06:27:07 2020                  *
***************************************************************************
                           Input parameters                                
***************************************************************************
CELL: 25.144879151142 30.5910856870902 31.8217984677594 
LATVEC:
1 0 0 
0.427397267517084 0.904063922363308 0 
0 0 1 
FD_GRID: 105 127 133
FD_ORDER: 12
BC: P P P
KPOINT_GRID: 2 2 1
KPOINT_SHIFT: 0 0 0
SPIN_TYP: 0
ELEC_TEMP_TYPE: Gaussian
SMEARING: 0.003674926479
CHEB_DEGREE: 31
NSTATES: 293
EXCHANGE_CORRELATION: LDA_PZ
CALC_STRESS: 0
CALC_PRES: 0
CHEFSI_BOUND_FLAG: 0
MAXIT_SCF: 1000
MINIT_SCF: 3
MAXIT_POISSON: 3000
TOL_SCF: 1.16E-04
POISSON_SOLVER: AAR
TOL_POISSON: 1.16E-06
TOL_LANCZOS: 1.00E-02
TOL_PSEUDOCHARGE: 1.16E-06
MIXING_VARIABLE: density
MIXING_PRECOND: kerker
TOL_PRECOND: 5.75E-05
PRECOND_KERKER_KTF: 1
PRECOND_KERKER_THRESH: 0.1
MIXING_PARAMETER: 0.3
MIXING_HISTORY: 7
PULAY_FREQUENCY: 1
PULAY_RESTART: 0
REFERENCE_CUTOFF: 0.5
RHO_TRIGGER: 4
FIX_RAND: 0
VERBOSITY: 1
PRINT_FORCES: 1
PRINT_ATOMS: 1
PRINT_EIGEN: 0
PRINT_DENSITY: 0
OUTPUT_FILE: input_file_store/sprc-calc_48
***************************************************************************
                           Parallelization                                 
***************************************************************************
NP_SPIN_PARAL: 1
NP_KPOINT_PARAL: 4
NP_BAND_PARAL: 12
NP_DOMAIN_PARAL: 1 1 1
NP_DOMAIN_PHI_PARAL: 3 4 4
EIG_USE_LAPACK: 1
EIG_LAPACK_MAXNS: 2000
***************************************************************************
                             Initialization                                
***************************************************************************
Number of processors               :  48
Mesh spacing in x-direction        :  0.239475 (Bohr)
Mesh spacing in y-direction        :  0.240875 (Bohr)
Mesh spacing in z direction        :  0.239262 (Bohr)
Number of symmetry adapted k-points:  4
Output printed to                  :  input_file_store/sprc-calc_48.out
Total number of atom types         :  1
Total number of atoms              :  32
Total number of electrons          :  480
Atom type 1  (valence electrons)   :  Bi 15
Pseudopotential                    :  input_file_store/Bi.pot
Pseudocharge radii of atom type 1  :  6.94 6.99 6.94 (x, y, z dir)
Number of atoms of type 1          :  32
Estimated total memory usage       :  186.21 GB
Estimated memory per processor     :  3.88 GB
===================================================================
                    Self Consistent Field (SCF#1)                     
===================================================================
Iteration     Free Energy (Ha/atom)   SCF Error        Timing (sec)
1            -6.8053712030E+01        1.662E-02        844.437
2            -6.8085448404E+01        1.246E-02        212.001
3            -6.8090406613E+01        5.071E-03        211.573
4            -6.8091296251E+01        2.730E-03        211.848
5            -6.8091428668E+01        9.587E-04        211.581
6            -6.8091453179E+01        4.889E-04        211.539
7            -6.8091456404E+01        2.937E-04        211.388
8            -6.8091456230E+01        1.758E-04        211.473
9            -6.8091455810E+01        9.866E-05        210.005
Total number of SCF: 9     

k = [0.000, 0.000, 0.000]
Occupation of state 264 = 0.000000000000000.
Occupation of state 293 = 0.000000000000000.
====================================================================
                    Energy and force calculation                    
====================================================================
Free energy per atom               : -6.8091458653E+01 (Ha/atom)
Total free energy                  : -2.1789266769E+03 (Ha)
Band structure energy              : -3.3433115911E+02 (Ha)
Exchange correlation energy        : -2.4644320479E+02 (Ha)
Self and correction energy         : -2.2576520771E+03 (Ha)
Entropy*kb*T                       : -4.2178424217E-03 (Ha)
Fermi level                        : -8.3740569187E-02 (Ha)
RMS force                          :  2.3482063793E-02 (Ha/Bohr)
Maximum force                      :  3.3997956266E-02 (Ha/Bohr)
Time for force calculation         :  5.026 (sec)
***************************************************************************
                               Timing info                                 
***************************************************************************
Total walltime                     :  2544.707 sec
___________________________________________________________________________

***************************************************************************
*             Material Physics & Mechanics Group, Georgia Tech            *
*                       PI: Phanish Suryanarayana                         *
*                Main Developers: Qimen Xu, Abhiraj Sharma                *
*     Collaborators: J.E. Pask (LLNL), A.J. Medford (GT), E. Chow (GT)    *
*  Acknowledgements: U.S. DOE (DE-SC0019410); U.S. NSF (1333500,1553212)  *
***************************************************************************
                                                                           
