***************************************************************************
*                           SPARC (May 06, 2020)                          *
*   Copyright (c) 2019 Material Physics & Mechanics Group, Georgia Tech   *
*           Distributed under GNU General Public License 3 (GPL)          *
*                   Start time: Sat May  9 06:07:49 2020                  *
***************************************************************************
                           Input parameters                                
***************************************************************************
CELL: 18.8972612583693 18.8972612583693 18.8972612583693 
LATVEC:
1 0 0 
0 1 0 
0 0 1 
FD_GRID: 79 79 79
FD_ORDER: 12
BC: P P P
KPOINT_GRID: 1 1 1
KPOINT_SHIFT: 0 0 0
SPIN_TYP: 0
ELEC_TEMP_TYPE: Gaussian
SMEARING: 0.003674926479
CHEB_DEGREE: 31
NSTATES: 32
#WARNING: Number of bands may be insufficient for efficient SCF convergence.
EXCHANGE_CORRELATION: LDA_PZ
CALC_STRESS: 0
CALC_PRES: 0
CHEFSI_BOUND_FLAG: 0
MAXIT_SCF: 1000
MINIT_SCF: 3
MAXIT_POISSON: 3000
TOL_SCF: 2.04E-04
POISSON_SOLVER: AAR
TOL_POISSON: 2.04E-06
TOL_LANCZOS: 1.00E-02
TOL_PSEUDOCHARGE: 2.04E-06
MIXING_VARIABLE: density
MIXING_PRECOND: kerker
TOL_PRECOND: 5.72E-05
PRECOND_KERKER_KTF: 1
PRECOND_KERKER_THRESH: 0.1
MIXING_PARAMETER: 0.3
MIXING_HISTORY: 7
PULAY_FREQUENCY: 1
PULAY_RESTART: 0
REFERENCE_CUTOFF: 0.5
RHO_TRIGGER: 4
FIX_RAND: 0
VERBOSITY: 1
PRINT_FORCES: 1
PRINT_ATOMS: 1
PRINT_EIGEN: 0
PRINT_DENSITY: 0
OUTPUT_FILE: input_file_store/sprc-calc_12
***************************************************************************
                           Parallelization                                 
***************************************************************************
NP_SPIN_PARAL: 1
NP_KPOINT_PARAL: 1
NP_BAND_PARAL: 12
NP_DOMAIN_PARAL: 1 1 1
NP_DOMAIN_PHI_PARAL: 2 2 3
EIG_USE_LAPACK: 1
EIG_LAPACK_MAXNS: 2000
***************************************************************************
                             Initialization                                
***************************************************************************
Number of processors               :  12
Mesh spacing                       :  0.239206 (Bohr)
Number of symmetry adapted k-points:  1
Output printed to                  :  input_file_store/sprc-calc_12.out
Total number of atom types         :  2
Total number of atoms              :  5
Total number of electrons          :  46
Atom type 1  (valence electrons)   :  F 7
Pseudopotential                    :  input_file_store/F.pot
Pseudocharge radii of atom type 1  :  6.46 6.46 6.46 (x, y, z dir)
Number of atoms of type 1          :  4
Atom type 2  (valence electrons)   :  Xe 18
Pseudopotential                    :  input_file_store/Xe.pot
Pseudocharge radii of atom type 2  :  6.46 6.46 6.46 (x, y, z dir)
Number of atoms of type 2          :  1
Estimated total memory usage       :  827.55 MB
Estimated memory per processor     :  68.96 MB
===================================================================
                    Self Consistent Field (SCF#1)                     
===================================================================
Iteration     Free Energy (Ha/atom)   SCF Error        Timing (sec)
1            -4.2290960176E+01        8.052E-02        5.196
2            -4.2269116103E+01        4.145E-02        1.702
3            -4.2259174486E+01        2.419E-02        1.710
4            -4.2256673559E+01        7.781E-03        1.712
5            -4.2256434310E+01        3.744E-03        1.665
6            -4.2256514939E+01        1.193E-03        1.566
7            -4.2256561359E+01        7.861E-04        1.559
8            -4.2256590086E+01        4.679E-04        1.554
9            -4.2256606052E+01        3.316E-04        1.592
10           -4.2256625244E+01        1.614E-04        1.224
Total number of SCF: 10    

k = [0.000, 0.000, 0.000]
Occupation of state 29 = 0.000000000000000.
Occupation of state 32 = 0.000000000000000.
====================================================================
                    Energy and force calculation                    
====================================================================
Free energy per atom               : -4.2256647718E+01 (Ha/atom)
Total free energy                  : -2.1128323859E+02 (Ha)
Band structure energy              : -4.4441829748E+01 (Ha)
Exchange correlation energy        : -2.8539577693E+01 (Ha)
Self and correction energy         : -2.8057049753E+02 (Ha)
Entropy*kb*T                       : -1.4455622235E-08 (Ha)
Fermi level                        : -1.7201693128E-01 (Ha)
RMS force                          :  1.4471869712E-03 (Ha/Bohr)
Maximum force                      :  1.8292344947E-03 (Ha/Bohr)
Time for force calculation         :  0.062 (sec)
***************************************************************************
                               Timing info                                 
***************************************************************************
Total walltime                     :  20.521 sec
___________________________________________________________________________

***************************************************************************
*             Material Physics & Mechanics Group, Georgia Tech            *
*                       PI: Phanish Suryanarayana                         *
*                Main Developers: Qimen Xu, Abhiraj Sharma                *
*     Collaborators: J.E. Pask (LLNL), A.J. Medford (GT), E. Chow (GT)    *
*  Acknowledgements: U.S. DOE (DE-SC0019410); U.S. NSF (1333500,1553212)  *
***************************************************************************
                                                                           
