***************************************************************************
*                           SPARC (May 06, 2020)                          *
*   Copyright (c) 2019 Material Physics & Mechanics Group, Georgia Tech   *
*           Distributed under GNU General Public License 3 (GPL)          *
*                   Start time: Sat May  9 07:34:08 2020                  *
***************************************************************************
                           Input parameters                                
***************************************************************************
CELL: 14.0583822422612 23.3556796602392 24.1491718922163 
LATVEC:
1 0 0 
0 0.897818522371518 -0.440365644534885 
0 0.002438979820962 0.999997025684293 
FD_GRID: 59 97 101
FD_ORDER: 12
BC: P P P
KPOINT_GRID: 3 2 2
KPOINT_SHIFT: 0 0 0
SPIN_TYP: 0
ELEC_TEMP_TYPE: Gaussian
SMEARING: 0.003674926479
CHEB_DEGREE: 31
NSTATES: 110
#WARNING: Number of bands may be insufficient for efficient SCF convergence.
EXCHANGE_CORRELATION: LDA_PZ
CALC_STRESS: 0
CALC_PRES: 0
CHEFSI_BOUND_FLAG: 0
MAXIT_SCF: 250
MINIT_SCF: 3
MAXIT_POISSON: 3000
TOL_SCF: 3.66E-04
POISSON_SOLVER: AAR
TOL_POISSON: 3.66E-06
TOL_LANCZOS: 1.00E-02
TOL_PSEUDOCHARGE: 3.66E-06
MIXING_VARIABLE: density
MIXING_PRECOND: kerker
TOL_PRECOND: 5.73E-05
PRECOND_KERKER_KTF: 1
PRECOND_KERKER_THRESH: 0.1
MIXING_PARAMETER: 0.3
MIXING_HISTORY: 7
PULAY_FREQUENCY: 1
PULAY_RESTART: 0
REFERENCE_CUTOFF: 0.5
RHO_TRIGGER: 4
FIX_RAND: 0
VERBOSITY: 1
PRINT_FORCES: 1
PRINT_ATOMS: 1
PRINT_EIGEN: 0
PRINT_DENSITY: 0
OUTPUT_FILE: input_file_store/sprc-calc_48
***************************************************************************
                           Parallelization                                 
***************************************************************************
NP_SPIN_PARAL: 1
NP_KPOINT_PARAL: 8
NP_BAND_PARAL: 6
NP_DOMAIN_PARAL: 1 1 1
NP_DOMAIN_PHI_PARAL: 3 4 4
EIG_USE_LAPACK: 1
EIG_LAPACK_MAXNS: 2000
***************************************************************************
                             Initialization                                
***************************************************************************
Number of processors               :  48
Mesh spacing in x-direction        :  0.238278 (Bohr)
Mesh spacing in y-direction        :  0.24078 (Bohr)
Mesh spacing in z direction        :  0.239101 (Bohr)
Number of symmetry adapted k-points:  8
Output printed to                  :  input_file_store/sprc-calc_48.out
Total number of atom types         :  2
Total number of atoms              :  32
Total number of electrons          :  176
Atom type 1  (valence electrons)   :  P 5
Pseudopotential                    :  input_file_store/P.pot
Pseudocharge radii of atom type 1  :  6.67 6.74 6.69 (x, y, z dir)
Number of atoms of type 1          :  16
Atom type 2  (valence electrons)   :  Se 6
Pseudopotential                    :  input_file_store/Se.pot
Pseudocharge radii of atom type 2  :  6.91 6.98 6.93 (x, y, z dir)
Number of atoms of type 2          :  16
Estimated total memory usage       :  45.60 GB
Estimated memory per processor     :  972.76 MB
===================================================================
                    Self Consistent Field (SCF#1)                     
===================================================================
Iteration     Free Energy (Ha/atom)   SCF Error        Timing (sec)
1            -8.0309618712E+00        8.282E-02        254.235
2            -8.0659504080E+00        7.159E-02        63.803
3            -8.0715944133E+00        2.418E-02        63.718
4            -8.0727845318E+00        7.072E-03        63.589
5            -8.0730671654E+00        1.840E-03        63.460
6            -8.0731177633E+00        1.238E-03        63.661
7            -8.0731395377E+00        4.712E-04        63.302
8            -8.0731469419E+00        3.367E-04        63.367
Total number of SCF: 8     

k = [-0.333, 0.000, 0.000]
Occupation of state 99 = 0.000000000000000.
Occupation of state 110 = 0.000000000000000.
====================================================================
                    Energy and force calculation                    
====================================================================
Free energy per atom               : -8.0731576655E+00 (Ha/atom)
Total free energy                  : -2.5834104530E+02 (Ha)
Band structure energy              : -2.6944896968E+01 (Ha)
Exchange correlation energy        : -5.8603630250E+01 (Ha)
Self and correction energy         : -8.1710910572E+02 (Ha)
Entropy*kb*T                       : -2.5964012856E-07 (Ha)
Fermi level                        :  1.1986016725E-01 (Ha)
RMS force                          :  5.7335304809E-03 (Ha/Bohr)
Maximum force                      :  8.1716470978E-03 (Ha/Bohr)
Time for force calculation         :  1.556 (sec)
***************************************************************************
                               Timing info                                 
***************************************************************************
Total walltime                     :  701.570 sec
___________________________________________________________________________

***************************************************************************
*             Material Physics & Mechanics Group, Georgia Tech            *
*                       PI: Phanish Suryanarayana                         *
*                Main Developers: Qimen Xu, Abhiraj Sharma                *
*     Collaborators: J.E. Pask (LLNL), A.J. Medford (GT), E. Chow (GT)    *
*  Acknowledgements: U.S. DOE (DE-SC0019410); U.S. NSF (1333500,1553212)  *
***************************************************************************
                                                                           
