***************************************************************************
*                           SPARC (May 06, 2020)                          *
*   Copyright (c) 2019 Material Physics & Mechanics Group, Georgia Tech   *
*           Distributed under GNU General Public License 3 (GPL)          *
*                   Start time: Sat May  9 05:59:43 2020                  *
***************************************************************************
                           Input parameters                                
***************************************************************************
CELL: 14.0583822422612 23.3556796602392 24.1491718922163 
LATVEC:
1 0 0 
0 0.897818522371518 -0.440365644534885 
0 0.002438979820962 0.999997025684293 
FD_GRID: 59 97 101
FD_ORDER: 12
BC: P P P
KPOINT_GRID: 3 2 2
KPOINT_SHIFT: 0 0 0
SPIN_TYP: 0
ELEC_TEMP_TYPE: Gaussian
SMEARING: 0.003674926479
CHEB_DEGREE: 31
NSTATES: 110
#WARNING: Number of bands may be insufficient for efficient SCF convergence.
EXCHANGE_CORRELATION: LDA_PZ
CALC_STRESS: 0
CALC_PRES: 0
CHEFSI_BOUND_FLAG: 0
MAXIT_SCF: 250
MINIT_SCF: 3
MAXIT_POISSON: 3000
TOL_SCF: 3.66E-04
POISSON_SOLVER: AAR
TOL_POISSON: 3.66E-06
TOL_LANCZOS: 1.00E-02
TOL_PSEUDOCHARGE: 3.66E-06
MIXING_VARIABLE: density
MIXING_PRECOND: kerker
TOL_PRECOND: 5.73E-05
PRECOND_KERKER_KTF: 1
PRECOND_KERKER_THRESH: 0.1
MIXING_PARAMETER: 0.3
MIXING_HISTORY: 7
PULAY_FREQUENCY: 1
PULAY_RESTART: 0
REFERENCE_CUTOFF: 0.5
RHO_TRIGGER: 4
FIX_RAND: 0
VERBOSITY: 1
PRINT_FORCES: 1
PRINT_ATOMS: 1
PRINT_EIGEN: 0
PRINT_DENSITY: 0
OUTPUT_FILE: input_file_store/sprc-calc_12
***************************************************************************
                           Parallelization                                 
***************************************************************************
NP_SPIN_PARAL: 1
NP_KPOINT_PARAL: 8
NP_BAND_PARAL: 1
NP_DOMAIN_PARAL: 1 1 1
NP_DOMAIN_PHI_PARAL: 2 2 3
EIG_USE_LAPACK: 1
EIG_LAPACK_MAXNS: 2000
***************************************************************************
                             Initialization                                
***************************************************************************
Number of processors               :  12
Mesh spacing in x-direction        :  0.238278 (Bohr)
Mesh spacing in y-direction        :  0.24078 (Bohr)
Mesh spacing in z direction        :  0.239101 (Bohr)
Number of symmetry adapted k-points:  8
Output printed to                  :  input_file_store/sprc-calc_12.out
Total number of atom types         :  2
Total number of atoms              :  32
Total number of electrons          :  176
Atom type 1  (valence electrons)   :  P 5
Pseudopotential                    :  input_file_store/P.pot
Pseudocharge radii of atom type 1  :  6.67 6.74 6.69 (x, y, z dir)
Number of atoms of type 1          :  16
Atom type 2  (valence electrons)   :  Se 6
Pseudopotential                    :  input_file_store/Se.pot
Pseudocharge radii of atom type 2  :  6.91 6.98 6.93 (x, y, z dir)
Number of atoms of type 2          :  16
Estimated total memory usage       :  45.60 GB
Estimated memory per processor     :  3.80 GB
===================================================================
                    Self Consistent Field (SCF#1)                     
===================================================================
Iteration     Free Energy (Ha/atom)   SCF Error        Timing (sec)
1            -8.0309100160E+00        8.332E-02        1299.860
2            -8.0659124833E+00        7.172E-02        328.989
3            -8.0715753524E+00        2.306E-02        327.789
4            -8.0727839043E+00        6.971E-03        327.507
5            -8.0730665371E+00        1.802E-03        327.674
6            -8.0731154178E+00        1.253E-03        328.211
7            -8.0731436889E+00        4.430E-04        328.548
8            -8.0731495439E+00        3.355E-04        326.735
Total number of SCF: 8     

k = [-0.333, 0.000, 0.000]
Occupation of state 99 = 0.000000000000000.
Occupation of state 110 = 0.000000000000000.
====================================================================
                    Energy and force calculation                    
====================================================================
Free energy per atom               : -8.0731581171E+00 (Ha/atom)
Total free energy                  : -2.5834105975E+02 (Ha)
Band structure energy              : -2.6946019676E+01 (Ha)
Exchange correlation energy        : -5.8603777034E+01 (Ha)
Self and correction energy         : -8.1710910572E+02 (Ha)
Entropy*kb*T                       : -2.5765558074E-07 (Ha)
Fermi level                        :  1.1996380738E-01 (Ha)
RMS force                          :  5.7312798110E-03 (Ha/Bohr)
Maximum force                      :  7.7734985018E-03 (Ha/Bohr)
Time for force calculation         :  8.267 (sec)
***************************************************************************
                               Timing info                                 
***************************************************************************
Total walltime                     :  3606.099 sec
___________________________________________________________________________

***************************************************************************
*             Material Physics & Mechanics Group, Georgia Tech            *
*                       PI: Phanish Suryanarayana                         *
*                Main Developers: Qimen Xu, Abhiraj Sharma                *
*     Collaborators: J.E. Pask (LLNL), A.J. Medford (GT), E. Chow (GT)    *
*  Acknowledgements: U.S. DOE (DE-SC0019410); U.S. NSF (1333500,1553212)  *
***************************************************************************
                                                                           
