***************************************************************************
*                           SPARC (May 06, 2020)                          *
*   Copyright (c) 2019 Material Physics & Mechanics Group, Georgia Tech   *
*           Distributed under GNU General Public License 3 (GPL)          *
*                   Start time: Sat May  9 09:29:10 2020                  *
***************************************************************************
                           Input parameters                                
***************************************************************************
CELL: 6.36480313454775 6.36480313454775 35.6688135041339 
LATVEC:
1 0 0 
0.5 0.866025403784439 0 
0 0 1 
FD_GRID: 27 27 149
FD_ORDER: 12
BC: P P P
KPOINT_GRID: 6 6 1
KPOINT_SHIFT: 0 0 0
SPIN_TYP: 0
ELEC_TEMP_TYPE: Gaussian
SMEARING: 0.003674926479
CHEB_DEGREE: 31
NSTATES: 49
EXCHANGE_CORRELATION: LDA_PZ
CALC_STRESS: 0
CALC_PRES: 0
CHEFSI_BOUND_FLAG: 0
MAXIT_SCF: 1000
MINIT_SCF: 3
MAXIT_POISSON: 3000
TOL_SCF: 1.43E-04
POISSON_SOLVER: AAR
TOL_POISSON: 1.43E-06
TOL_LANCZOS: 1.00E-02
TOL_PSEUDOCHARGE: 1.43E-06
MIXING_VARIABLE: density
MIXING_PRECOND: kerker
TOL_PRECOND: 5.61E-05
PRECOND_KERKER_KTF: 1
PRECOND_KERKER_THRESH: 0.1
MIXING_PARAMETER: 0.3
MIXING_HISTORY: 7
PULAY_FREQUENCY: 1
PULAY_RESTART: 0
REFERENCE_CUTOFF: 0.5
RHO_TRIGGER: 4
FIX_RAND: 0
VERBOSITY: 1
PRINT_FORCES: 1
PRINT_ATOMS: 1
PRINT_EIGEN: 0
PRINT_DENSITY: 0
OUTPUT_FILE: input_file_store/sprc-calc_192
***************************************************************************
                           Parallelization                                 
***************************************************************************
NP_SPIN_PARAL: 1
NP_KPOINT_PARAL: 20
NP_BAND_PARAL: 9
NP_DOMAIN_PARAL: 1 1 1
NP_DOMAIN_PHI_PARAL: 3 4 16
EIG_USE_LAPACK: 1
EIG_LAPACK_MAXNS: 2000
***************************************************************************
                             Initialization                                
***************************************************************************
Number of processors               :  192
Mesh spacing in x-direction        :  0.235733 (Bohr)
Mesh spacing in y-direction        :  0.235733 (Bohr)
Mesh spacing in z direction        :  0.239388 (Bohr)
Number of symmetry adapted k-points:  20
Output printed to                  :  input_file_store/sprc-calc_192.out
Total number of atom types         :  2
Total number of atoms              :  6
Total number of electrons          :  75
Atom type 1  (valence electrons)   :  Cd 20
Pseudopotential                    :  input_file_store/Cd.pot
Pseudocharge radii of atom type 1  :  7.07 7.07 7.18 (x, y, z dir)
Number of atoms of type 1          :  3
Atom type 2  (valence electrons)   :  N 5
Pseudopotential                    :  input_file_store/N.pot
Pseudocharge radii of atom type 2  :  7.07 7.07 6.94 (x, y, z dir)
Number of atoms of type 2          :  3
Estimated total memory usage       :  9.54 GB
Estimated memory per processor     :  50.88 MB
===================================================================
                    Self Consistent Field (SCF#1)                     
===================================================================
Iteration     Free Energy (Ha/atom)   SCF Error        Timing (sec)
1            -8.2728376655E+01        5.639E-02        13.929
2            -8.2712336695E+01        2.018E-02        3.695
3            -8.2711003896E+01        2.773E-02        3.570
4            -8.2709566277E+01        1.551E-02        3.575
5            -8.2709110693E+01        1.109E-02        3.773
6            -8.2708561790E+01        4.748E-03        3.447
7            -8.2708510814E+01        1.551E-03        3.498
8            -8.2708515505E+01        1.230E-03        3.482
9            -8.2708518497E+01        8.542E-04        3.540
10           -8.2708518374E+01        3.071E-04        3.577
11           -8.2708519266E+01        1.764E-04        3.654
12           -8.2708521600E+01        2.323E-04        3.477
13           -8.2708523424E+01        2.097E-04        3.489
14           -8.2708522633E+01        1.245E-04        3.713
Total number of SCF: 14    

k = [-0.333, -0.333, 0.000]
Occupation of state 44 = 0.000000000000000.
Occupation of state 49 = 0.000000000000000.
====================================================================
                    Energy and force calculation                    
====================================================================
Free energy per atom               : -8.2708524190E+01 (Ha/atom)
Total free energy                  : -4.9625114514E+02 (Ha)
Band structure energy              : -7.7431556789E+01 (Ha)
Exchange correlation energy        : -4.8166249419E+01 (Ha)
Self and correction energy         : -5.9887450581E+02 (Ha)
Entropy*kb*T                       : -1.9427975326E-03 (Ha)
Fermi level                        : -2.1147207822E-02 (Ha)
RMS force                          :  2.2114085420E-02 (Ha/Bohr)
Maximum force                      :  4.5146474823E-02 (Ha/Bohr)
Time for force calculation         :  0.105 (sec)
***************************************************************************
                               Timing info                                 
***************************************************************************
Total walltime                     :  60.950 sec
___________________________________________________________________________

***************************************************************************
*             Material Physics & Mechanics Group, Georgia Tech            *
*                       PI: Phanish Suryanarayana                         *
*                Main Developers: Qimen Xu, Abhiraj Sharma                *
*     Collaborators: J.E. Pask (LLNL), A.J. Medford (GT), E. Chow (GT)    *
*  Acknowledgements: U.S. DOE (DE-SC0019410); U.S. NSF (1333500,1553212)  *
***************************************************************************
                                                                           
