***************************************************************************
*                           SPARC (May 06, 2020)                          *
*   Copyright (c) 2019 Material Physics & Mechanics Group, Georgia Tech   *
*           Distributed under GNU General Public License 3 (GPL)          *
*                   Start time: Sat May  9 05:58:05 2020                  *
***************************************************************************
                           Input parameters                                
***************************************************************************
CELL: 6.36480313454775 6.36480313454775 35.6688135041339 
LATVEC:
1 0 0 
0.5 0.866025403784439 0 
0 0 1 
FD_GRID: 27 27 149
FD_ORDER: 12
BC: P P P
KPOINT_GRID: 6 6 1
KPOINT_SHIFT: 0 0 0
SPIN_TYP: 0
ELEC_TEMP_TYPE: Gaussian
SMEARING: 0.003674926479
CHEB_DEGREE: 31
NSTATES: 49
EXCHANGE_CORRELATION: LDA_PZ
CALC_STRESS: 0
CALC_PRES: 0
CHEFSI_BOUND_FLAG: 0
MAXIT_SCF: 1000
MINIT_SCF: 3
MAXIT_POISSON: 3000
TOL_SCF: 1.43E-04
POISSON_SOLVER: AAR
TOL_POISSON: 1.43E-06
TOL_LANCZOS: 1.00E-02
TOL_PSEUDOCHARGE: 1.43E-06
MIXING_VARIABLE: density
MIXING_PRECOND: kerker
TOL_PRECOND: 5.61E-05
PRECOND_KERKER_KTF: 1
PRECOND_KERKER_THRESH: 0.1
MIXING_PARAMETER: 0.3
MIXING_HISTORY: 7
PULAY_FREQUENCY: 1
PULAY_RESTART: 0
REFERENCE_CUTOFF: 0.5
RHO_TRIGGER: 4
FIX_RAND: 0
VERBOSITY: 1
PRINT_FORCES: 1
PRINT_ATOMS: 1
PRINT_EIGEN: 0
PRINT_DENSITY: 0
OUTPUT_FILE: input_file_store/sprc-calc_1
***************************************************************************
                           Parallelization                                 
***************************************************************************
NP_SPIN_PARAL: 1
NP_KPOINT_PARAL: 1
NP_BAND_PARAL: 1
NP_DOMAIN_PARAL: 1 1 1
NP_DOMAIN_PHI_PARAL: 1 1 1
EIG_USE_LAPACK: 1
EIG_LAPACK_MAXNS: 2000
***************************************************************************
                             Initialization                                
***************************************************************************
Number of processors               :  1
Mesh spacing in x-direction        :  0.235733 (Bohr)
Mesh spacing in y-direction        :  0.235733 (Bohr)
Mesh spacing in z direction        :  0.239388 (Bohr)
Number of symmetry adapted k-points:  20
Output printed to                  :  input_file_store/sprc-calc_1.out
Total number of atom types         :  2
Total number of atoms              :  6
Total number of electrons          :  75
Atom type 1  (valence electrons)   :  Cd 20
Pseudopotential                    :  input_file_store/Cd.pot
Pseudocharge radii of atom type 1  :  7.07 7.07 7.18 (x, y, z dir)
Number of atoms of type 1          :  3
Atom type 2  (valence electrons)   :  N 5
Pseudopotential                    :  input_file_store/N.pot
Pseudocharge radii of atom type 2  :  7.07 7.07 6.94 (x, y, z dir)
Number of atoms of type 2          :  3
Estimated total memory usage       :  9.54 GB
Estimated memory per processor     :  9.54 GB
===================================================================
                    Self Consistent Field (SCF#1)                     
===================================================================
Iteration     Free Energy (Ha/atom)   SCF Error        Timing (sec)
1            -8.2728030653E+01        5.608E-02        1749.056
2            -8.2712326074E+01        2.023E-02        413.273
3            -8.2710330398E+01        2.170E-02        413.767
4            -8.2709548057E+01        1.567E-02        413.297
5            -8.2709120520E+01        1.204E-02        411.173
