***************************************************************************
*                           SPARC (May 06, 2020)                          *
*   Copyright (c) 2019 Material Physics & Mechanics Group, Georgia Tech   *
*           Distributed under GNU General Public License 3 (GPL)          *
*                   Start time: Sat May  9 06:16:03 2020                  *
***************************************************************************
                           Input parameters                                
***************************************************************************
CELL: 6.36480313454775 6.36480313454775 35.6688135041339 
LATVEC:
1 0 0 
0.5 0.866025403784439 0 
0 0 1 
FD_GRID: 27 27 149
FD_ORDER: 12
BC: P P P
KPOINT_GRID: 6 6 1
KPOINT_SHIFT: 0 0 0
SPIN_TYP: 0
ELEC_TEMP_TYPE: Gaussian
SMEARING: 0.003674926479
CHEB_DEGREE: 31
NSTATES: 49
EXCHANGE_CORRELATION: LDA_PZ
CALC_STRESS: 0
CALC_PRES: 0
CHEFSI_BOUND_FLAG: 0
MAXIT_SCF: 1000
MINIT_SCF: 3
MAXIT_POISSON: 3000
TOL_SCF: 1.43E-04
POISSON_SOLVER: AAR
TOL_POISSON: 1.43E-06
TOL_LANCZOS: 1.00E-02
TOL_PSEUDOCHARGE: 1.43E-06
MIXING_VARIABLE: density
MIXING_PRECOND: kerker
TOL_PRECOND: 5.61E-05
PRECOND_KERKER_KTF: 1
PRECOND_KERKER_THRESH: 0.1
MIXING_PARAMETER: 0.3
MIXING_HISTORY: 7
PULAY_FREQUENCY: 1
PULAY_RESTART: 0
REFERENCE_CUTOFF: 0.5
RHO_TRIGGER: 4
FIX_RAND: 0
VERBOSITY: 1
PRINT_FORCES: 1
PRINT_ATOMS: 1
PRINT_EIGEN: 0
PRINT_DENSITY: 0
OUTPUT_FILE: input_file_store/sprc-calc_24
***************************************************************************
                           Parallelization                                 
***************************************************************************
NP_SPIN_PARAL: 1
NP_KPOINT_PARAL: 20
NP_BAND_PARAL: 1
NP_DOMAIN_PARAL: 1 1 1
NP_DOMAIN_PHI_PARAL: 2 2 6
EIG_USE_LAPACK: 1
EIG_LAPACK_MAXNS: 2000
***************************************************************************
                             Initialization                                
***************************************************************************
Number of processors               :  24
Mesh spacing in x-direction        :  0.235733 (Bohr)
Mesh spacing in y-direction        :  0.235733 (Bohr)
Mesh spacing in z direction        :  0.239388 (Bohr)
Number of symmetry adapted k-points:  20
Output printed to                  :  input_file_store/sprc-calc_24.out
Total number of atom types         :  2
Total number of atoms              :  6
Total number of electrons          :  75
Atom type 1  (valence electrons)   :  Cd 20
Pseudopotential                    :  input_file_store/Cd.pot
Pseudocharge radii of atom type 1  :  7.07 7.07 7.18 (x, y, z dir)
Number of atoms of type 1          :  3
Atom type 2  (valence electrons)   :  N 5
Pseudopotential                    :  input_file_store/N.pot
Pseudocharge radii of atom type 2  :  7.07 7.07 6.94 (x, y, z dir)
Number of atoms of type 2          :  3
Estimated total memory usage       :  9.54 GB
Estimated memory per processor     :  407.04 MB
===================================================================
                    Self Consistent Field (SCF#1)                     
===================================================================
Iteration     Free Energy (Ha/atom)   SCF Error        Timing (sec)
1            -8.2728181716E+01        5.653E-02        98.322
2            -8.2712271634E+01        1.982E-02        24.275
3            -8.2710866460E+01        2.708E-02        24.329
4            -8.2709518211E+01        1.501E-02        24.275
5            -8.2709099271E+01        1.103E-02        24.751
6            -8.2708557409E+01        4.729E-03        24.272
7            -8.2708509691E+01        1.576E-03        24.382
8            -8.2708516171E+01        1.251E-03        24.732
9            -8.2708518523E+01        8.590E-04        24.471
10           -8.2708518360E+01        3.215E-04        24.541
11           -8.2708519302E+01        1.686E-04        24.308
12           -8.2708521767E+01        3.735E-04        24.238
13           -8.2708521977E+01        8.586E-05        24.215
Total number of SCF: 13    

k = [-0.333, -0.333, 0.000]
Occupation of state 44 = 0.000000000000000.
Occupation of state 49 = 0.000000000000000.
====================================================================
                    Energy and force calculation                    
====================================================================
Free energy per atom               : -8.2708524197E+01 (Ha/atom)
Total free energy                  : -4.9625114518E+02 (Ha)
Band structure energy              : -7.7449496233E+01 (Ha)
Exchange correlation energy        : -4.8166375167E+01 (Ha)
Self and correction energy         : -5.9887450581E+02 (Ha)
Entropy*kb*T                       : -1.9501903237E-03 (Ha)
Fermi level                        : -2.1286598476E-02 (Ha)
RMS force                          :  1.9170427540E-02 (Ha/Bohr)
Maximum force                      :  4.3026487359E-02 (Ha/Bohr)
Time for force calculation         :  0.532 (sec)
***************************************************************************
                               Timing info                                 
***************************************************************************
Total walltime                     :  392.095 sec
___________________________________________________________________________

***************************************************************************
*             Material Physics & Mechanics Group, Georgia Tech            *
*                       PI: Phanish Suryanarayana                         *
*                Main Developers: Qimen Xu, Abhiraj Sharma                *
*     Collaborators: J.E. Pask (LLNL), A.J. Medford (GT), E. Chow (GT)    *
*  Acknowledgements: U.S. DOE (DE-SC0019410); U.S. NSF (1333500,1553212)  *
***************************************************************************
                                                                           
