***************************************************************************
*                           SPARC (May 06, 2020)                          *
*   Copyright (c) 2019 Material Physics & Mechanics Group, Georgia Tech   *
*           Distributed under GNU General Public License 3 (GPL)          *
*                   Start time: Sat May  9 05:57:32 2020                  *
***************************************************************************
                           Input parameters                                
***************************************************************************
CELL: 7.71008259341467 22.6767135100431 22.6767135100431 
LATVEC:
1 0 0 
0 1 0 
0 0 1 
FD_GRID: 32 94 94
FD_ORDER: 12
BC: P P P
KPOINT_GRID: 5 1 1
KPOINT_SHIFT: 0 0 0
SPIN_TYP: 0
ELEC_TEMP_TYPE: Gaussian
SMEARING: 0.003674926479
CHEB_DEGREE: 30
NSTATES: 50
#WARNING: Number of bands may be insufficient for efficient SCF convergence.
EXCHANGE_CORRELATION: LDA_PZ
CALC_STRESS: 0
CALC_PRES: 0
CHEFSI_BOUND_FLAG: 0
MAXIT_SCF: 1000
MINIT_SCF: 3
MAXIT_POISSON: 3000
TOL_SCF: 8.89E-05
POISSON_SOLVER: AAR
TOL_POISSON: 8.89E-07
TOL_LANCZOS: 1.00E-02
TOL_PSEUDOCHARGE: 8.89E-07
MIXING_VARIABLE: density
MIXING_PRECOND: kerker
TOL_PRECOND: 5.81E-05
PRECOND_KERKER_KTF: 1
PRECOND_KERKER_THRESH: 0.1
MIXING_PARAMETER: 0.3
MIXING_HISTORY: 7
PULAY_FREQUENCY: 1
PULAY_RESTART: 0
REFERENCE_CUTOFF: 0.5
RHO_TRIGGER: 4
FIX_RAND: 0
VERBOSITY: 1
PRINT_FORCES: 1
PRINT_ATOMS: 1
PRINT_EIGEN: 0
PRINT_DENSITY: 0
OUTPUT_FILE: input_file_store/sprc-calc_6
***************************************************************************
                           Parallelization                                 
***************************************************************************
NP_SPIN_PARAL: 1
NP_KPOINT_PARAL: 3
NP_BAND_PARAL: 2
NP_DOMAIN_PARAL: 1 1 1
NP_DOMAIN_PHI_PARAL: 1 2 3
EIG_USE_LAPACK: 1
EIG_LAPACK_MAXNS: 2000
***************************************************************************
                             Initialization                                
***************************************************************************
Number of processors               :  6
Mesh spacing in x-direction        :  0.24094 (Bohr)
Mesh spacing in y-direction        :  0.241242 (Bohr)
Mesh spacing in z direction        :  0.241242 (Bohr)
Number of symmetry adapted k-points:  3
Output printed to                  :  input_file_store/sprc-calc_6.out
Total number of atom types         :  1
Total number of atoms              :  4
Total number of electrons          :  76
Atom type 1  (valence electrons)   :  Au 19
Pseudopotential                    :  input_file_store/Au.pot
Pseudocharge radii of atom type 1  :  6.99 7.00 7.00 (x, y, z dir)
Number of atoms of type 1          :  4
Estimated total memory usage       :  3.85 GB
Estimated memory per processor     :  657.24 MB
===================================================================
                    Self Consistent Field (SCF#1)                     
===================================================================
Iteration     Free Energy (Ha/atom)   SCF Error        Timing (sec)
1            -1.3740941421E+02        2.189E-02        82.480
2            -1.3742201362E+02        1.316E-02        21.449
3            -1.3742109063E+02        4.438E-03        21.593
4            -1.3742105865E+02        2.539E-03        21.250
5            -1.3742098695E+02        6.791E-04        21.320
6            -1.3742097290E+02        3.862E-04        21.432
7            -1.3742096721E+02        2.102E-04        21.389
8            -1.3742096540E+02        1.538E-04        21.465
9            -1.3742096480E+02        9.156E-05        21.248
10           -1.3742096845E+02        6.365E-05        20.138
Total number of SCF: 10    

k = [-0.400, 0.000, 0.000]
Occupation of state 45 = 0.000000000000000.
Occupation of state 50 = 0.000000000000000.
====================================================================
                    Energy and force calculation                    
====================================================================
Free energy per atom               : -1.3742097945E+02 (Ha/atom)
Total free energy                  : -5.4968391782E+02 (Ha)
Band structure energy              : -9.4173899267E+01 (Ha)
Exchange correlation energy        : -4.9861706314E+01 (Ha)
Self and correction energy         : -7.5213616824E+02 (Ha)
Entropy*kb*T                       : -1.9533076115E-03 (Ha)
Fermi level                        : -1.3484347917E-01 (Ha)
RMS force                          :  3.1230708381E-02 (Ha/Bohr)
Maximum force                      :  3.1310177754E-02 (Ha/Bohr)
Time for force calculation         :  0.701 (sec)
***************************************************************************
                               Timing info                                 
***************************************************************************
Total walltime                     :  275.669 sec
___________________________________________________________________________

***************************************************************************
*             Material Physics & Mechanics Group, Georgia Tech            *
*                       PI: Phanish Suryanarayana                         *
*                Main Developers: Qimen Xu, Abhiraj Sharma                *
*     Collaborators: J.E. Pask (LLNL), A.J. Medford (GT), E. Chow (GT)    *
*  Acknowledgements: U.S. DOE (DE-SC0019410); U.S. NSF (1333500,1553212)  *
***************************************************************************
                                                                           
