***************************************************************************
*                           SPARC (May 06, 2020)                          *
*   Copyright (c) 2019 Material Physics & Mechanics Group, Georgia Tech   *
*           Distributed under GNU General Public License 3 (GPL)          *
*                   Start time: Sat May  9 05:57:30 2020                  *
***************************************************************************
                           Input parameters                                
***************************************************************************
CELL: 7.71008259341467 22.6767135100431 22.6767135100431 
LATVEC:
1 0 0 
0 1 0 
0 0 1 
FD_GRID: 32 94 94
FD_ORDER: 12
BC: P P P
KPOINT_GRID: 5 1 1
KPOINT_SHIFT: 0 0 0
SPIN_TYP: 0
ELEC_TEMP_TYPE: Gaussian
SMEARING: 0.003674926479
CHEB_DEGREE: 30
NSTATES: 50
#WARNING: Number of bands may be insufficient for efficient SCF convergence.
EXCHANGE_CORRELATION: LDA_PZ
CALC_STRESS: 0
CALC_PRES: 0
CHEFSI_BOUND_FLAG: 0
MAXIT_SCF: 1000
MINIT_SCF: 3
MAXIT_POISSON: 3000
TOL_SCF: 8.89E-05
POISSON_SOLVER: AAR
TOL_POISSON: 8.89E-07
TOL_LANCZOS: 1.00E-02
TOL_PSEUDOCHARGE: 8.89E-07
MIXING_VARIABLE: density
MIXING_PRECOND: kerker
TOL_PRECOND: 5.81E-05
PRECOND_KERKER_KTF: 1
PRECOND_KERKER_THRESH: 0.1
MIXING_PARAMETER: 0.3
MIXING_HISTORY: 7
PULAY_FREQUENCY: 1
PULAY_RESTART: 0
REFERENCE_CUTOFF: 0.5
RHO_TRIGGER: 4
FIX_RAND: 0
VERBOSITY: 1
PRINT_FORCES: 1
PRINT_ATOMS: 1
PRINT_EIGEN: 0
PRINT_DENSITY: 0
OUTPUT_FILE: input_file_store/sprc-calc_12
***************************************************************************
                           Parallelization                                 
***************************************************************************
NP_SPIN_PARAL: 1
NP_KPOINT_PARAL: 3
NP_BAND_PARAL: 4
NP_DOMAIN_PARAL: 1 1 1
NP_DOMAIN_PHI_PARAL: 1 3 4
EIG_USE_LAPACK: 1
EIG_LAPACK_MAXNS: 2000
***************************************************************************
                             Initialization                                
***************************************************************************
Number of processors               :  12
Mesh spacing in x-direction        :  0.24094 (Bohr)
Mesh spacing in y-direction        :  0.241242 (Bohr)
Mesh spacing in z direction        :  0.241242 (Bohr)
Number of symmetry adapted k-points:  3
Output printed to                  :  input_file_store/sprc-calc_12.out
Total number of atom types         :  1
Total number of atoms              :  4
Total number of electrons          :  76
Atom type 1  (valence electrons)   :  Au 19
Pseudopotential                    :  input_file_store/Au.pot
Pseudocharge radii of atom type 1  :  6.99 7.00 7.00 (x, y, z dir)
Number of atoms of type 1          :  4
Estimated total memory usage       :  3.85 GB
Estimated memory per processor     :  328.62 MB
===================================================================
                    Self Consistent Field (SCF#1)                     
===================================================================
Iteration     Free Energy (Ha/atom)   SCF Error        Timing (sec)
1            -1.3740869179E+02        2.169E-02        40.169
2            -1.3742207885E+02        1.326E-02        10.375
3            -1.3742110640E+02        4.539E-03        10.708
4            -1.3742106950E+02        2.701E-03        10.929
5            -1.3742098515E+02        6.939E-04        10.055
6            -1.3742097391E+02        4.127E-04        10.042
7            -1.3742096778E+02        2.191E-04        10.101
8            -1.3742096529E+02        1.532E-04        10.137
9            -1.3742096508E+02        9.769E-05        10.195
10           -1.3742096873E+02        6.671E-05        10.042
Total number of SCF: 10    

k = [-0.400, 0.000, 0.000]
Occupation of state 45 = 0.000000000000000.
Occupation of state 50 = 0.000000000000000.
====================================================================
                    Energy and force calculation                    
====================================================================
Free energy per atom               : -1.3742097856E+02 (Ha/atom)
Total free energy                  : -5.4968391423E+02 (Ha)
Band structure energy              : -9.4184846312E+01 (Ha)
Exchange correlation energy        : -4.9862121851E+01 (Ha)
Self and correction energy         : -7.5213616824E+02 (Ha)
Entropy*kb*T                       : -1.9550621176E-03 (Ha)
Fermi level                        : -1.3497029332E-01 (Ha)
RMS force                          :  3.1208381670E-02 (Ha/Bohr)
Maximum force                      :  3.1295715092E-02 (Ha/Bohr)
Time for force calculation         :  0.381 (sec)
***************************************************************************
                               Timing info                                 
***************************************************************************
Total walltime                     :  133.766 sec
___________________________________________________________________________

***************************************************************************
*             Material Physics & Mechanics Group, Georgia Tech            *
*                       PI: Phanish Suryanarayana                         *
*                Main Developers: Qimen Xu, Abhiraj Sharma                *
*     Collaborators: J.E. Pask (LLNL), A.J. Medford (GT), E. Chow (GT)    *
*  Acknowledgements: U.S. DOE (DE-SC0019410); U.S. NSF (1333500,1553212)  *
***************************************************************************
                                                                           
