***************************************************************************
*                           SPARC (Apr 25, 2020)                          *
*   Copyright (c) 2019 Material Physics & Mechanics Group, Georgia Tech   *
*           Distributed under GNU General Public License 3 (GPL)          *
*                   Start time: Fri May  1 17:49:55 2020                  *
***************************************************************************
                           Input parameters                                
***************************************************************************
CELL: 30.6 30.6 30.6 
LATVEC:
1 0 0 
0 1 0 
0 0 1 
FD_GRID: 40 40 40
FD_ORDER: 12
BC: P P P
KPOINT_GRID: 1 1 1
KPOINT_SHIFT: 0 0 0
SPIN_TYP: 0
ELEC_TEMP_TYPE: Gaussian
SMEARING: 0.007349864435
CHEB_DEGREE: 14
NSTATES: 450
EXCHANGE_CORRELATION: LDA_PZ
CALC_STRESS: 0
CALC_PRES: 0
CHEFSI_BOUND_FLAG: 0
MAXIT_SCF: 100
MINIT_SCF: 3
MAXIT_POISSON: 3000
TOL_SCF: 1.00E-03
POISSON_SOLVER: AAR
TOL_POISSON: 1.00E-05
TOL_LANCZOS: 1.00E-02
TOL_PSEUDOCHARGE: 1.00E-03
MIXING_VARIABLE: density
MIXING_PRECOND: kerker
TOL_PRECOND: 5.85E-04
PRECOND_KERKER_KTF: 1
PRECOND_KERKER_THRESH: 0
MIXING_PARAMETER: 0.7
MIXING_HISTORY: 7
PULAY_FREQUENCY: 1
PULAY_RESTART: 0
REFERENCE_CUTOFF: 0.5
RHO_TRIGGER: 4
FIX_RAND: 0
VERBOSITY: 1
PRINT_FORCES: 1
PRINT_ATOMS: 0
PRINT_EIGEN: 0
PRINT_DENSITY: 0
OUTPUT_FILE: sprc-calc
***************************************************************************
                           Parallelization                                 
***************************************************************************
NP_SPIN_PARAL: 1
NP_KPOINT_PARAL: 1
NP_BAND_PARAL: 225
NP_DOMAIN_PARAL: 1 1 1
NP_DOMAIN_PHI_PARAL: 6 6 6
***************************************************************************
                             Initialization                                
***************************************************************************
Number of processors               :  225
Mesh spacing                       :  0.765 (Bohr)
Number of symmetry adapted k-points:  1
Output printed to                  :  sprc-calc.out
Total number of atom types         :  1
Total number of atoms              :  256
Total number of electrons          :  768
Atom type 1  (valence electrons)   :  Al 3
Pseudopotential                    :  ../../Al_psps/Al-3-1.9.psp8
Pseudocharge radii of atom type 1  :  5.36 5.36 5.36 (x, y, z dir)
Number of atoms of type 1          :  256
Estimated total memory usage       :  1.30 GB
Estimated memory per processor     :  5.92 MB
===================================================================
                    Self Consistent Field (SCF#1)                     
===================================================================
Iteration     Free Energy (Ha/atom)   SCF Error        Timing (sec)
1            -2.0921033231E+00        1.467E-01        1.105
2            -2.0927203054E+00        6.197E-02        0.235
3            -2.0931889304E+00        1.047E-02        0.200
4            -2.0933844724E+00        3.215E-03        0.191
5            -2.0934514066E+00        1.627E-03        0.174
6            -2.0934742902E+00        6.330E-04        0.173
Total number of SCF: 6     

WARNING: Electronic occupation suggests NSTATES >= 459 may improve performance.
  k = [0.000, 0.000, 0.000]  occ(405) = 0.000357005142616
====================================================================
                    Energy and force calculation                    
====================================================================
Free energy per atom               : -2.0934732281E+00 (Ha/atom)
Total free energy                  : -5.3592914638E+02 (Ha)
Band structure energy              :  1.3632107678E+01 (Ha)
Exchange correlation energy        : -2.0663013558E+02 (Ha)
Self and correction energy         : -8.2464787680E+02 (Ha)
Entropy*kb*T                       : -8.4957938470E-02 (Ha)
Fermi level                        :  1.7228712353E-01 (Ha)
RMS force                          :  3.1030438622E-02 (Ha/Bohr)
Maximum force                      :  9.2412148048E-02 (Ha/Bohr)
Time for force calculation         :  0.024 (sec)
***************************************************************************
                               Timing info                                 
***************************************************************************
Total walltime                     :  2.314 sec
___________________________________________________________________________

***************************************************************************
*             Material Physics & Mechanics Group, Georgia Tech            *
*                       PI: Phanish Suryanarayana                         *
*                Main Developers: Qimen Xu, Abhiraj Sharma                *
*     Collaborators: J.E. Pask (LLNL), A.J. Medford (GT), E. Chow (GT)    *
*  Acknowledgements: U.S. DOE (DE-SC0019410); U.S. NSF (1333500,1553212)  *
***************************************************************************
                                                                           
